{"C:\\Users\\Admin\\Sources\\zoolab-dashboard\\src\\App.jsx": {"path":"C:\\Users\\Admin\\Sources\\zoolab-dashboard\\src\\App.jsx","statementMap":{"0":{"start":{"line":10,"column":22},"end":{"line":14,"column":null}},"1":{"start":{"line":22,"column":38},"end":{"line":22,"column":null}},"2":{"start":{"line":30,"column":20},"end":{"line":30,"column":null}},"3":{"start":{"line":32,"column":8},"end":{"line":39,"column":null}},"4":{"start":{"line":34,"column":4},"end":{"line":36,"column":null}},"5":{"start":{"line":35,"column":6},"end":{"line":35,"column":null}},"6":{"start":{"line":38,"column":4},"end":{"line":38,"column":null}},"7":{"start":{"line":41,"column":2},"end":{"line":100,"column":null}},"8":{"start":{"line":44,"column":22},"end":{"line":44,"column":null}},"9":{"start":{"line":47,"column":25},"end":{"line":47,"column":null}},"10":{"start":{"line":48,"column":25},"end":{"line":48,"column":null}},"11":{"start":{"line":49,"column":25},"end":{"line":49,"column":null}},"12":{"start":{"line":54,"column":26},"end":{"line":60,"column":null}},"13":{"start":{"line":55,"column":6},"end":{"line":55,"column":null}},"14":{"start":{"line":55,"column":23},"end":{"line":55,"column":null}},"15":{"start":{"line":57,"column":6},"end":{"line":59,"column":null}},"16":{"start":{"line":58,"column":8},"end":{"line":58,"column":null}},"17":{"start":{"line":65,"column":4},"end":{"line":68,"column":null}},"18":{"start":{"line":66,"column":6},"end":{"line":66,"column":null}},"19":{"start":{"line":67,"column":6},"end":{"line":67,"column":null}},"20":{"start":{"line":73,"column":4},"end":{"line":76,"column":null}},"21":{"start":{"line":74,"column":6},"end":{"line":74,"column":null}},"22":{"start":{"line":75,"column":6},"end":{"line":75,"column":null}},"23":{"start":{"line":81,"column":23},"end":{"line":84,"column":null}},"24":{"start":{"line":82,"column":6},"end":{"line":82,"column":null}},"25":{"start":{"line":83,"column":6},"end":{"line":83,"column":null}},"26":{"start":{"line":87,"column":4},"end":{"line":91,"column":null}},"27":{"start":{"line":88,"column":6},"end":{"line":88,"column":null}},"28":{"start":{"line":90,"column":6},"end":{"line":90,"column":null}},"29":{"start":{"line":94,"column":4},"end":{"line":99,"column":null}},"30":{"start":{"line":95,"column":6},"end":{"line":95,"column":null}},"31":{"start":{"line":96,"column":6},"end":{"line":96,"column":null}},"32":{"start":{"line":97,"column":6},"end":{"line":97,"column":null}},"33":{"start":{"line":98,"column":6},"end":{"line":98,"column":null}},"34":{"start":{"line":102,"column":2},"end":{"line":106,"column":null}}},"fnMap":{"0":{"name":"App","decl":{"start":{"line":21,"column":9},"end":{"line":21,"column":15}},"loc":{"start":{"line":21,"column":15},"end":{"line":108,"column":null}},"line":21},"1":{"name":"(anonymous_1)","decl":{"start":{"line":32,"column":35},"end":{"line":32,"column":36}},"loc":{"start":{"line":32,"column":87},"end":{"line":39,"column":5}},"line":32},"2":{"name":"(anonymous_2)","decl":{"start":{"line":41,"column":12},"end":{"line":41,"column":18}},"loc":{"start":{"line":41,"column":18},"end":{"line":100,"column":5}},"line":41},"3":{"name":"(anonymous_3)","decl":{"start":{"line":54,"column":26},"end":{"line":54,"column":32}},"loc":{"start":{"line":54,"column":32},"end":{"line":60,"column":null}},"line":54},"4":{"name":"(anonymous_4)","decl":{"start":{"line":65,"column":30},"end":{"line":65,"column":36}},"loc":{"start":{"line":65,"column":36},"end":{"line":68,"column":7}},"line":65},"5":{"name":"(anonymous_5)","decl":{"start":{"line":73,"column":30},"end":{"line":73,"column":36}},"loc":{"start":{"line":73,"column":36},"end":{"line":76,"column":7}},"line":73},"6":{"name":"(anonymous_6)","decl":{"start":{"line":81,"column":23},"end":{"line":81,"column":29}},"loc":{"start":{"line":81,"column":29},"end":{"line":84,"column":null}},"line":81},"7":{"name":"(anonymous_7)","decl":{"start":{"line":94,"column":11},"end":{"line":94,"column":17}},"loc":{"start":{"line":94,"column":17},"end":{"line":99,"column":null}},"line":94}},"branchMap":{"0":{"loc":{"start":{"line":34,"column":4},"end":{"line":36,"column":null}},"type":"if","locations":[{"start":{"line":34,"column":4},"end":{"line":36,"column":null}},{"start":{},"end":{}}],"line":34},"1":{"loc":{"start":{"line":38,"column":11},"end":{"line":38,"column":null}},"type":"binary-expr","locations":[{"start":{"line":38,"column":11},"end":{"line":38,"column":29}},{"start":{"line":38,"column":29},"end":{"line":38,"column":null}}],"line":38},"2":{"loc":{"start":{"line":55,"column":6},"end":{"line":55,"column":null}},"type":"if","locations":[{"start":{"line":55,"column":6},"end":{"line":55,"column":null}},{"start":{},"end":{}}],"line":55},"3":{"loc":{"start":{"line":57,"column":6},"end":{"line":59,"column":null}},"type":"if","locations":[{"start":{"line":57,"column":6},"end":{"line":59,"column":null}},{"start":{},"end":{}}],"line":57},"4":{"loc":{"start":{"line":87,"column":4},"end":{"line":91,"column":null}},"type":"if","locations":[{"start":{"line":87,"column":4},"end":{"line":91,"column":null}},{"start":{"line":89,"column":11},"end":{"line":91,"column":null}}],"line":87},"5":{"loc":{"start":{"line":104,"column":36},"end":{"line":104,"column":81}},"type":"binary-expr","locations":[{"start":{"line":104,"column":36},"end":{"line":104,"column":49}},{"start":{"line":104,"column":49},"end":{"line":104,"column":81}}],"line":104},"6":{"loc":{"start":{"line":105,"column":7},"end":{"line":105,"column":null}},"type":"binary-expr","locations":[{"start":{"line":105,"column":7},"end":{"line":105,"column":21}},{"start":{"line":105,"column":21},"end":{"line":105,"column":null}}],"line":105}},"s":{"0":1,"1":30,"2":30,"3":30,"4":24,"5":8,"6":16,"7":30,"8":17,"9":17,"10":17,"11":17,"12":17,"13":24,"14":0,"15":24,"16":12,"17":17,"18":12,"19":12,"20":17,"21":8,"22":8,"23":17,"24":4,"25":4,"26":17,"27":2,"28":15,"29":17,"30":17,"31":17,"32":17,"33":17,"34":30},"f":{"0":30,"1":24,"2":17,"3":24,"4":12,"5":8,"6":4,"7":17},"b":{"0":[8,16],"1":[16,12],"2":[0,24],"3":[12,12],"4":[2,15],"5":[30,18],"6":[30,12]},"meta":{"lastBranch":7,"lastFunction":8,"lastStatement":35,"seen":{"s:10:22:14:Infinity":0,"f:21:9:21:15":0,"s:22:38:22:Infinity":1,"s:30:20:30:Infinity":2,"s:32:8:39:Infinity":3,"f:32:35:32:36":1,"b:34:4:36:Infinity:undefined:undefined:undefined:undefined":0,"s:34:4:36:Infinity":4,"s:35:6:35:Infinity":5,"s:38:4:38:Infinity":6,"b:38:11:38:29:38:29:38:Infinity":1,"s:41:2:100:Infinity":7,"f:41:12:41:18":2,"s:44:22:44:Infinity":8,"s:47:25:47:Infinity":9,"s:48:25:48:Infinity":10,"s:49:25:49:Infinity":11,"s:54:26:60:Infinity":12,"f:54:26:54:32":3,"b:55:6:55:Infinity:undefined:undefined:undefined:undefined":2,"s:55:6:55:Infinity":13,"s:55:23:55:Infinity":14,"b:57:6:59:Infinity:undefined:undefined:undefined:undefined":3,"s:57:6:59:Infinity":15,"s:58:8:58:Infinity":16,"s:65:4:68:Infinity":17,"f:65:30:65:36":4,"s:66:6:66:Infinity":18,"s:67:6:67:Infinity":19,"s:73:4:76:Infinity":20,"f:73:30:73:36":5,"s:74:6:74:Infinity":21,"s:75:6:75:Infinity":22,"s:81:23:84:Infinity":23,"f:81:23:81:29":6,"s:82:6:82:Infinity":24,"s:83:6:83:Infinity":25,"b:87:4:91:Infinity:89:11:91:Infinity":4,"s:87:4:91:Infinity":26,"s:88:6:88:Infinity":27,"s:90:6:90:Infinity":28,"s:94:4:99:Infinity":29,"f:94:11:94:17":7,"s:95:6:95:Infinity":30,"s:96:6:96:Infinity":31,"s:97:6:97:Infinity":32,"s:98:6:98:Infinity":33,"s:102:2:106:Infinity":34,"b:104:36:104:49:104:49:104:81":5,"b:105:7:105:21:105:21:105:Infinity":6}}}
,"C:\\Users\\Admin\\Sources\\zoolab-dashboard\\src\\chartUtils.js": {"path":"C:\\Users\\Admin\\Sources\\zoolab-dashboard\\src\\chartUtils.js","statementMap":{"0":{"start":{"line":8,"column":29},"end":{"line":19,"column":2}},"1":{"start":{"line":8,"column":42},"end":{"line":19,"column":1}},"2":{"start":{"line":26,"column":29},"end":{"line":29,"column":2}},"3":{"start":{"line":26,"column":42},"end":{"line":29,"column":1}},"4":{"start":{"line":36,"column":38},"end":{"line":38,"column":2}},"5":{"start":{"line":36,"column":51},"end":{"line":38,"column":1}},"6":{"start":{"line":45,"column":35},"end":{"line":48,"column":69}},"7":{"start":{"line":46,"column":2},"end":{"line":48,"column":69}},"8":{"start":{"line":55,"column":36},"end":{"line":55,"column":96}},"9":{"start":{"line":55,"column":49},"end":{"line":55,"column":95}},"10":{"start":{"line":62,"column":33},"end":{"line":78,"column":2}},"11":{"start":{"line":62,"column":46},"end":{"line":78,"column":1}},"12":{"start":{"line":86,"column":28},"end":{"line":91,"column":2}},"13":{"start":{"line":86,"column":48},"end":{"line":91,"column":1}},"14":{"start":{"line":99,"column":34},"end":{"line":104,"column":2}},"15":{"start":{"line":99,"column":54},"end":{"line":104,"column":1}},"16":{"start":{"line":111,"column":30},"end":{"line":118,"column":2}},"17":{"start":{"line":111,"column":43},"end":{"line":118,"column":1}}},"fnMap":{"0":{"name":"(anonymous_0)","decl":{"start":{"line":8,"column":29},"end":{"line":8,"column":30}},"loc":{"start":{"line":8,"column":42},"end":{"line":19,"column":1}},"line":8},"1":{"name":"(anonymous_1)","decl":{"start":{"line":26,"column":29},"end":{"line":26,"column":30}},"loc":{"start":{"line":26,"column":42},"end":{"line":29,"column":1}},"line":26},"2":{"name":"(anonymous_2)","decl":{"start":{"line":36,"column":38},"end":{"line":36,"column":39}},"loc":{"start":{"line":36,"column":51},"end":{"line":38,"column":1}},"line":36},"3":{"name":"(anonymous_3)","decl":{"start":{"line":45,"column":35},"end":{"line":45,"column":36}},"loc":{"start":{"line":46,"column":2},"end":{"line":48,"column":69}},"line":46},"4":{"name":"(anonymous_4)","decl":{"start":{"line":55,"column":36},"end":{"line":55,"column":37}},"loc":{"start":{"line":55,"column":49},"end":{"line":55,"column":95}},"line":55},"5":{"name":"(anonymous_5)","decl":{"start":{"line":62,"column":33},"end":{"line":62,"column":34}},"loc":{"start":{"line":62,"column":46},"end":{"line":78,"column":1}},"line":62},"6":{"name":"(anonymous_6)","decl":{"start":{"line":86,"column":28},"end":{"line":86,"column":29}},"loc":{"start":{"line":86,"column":48},"end":{"line":91,"column":1}},"line":86},"7":{"name":"(anonymous_7)","decl":{"start":{"line":99,"column":34},"end":{"line":99,"column":35}},"loc":{"start":{"line":99,"column":54},"end":{"line":104,"column":1}},"line":99},"8":{"name":"(anonymous_8)","decl":{"start":{"line":111,"column":30},"end":{"line":111,"column":31}},"loc":{"start":{"line":111,"column":43},"end":{"line":118,"column":1}},"line":111}},"branchMap":{"0":{"loc":{"start":{"line":9,"column":10},"end":{"line":9,"column":40}},"type":"cond-expr","locations":[{"start":{"line":9,"column":19},"end":{"line":9,"column":28}},{"start":{"line":9,"column":31},"end":{"line":9,"column":40}}],"line":9},"1":{"loc":{"start":{"line":10,"column":22},"end":{"line":10,"column":52}},"type":"cond-expr","locations":[{"start":{"line":10,"column":31},"end":{"line":10,"column":40}},{"start":{"line":10,"column":43},"end":{"line":10,"column":52}}],"line":10},"2":{"loc":{"start":{"line":12,"column":12},"end":{"line":12,"column":42}},"type":"cond-expr","locations":[{"start":{"line":12,"column":21},"end":{"line":12,"column":30}},{"start":{"line":12,"column":33},"end":{"line":12,"column":42}}],"line":12},"3":{"loc":{"start":{"line":17,"column":10},"end":{"line":17,"column":40}},"type":"cond-expr","locations":[{"start":{"line":17,"column":19},"end":{"line":17,"column":28}},{"start":{"line":17,"column":31},"end":{"line":17,"column":40}}],"line":17},"4":{"loc":{"start":{"line":28,"column":10},"end":{"line":28,"column":69}},"type":"cond-expr","locations":[{"start":{"line":28,"column":19},"end":{"line":28,"column":46}},{"start":{"line":28,"column":49},"end":{"line":28,"column":69}}],"line":28},"5":{"loc":{"start":{"line":37,"column":8},"end":{"line":37,"column":68}},"type":"cond-expr","locations":[{"start":{"line":37,"column":17},"end":{"line":37,"column":44}},{"start":{"line":37,"column":47},"end":{"line":37,"column":68}}],"line":37},"6":{"loc":{"start":{"line":46,"column":2},"end":{"line":48,"column":69}},"type":"cond-expr","locations":[{"start":{"line":47,"column":6},"end":{"line":47,"column":null}},{"start":{"line":48,"column":6},"end":{"line":48,"column":69}}],"line":46},"7":{"loc":{"start":{"line":55,"column":49},"end":{"line":55,"column":95}},"type":"cond-expr","locations":[{"start":{"line":55,"column":58},"end":{"line":55,"column":76}},{"start":{"line":55,"column":79},"end":{"line":55,"column":95}}],"line":55},"8":{"loc":{"start":{"line":64,"column":11},"end":{"line":64,"column":41}},"type":"cond-expr","locations":[{"start":{"line":64,"column":20},"end":{"line":64,"column":29}},{"start":{"line":64,"column":32},"end":{"line":64,"column":41}}],"line":64},"9":{"loc":{"start":{"line":69,"column":11},"end":{"line":69,"column":41}},"type":"cond-expr","locations":[{"start":{"line":69,"column":20},"end":{"line":69,"column":29}},{"start":{"line":69,"column":32},"end":{"line":69,"column":41}}],"line":69},"10":{"loc":{"start":{"line":74,"column":11},"end":{"line":74,"column":41}},"type":"cond-expr","locations":[{"start":{"line":74,"column":20},"end":{"line":74,"column":29}},{"start":{"line":74,"column":32},"end":{"line":74,"column":41}}],"line":74},"11":{"loc":{"start":{"line":90,"column":10},"end":{"line":90,"column":40}},"type":"cond-expr","locations":[{"start":{"line":90,"column":19},"end":{"line":90,"column":28}},{"start":{"line":90,"column":31},"end":{"line":90,"column":40}}],"line":90},"12":{"loc":{"start":{"line":103,"column":10},"end":{"line":103,"column":40}},"type":"cond-expr","locations":[{"start":{"line":103,"column":19},"end":{"line":103,"column":28}},{"start":{"line":103,"column":31},"end":{"line":103,"column":40}}],"line":103},"13":{"loc":{"start":{"line":112,"column":11},"end":{"line":112,"column":41}},"type":"cond-expr","locations":[{"start":{"line":112,"column":20},"end":{"line":112,"column":29}},{"start":{"line":112,"column":32},"end":{"line":112,"column":41}}],"line":112},"14":{"loc":{"start":{"line":113,"column":13},"end":{"line":113,"column":43}},"type":"cond-expr","locations":[{"start":{"line":113,"column":22},"end":{"line":113,"column":31}},{"start":{"line":113,"column":34},"end":{"line":113,"column":43}}],"line":113},"15":{"loc":{"start":{"line":114,"column":11},"end":{"line":114,"column":41}},"type":"cond-expr","locations":[{"start":{"line":114,"column":20},"end":{"line":114,"column":29}},{"start":{"line":114,"column":32},"end":{"line":114,"column":41}}],"line":114},"16":{"loc":{"start":{"line":115,"column":10},"end":{"line":115,"column":40}},"type":"cond-expr","locations":[{"start":{"line":115,"column":19},"end":{"line":115,"column":28}},{"start":{"line":115,"column":31},"end":{"line":115,"column":40}}],"line":115},"17":{"loc":{"start":{"line":116,"column":8},"end":{"line":116,"column":38}},"type":"cond-expr","locations":[{"start":{"line":116,"column":17},"end":{"line":116,"column":26}},{"start":{"line":116,"column":29},"end":{"line":116,"column":38}}],"line":116},"18":{"loc":{"start":{"line":117,"column":13},"end":{"line":117,"column":43}},"type":"cond-expr","locations":[{"start":{"line":117,"column":22},"end":{"line":117,"column":31}},{"start":{"line":117,"column":34},"end":{"line":117,"column":43}}],"line":117}},"s":{"0":4,"1":21,"2":4,"3":12,"4":4,"5":10,"6":4,"7":22,"8":4,"9":17,"10":4,"11":13,"12":4,"13":14,"14":4,"15":14,"16":4,"17":17},"f":{"0":21,"1":12,"2":10,"3":22,"4":17,"5":13,"6":14,"7":14,"8":17},"b":{"0":[7,14],"1":[7,14],"2":[7,14],"3":[7,14],"4":[2,10],"5":[1,9],"6":[5,17],"7":[2,15],"8":[9,4],"9":[9,4],"10":[9,4],"11":[5,9],"12":[5,9],"13":[11,6],"14":[11,6],"15":[11,6],"16":[11,6],"17":[11,6],"18":[11,6]},"meta":{"lastBranch":19,"lastFunction":9,"lastStatement":18,"seen":{"s:8:29:19:2":0,"f:8:29:8:30":0,"s:8:42:19:1":1,"b:9:19:9:28:9:31:9:40":0,"b:10:31:10:40:10:43:10:52":1,"b:12:21:12:30:12:33:12:42":2,"b:17:19:17:28:17:31:17:40":3,"s:26:29:29:2":2,"f:26:29:26:30":1,"s:26:42:29:1":3,"b:28:19:28:46:28:49:28:69":4,"s:36:38:38:2":4,"f:36:38:36:39":2,"s:36:51:38:1":5,"b:37:17:37:44:37:47:37:68":5,"s:45:35:48:69":6,"f:45:35:45:36":3,"s:46:2:48:69":7,"b:47:6:47:Infinity:48:6:48:69":6,"s:55:36:55:96":8,"f:55:36:55:37":4,"s:55:49:55:95":9,"b:55:58:55:76:55:79:55:95":7,"s:62:33:78:2":10,"f:62:33:62:34":5,"s:62:46:78:1":11,"b:64:20:64:29:64:32:64:41":8,"b:69:20:69:29:69:32:69:41":9,"b:74:20:74:29:74:32:74:41":10,"s:86:28:91:2":12,"f:86:28:86:29":6,"s:86:48:91:1":13,"b:90:19:90:28:90:31:90:40":11,"s:99:34:104:2":14,"f:99:34:99:35":7,"s:99:54:104:1":15,"b:103:19:103:28:103:31:103:40":12,"s:111:30:118:2":16,"f:111:30:111:31":8,"s:111:43:118:1":17,"b:112:20:112:29:112:32:112:41":13,"b:113:22:113:31:113:34:113:43":14,"b:114:20:114:29:114:32:114:41":15,"b:115:19:115:28:115:31:115:40":16,"b:116:17:116:26:116:29:116:38":17,"b:117:22:117:31:117:34:117:43":18}}}
,"C:\\Users\\Admin\\Sources\\zoolab-dashboard\\src\\utils.js": {"path":"C:\\Users\\Admin\\Sources\\zoolab-dashboard\\src\\utils.js","statementMap":{"0":{"start":{"line":17,"column":35},"end":{"line":22,"column":1}},"1":{"start":{"line":18,"column":2},"end":{"line":20,"column":3}},"2":{"start":{"line":19,"column":4},"end":{"line":19,"column":13}},"3":{"start":{"line":21,"column":2},"end":{"line":21,"column":66}},"4":{"start":{"line":21,"column":39},"end":{"line":21,"column":61}},"5":{"start":{"line":29,"column":37},"end":{"line":34,"column":1}},"6":{"start":{"line":30,"column":2},"end":{"line":32,"column":3}},"7":{"start":{"line":31,"column":4},"end":{"line":31,"column":13}},"8":{"start":{"line":33,"column":2},"end":{"line":33,"column":69}},"9":{"start":{"line":41,"column":35},"end":{"line":46,"column":1}},"10":{"start":{"line":42,"column":2},"end":{"line":44,"column":3}},"11":{"start":{"line":43,"column":4},"end":{"line":43,"column":13}},"12":{"start":{"line":45,"column":2},"end":{"line":45,"column":75}},"13":{"start":{"line":45,"column":39},"end":{"line":45,"column":70}},"14":{"start":{"line":57,"column":32},"end":{"line":62,"column":1}},"15":{"start":{"line":58,"column":2},"end":{"line":60,"column":3}},"16":{"start":{"line":59,"column":4},"end":{"line":59,"column":16}},"17":{"start":{"line":61,"column":2},"end":{"line":61,"column":26}},"18":{"start":{"line":69,"column":28},"end":{"line":74,"column":1}},"19":{"start":{"line":70,"column":2},"end":{"line":72,"column":3}},"20":{"start":{"line":71,"column":4},"end":{"line":71,"column":15}},"21":{"start":{"line":73,"column":2},"end":{"line":73,"column":30}},"22":{"start":{"line":82,"column":30},"end":{"line":92,"column":1}},"23":{"start":{"line":83,"column":2},"end":{"line":85,"column":3}},"24":{"start":{"line":84,"column":4},"end":{"line":84,"column":16}},"25":{"start":{"line":86,"column":2},"end":{"line":91,"column":20}},"26":{"start":{"line":100,"column":26},"end":{"line":111,"column":1}},"27":{"start":{"line":101,"column":18},"end":{"line":101,"column":66}},"28":{"start":{"line":102,"column":2},"end":{"line":104,"column":3}},"29":{"start":{"line":103,"column":4},"end":{"line":103,"column":14}},"30":{"start":{"line":105,"column":2},"end":{"line":110,"column":5}},"31":{"start":{"line":118,"column":34},"end":{"line":136,"column":1}},"32":{"start":{"line":119,"column":18},"end":{"line":119,"column":66}},"33":{"start":{"line":120,"column":2},"end":{"line":122,"column":3}},"34":{"start":{"line":121,"column":4},"end":{"line":121,"column":14}},"35":{"start":{"line":124,"column":14},"end":{"line":124,"column":24}},"36":{"start":{"line":125,"column":17},"end":{"line":125,"column":50}},"37":{"start":{"line":126,"column":19},"end":{"line":126,"column":45}},"38":{"start":{"line":127,"column":20},"end":{"line":127,"column":48}},"39":{"start":{"line":128,"column":19},"end":{"line":128,"column":48}},"40":{"start":{"line":130,"column":2},"end":{"line":130,"column":38}},"41":{"start":{"line":130,"column":20},"end":{"line":130,"column":38}},"42":{"start":{"line":131,"column":2},"end":{"line":131,"column":79}},"43":{"start":{"line":131,"column":21},"end":{"line":131,"column":79}},"44":{"start":{"line":132,"column":2},"end":{"line":132,"column":80}},"45":{"start":{"line":132,"column":22},"end":{"line":132,"column":80}},"46":{"start":{"line":133,"column":2},"end":{"line":133,"column":75}},"47":{"start":{"line":133,"column":20},"end":{"line":133,"column":75}},"48":{"start":{"line":135,"column":2},"end":{"line":135,"column":29}},"49":{"start":{"line":147,"column":37},"end":{"line":152,"column":1}},"50":{"start":{"line":148,"column":2},"end":{"line":150,"column":3}},"51":{"start":{"line":149,"column":4},"end":{"line":149,"column":30}},"52":{"start":{"line":151,"column":2},"end":{"line":151,"column":73}},"53":{"start":{"line":159,"column":28},"end":{"line":196,"column":1}},"54":{"start":{"line":160,"column":2},"end":{"line":162,"column":3}},"55":{"start":{"line":161,"column":4},"end":{"line":161,"column":28}},"56":{"start":{"line":164,"column":23},"end":{"line":164,"column":44}},"57":{"start":{"line":167,"column":2},"end":{"line":177,"column":3}},"58":{"start":{"line":176,"column":4},"end":{"line":176,"column":31}},"59":{"start":{"line":180,"column":2},"end":{"line":188,"column":3}},"60":{"start":{"line":187,"column":4},"end":{"line":187,"column":31}},"61":{"start":{"line":191,"column":2},"end":{"line":193,"column":3}},"62":{"start":{"line":192,"column":4},"end":{"line":192,"column":29}},"63":{"start":{"line":195,"column":2},"end":{"line":195,"column":26}},"64":{"start":{"line":207,"column":27},"end":{"line":254,"column":1}},"65":{"start":{"line":208,"column":73},"end":{"line":208,"column":77}},"66":{"start":{"line":210,"column":18},"end":{"line":232,"column":3}},"67":{"start":{"line":219,"column":42},"end":{"line":219,"column":86}},"68":{"start":{"line":223,"column":44},"end":{"line":223,"column":78}},"69":{"start":{"line":227,"column":40},"end":{"line":227,"column":69}},"70":{"start":{"line":231,"column":37},"end":{"line":231,"column":76}},"71":{"start":{"line":234,"column":21},"end":{"line":251,"column":15}},"72":{"start":{"line":236,"column":6},"end":{"line":249,"column":18}},"73":{"start":{"line":238,"column":30},"end":{"line":238,"column":49}},"74":{"start":{"line":240,"column":10},"end":{"line":246,"column":11}},"75":{"start":{"line":245,"column":12},"end":{"line":245,"column":58}},"76":{"start":{"line":247,"column":10},"end":{"line":247,"column":29}},"77":{"start":{"line":253,"column":2},"end":{"line":253,"column":64}},"78":{"start":{"line":261,"column":28},"end":{"line":264,"column":1}},"79":{"start":{"line":262,"column":18},"end":{"line":262,"column":47}},"80":{"start":{"line":263,"column":2},"end":{"line":263,"column":54}},"81":{"start":{"line":272,"column":21},"end":{"line":282,"column":1}},"82":{"start":{"line":273,"column":19},"end":{"line":273,"column":58}},"83":{"start":{"line":274,"column":14},"end":{"line":274,"column":43}},"84":{"start":{"line":275,"column":15},"end":{"line":275,"column":42}},"85":{"start":{"line":276,"column":2},"end":{"line":276,"column":18}},"86":{"start":{"line":277,"column":2},"end":{"line":277,"column":27}},"87":{"start":{"line":278,"column":2},"end":{"line":278,"column":34}},"88":{"start":{"line":279,"column":2},"end":{"line":279,"column":15}},"89":{"start":{"line":280,"column":2},"end":{"line":280,"column":34}},"90":{"start":{"line":281,"column":2},"end":{"line":281,"column":27}},"91":{"start":{"line":290,"column":38},"end":{"line":293,"column":1}},"92":{"start":{"line":291,"column":15},"end":{"line":291,"column":53}},"93":{"start":{"line":292,"column":2},"end":{"line":292,"column":42}},"94":{"start":{"line":304,"column":28},"end":{"line":308,"column":1}},"95":{"start":{"line":305,"column":2},"end":{"line":305,"column":56}},"96":{"start":{"line":305,"column":43},"end":{"line":305,"column":56}},"97":{"start":{"line":306,"column":21},"end":{"line":306,"column":49}},"98":{"start":{"line":307,"column":2},"end":{"line":307,"column":32}},"99":{"start":{"line":315,"column":28},"end":{"line":319,"column":1}},"100":{"start":{"line":316,"column":2},"end":{"line":316,"column":56}},"101":{"start":{"line":316,"column":43},"end":{"line":316,"column":56}},"102":{"start":{"line":317,"column":18},"end":{"line":317,"column":42}},"103":{"start":{"line":318,"column":2},"end":{"line":318,"column":54}},"104":{"start":{"line":331,"column":24},"end":{"line":341,"column":1}},"105":{"start":{"line":333,"column":2},"end":{"line":340,"column":4}},"106":{"start":{"line":334,"column":18},"end":{"line":337,"column":5}},"107":{"start":{"line":335,"column":6},"end":{"line":335,"column":28}},"108":{"start":{"line":336,"column":6},"end":{"line":336,"column":20}},"109":{"start":{"line":338,"column":4},"end":{"line":338,"column":26}},"110":{"start":{"line":339,"column":4},"end":{"line":339,"column":38}},"111":{"start":{"line":349,"column":24},"end":{"line":358,"column":1}},"112":{"start":{"line":351,"column":2},"end":{"line":357,"column":4}},"113":{"start":{"line":352,"column":4},"end":{"line":356,"column":5}},"114":{"start":{"line":353,"column":6},"end":{"line":353,"column":20}},"115":{"start":{"line":354,"column":6},"end":{"line":354,"column":24}},"116":{"start":{"line":355,"column":6},"end":{"line":355,"column":52}},"117":{"start":{"line":355,"column":24},"end":{"line":355,"column":42}},"118":{"start":{"line":365,"column":26},"end":{"line":369,"column":1}},"119":{"start":{"line":366,"column":20},"end":{"line":366,"column":43}},"120":{"start":{"line":367,"column":20},"end":{"line":367,"column":62}},"121":{"start":{"line":368,"column":2},"end":{"line":368,"column":86}},"122":{"start":{"line":376,"column":25},"end":{"line":379,"column":1}},"123":{"start":{"line":377,"column":2},"end":{"line":377,"column":58}},"124":{"start":{"line":377,"column":47},"end":{"line":377,"column":58}},"125":{"start":{"line":378,"column":2},"end":{"line":378,"column":41}},"126":{"start":{"line":386,"column":23},"end":{"line":392,"column":1}},"127":{"start":{"line":387,"column":2},"end":{"line":387,"column":53}},"128":{"start":{"line":387,"column":41},"end":{"line":387,"column":53}},"129":{"start":{"line":388,"column":2},"end":{"line":388,"column":50}},"130":{"start":{"line":388,"column":26},"end":{"line":388,"column":50}},"131":{"start":{"line":389,"column":2},"end":{"line":389,"column":68}},"132":{"start":{"line":389,"column":31},"end":{"line":389,"column":68}},"133":{"start":{"line":390,"column":2},"end":{"line":390,"column":62}},"134":{"start":{"line":390,"column":31},"end":{"line":390,"column":62}},"135":{"start":{"line":391,"column":2},"end":{"line":391,"column":15}}},"fnMap":{"0":{"name":"(anonymous_0)","decl":{"start":{"line":17,"column":35},"end":{"line":17,"column":36}},"loc":{"start":{"line":17,"column":49},"end":{"line":22,"column":1}},"line":17},"1":{"name":"(anonymous_1)","decl":{"start":{"line":21,"column":25},"end":{"line":21,"column":26}},"loc":{"start":{"line":21,"column":39},"end":{"line":21,"column":61}},"line":21},"2":{"name":"(anonymous_2)","decl":{"start":{"line":29,"column":37},"end":{"line":29,"column":38}},"loc":{"start":{"line":29,"column":51},"end":{"line":34,"column":1}},"line":29},"3":{"name":"(anonymous_3)","decl":{"start":{"line":41,"column":35},"end":{"line":41,"column":36}},"loc":{"start":{"line":41,"column":49},"end":{"line":46,"column":1}},"line":41},"4":{"name":"(anonymous_4)","decl":{"start":{"line":45,"column":25},"end":{"line":45,"column":26}},"loc":{"start":{"line":45,"column":39},"end":{"line":45,"column":70}},"line":45},"5":{"name":"(anonymous_5)","decl":{"start":{"line":57,"column":32},"end":{"line":57,"column":33}},"loc":{"start":{"line":57,"column":48},"end":{"line":62,"column":1}},"line":57},"6":{"name":"(anonymous_6)","decl":{"start":{"line":69,"column":28},"end":{"line":69,"column":29}},"loc":{"start":{"line":69,"column":37},"end":{"line":74,"column":1}},"line":69},"7":{"name":"(anonymous_7)","decl":{"start":{"line":82,"column":30},"end":{"line":82,"column":31}},"loc":{"start":{"line":82,"column":60},"end":{"line":92,"column":1}},"line":82},"8":{"name":"(anonymous_8)","decl":{"start":{"line":100,"column":26},"end":{"line":100,"column":27}},"loc":{"start":{"line":100,"column":50},"end":{"line":111,"column":1}},"line":100},"9":{"name":"(anonymous_9)","decl":{"start":{"line":118,"column":34},"end":{"line":118,"column":35}},"loc":{"start":{"line":118,"column":44},"end":{"line":136,"column":1}},"line":118},"10":{"name":"(anonymous_10)","decl":{"start":{"line":147,"column":37},"end":{"line":147,"column":38}},"loc":{"start":{"line":147,"column":43},"end":{"line":152,"column":1}},"line":147},"11":{"name":"(anonymous_11)","decl":{"start":{"line":159,"column":28},"end":{"line":159,"column":29}},"loc":{"start":{"line":159,"column":41},"end":{"line":196,"column":1}},"line":159},"12":{"name":"(anonymous_12)","decl":{"start":{"line":207,"column":27},"end":{"line":207,"column":28}},"loc":{"start":{"line":207,"column":47},"end":{"line":254,"column":1}},"line":207},"13":{"name":"(anonymous_13)","decl":{"start":{"line":219,"column":32},"end":{"line":219,"column":33}},"loc":{"start":{"line":219,"column":42},"end":{"line":219,"column":86}},"line":219},"14":{"name":"(anonymous_14)","decl":{"start":{"line":223,"column":34},"end":{"line":223,"column":35}},"loc":{"start":{"line":223,"column":44},"end":{"line":223,"column":78}},"line":223},"15":{"name":"(anonymous_15)","decl":{"start":{"line":227,"column":30},"end":{"line":227,"column":31}},"loc":{"start":{"line":227,"column":40},"end":{"line":227,"column":69}},"line":227},"16":{"name":"(anonymous_16)","decl":{"start":{"line":231,"column":26},"end":{"line":231,"column":27}},"loc":{"start":{"line":231,"column":37},"end":{"line":231,"column":76}},"line":231},"17":{"name":"(anonymous_17)","decl":{"start":{"line":235,"column":9},"end":{"line":235,"column":10}},"loc":{"start":{"line":236,"column":6},"end":{"line":249,"column":18}},"line":236},"18":{"name":"(anonymous_18)","decl":{"start":{"line":237,"column":13},"end":{"line":237,"column":14}},"loc":{"start":{"line":237,"column":24},"end":{"line":248,"column":9}},"line":237},"19":{"name":"(anonymous_19)","decl":{"start":{"line":261,"column":28},"end":{"line":261,"column":29}},"loc":{"start":{"line":261,"column":48},"end":{"line":264,"column":1}},"line":261},"20":{"name":"(anonymous_20)","decl":{"start":{"line":272,"column":21},"end":{"line":272,"column":22}},"loc":{"start":{"line":272,"column":54},"end":{"line":282,"column":1}},"line":272},"21":{"name":"(anonymous_21)","decl":{"start":{"line":290,"column":38},"end":{"line":290,"column":39}},"loc":{"start":{"line":290,"column":79},"end":{"line":293,"column":1}},"line":290},"22":{"name":"(anonymous_22)","decl":{"start":{"line":304,"column":28},"end":{"line":304,"column":29}},"loc":{"start":{"line":304,"column":39},"end":{"line":308,"column":1}},"line":304},"23":{"name":"(anonymous_23)","decl":{"start":{"line":315,"column":28},"end":{"line":315,"column":29}},"loc":{"start":{"line":315,"column":39},"end":{"line":319,"column":1}},"line":315},"24":{"name":"(anonymous_24)","decl":{"start":{"line":331,"column":24},"end":{"line":331,"column":25}},"loc":{"start":{"line":331,"column":40},"end":{"line":341,"column":1}},"line":331},"25":{"name":"executedFunction","decl":{"start":{"line":333,"column":18},"end":{"line":333,"column":34}},"loc":{"start":{"line":333,"column":44},"end":{"line":340,"column":3}},"line":333},"26":{"name":"(anonymous_26)","decl":{"start":{"line":334,"column":18},"end":{"line":334,"column":19}},"loc":{"start":{"line":334,"column":24},"end":{"line":337,"column":5}},"line":334},"27":{"name":"(anonymous_27)","decl":{"start":{"line":349,"column":24},"end":{"line":349,"column":25}},"loc":{"start":{"line":349,"column":41},"end":{"line":358,"column":1}},"line":349},"28":{"name":"executedFunction","decl":{"start":{"line":351,"column":18},"end":{"line":351,"column":34}},"loc":{"start":{"line":351,"column":44},"end":{"line":357,"column":3}},"line":351},"29":{"name":"(anonymous_29)","decl":{"start":{"line":355,"column":17},"end":{"line":355,"column":18}},"loc":{"start":{"line":355,"column":24},"end":{"line":355,"column":42}},"line":355},"30":{"name":"(anonymous_30)","decl":{"start":{"line":365,"column":26},"end":{"line":365,"column":27}},"loc":{"start":{"line":365,"column":43},"end":{"line":369,"column":1}},"line":365},"31":{"name":"(anonymous_31)","decl":{"start":{"line":376,"column":25},"end":{"line":376,"column":26}},"loc":{"start":{"line":376,"column":34},"end":{"line":379,"column":1}},"line":376},"32":{"name":"(anonymous_32)","decl":{"start":{"line":386,"column":23},"end":{"line":386,"column":24}},"loc":{"start":{"line":386,"column":32},"end":{"line":392,"column":1}},"line":386}},"branchMap":{"0":{"loc":{"start":{"line":18,"column":2},"end":{"line":20,"column":3}},"type":"if","locations":[{"start":{"line":18,"column":2},"end":{"line":20,"column":3}},{"start":{},"end":{}}],"line":18},"1":{"loc":{"start":{"line":18,"column":6},"end":{"line":18,"column":55}},"type":"binary-expr","locations":[{"start":{"line":18,"column":6},"end":{"line":18,"column":30}},{"start":{"line":18,"column":34},"end":{"line":18,"column":55}}],"line":18},"2":{"loc":{"start":{"line":21,"column":46},"end":{"line":21,"column":60}},"type":"binary-expr","locations":[{"start":{"line":21,"column":46},"end":{"line":21,"column":55}},{"start":{"line":21,"column":59},"end":{"line":21,"column":60}}],"line":21},"3":{"loc":{"start":{"line":30,"column":2},"end":{"line":32,"column":3}},"type":"if","locations":[{"start":{"line":30,"column":2},"end":{"line":32,"column":3}},{"start":{},"end":{}}],"line":30},"4":{"loc":{"start":{"line":30,"column":6},"end":{"line":30,"column":55}},"type":"binary-expr","locations":[{"start":{"line":30,"column":6},"end":{"line":30,"column":30}},{"start":{"line":30,"column":34},"end":{"line":30,"column":55}}],"line":30},"5":{"loc":{"start":{"line":42,"column":2},"end":{"line":44,"column":3}},"type":"if","locations":[{"start":{"line":42,"column":2},"end":{"line":44,"column":3}},{"start":{},"end":{}}],"line":42},"6":{"loc":{"start":{"line":42,"column":6},"end":{"line":42,"column":55}},"type":"binary-expr","locations":[{"start":{"line":42,"column":6},"end":{"line":42,"column":30}},{"start":{"line":42,"column":34},"end":{"line":42,"column":55}}],"line":42},"7":{"loc":{"start":{"line":45,"column":46},"end":{"line":45,"column":69}},"type":"binary-expr","locations":[{"start":{"line":45,"column":46},"end":{"line":45,"column":64}},{"start":{"line":45,"column":68},"end":{"line":45,"column":69}}],"line":45},"8":{"loc":{"start":{"line":58,"column":2},"end":{"line":60,"column":3}},"type":"if","locations":[{"start":{"line":58,"column":2},"end":{"line":60,"column":3}},{"start":{},"end":{}}],"line":58},"9":{"loc":{"start":{"line":58,"column":6},"end":{"line":58,"column":57}},"type":"binary-expr","locations":[{"start":{"line":58,"column":6},"end":{"line":58,"column":36}},{"start":{"line":58,"column":40},"end":{"line":58,"column":57}}],"line":58},"10":{"loc":{"start":{"line":70,"column":2},"end":{"line":72,"column":3}},"type":"if","locations":[{"start":{"line":70,"column":2},"end":{"line":72,"column":3}},{"start":{},"end":{}}],"line":70},"11":{"loc":{"start":{"line":70,"column":6},"end":{"line":70,"column":43}},"type":"binary-expr","locations":[{"start":{"line":70,"column":6},"end":{"line":70,"column":29}},{"start":{"line":70,"column":33},"end":{"line":70,"column":43}}],"line":70},"12":{"loc":{"start":{"line":82,"column":39},"end":{"line":82,"column":55}},"type":"default-arg","locations":[{"start":{"line":82,"column":50},"end":{"line":82,"column":55}}],"line":82},"13":{"loc":{"start":{"line":83,"column":2},"end":{"line":85,"column":3}},"type":"if","locations":[{"start":{"line":83,"column":2},"end":{"line":85,"column":3}},{"start":{},"end":{}}],"line":83},"14":{"loc":{"start":{"line":83,"column":6},"end":{"line":83,"column":49}},"type":"binary-expr","locations":[{"start":{"line":83,"column":6},"end":{"line":83,"column":32}},{"start":{"line":83,"column":36},"end":{"line":83,"column":49}}],"line":83},"15":{"loc":{"start":{"line":100,"column":33},"end":{"line":100,"column":45}},"type":"default-arg","locations":[{"start":{"line":100,"column":43},"end":{"line":100,"column":45}}],"line":100},"16":{"loc":{"start":{"line":101,"column":18},"end":{"line":101,"column":66}},"type":"cond-expr","locations":[{"start":{"line":101,"column":45},"end":{"line":101,"column":59}},{"start":{"line":101,"column":62},"end":{"line":101,"column":66}}],"line":101},"17":{"loc":{"start":{"line":102,"column":2},"end":{"line":104,"column":3}},"type":"if","locations":[{"start":{"line":102,"column":2},"end":{"line":104,"column":3}},{"start":{},"end":{}}],"line":102},"18":{"loc":{"start":{"line":102,"column":6},"end":{"line":102,"column":60}},"type":"binary-expr","locations":[{"start":{"line":102,"column":6},"end":{"line":102,"column":32}},{"start":{"line":102,"column":36},"end":{"line":102,"column":60}}],"line":102},"19":{"loc":{"start":{"line":119,"column":18},"end":{"line":119,"column":66}},"type":"cond-expr","locations":[{"start":{"line":119,"column":45},"end":{"line":119,"column":59}},{"start":{"line":119,"column":62},"end":{"line":119,"column":66}}],"line":119},"20":{"loc":{"start":{"line":120,"column":2},"end":{"line":122,"column":3}},"type":"if","locations":[{"start":{"line":120,"column":2},"end":{"line":122,"column":3}},{"start":{},"end":{}}],"line":120},"21":{"loc":{"start":{"line":120,"column":6},"end":{"line":120,"column":60}},"type":"binary-expr","locations":[{"start":{"line":120,"column":6},"end":{"line":120,"column":32}},{"start":{"line":120,"column":36},"end":{"line":120,"column":60}}],"line":120},"22":{"loc":{"start":{"line":130,"column":2},"end":{"line":130,"column":38}},"type":"if","locations":[{"start":{"line":130,"column":2},"end":{"line":130,"column":38}},{"start":{},"end":{}}],"line":130},"23":{"loc":{"start":{"line":131,"column":2},"end":{"line":131,"column":79}},"type":"if","locations":[{"start":{"line":131,"column":2},"end":{"line":131,"column":79}},{"start":{},"end":{}}],"line":131},"24":{"loc":{"start":{"line":131,"column":49},"end":{"line":131,"column":72}},"type":"cond-expr","locations":[{"start":{"line":131,"column":64},"end":{"line":131,"column":67}},{"start":{"line":131,"column":70},"end":{"line":131,"column":72}}],"line":131},"25":{"loc":{"start":{"line":132,"column":2},"end":{"line":132,"column":80}},"type":"if","locations":[{"start":{"line":132,"column":2},"end":{"line":132,"column":80}},{"start":{},"end":{}}],"line":132},"26":{"loc":{"start":{"line":132,"column":49},"end":{"line":132,"column":73}},"type":"cond-expr","locations":[{"start":{"line":132,"column":65},"end":{"line":132,"column":68}},{"start":{"line":132,"column":71},"end":{"line":132,"column":73}}],"line":132},"27":{"loc":{"start":{"line":133,"column":2},"end":{"line":133,"column":75}},"type":"if","locations":[{"start":{"line":133,"column":2},"end":{"line":133,"column":75}},{"start":{},"end":{}}],"line":133},"28":{"loc":{"start":{"line":133,"column":45},"end":{"line":133,"column":68}},"type":"cond-expr","locations":[{"start":{"line":133,"column":60},"end":{"line":133,"column":63}},{"start":{"line":133,"column":66},"end":{"line":133,"column":68}}],"line":133},"29":{"loc":{"start":{"line":148,"column":2},"end":{"line":150,"column":3}},"type":"if","locations":[{"start":{"line":148,"column":2},"end":{"line":150,"column":3}},{"start":{},"end":{}}],"line":148},"30":{"loc":{"start":{"line":148,"column":6},"end":{"line":148,"column":50}},"type":"binary-expr","locations":[{"start":{"line":148,"column":6},"end":{"line":148,"column":20}},{"start":{"line":148,"column":24},"end":{"line":148,"column":50}}],"line":148},"31":{"loc":{"start":{"line":160,"column":2},"end":{"line":162,"column":3}},"type":"if","locations":[{"start":{"line":160,"column":2},"end":{"line":162,"column":3}},{"start":{},"end":{}}],"line":160},"32":{"loc":{"start":{"line":160,"column":6},"end":{"line":160,"column":45}},"type":"binary-expr","locations":[{"start":{"line":160,"column":6},"end":{"line":160,"column":14}},{"start":{"line":160,"column":18},"end":{"line":160,"column":45}}],"line":160},"33":{"loc":{"start":{"line":167,"column":2},"end":{"line":177,"column":3}},"type":"if","locations":[{"start":{"line":167,"column":2},"end":{"line":177,"column":3}},{"start":{},"end":{}}],"line":167},"34":{"loc":{"start":{"line":168,"column":4},"end":{"line":174,"column":36}},"type":"binary-expr","locations":[{"start":{"line":168,"column":4},"end":{"line":168,"column":38}},{"start":{"line":169,"column":4},"end":{"line":169,"column":36}},{"start":{"line":170,"column":4},"end":{"line":170,"column":37}},{"start":{"line":171,"column":4},"end":{"line":171,"column":37}},{"start":{"line":172,"column":4},"end":{"line":172,"column":39}},{"start":{"line":173,"column":4},"end":{"line":173,"column":35}},{"start":{"line":174,"column":4},"end":{"line":174,"column":36}}],"line":168},"35":{"loc":{"start":{"line":180,"column":2},"end":{"line":188,"column":3}},"type":"if","locations":[{"start":{"line":180,"column":2},"end":{"line":188,"column":3}},{"start":{},"end":{}}],"line":180},"36":{"loc":{"start":{"line":181,"column":4},"end":{"line":185,"column":36}},"type":"binary-expr","locations":[{"start":{"line":181,"column":4},"end":{"line":181,"column":38}},{"start":{"line":182,"column":4},"end":{"line":182,"column":37}},{"start":{"line":183,"column":4},"end":{"line":183,"column":37}},{"start":{"line":184,"column":4},"end":{"line":184,"column":35}},{"start":{"line":185,"column":4},"end":{"line":185,"column":36}}],"line":181},"37":{"loc":{"start":{"line":191,"column":2},"end":{"line":193,"column":3}},"type":"if","locations":[{"start":{"line":191,"column":2},"end":{"line":193,"column":3}},{"start":{},"end":{}}],"line":191},"38":{"loc":{"start":{"line":191,"column":6},"end":{"line":191,"column":71}},"type":"binary-expr","locations":[{"start":{"line":191,"column":6},"end":{"line":191,"column":36}},{"start":{"line":191,"column":40},"end":{"line":191,"column":71}}],"line":191},"39":{"loc":{"start":{"line":212,"column":20},"end":{"line":212,"column":46}},"type":"binary-expr","locations":[{"start":{"line":212,"column":20},"end":{"line":212,"column":40}},{"start":{"line":212,"column":44},"end":{"line":212,"column":46}}],"line":212},"40":{"loc":{"start":{"line":213,"column":19},"end":{"line":213,"column":44}},"type":"binary-expr","locations":[{"start":{"line":213,"column":19},"end":{"line":213,"column":38}},{"start":{"line":213,"column":42},"end":{"line":213,"column":44}}],"line":213},"41":{"loc":{"start":{"line":214,"column":27},"end":{"line":214,"column":60}},"type":"binary-expr","locations":[{"start":{"line":214,"column":27},"end":{"line":214,"column":54}},{"start":{"line":214,"column":58},"end":{"line":214,"column":60}}],"line":214},"42":{"loc":{"start":{"line":215,"column":21},"end":{"line":215,"column":48}},"type":"binary-expr","locations":[{"start":{"line":215,"column":21},"end":{"line":215,"column":42}},{"start":{"line":215,"column":46},"end":{"line":215,"column":48}}],"line":215},"43":{"loc":{"start":{"line":219,"column":8},"end":{"line":219,"column":26}},"type":"binary-expr","locations":[{"start":{"line":219,"column":8},"end":{"line":219,"column":20}},{"start":{"line":219,"column":24},"end":{"line":219,"column":26}}],"line":219},"44":{"loc":{"start":{"line":223,"column":8},"end":{"line":223,"column":28}},"type":"binary-expr","locations":[{"start":{"line":223,"column":8},"end":{"line":223,"column":22}},{"start":{"line":223,"column":26},"end":{"line":223,"column":28}}],"line":223},"45":{"loc":{"start":{"line":227,"column":8},"end":{"line":227,"column":24}},"type":"binary-expr","locations":[{"start":{"line":227,"column":8},"end":{"line":227,"column":18}},{"start":{"line":227,"column":22},"end":{"line":227,"column":24}}],"line":227},"46":{"loc":{"start":{"line":231,"column":8},"end":{"line":231,"column":20}},"type":"binary-expr","locations":[{"start":{"line":231,"column":8},"end":{"line":231,"column":14}},{"start":{"line":231,"column":18},"end":{"line":231,"column":20}}],"line":231},"47":{"loc":{"start":{"line":238,"column":37},"end":{"line":238,"column":48}},"type":"binary-expr","locations":[{"start":{"line":238,"column":37},"end":{"line":238,"column":42}},{"start":{"line":238,"column":46},"end":{"line":238,"column":48}}],"line":238},"48":{"loc":{"start":{"line":240,"column":10},"end":{"line":246,"column":11}},"type":"if","locations":[{"start":{"line":240,"column":10},"end":{"line":246,"column":11}},{"start":{},"end":{}}],"line":240},"49":{"loc":{"start":{"line":241,"column":12},"end":{"line":243,"column":38}},"type":"binary-expr","locations":[{"start":{"line":241,"column":12},"end":{"line":241,"column":37}},{"start":{"line":242,"column":12},"end":{"line":242,"column":37}},{"start":{"line":243,"column":12},"end":{"line":243,"column":38}}],"line":241},"50":{"loc":{"start":{"line":290,"column":50},"end":{"line":290,"column":74}},"type":"default-arg","locations":[{"start":{"line":290,"column":59},"end":{"line":290,"column":74}}],"line":290},"51":{"loc":{"start":{"line":305,"column":2},"end":{"line":305,"column":56}},"type":"if","locations":[{"start":{"line":305,"column":2},"end":{"line":305,"column":56}},{"start":{},"end":{}}],"line":305},"52":{"loc":{"start":{"line":305,"column":6},"end":{"line":305,"column":41}},"type":"binary-expr","locations":[{"start":{"line":305,"column":6},"end":{"line":305,"column":12}},{"start":{"line":305,"column":16},"end":{"line":305,"column":41}}],"line":305},"53":{"loc":{"start":{"line":316,"column":2},"end":{"line":316,"column":56}},"type":"if","locations":[{"start":{"line":316,"column":2},"end":{"line":316,"column":56}},{"start":{},"end":{}}],"line":316},"54":{"loc":{"start":{"line":316,"column":6},"end":{"line":316,"column":41}},"type":"binary-expr","locations":[{"start":{"line":316,"column":6},"end":{"line":316,"column":12}},{"start":{"line":316,"column":16},"end":{"line":316,"column":41}}],"line":316},"55":{"loc":{"start":{"line":318,"column":9},"end":{"line":318,"column":53}},"type":"binary-expr","locations":[{"start":{"line":318,"column":9},"end":{"line":318,"column":29}},{"start":{"line":318,"column":33},"end":{"line":318,"column":53}}],"line":318},"56":{"loc":{"start":{"line":352,"column":4},"end":{"line":356,"column":5}},"type":"if","locations":[{"start":{"line":352,"column":4},"end":{"line":356,"column":5}},{"start":{},"end":{}}],"line":352},"57":{"loc":{"start":{"line":365,"column":27},"end":{"line":365,"column":38}},"type":"default-arg","locations":[{"start":{"line":365,"column":36},"end":{"line":365,"column":38}}],"line":365},"58":{"loc":{"start":{"line":368,"column":9},"end":{"line":368,"column":85}},"type":"cond-expr","locations":[{"start":{"line":368,"column":18},"end":{"line":368,"column":55}},{"start":{"line":368,"column":58},"end":{"line":368,"column":85}}],"line":368},"59":{"loc":{"start":{"line":377,"column":2},"end":{"line":377,"column":58}},"type":"if","locations":[{"start":{"line":377,"column":2},"end":{"line":377,"column":58}},{"start":{},"end":{}}],"line":377},"60":{"loc":{"start":{"line":377,"column":6},"end":{"line":377,"column":45}},"type":"binary-expr","locations":[{"start":{"line":377,"column":6},"end":{"line":377,"column":18}},{"start":{"line":377,"column":22},"end":{"line":377,"column":45}}],"line":377},"61":{"loc":{"start":{"line":387,"column":2},"end":{"line":387,"column":53}},"type":"if","locations":[{"start":{"line":387,"column":2},"end":{"line":387,"column":53}},{"start":{},"end":{}}],"line":387},"62":{"loc":{"start":{"line":387,"column":6},"end":{"line":387,"column":39}},"type":"binary-expr","locations":[{"start":{"line":387,"column":6},"end":{"line":387,"column":18}},{"start":{"line":387,"column":22},"end":{"line":387,"column":39}}],"line":387},"63":{"loc":{"start":{"line":388,"column":2},"end":{"line":388,"column":50}},"type":"if","locations":[{"start":{"line":388,"column":2},"end":{"line":388,"column":50}},{"start":{},"end":{}}],"line":388},"64":{"loc":{"start":{"line":389,"column":2},"end":{"line":389,"column":68}},"type":"if","locations":[{"start":{"line":389,"column":2},"end":{"line":389,"column":68}},{"start":{},"end":{}}],"line":389},"65":{"loc":{"start":{"line":390,"column":2},"end":{"line":390,"column":62}},"type":"if","locations":[{"start":{"line":390,"column":2},"end":{"line":390,"column":62}},{"start":{},"end":{}}],"line":390}},"s":{"0":3,"1":12,"2":6,"3":6,"4":13,"5":3,"6":6,"7":3,"8":3,"9":3,"10":5,"11":3,"12":2,"13":6,"14":3,"15":7,"16":4,"17":3,"18":3,"19":9,"20":4,"21":5,"22":3,"23":8,"24":4,"25":4,"26":3,"27":7,"28":7,"29":3,"30":4,"31":3,"32":11,"33":11,"34":2,"35":9,"36":9,"37":9,"38":9,"39":9,"40":9,"41":1,"42":8,"43":8,"44":5,"45":5,"46":3,"47":3,"48":1,"49":3,"50":2,"51":0,"52":2,"53":3,"54":42,"55":5,"56":37,"57":37,"58":7,"59":30,"60":5,"61":25,"62":3,"63":22,"64":3,"65":3,"66":3,"67":1,"68":1,"69":1,"70":1,"71":3,"72":55,"73":109,"74":109,"75":0,"76":109,"77":3,"78":3,"79":2,"80":2,"81":3,"82":5,"83":5,"84":5,"85":5,"86":5,"87":5,"88":5,"89":5,"90":5,"91":3,"92":3,"93":3,"94":3,"95":15,"96":5,"97":10,"98":10,"99":3,"100":14,"101":5,"102":9,"103":9,"104":3,"105":4,"106":7,"107":4,"108":4,"109":7,"110":7,"111":3,"112":4,"113":7,"114":5,"115":5,"116":5,"117":1,"118":3,"119":104,"120":104,"121":104,"122":3,"123":9,"124":4,"125":5,"126":3,"127":15,"128":2,"129":13,"130":3,"131":10,"132":10,"133":8,"134":8,"135":4},"f":{"0":12,"1":13,"2":6,"3":5,"4":6,"5":7,"6":9,"7":8,"8":7,"9":11,"10":2,"11":42,"12":3,"13":1,"14":1,"15":1,"16":1,"17":55,"18":109,"19":2,"20":5,"21":3,"22":15,"23":14,"24":4,"25":7,"26":4,"27":4,"28":7,"29":1,"30":104,"31":9,"32":15},"b":{"0":[6,6],"1":[12,7],"2":[13,1],"3":[3,3],"4":[6,4],"5":[3,2],"6":[5,3],"7":[6,1],"8":[4,3],"9":[7,4],"10":[4,5],"11":[9,6],"12":[8],"13":[4,4],"14":[8,5],"15":[7],"16":[2,5],"17":[3,4],"18":[7,5],"19":[2,9],"20":[2,9],"21":[11,10],"22":[1,8],"23":[3,5],"24":[2,1],"25":[2,3],"26":[1,1],"27":[2,1],"28":[1,1],"29":[0,2],"30":[2,2],"31":[5,37],"32":[42,39],"33":[7,30],"34":[37,35,34,34,33,32,30],"35":[5,25],"36":[30,28,27,26,25],"37":[3,22],"38":[25,23],"39":[3,2],"40":[3,2],"41":[3,2],"42":[3,2],"43":[3,1],"44":[3,1],"45":[3,1],"46":[3,1],"47":[109,0],"48":[0,109],"49":[109,109,109],"50":[3],"51":[5,10],"52":[15,12],"53":[5,9],"54":[14,11],"55":[9,7],"56":[5,2],"57":[104],"58":[1,103],"59":[4,5],"60":[9,8],"61":[2,13],"62":[15,14],"63":[3,10],"64":[2,8],"65":[4,4]},"meta":{"lastBranch":66,"lastFunction":33,"lastStatement":136,"seen":{"s:17:35:22:1":0,"f:17:35:17:36":0,"b:18:2:20:3:undefined:undefined:undefined:undefined":0,"s:18:2:20:3":1,"b:18:6:18:30:18:34:18:55":1,"s:19:4:19:13":2,"s:21:2:21:66":3,"f:21:25:21:26":1,"s:21:39:21:61":4,"b:21:46:21:55:21:59:21:60":2,"s:29:37:34:1":5,"f:29:37:29:38":2,"b:30:2:32:3:undefined:undefined:undefined:undefined":3,"s:30:2:32:3":6,"b:30:6:30:30:30:34:30:55":4,"s:31:4:31:13":7,"s:33:2:33:69":8,"s:41:35:46:1":9,"f:41:35:41:36":3,"b:42:2:44:3:undefined:undefined:undefined:undefined":5,"s:42:2:44:3":10,"b:42:6:42:30:42:34:42:55":6,"s:43:4:43:13":11,"s:45:2:45:75":12,"f:45:25:45:26":4,"s:45:39:45:70":13,"b:45:46:45:64:45:68:45:69":7,"s:57:32:62:1":14,"f:57:32:57:33":5,"b:58:2:60:3:undefined:undefined:undefined:undefined":8,"s:58:2:60:3":15,"b:58:6:58:36:58:40:58:57":9,"s:59:4:59:16":16,"s:61:2:61:26":17,"s:69:28:74:1":18,"f:69:28:69:29":6,"b:70:2:72:3:undefined:undefined:undefined:undefined":10,"s:70:2:72:3":19,"b:70:6:70:29:70:33:70:43":11,"s:71:4:71:15":20,"s:73:2:73:30":21,"s:82:30:92:1":22,"f:82:30:82:31":7,"b:82:50:82:55":12,"b:83:2:85:3:undefined:undefined:undefined:undefined":13,"s:83:2:85:3":23,"b:83:6:83:32:83:36:83:49":14,"s:84:4:84:16":24,"s:86:2:91:20":25,"s:100:26:111:1":26,"f:100:26:100:27":8,"b:100:43:100:45":15,"s:101:18:101:66":27,"b:101:45:101:59:101:62:101:66":16,"b:102:2:104:3:undefined:undefined:undefined:undefined":17,"s:102:2:104:3":28,"b:102:6:102:32:102:36:102:60":18,"s:103:4:103:14":29,"s:105:2:110:5":30,"s:118:34:136:1":31,"f:118:34:118:35":9,"s:119:18:119:66":32,"b:119:45:119:59:119:62:119:66":19,"b:120:2:122:3:undefined:undefined:undefined:undefined":20,"s:120:2:122:3":33,"b:120:6:120:32:120:36:120:60":21,"s:121:4:121:14":34,"s:124:14:124:24":35,"s:125:17:125:50":36,"s:126:19:126:45":37,"s:127:20:127:48":38,"s:128:19:128:48":39,"b:130:2:130:38:undefined:undefined:undefined:undefined":22,"s:130:2:130:38":40,"s:130:20:130:38":41,"b:131:2:131:79:undefined:undefined:undefined:undefined":23,"s:131:2:131:79":42,"s:131:21:131:79":43,"b:131:64:131:67:131:70:131:72":24,"b:132:2:132:80:undefined:undefined:undefined:undefined":25,"s:132:2:132:80":44,"s:132:22:132:80":45,"b:132:65:132:68:132:71:132:73":26,"b:133:2:133:75:undefined:undefined:undefined:undefined":27,"s:133:2:133:75":46,"s:133:20:133:75":47,"b:133:60:133:63:133:66:133:68":28,"s:135:2:135:29":48,"s:147:37:152:1":49,"f:147:37:147:38":10,"b:148:2:150:3:undefined:undefined:undefined:undefined":29,"s:148:2:150:3":50,"b:148:6:148:20:148:24:148:50":30,"s:149:4:149:30":51,"s:151:2:151:73":52,"s:159:28:196:1":53,"f:159:28:159:29":11,"b:160:2:162:3:undefined:undefined:undefined:undefined":31,"s:160:2:162:3":54,"b:160:6:160:14:160:18:160:45":32,"s:161:4:161:28":55,"s:164:23:164:44":56,"b:167:2:177:3:undefined:undefined:undefined:undefined":33,"s:167:2:177:3":57,"b:168:4:168:38:169:4:169:36:170:4:170:37:171:4:171:37:172:4:172:39:173:4:173:35:174:4:174:36":34,"s:176:4:176:31":58,"b:180:2:188:3:undefined:undefined:undefined:undefined":35,"s:180:2:188:3":59,"b:181:4:181:38:182:4:182:37:183:4:183:37:184:4:184:35:185:4:185:36":36,"s:187:4:187:31":60,"b:191:2:193:3:undefined:undefined:undefined:undefined":37,"s:191:2:193:3":61,"b:191:6:191:36:191:40:191:71":38,"s:192:4:192:29":62,"s:195:2:195:26":63,"s:207:27:254:1":64,"f:207:27:207:28":12,"s:208:73:208:77":65,"s:210:18:232:3":66,"b:212:20:212:40:212:44:212:46":39,"b:213:19:213:38:213:42:213:44":40,"b:214:27:214:54:214:58:214:60":41,"b:215:21:215:42:215:46:215:48":42,"b:219:8:219:20:219:24:219:26":43,"f:219:32:219:33":13,"s:219:42:219:86":67,"b:223:8:223:22:223:26:223:28":44,"f:223:34:223:35":14,"s:223:44:223:78":68,"b:227:8:227:18:227:22:227:24":45,"f:227:30:227:31":15,"s:227:40:227:69":69,"b:231:8:231:14:231:18:231:20":46,"f:231:26:231:27":16,"s:231:37:231:76":70,"s:234:21:251:15":71,"f:235:9:235:10":17,"s:236:6:249:18":72,"f:237:13:237:14":18,"s:238:30:238:49":73,"b:238:37:238:42:238:46:238:48":47,"b:240:10:246:11:undefined:undefined:undefined:undefined":48,"s:240:10:246:11":74,"b:241:12:241:37:242:12:242:37:243:12:243:38":49,"s:245:12:245:58":75,"s:247:10:247:29":76,"s:253:2:253:64":77,"s:261:28:264:1":78,"f:261:28:261:29":19,"s:262:18:262:47":79,"s:263:2:263:54":80,"s:272:21:282:1":81,"f:272:21:272:22":20,"s:273:19:273:58":82,"s:274:14:274:43":83,"s:275:15:275:42":84,"s:276:2:276:18":85,"s:277:2:277:27":86,"s:278:2:278:34":87,"s:279:2:279:15":88,"s:280:2:280:34":89,"s:281:2:281:27":90,"s:290:38:293:1":91,"f:290:38:290:39":21,"b:290:59:290:74":50,"s:291:15:291:53":92,"s:292:2:292:42":93,"s:304:28:308:1":94,"f:304:28:304:29":22,"b:305:2:305:56:undefined:undefined:undefined:undefined":51,"s:305:2:305:56":95,"b:305:6:305:12:305:16:305:41":52,"s:305:43:305:56":96,"s:306:21:306:49":97,"s:307:2:307:32":98,"s:315:28:319:1":99,"f:315:28:315:29":23,"b:316:2:316:56:undefined:undefined:undefined:undefined":53,"s:316:2:316:56":100,"b:316:6:316:12:316:16:316:41":54,"s:316:43:316:56":101,"s:317:18:317:42":102,"s:318:2:318:54":103,"b:318:9:318:29:318:33:318:53":55,"s:331:24:341:1":104,"f:331:24:331:25":24,"s:333:2:340:4":105,"f:333:18:333:34":25,"s:334:18:337:5":106,"f:334:18:334:19":26,"s:335:6:335:28":107,"s:336:6:336:20":108,"s:338:4:338:26":109,"s:339:4:339:38":110,"s:349:24:358:1":111,"f:349:24:349:25":27,"s:351:2:357:4":112,"f:351:18:351:34":28,"b:352:4:356:5:undefined:undefined:undefined:undefined":56,"s:352:4:356:5":113,"s:353:6:353:20":114,"s:354:6:354:24":115,"s:355:6:355:52":116,"f:355:17:355:18":29,"s:355:24:355:42":117,"s:365:26:369:1":118,"f:365:26:365:27":30,"b:365:36:365:38":57,"s:366:20:366:43":119,"s:367:20:367:62":120,"s:368:2:368:86":121,"b:368:18:368:55:368:58:368:85":58,"s:376:25:379:1":122,"f:376:25:376:26":31,"b:377:2:377:58:undefined:undefined:undefined:undefined":59,"s:377:2:377:58":123,"b:377:6:377:18:377:22:377:45":60,"s:377:47:377:58":124,"s:378:2:378:41":125,"s:386:23:392:1":126,"f:386:23:386:24":32,"b:387:2:387:53:undefined:undefined:undefined:undefined":61,"s:387:2:387:53":127,"b:387:6:387:18:387:22:387:39":62,"s:387:41:387:53":128,"b:388:2:388:50:undefined:undefined:undefined:undefined":63,"s:388:2:388:50":129,"s:388:26:388:50":130,"b:389:2:389:68:undefined:undefined:undefined:undefined":64,"s:389:2:389:68":131,"s:389:31:389:68":132,"b:390:2:390:62:undefined:undefined:undefined:undefined":65,"s:390:2:390:62":133,"s:390:31:390:62":134,"s:391:2:391:15":135}}}
,"C:\\Users\\Admin\\Sources\\zoolab-dashboard\\src\\api\\client.js": {"path":"C:\\Users\\Admin\\Sources\\zoolab-dashboard\\src\\api\\client.js","statementMap":{"0":{"start":{"line":11,"column":4},"end":{"line":11,"column":19}},"1":{"start":{"line":12,"column":4},"end":{"line":12,"column":27}},"2":{"start":{"line":13,"column":4},"end":{"line":13,"column":25}},"3":{"start":{"line":14,"column":4},"end":{"line":14,"column":21}},"4":{"start":{"line":15,"column":4},"end":{"line":15,"column":46}},"5":{"start":{"line":22,"column":4},"end":{"line":22,"column":53}},"6":{"start":{"line":29,"column":4},"end":{"line":29,"column":51}},"7":{"start":{"line":36,"column":4},"end":{"line":36,"column":30}},"8":{"start":{"line":43,"column":4},"end":{"line":43,"column":53}},"9":{"start":{"line":50,"column":23},"end":{"line":58,"column":1}},"10":{"start":{"line":65,"column":14},"end":{"line":65,"column":71}},"11":{"start":{"line":65,"column":22},"end":{"line":65,"column":71}},"12":{"start":{"line":65,"column":47},"end":{"line":65,"column":70}},"13":{"start":{"line":73,"column":24},"end":{"line":75,"column":1}},"14":{"start":{"line":74,"column":2},"end":{"line":74,"column":59}},"15":{"start":{"line":82,"column":32},"end":{"line":86,"column":1}},"16":{"start":{"line":83,"column":21},"end":{"line":83,"column":42}},"17":{"start":{"line":84,"column":20},"end":{"line":84,"column":65}},"18":{"start":{"line":84,"column":37},"end":{"line":84,"column":55}},"19":{"start":{"line":85,"column":2},"end":{"line":85,"column":35}},"20":{"start":{"line":93,"column":4},"end":{"line":93,"column":51}},"21":{"start":{"line":94,"column":4},"end":{"line":94,"column":34}},"22":{"start":{"line":95,"column":4},"end":{"line":95,"column":35}},"23":{"start":{"line":103,"column":4},"end":{"line":103,"column":47}},"24":{"start":{"line":111,"column":4},"end":{"line":111,"column":48}},"25":{"start":{"line":120,"column":28},"end":{"line":120,"column":34}},"26":{"start":{"line":121,"column":4},"end":{"line":123,"column":5}},"27":{"start":{"line":122,"column":6},"end":{"line":122,"column":63}},"28":{"start":{"line":124,"column":4},"end":{"line":124,"column":29}},"29":{"start":{"line":134,"column":26},"end":{"line":134,"column":30}},"30":{"start":{"line":135,"column":4},"end":{"line":137,"column":5}},"31":{"start":{"line":136,"column":6},"end":{"line":136,"column":69}},"32":{"start":{"line":138,"column":4},"end":{"line":138,"column":27}},"33":{"start":{"line":147,"column":17},"end":{"line":147,"column":55}},"34":{"start":{"line":148,"column":17},"end":{"line":148,"column":44}},"35":{"start":{"line":149,"column":4},"end":{"line":149,"column":29}},"36":{"start":{"line":167,"column":8},"end":{"line":167,"column":15}},"37":{"start":{"line":170,"column":24},"end":{"line":174,"column":5}},"38":{"start":{"line":177,"column":4},"end":{"line":179,"column":5}},"39":{"start":{"line":178,"column":6},"end":{"line":178,"column":82}},"40":{"start":{"line":182,"column":4},"end":{"line":182,"column":71}},"41":{"start":{"line":184,"column":16},"end":{"line":184,"column":39}},"42":{"start":{"line":188,"column":4},"end":{"line":246,"column":5}},"43":{"start":{"line":188,"column":23},"end":{"line":188,"column":24}},"44":{"start":{"line":189,"column":40},"end":{"line":189,"column":72}},"45":{"start":{"line":191,"column":6},"end":{"line":245,"column":7}},"46":{"start":{"line":192,"column":25},"end":{"line":195,"column":10}},"47":{"start":{"line":197,"column":8},"end":{"line":197,"column":32}},"48":{"start":{"line":201,"column":28},"end":{"line":201,"column":64}},"49":{"start":{"line":203,"column":8},"end":{"line":207,"column":9}},"50":{"start":{"line":204,"column":10},"end":{"line":204,"column":39}},"51":{"start":{"line":206,"column":10},"end":{"line":206,"column":39}},"52":{"start":{"line":210,"column":8},"end":{"line":216,"column":9}},"53":{"start":{"line":211,"column":10},"end":{"line":215,"column":12}},"54":{"start":{"line":219,"column":8},"end":{"line":219,"column":68}},"55":{"start":{"line":221,"column":8},"end":{"line":221,"column":32}},"56":{"start":{"line":224,"column":8},"end":{"line":230,"column":9}},"57":{"start":{"line":225,"column":10},"end":{"line":225,"column":57}},"58":{"start":{"line":226,"column":15},"end":{"line":230,"column":9}},"59":{"start":{"line":227,"column":10},"end":{"line":227,"column":28}},"60":{"start":{"line":229,"column":10},"end":{"line":229,"column":78}},"61":{"start":{"line":233,"column":28},"end":{"line":233,"column":70}},"62":{"start":{"line":235,"column":8},"end":{"line":244,"column":9}},"63":{"start":{"line":236,"column":24},"end":{"line":236,"column":60}},"64":{"start":{"line":237,"column":10},"end":{"line":242,"column":11}},"65":{"start":{"line":238,"column":12},"end":{"line":241,"column":14}},"66":{"start":{"line":243,"column":10},"end":{"line":243,"column":29}},"67":{"start":{"line":249,"column":4},"end":{"line":249,"column":20}},"68":{"start":{"line":259,"column":4},"end":{"line":259,"column":65}},"69":{"start":{"line":270,"column":4},"end":{"line":270,"column":72}},"70":{"start":{"line":281,"column":4},"end":{"line":281,"column":71}},"71":{"start":{"line":292,"column":4},"end":{"line":292,"column":73}},"72":{"start":{"line":302,"column":4},"end":{"line":302,"column":68}},"73":{"start":{"line":307,"column":25},"end":{"line":307,"column":40}}},"fnMap":{"0":{"name":"(anonymous_0)","decl":{"start":{"line":10,"column":2},"end":{"line":10,"column":13}},"loc":{"start":{"line":10,"column":44},"end":{"line":16,"column":3}},"line":10},"1":{"name":"(anonymous_1)","decl":{"start":{"line":21,"column":6},"end":{"line":21,"column":20}},"loc":{"start":{"line":21,"column":23},"end":{"line":23,"column":3}},"line":21},"2":{"name":"(anonymous_2)","decl":{"start":{"line":28,"column":6},"end":{"line":28,"column":19}},"loc":{"start":{"line":28,"column":22},"end":{"line":30,"column":3}},"line":28},"3":{"name":"(anonymous_3)","decl":{"start":{"line":35,"column":6},"end":{"line":35,"column":19}},"loc":{"start":{"line":35,"column":22},"end":{"line":37,"column":3}},"line":35},"4":{"name":"(anonymous_4)","decl":{"start":{"line":42,"column":6},"end":{"line":42,"column":17}},"loc":{"start":{"line":42,"column":20},"end":{"line":44,"column":3}},"line":42},"5":{"name":"(anonymous_5)","decl":{"start":{"line":65,"column":14},"end":{"line":65,"column":15}},"loc":{"start":{"line":65,"column":22},"end":{"line":65,"column":71}},"line":65},"6":{"name":"(anonymous_6)","decl":{"start":{"line":65,"column":34},"end":{"line":65,"column":35}},"loc":{"start":{"line":65,"column":47},"end":{"line":65,"column":70}},"line":65},"7":{"name":"(anonymous_7)","decl":{"start":{"line":73,"column":24},"end":{"line":73,"column":25}},"loc":{"start":{"line":73,"column":48},"end":{"line":75,"column":1}},"line":73},"8":{"name":"(anonymous_8)","decl":{"start":{"line":82,"column":32},"end":{"line":82,"column":33}},"loc":{"start":{"line":82,"column":45},"end":{"line":86,"column":1}},"line":82},"9":{"name":"(anonymous_9)","decl":{"start":{"line":84,"column":31},"end":{"line":84,"column":32}},"loc":{"start":{"line":84,"column":37},"end":{"line":84,"column":55}},"line":84},"10":{"name":"(anonymous_10)","decl":{"start":{"line":92,"column":2},"end":{"line":92,"column":13}},"loc":{"start":{"line":92,"column":27},"end":{"line":96,"column":3}},"line":92},"11":{"name":"(anonymous_11)","decl":{"start":{"line":102,"column":2},"end":{"line":102,"column":23}},"loc":{"start":{"line":102,"column":37},"end":{"line":104,"column":3}},"line":102},"12":{"name":"(anonymous_12)","decl":{"start":{"line":110,"column":2},"end":{"line":110,"column":24}},"loc":{"start":{"line":110,"column":38},"end":{"line":112,"column":3}},"line":110},"13":{"name":"(anonymous_13)","decl":{"start":{"line":119,"column":8},"end":{"line":119,"column":32}},"loc":{"start":{"line":119,"column":41},"end":{"line":125,"column":3}},"line":119},"14":{"name":"(anonymous_14)","decl":{"start":{"line":133,"column":8},"end":{"line":133,"column":33}},"loc":{"start":{"line":133,"column":50},"end":{"line":139,"column":3}},"line":133},"15":{"name":"(anonymous_15)","decl":{"start":{"line":146,"column":2},"end":{"line":146,"column":10}},"loc":{"start":{"line":146,"column":21},"end":{"line":150,"column":3}},"line":146},"16":{"name":"(anonymous_16)","decl":{"start":{"line":158,"column":8},"end":{"line":158,"column":15}},"loc":{"start":{"line":158,"column":40},"end":{"line":250,"column":3}},"line":158},"17":{"name":"(anonymous_17)","decl":{"start":{"line":258,"column":2},"end":{"line":258,"column":5}},"loc":{"start":{"line":258,"column":30},"end":{"line":260,"column":3}},"line":258},"18":{"name":"(anonymous_18)","decl":{"start":{"line":269,"column":2},"end":{"line":269,"column":6}},"loc":{"start":{"line":269,"column":37},"end":{"line":271,"column":3}},"line":269},"19":{"name":"(anonymous_19)","decl":{"start":{"line":280,"column":2},"end":{"line":280,"column":5}},"loc":{"start":{"line":280,"column":36},"end":{"line":282,"column":3}},"line":280},"20":{"name":"(anonymous_20)","decl":{"start":{"line":291,"column":2},"end":{"line":291,"column":7}},"loc":{"start":{"line":291,"column":38},"end":{"line":293,"column":3}},"line":291},"21":{"name":"(anonymous_21)","decl":{"start":{"line":301,"column":2},"end":{"line":301,"column":8}},"loc":{"start":{"line":301,"column":33},"end":{"line":303,"column":3}},"line":301}},"branchMap":{"0":{"loc":{"start":{"line":10,"column":31},"end":{"line":10,"column":42}},"type":"default-arg","locations":[{"start":{"line":10,"column":38},"end":{"line":10,"column":42}}],"line":10},"1":{"loc":{"start":{"line":22,"column":11},"end":{"line":22,"column":52}},"type":"binary-expr","locations":[{"start":{"line":22,"column":11},"end":{"line":22,"column":28}},{"start":{"line":22,"column":32},"end":{"line":22,"column":52}}],"line":22},"2":{"loc":{"start":{"line":29,"column":11},"end":{"line":29,"column":50}},"type":"binary-expr","locations":[{"start":{"line":29,"column":11},"end":{"line":29,"column":29}},{"start":{"line":29,"column":33},"end":{"line":29,"column":50}}],"line":29},"3":{"loc":{"start":{"line":43,"column":11},"end":{"line":43,"column":52}},"type":"binary-expr","locations":[{"start":{"line":43,"column":11},"end":{"line":43,"column":30}},{"start":{"line":43,"column":34},"end":{"line":43,"column":52}}],"line":43},"4":{"loc":{"start":{"line":51,"column":11},"end":{"line":51,"column":54}},"type":"binary-expr","locations":[{"start":{"line":51,"column":11},"end":{"line":51,"column":44}},{"start":{"line":51,"column":48},"end":{"line":51,"column":54}}],"line":51},"5":{"loc":{"start":{"line":92,"column":14},"end":{"line":92,"column":25}},"type":"default-arg","locations":[{"start":{"line":92,"column":23},"end":{"line":92,"column":25}}],"line":92},"6":{"loc":{"start":{"line":158,"column":26},"end":{"line":158,"column":38}},"type":"default-arg","locations":[{"start":{"line":158,"column":36},"end":{"line":158,"column":38}}],"line":158},"7":{"loc":{"start":{"line":160,"column":6},"end":{"line":160,"column":20}},"type":"default-arg","locations":[{"start":{"line":160,"column":15},"end":{"line":160,"column":20}}],"line":160},"8":{"loc":{"start":{"line":162,"column":6},"end":{"line":162,"column":18}},"type":"default-arg","locations":[{"start":{"line":162,"column":16},"end":{"line":162,"column":18}}],"line":162},"9":{"loc":{"start":{"line":163,"column":6},"end":{"line":163,"column":35}},"type":"default-arg","locations":[{"start":{"line":163,"column":16},"end":{"line":163,"column":35}}],"line":163},"10":{"loc":{"start":{"line":164,"column":6},"end":{"line":164,"column":35}},"type":"default-arg","locations":[{"start":{"line":164,"column":16},"end":{"line":164,"column":35}}],"line":164},"11":{"loc":{"start":{"line":165,"column":6},"end":{"line":165,"column":41}},"type":"default-arg","locations":[{"start":{"line":165,"column":19},"end":{"line":165,"column":41}}],"line":165},"12":{"loc":{"start":{"line":177,"column":4},"end":{"line":179,"column":5}},"type":"if","locations":[{"start":{"line":177,"column":4},"end":{"line":179,"column":5}},{"start":{},"end":{}}],"line":177},"13":{"loc":{"start":{"line":177,"column":8},"end":{"line":177,"column":32}},"type":"binary-expr","locations":[{"start":{"line":177,"column":8},"end":{"line":177,"column":12}},{"start":{"line":177,"column":16},"end":{"line":177,"column":32}}],"line":177},"14":{"loc":{"start":{"line":178,"column":27},"end":{"line":178,"column":81}},"type":"cond-expr","locations":[{"start":{"line":178,"column":54},"end":{"line":178,"column":58}},{"start":{"line":178,"column":61},"end":{"line":178,"column":81}}],"line":178},"15":{"loc":{"start":{"line":203,"column":8},"end":{"line":207,"column":9}},"type":"if","locations":[{"start":{"line":203,"column":8},"end":{"line":207,"column":9}},{"start":{"line":205,"column":15},"end":{"line":207,"column":9}}],"line":203},"16":{"loc":{"start":{"line":210,"column":8},"end":{"line":216,"column":9}},"type":"if","locations":[{"start":{"line":210,"column":8},"end":{"line":216,"column":9}},{"start":{},"end":{}}],"line":210},"17":{"loc":{"start":{"line":212,"column":12},"end":{"line":212,"column":78}},"type":"binary-expr","locations":[{"start":{"line":212,"column":12},"end":{"line":212,"column":25}},{"start":{"line":212,"column":29},"end":{"line":212,"column":78}}],"line":212},"18":{"loc":{"start":{"line":224,"column":8},"end":{"line":230,"column":9}},"type":"if","locations":[{"start":{"line":224,"column":8},"end":{"line":230,"column":9}},{"start":{"line":226,"column":15},"end":{"line":230,"column":9}}],"line":224},"19":{"loc":{"start":{"line":226,"column":15},"end":{"line":230,"column":9}},"type":"if","locations":[{"start":{"line":226,"column":15},"end":{"line":230,"column":9}},{"start":{"line":228,"column":15},"end":{"line":230,"column":9}}],"line":226},"20":{"loc":{"start":{"line":229,"column":35},"end":{"line":229,"column":67}},"type":"binary-expr","locations":[{"start":{"line":229,"column":35},"end":{"line":229,"column":48}},{"start":{"line":229,"column":52},"end":{"line":229,"column":67}}],"line":229},"21":{"loc":{"start":{"line":233,"column":28},"end":{"line":233,"column":70}},"type":"binary-expr","locations":[{"start":{"line":233,"column":28},"end":{"line":233,"column":49}},{"start":{"line":233,"column":53},"end":{"line":233,"column":70}}],"line":233},"22":{"loc":{"start":{"line":235,"column":8},"end":{"line":244,"column":9}},"type":"if","locations":[{"start":{"line":235,"column":8},"end":{"line":244,"column":9}},{"start":{},"end":{}}],"line":235},"23":{"loc":{"start":{"line":237,"column":10},"end":{"line":242,"column":11}},"type":"if","locations":[{"start":{"line":237,"column":10},"end":{"line":242,"column":11}},{"start":{},"end":{}}],"line":237},"24":{"loc":{"start":{"line":258,"column":16},"end":{"line":258,"column":28}},"type":"default-arg","locations":[{"start":{"line":258,"column":26},"end":{"line":258,"column":28}}],"line":258},"25":{"loc":{"start":{"line":269,"column":23},"end":{"line":269,"column":35}},"type":"default-arg","locations":[{"start":{"line":269,"column":33},"end":{"line":269,"column":35}}],"line":269},"26":{"loc":{"start":{"line":280,"column":22},"end":{"line":280,"column":34}},"type":"default-arg","locations":[{"start":{"line":280,"column":32},"end":{"line":280,"column":34}}],"line":280},"27":{"loc":{"start":{"line":291,"column":24},"end":{"line":291,"column":36}},"type":"default-arg","locations":[{"start":{"line":291,"column":34},"end":{"line":291,"column":36}}],"line":291},"28":{"loc":{"start":{"line":301,"column":19},"end":{"line":301,"column":31}},"type":"default-arg","locations":[{"start":{"line":301,"column":29},"end":{"line":301,"column":31}}],"line":301}},"s":{"0":36,"1":36,"2":36,"3":36,"4":36,"5":20,"6":8,"7":17,"8":16,"9":1,"10":1,"11":4,"12":4,"13":1,"14":4,"15":1,"16":24,"17":24,"18":0,"19":24,"20":31,"21":31,"22":31,"23":3,"24":1,"25":20,"26":20,"27":3,"28":20,"29":12,"30":12,"31":1,"32":12,"33":23,"34":23,"35":23,"36":20,"37":20,"38":20,"39":3,"40":20,"41":20,"42":20,"43":20,"44":24,"45":24,"46":24,"47":20,"48":20,"49":20,"50":19,"51":1,"52":20,"53":8,"54":12,"55":12,"56":12,"57":2,"58":10,"59":8,"60":2,"61":12,"62":12,"63":4,"64":4,"65":4,"66":4,"67":8,"68":16,"69":1,"70":1,"71":1,"72":1,"73":1},"f":{"0":36,"1":20,"2":8,"3":17,"4":16,"5":4,"6":4,"7":4,"8":24,"9":0,"10":31,"11":3,"12":1,"13":20,"14":12,"15":23,"16":20,"17":16,"18":1,"19":1,"20":1,"21":1},"b":{"0":[36],"1":[20,13],"2":[8,6],"3":[16,11],"4":[1,1],"5":[31],"6":[20],"7":[20],"8":[20],"9":[20],"10":[20],"11":[20],"12":[3,17],"13":[20,3],"14":[0,3],"15":[19,1],"16":[8,12],"17":[8,0],"18":[2,10],"19":[8,2],"20":[2,0],"21":[12,9],"22":[4,8],"23":[4,0],"24":[16],"25":[1],"26":[1],"27":[1],"28":[1]},"meta":{"lastBranch":29,"lastFunction":22,"lastStatement":74,"seen":{"f:10:2:10:13":0,"b:10:38:10:42":0,"s:11:4:11:19":0,"s:12:4:12:27":1,"s:13:4:13:25":2,"s:14:4:14:21":3,"s:15:4:15:46":4,"f:21:6:21:20":1,"s:22:4:22:53":5,"b:22:11:22:28:22:32:22:52":1,"f:28:6:28:19":2,"s:29:4:29:51":6,"b:29:11:29:29:29:33:29:50":2,"f:35:6:35:19":3,"s:36:4:36:30":7,"f:42:6:42:17":4,"s:43:4:43:53":8,"b:43:11:43:30:43:34:43:52":3,"s:50:23:58:1":9,"b:51:11:51:44:51:48:51:54":4,"s:65:14:65:71":10,"f:65:14:65:15":5,"s:65:22:65:71":11,"f:65:34:65:35":6,"s:65:47:65:70":12,"s:73:24:75:1":13,"f:73:24:73:25":7,"s:74:2:74:59":14,"s:82:32:86:1":15,"f:82:32:82:33":8,"s:83:21:83:42":16,"s:84:20:84:65":17,"f:84:31:84:32":9,"s:84:37:84:55":18,"s:85:2:85:35":19,"f:92:2:92:13":10,"b:92:23:92:25":5,"s:93:4:93:51":20,"s:94:4:94:34":21,"s:95:4:95:35":22,"f:102:2:102:23":11,"s:103:4:103:47":23,"f:110:2:110:24":12,"s:111:4:111:48":24,"f:119:8:119:32":13,"s:120:28:120:34":25,"s:121:4:123:5":26,"s:122:6:122:63":27,"s:124:4:124:29":28,"f:133:8:133:33":14,"s:134:26:134:30":29,"s:135:4:137:5":30,"s:136:6:136:69":31,"s:138:4:138:27":32,"f:146:2:146:10":15,"s:147:17:147:55":33,"s:148:17:148:44":34,"s:149:4:149:29":35,"f:158:8:158:15":16,"b:158:36:158:38":6,"s:167:8:167:15":36,"b:160:15:160:20":7,"b:162:16:162:18":8,"b:163:16:163:35":9,"b:164:16:164:35":10,"b:165:19:165:41":11,"s:170:24:174:5":37,"b:177:4:179:5:undefined:undefined:undefined:undefined":12,"s:177:4:179:5":38,"b:177:8:177:12:177:16:177:32":13,"s:178:6:178:82":39,"b:178:54:178:58:178:61:178:81":14,"s:182:4:182:71":40,"s:184:16:184:39":41,"s:188:4:246:5":42,"s:188:23:188:24":43,"s:189:40:189:72":44,"s:191:6:245:7":45,"s:192:25:195:10":46,"s:197:8:197:32":47,"s:201:28:201:64":48,"b:203:8:207:9:205:15:207:9":15,"s:203:8:207:9":49,"s:204:10:204:39":50,"s:206:10:206:39":51,"b:210:8:216:9:undefined:undefined:undefined:undefined":16,"s:210:8:216:9":52,"s:211:10:215:12":53,"b:212:12:212:25:212:29:212:78":17,"s:219:8:219:68":54,"s:221:8:221:32":55,"b:224:8:230:9:226:15:230:9":18,"s:224:8:230:9":56,"s:225:10:225:57":57,"b:226:15:230:9:228:15:230:9":19,"s:226:15:230:9":58,"s:227:10:227:28":59,"s:229:10:229:78":60,"b:229:35:229:48:229:52:229:67":20,"s:233:28:233:70":61,"b:233:28:233:49:233:53:233:70":21,"b:235:8:244:9:undefined:undefined:undefined:undefined":22,"s:235:8:244:9":62,"s:236:24:236:60":63,"b:237:10:242:11:undefined:undefined:undefined:undefined":23,"s:237:10:242:11":64,"s:238:12:241:14":65,"s:243:10:243:29":66,"s:249:4:249:20":67,"f:258:2:258:5":17,"b:258:26:258:28":24,"s:259:4:259:65":68,"f:269:2:269:6":18,"b:269:33:269:35":25,"s:270:4:270:72":69,"f:280:2:280:5":19,"b:280:32:280:34":26,"s:281:4:281:71":70,"f:291:2:291:7":20,"b:291:34:291:36":27,"s:292:4:292:73":71,"f:301:2:301:8":21,"b:301:29:301:31":28,"s:302:4:302:68":72,"s:307:25:307:40":73}}}
,"C:\\Users\\Admin\\Sources\\zoolab-dashboard\\src\\api\\index.js": {"path":"C:\\Users\\Admin\\Sources\\zoolab-dashboard\\src\\api\\index.js","statementMap":{"0":{"start":{"line":39,"column":28},"end":{"line":39,"column":40}},"1":{"start":{"line":39,"column":34},"end":{"line":39,"column":40}},"2":{"start":{"line":45,"column":31},"end":{"line":47,"column":1}},"3":{"start":{"line":46,"column":2},"end":{"line":46,"column":94}}},"fnMap":{"0":{"name":"(anonymous_0)","decl":{"start":{"line":39,"column":28},"end":{"line":39,"column":29}},"loc":{"start":{"line":39,"column":34},"end":{"line":39,"column":40}},"line":39},"1":{"name":"(anonymous_1)","decl":{"start":{"line":45,"column":31},"end":{"line":45,"column":32}},"loc":{"start":{"line":45,"column":37},"end":{"line":47,"column":1}},"line":45}},"branchMap":{"0":{"loc":{"start":{"line":46,"column":9},"end":{"line":46,"column":93}},"type":"binary-expr","locations":[{"start":{"line":46,"column":9},"end":{"line":46,"column":44}},{"start":{"line":46,"column":48},"end":{"line":46,"column":93}}],"line":46}},"s":{"0":0,"1":0,"2":0,"3":0},"f":{"0":0,"1":0},"b":{"0":[0,0]},"meta":{"lastBranch":1,"lastFunction":2,"lastStatement":4,"seen":{"s:39:28:39:40":0,"f:39:28:39:29":0,"s:39:34:39:40":1,"s:45:31:47:1":2,"f:45:31:45:32":1,"s:46:2:46:94":3,"b:46:9:46:44:46:48:46:93":0}}}
,"C:\\Users\\Admin\\Sources\\zoolab-dashboard\\src\\api\\leads.js": {"path":"C:\\Users\\Admin\\Sources\\zoolab-dashboard\\src\\api\\leads.js","statementMap":{"0":{"start":{"line":19,"column":22},"end":{"line":19,"column":85}},"1":{"start":{"line":19,"column":36},"end":{"line":19,"column":85}},"2":{"start":{"line":19,"column":61},"end":{"line":19,"column":84}},"3":{"start":{"line":26,"column":26},"end":{"line":28,"column":1}},"4":{"start":{"line":27,"column":2},"end":{"line":27,"column":93}},"5":{"start":{"line":36,"column":24},"end":{"line":39,"column":1}},"6":{"start":{"line":37,"column":20},"end":{"line":37,"column":58}},"7":{"start":{"line":38,"column":2},"end":{"line":38,"column":44}},"8":{"start":{"line":46,"column":29},"end":{"line":58,"column":1}},"9":{"start":{"line":47,"column":19},"end":{"line":47,"column":50}},"10":{"start":{"line":49,"column":2},"end":{"line":57,"column":4}},"11":{"start":{"line":64,"column":34},"end":{"line":78,"column":1}},"12":{"start":{"line":65,"column":2},"end":{"line":67,"column":3}},"13":{"start":{"line":66,"column":4},"end":{"line":66,"column":16}},"14":{"start":{"line":69,"column":18},"end":{"line":69,"column":81}},"15":{"start":{"line":71,"column":2},"end":{"line":77,"column":4}},"16":{"start":{"line":89,"column":29},"end":{"line":116,"column":1}},"17":{"start":{"line":90,"column":2},"end":{"line":96,"column":3}},"18":{"start":{"line":91,"column":4},"end":{"line":91,"column":46}},"19":{"start":{"line":92,"column":4},"end":{"line":95,"column":6}},"20":{"start":{"line":98,"column":2},"end":{"line":115,"column":3}},"21":{"start":{"line":99,"column":21},"end":{"line":99,"column":69}},"22":{"start":{"line":100,"column":4},"end":{"line":103,"column":6}},"23":{"start":{"line":106,"column":4},"end":{"line":113,"column":5}},"24":{"start":{"line":107,"column":6},"end":{"line":107,"column":74}},"25":{"start":{"line":108,"column":6},"end":{"line":108,"column":31}},"26":{"start":{"line":109,"column":6},"end":{"line":112,"column":8}},"27":{"start":{"line":114,"column":4},"end":{"line":114,"column":16}},"28":{"start":{"line":123,"column":31},"end":{"line":125,"column":1}},"29":{"start":{"line":124,"column":2},"end":{"line":124,"column":41}},"30":{"start":{"line":132,"column":35},"end":{"line":150,"column":1}},"31":{"start":{"line":133,"column":2},"end":{"line":147,"column":3}},"32":{"start":{"line":134,"column":4},"end":{"line":134,"column":29}},"33":{"start":{"line":137,"column":23},"end":{"line":137,"column":74}},"34":{"start":{"line":139,"column":4},"end":{"line":146,"column"
[...]
:147,"column":28},"end":{"line":149,"column":null}},"27":{"start":{"line":148,"column":2},"end":{"line":148,"column":null}}},"fnMap":{"0":{"name":"(anonymous_0)","decl":{"start":{"line":15,"column":15},"end":{"line":15,"column":21}},"loc":{"start":{"line":15,"column":21},"end":{"line":19,"column":null}},"line":15},"1":{"name":"(anonymous_1)","decl":{"start":{"line":20,"column":15},"end":{"line":20,"column":21}},"loc":{"start":{"line":20,"column":21},"end":{"line":24,"column":null}},"line":20},"2":{"name":"(anonymous_2)","decl":{"start":{"line":64,"column":17},"end":{"line":64,"column":18}},"loc":{"start":{"line":64,"column":30},"end":{"line":127,"column":null}},"line":64},"3":{"name":"(anonymous_3)","decl":{"start":{"line":68,"column":36},"end":{"line":68,"column":42}},"loc":{"start":{"line":68,"column":42},"end":{"line":84,"column":5}},"line":68},"4":{"name":"(anonymous_4)","decl":{"start":{"line":87,"column":33},"end":{"line":87,"column":39}},"loc":{"start":{"line":87,"column":39},"end":{"line":98,"column":5}},"line":87},"5":{"name":"(anonymous_5)","decl":{"start":{"line":92,"column":21},"end":{"line":92,"column":27}},"loc":{"start":{"line":92,"column":27},"end":{"line":92,"column":null}},"line":92},"6":{"name":"(anonymous_6)","decl":{"start":{"line":93,"column":21},"end":{"line":93,"column":27}},"loc":{"start":{"line":93,"column":27},"end":{"line":93,"column":null}},"line":93},"7":{"name":"(anonymous_7)","decl":{"start":{"line":136,"column":30},"end":{"line":136,"column":36}},"loc":{"start":{"line":136,"column":36},"end":{"line":138,"column":null}},"line":136},"8":{"name":"(anonymous_8)","decl":{"start":{"line":147,"column":28},"end":{"line":147,"column":29}},"loc":{"start":{"line":147,"column":50},"end":{"line":149,"column":null}},"line":147}},"branchMap":{"0":{"loc":{"start":{"line":16,"column":4},"end":{"line":18,"column":null}},"type":"if","locations":[{"start":{"line":16,"column":4},"end":{"line":18,"column":null}},{"start":{},"end":{}}],"line":16},"1":{"loc":{"start":{"line":21,"column":4},"end":{"line":23,"column":null}},"type":"if","locations":[{"start":{"line":21,"column":4},"end":{"line":23,"column":null}},{"start":{},"end":{}}],"line":21},"2":{"loc":{"start":{"line":69,"column":4},"end":{"line":71,"column":null}},"type":"if","locations":[{"start":{"line":69,"column":4},"end":{"line":71,"column":null}},{"start":{},"end":{}}],"line":69},"3":{"loc":{"start":{"line":69,"column":8},"end":{"line":69,"column":51}},"type":"binary-expr","locations":[{"start":{"line":69,"column":8},"end":{"line":69,"column":33}},{"start":{"line":69,"column":33},"end":{"line":69,"column":51}}],"line":69},"4":{"loc":{"start":{"line":74,"column":4},"end":{"line":76,"column":null}},"type":"if","locations":[{"start":{"line":74,"column":4},"end":{"line":76,"column":null}},{"start":{},"end":{}}],"line":74},"5":{"loc":{"start":{"line":82,"column":30},"end":{"line":82,"column":null}},"type":"binary-expr","locations":[{"start":{"line":82,"column":30},"end":{"line":82,"column":64}},{"start":{"line":82,"column":64},"end":{"line":82,"column":null}}],"line":82},"6":{"loc":{"start":{"line":88,"column":4},"end":{"line":96,"column":null}},"type":"if","locations":[{"start":{"line":88,"column":4},"end":{"line":96,"column":null}},{"start":{},"end":{}}],"line":88},"7":{"loc":{"start":{"line":101,"column":2},"end":{"line":103,"column":null}},"type":"if","locations":[{"start":{"line":101,"column":2},"end":{"line":103,"column":null}},{"start":{},"end":{}}],"line":101},"8":{"loc":{"start":{"line":106,"column":2},"end":{"line":111,"column":null}},"type":"if","locations":[{"start":{"line":106,"column":2},"end":{"line":111,"column":null}},{"start":{},"end":{}}],"line":106},"9":{"loc":{"start":{"line":114,"column":2},"end":{"line":120,"column":null}},"type":"if","locations":[{"start":{"line":114,"column":2},"end":{"line":120,"column":null}},{"start":{},"end":{}}],"line":114}},"s":{"0":12,"1":0,"2":0,"3":0,"4":0,"5":12,"6":506,"7":506,"8":506,"9":0,"10":506,"11":0,"12":506,"13":506,"14":484,"15":18,"16":466,"17":506,"18":18,"19":488,"20":476,"21":12,"22":0,"23":12,"24":12,"25":0,"26":12,"27":506},"f":{"0":0,"1":0,"2":506,"3":506,"4":484,"5":0,"6":0,"7":0,"8":506},"b":{"0":[0,0],"1":[0,0],"2":[0,506],"3":[506,506],"4":[0,506],"5":[506,506],"6":[18,466],"7":[18,488],"8":[476,12],"9":[0,12]},"meta":{"lastBranch":10,"lastFunction":9,"lastStatement":28,"seen":{"s:12:22:25:Infinity":0,"f:15:15:15:21":0,"b:16:4:18:Infinity:undefined:undefined:undefined:undefined":0,"s:16:4:18:Infinity":1,"s:17:6:17:Infinity":2,"f:20:15:20:21":1,"b:21:4:23:Infinity:undefined:undefined:undefined:undefined":1,"s:21:4:23:Infinity":3,"s:22:6:22:Infinity":4,"s:64:17:127:Infinity":5,"f:64:17:64:18":2,"s:65:8:65:Infinity":6,"s:68:8:84:Infinity":7,"f:68:36:68:42":3,"b:69:4:71:Infinity:undefined:undefined:undefined:undefined":2,"s:69:4:71:Infinity":8,"b:69:8:69:33:69:33:69:51":3,"s:70:6:70:Infinity":9,"b:74:4:76:Infinity:undefined:undefined:undefined:undefined":4,"s:74:4:76:Infinity":10,"s:75:6:75:Infinity":11,"s:79:4:83:Infinity":12,"b:82:30:82:64:82:64:82:Infinity":5,"s:87:8:98:Infinity":13,"f:87:33:87:39":4,"b:88:4:96:Infinity:undefined:undefined:undefined:undefined":6,"s:88:4:96:Infinity":14,"s:89:6:95:Infinity":15,"f:92:21:92:27":5,"f:93:21:93:27":6,"s:97:4:97:Infinity":16,"b:101:2:103:Infinity:undefined:undefined:undefined:undefined":7,"s:101:2:103:Infinity":17,"s:102:4:102:Infinity":18,"b:106:2:111:Infinity:undefined:undefined:undefined:undefined":8,"s:106:2:111:Infinity":19,"s:107:4:110:Infinity":20,"b:114:2:120:Infinity:undefined:undefined:undefined:undefined":9,"s:114:2:120:Infinity":21,"s:115:4:119:Infinity":22,"s:123:2:126:Infinity":23,"s:136:30:138:Infinity":24,"f:136:30:136:36":7,"s:137:2:137:Infinity":25,"s:147:28:149:Infinity":26,"f:147:28:147:29":8,"s:148:2:148:Infinity":27}}}
,"C:\\Users\\Admin\\Sources\\zoolab-dashboard\\src\\hooks\\useThemeClasses.js": {"path":"C:\\Users\\Admin\\Sources\\zoolab-dashboard\\src\\hooks\\useThemeClasses.js","statementMap":{"0":{"start":{"line":16,"column":24},"end":{"line":172,"column":1}},"1":{"start":{"line":17,"column":20},"end":{"line":17,"column":51}},"2":{"start":{"line":19,"column":2},"end":{"line":171,"column":4}},"3":{"start":{"line":20,"column":11},"end":{"line":169,"column":5}}},"fnMap":{"0":{"name":"(anonymous_0)","decl":{"start":{"line":16,"column":24},"end":{"line":16,"column":25}},"loc":{"start":{"line":16,"column":46},"end":{"line":172,"column":1}},"line":16},"1":{"name":"(anonymous_1)","decl":{"start":{"line":20,"column":4},"end":{"line":20,"column":5}},"loc":{"start":{"line":20,"column":11},"end":{"line":169,"column":5}},"line":20}},"branchMap":{"0":{"loc":{"start":{"line":24,"column":12},"end":{"line":26,"column":73}},"type":"cond-expr","locations":[{"start":{"line":25,"column":10},"end":{"line":25,"column":96}},{"start":{"line":26,"column":10},"end":{"line":26,"column":73}}],"line":24},"1":{"loc":{"start":{"line":28,"column":17},"end":{"line":30,"column":52}},"type":"cond-expr","locations":[{"start":{"line":29,"column":10},"end":{"line":29,"column":57}},{"start":{"line":30,"column":10},"end":{"line":30,"column":52}}],"line":28},"2":{"loc":{"start":{"line":35,"column":13},"end":{"line":37,"column":40}},"type":"cond-expr","locations":[{"start":{"line":36,"column":10},"end":{"line":36,"column":42}},{"start":{"line":37,"column":10},"end":{"line":37,"column":40}}],"line":35},"3":{"loc":{"start":{"line":39,"column":19},"end":{"line":41,"column":43}},"type":"cond-expr","locations":[{"start":{"line":40,"column":10},"end":{"line":40,"column":42}},{"start":{"line":41,"column":10},"end":{"line":41,"column":43}}],"line":39},"4":{"loc":{"start":{"line":46,"column":13},"end":{"line":48,"column":99}},"type":"cond-expr","locations":[{"start":{"line":47,"column":10},"end":{"line":47,"column":99}},{"start":{"line":48,"column":10},"end":{"line":48,"column":99}}],"line":46},"5":{"loc":{"start":{"line":55,"column":21},"end":{"line":57,"column":52}},"type":"cond-expr","locations":[{"start":{"line":56,"column":10},"end":{"line":56,"column":52}},{"start":{"line":57,"column":10},"end":{"line":57,"column":52}}],"line":55},"6":{"loc":{"start":{"line":59,"column":23},"end":{"line":61,"column":58}},"type":"cond-expr","locations":[{"start":{"line":60,"column":10},"end":{"line":60,"column":55}},{"start":{"line":61,"column":10},"end":{"line":61,"column":58}}],"line":59},"7":{"loc":{"start":{"line":63,"column":19},"end":{"line":65,"column":66}},"type":"cond-expr","locations":[{"start":{"line":64,"column":10},"end":{"line":64,"column":66}},{"start":{"line":65,"column":10},"end":{"line":65,"column":66}}],"line":63},"8":{"loc":{"start":{"line":67,"column":22},"end":{"line":69,"column":58}},"type":"cond-expr","locations":[{"start":{"line":68,"column":10},"end":{"line":68,"column":56}},{"start":{"line":69,"column":10},"end":{"line":69,"column":58}}],"line":67},"9":{"loc":{"start":{"line":74,"column":19},"end":{"line":74,"column":62}},"type":"cond-expr","locations":[{"start":{"line":74,"column":28},"end":{"line":74,"column":43}},{"start":{"line":74,"column":46},"end":{"line":74,"column":62}}],"line":74},"10":{"loc":{"start":{"line":75,"column":21},"end":{"line":75,"column":64}},"type":"cond-expr","locations":[{"start":{"line":75,"column":30},"end":{"line":75,"column":45}},{"start":{"line":75,"column":48},"end":{"line":75,"column":64}}],"line":75},"11":{"loc":{"start":{"line":76,"column":17},"end":{"line":76,"column":60}},"type":"cond-expr","locations":[{"start":{"line":76,"column":26},"end":{"line":76,"column":41}},{"start":{"line":76,"column":44},"end":{"line":76,"column":60}}],"line":76},"12":{"loc":{"start":{"line":77,"column":18},"end":{"line":77,"column":61}},"type":"cond-expr","locations":[{"start":{"line":77,"column":27},"end":{"line":77,"column":42}},{"start":{"line":77,"column":45},"end":{"line":77,"column":61}}],"line":77},"13":{"loc":{"start":{"line":82,"column":13},"end":{"line":82,"column":56}},"type":"cond-expr","locations":[{"start":{"line":82,"column":22},"end":{"line":82,"column":37}},{"start":{"line":82,"column":40},"end":{"line":82,"column":56}}],"line":82},"14":{"loc":{"start":{"line":83,"column":17},"end":{"line":83,"column":60}},"type":"cond-expr","locations":[{"start":{"line":83,"column":26},"end":{"line":83,"column":41}},{"start":{"line":83,"column":44},"end":{"line":83,"column":60}}],"line":83},"15":{"loc":{"start":{"line":88,"column":14},"end":{"line":88,"column":61}},"type":"cond-expr","locations":[{"start":{"line":88,"column":23},"end":{"line":88,"column":40}},{"start":{"line":88,"column":43},"end":{"line":88,"column":61}}],"line":88},"16":{"loc":{"start":{"line":89,"column":19},"end":{"line":89,"column":72}},"type":"cond-expr","locations":[{"start":{"line":89,"column":28},"end":{"line":89,"column":48}},{"start":{"line":89,"column":51},"end":{"line":89,"column":72}}],"line":89},"17":{"loc":{"start":{"line":90,"column":19},"end":{"line":90,"column":78}},"type":"cond-expr","locations":[{"start":{"line":90,"column":28},"end":{"line":90,"column":51}},{"start":{"line":90,"column":54},"end":{"line":90,"column":78}}],"line":90},"18":{"loc":{"start":{"line":95,"column":17},"end":{"line":95,"column":52}},"type":"cond-expr","locations":[{"start":{"line":95,"column":26},"end":{"line":95,"column":39}},{"start":{"line":95,"column":42},"end":{"line":95,"column":52}}],"line":95},"19":{"loc":{"start":{"line":96,"column":19},"end":{"line":96,"column":57}},"type":"cond-expr","locations":[{"start":{"line":96,"column":28},"end":{"line":96,"column":41}},{"start":{"line":96,"column":44},"end":{"line":96,"column":57}}],"line":96},"20":{"loc":{"start":{"line":97,"column":18},"end":{"line":97,"column":60}},"type":"cond-expr","locations":[{"start":{"line":97,"column":27},"end":{"line":97,"column":43}},{"start":{"line":97,"column":46},"end":{"line":97,"column":60}}],"line":97},"21":{"loc":{"start":{"line":98,"column":17},"end":{"line":98,"column":55}},"type":"cond-expr","locations":[{"start":{"line":98,"column":26},"end":{"line":98,"column":39}},{"start":{"line":98,"column":42},"end":{"line":98,"column":55}}],"line":98},"22":{"loc":{"start":{"line":103,"column":21},"end":{"line":105,"column":43}},"type":"cond-expr","locations":[{"start":{"line":104,"column":10},"end":{"line":104,"column":46}},{"start":{"line":105,"column":10},"end":{"line":105,"column":43}}],"line":103},"23":{"loc":{"start":{"line":106,"column":19},"end":{"line":108,"column":39}},"type":"cond-expr","locations":[{"start":{"line":107,"column":10},"end":{"line":107,"column":42}},{"start":{"line":108,"column":10},"end":{"line":108,"column":39}}],"line":106},"24":{"loc":{"start":{"line":109,"column":18},"end":{"line":111,"column":37}},"type":"cond-expr","locations":[{"start":{"line":110,"column":10},"end":{"line":110,"column":40}},{"start":{"line":111,"column":10},"end":{"line":111,"column":37}}],"line":109},"25":{"loc":{"start":{"line":112,"column":18},"end":{"line":114,"column":37}},"type":"cond-expr","locations":[{"start":{"line":113,"column":10},"end":{"line":113,"column":40}},{"start":{"line":114,"column":10},"end":{"line":114,"column":37}}],"line":112},"26":{"loc":{"start":{"line":115,"column":17},"end":{"line":117,"column":35}},"type":"cond-expr","locations":[{"start":{"line":116,"column":10},"end":{"line":116,"column":38}},{"start":{"line":117,"column":10},"end":{"line":117,"column":35}}],"line":115},"27":{"loc":{"start":{"line":122,"column":16},"end":{"line":124,"column":37}},"type":"cond-expr","locations":[{"start":{"line":123,"column":10},"end":{"line":123,"column":39}},{"start":{"line":124,"column":10},"end":{"line":124,"column":37}}],"line":122},"28":{"loc":{"start":{"line":126,"column":20},"end":{"line":128,"column":44}},"type":"cond-expr","locations":[{"start":{"line":127,"column":10},"end":{"line":127,"column":43}},{"start":{"line":128,"column":10},"end":{"line":128,"column":44}}],"line":126},"29":{"loc":{"start":{"line":130,"column":26},"end":{"line":132,"column":36}},"type":"cond-expr","locations":[{"start":{"line":131,"column":10},"end":{"line":131,"column":40}},{"start":{"line":132,"column":10},"end":{"line":132,"column":36}}],"line":130},"30":{"loc":{"start":{"line":137,"column":13},"end":{"line":139,"column":39}},"type":"cond-expr","locations":[{"start":{"line":138,"column":10},"end":{"line":138,"column":37}},{"start":{"line":139,"column":10},"end":{"line":139,"column":39}}],"line":137},"31":{"loc":{"start":{"line":141,"column":19},"end":{"line":143,"column":39}},"type":"cond-expr","locations":[{"start":{"line":142,"column":10},"end":{"line":142,"column":42}},{"start":{"line":143,"column":10},"end":{"line":143,"column":39}}],"line":141},"32":{"loc":{"start":{"line":148,"column":12},"end":{"line":148,"column":55}},"type":"cond-expr","locations":[{"start":{"line":148,"column":21},"end":{"line":148,"column":36}},{"start":{"line":148,"column":39},"end":{"line":148,"column":55}}],"line":148},"33":{"loc":{"start":{"line":149,"column":17},"end":{"line":149,"column":72}},"type":"cond-expr","locations":[{"start":{"line":149,"column":26},"end":{"line":149,"column":47}},{"start":{"line":149,"column":50},"end":{"line":149,"column":72}}],"line":149},"34":{"loc":{"start":{"line":154,"column":19},"end":{"line":156,"column":66}},"type":"cond-expr","locations":[{"start":{"line":155,"column":10},"end":{"line":155,"column":66}},{"start":{"line":156,"column":10},"end":{"line":156,"column":66}}],"line":154},"35":{"loc":{"start":{"line":161,"column":17},"end":{"line":161,"column":60}},"type":"cond-expr","locations":[{"start":{"line":161,"column":26},"end":{"line":161,"column":41}},{"start":{"line":161,"column":44},"end":{"line":161,"column":60}}],"line":161},"36":{"loc":{"start":{"line":162,"column":17},"end":{"line":162,"column":60}},"type":"cond-expr","locations":[{"start":{"line":162,"column":26},"end":{"line":162,"column":41}},{"start":{"line":162,"column":44},"end":{"line":162,"column":60}}],"line":162},"37":{"loc":{"start":{"line":163,"column":20},"end":{"line":163,"column":63}},"type":"cond-expr","locations":[{"start":{"line":163,"column":29},"end":{"line":163,"column":44}},{"start":{"line":163,"column":47},"end":{"line":163,"column":63}}],"line":163}},"s":{"0":0,"1":0,"2":0,"3":0},"f":{"0":0,"1":0},"b":{"0":[0,0],"1":[0,0],"2":[0,0],"3":[0,0],"4":[0,0],"5":[0,0],"6":[0,0],"7":[0,0],"8":[0,0],"9":[0,0],"10":[0,0],"11":[0,0],"12":[0,0],"13":[0,0],"14":[0,0],"15":[0,0],"16":[0,0],"17":[0,0],"18":[0,0],"19":[0,0],"20":[0,0],"21":[0,0],"22":[0,0],"23":[0,0],"24":[0,0],"25":[0,0],"26":[0,0],"27":[0,0],"28":[0,0],"29":[0,0],"30":[0,0],"31":[0,0],"32":[0,0],"33":[0,0],"34":[0,0],"35":[0,0],"36":[0,0],"37":[0,0]},"meta":{"lastBranch":38,"lastFunction":2,"lastStatement":4,"seen":{"s:16:24:172:1":0,"f:16:24:16:25":0,"s:17:20:17:51":1,"s:19:2:171:4":2,"f:20:4:20:5":1,"s:20:11:169:5":3,"b:25:10:25:96:26:10:26:73":0,"b:29:10:29:57:30:10:30:52":1,"b:36:10:36:42:37:10:37:40":2,"b:40:10:40:42:41:10:41:43":3,"b:47:10:47:99:48:10:48:99":4,"b:56:10:56:52:57:10:57:52":5,"b:60:10:60:55:61:10:61:58":6,"b:64:10:64:66:65:10:65:66":7,"b:68:10:68:56:69:10:69:58":8,"b:74:28:74:43:74:46:74:62":9,"b:75:30:75:45:75:48:75:64":10,"b:76:26:76:41:76:44:76:60":11,"b:77:27:77:42:77:45:77:61":12,"b:82:22:82:37:82:40:82:56":13,"b:83:26:83:41:83:44:83:60":14,"b:88:23:88:40:88:43:88:61":15,"b:89:28:89:48:89:51:89:72":16,"b:90:28:90:51:90:54:90:78":17,"b:95:26:95:39:95:42:95:52":18,"b:96:28:96:41:96:44:96:57":19,"b:97:27:97:43:97:46:97:60":20,"b:98:26:98:39:98:42:98:55":21,"b:104:10:104:46:105:10:105:43":22,"b:107:10:107:42:108:10:108:39":23,"b:110:10:110:40:111:10:111:37":24,"b:113:10:113:40:114:10:114:37":25,"b:116:10:116:38:117:10:117:35":26,"b:123:10:123:39:124:10:124:37":27,"b:127:10:127:43:128:10:128:44":28,"b:131:10:131:40:132:10:132:36":29,"b:138:10:138:37:139:10:139:39":30,"b:142:10:142:42:143:10:143:39":31,"b:148:21:148:36:148:39:148:55":32,"b:149:26:149:47:149:50:149:72":33,"b:155:10:155:66:156:10:156:66":34,"b:161:26:161:41:161:44:161:60":35,"b:162:26:162:41:162:44:162:60":36,"b:163:29:163:44:163:47:163:63":37}}}
,"C:\\Users\\Admin\\Sources\\zoolab-dashboard\\src\\hooks\\useThemeSafe.js": {"path":"C:\\Users\\Admin\\Sources\\zoolab-dashboard\\src\\hooks\\useThemeSafe.js","statementMap":{},"fnMap":{},"branchMap":{},"s":{},"f":{},"b":{},"meta":{"lastBranch":0,"lastFunction":0,"lastStatement":0,"seen":{}}}
,"C:\\Users\\Admin\\Sources\\zoolab-dashboard\\src\\hooks\\withTheme.jsx": {"path":"C:\\Users\\Admin\\Sources\\zoolab-dashboard\\src\\hooks\\withTheme.jsx","statementMap":{"0":{"start":{"line":8,"column":18},"end":{"line":17,"column":null}},"1":{"start":{"line":9,"column":27},"end":{"line":12,"column":null}},"2":{"start":{"line":10,"column":10},"end":{"line":10,"column":null}},"3":{"start":{"line":11,"column":4},"end":{"line":11,"column":null}},"4":{"start":{"line":14,"column":2},"end":{"line":14,"column":null}},"5":{"start":{"line":16,"column":2},"end":{"line":16,"column":null}}},"fnMap":{"0":{"name":"(anonymous_0)","decl":{"start":{"line":8,"column":18},"end":{"line":8,"column":19}},"loc":{"start":{"line":8,"column":33},"end":{"line":17,"column":null}},"line":8},"1":{"name":"(anonymous_1)","decl":{"start":{"line":9,"column":27},"end":{"line":9,"column":28}},"loc":{"start":{"line":9,"column":38},"end":{"line":12,"column":null}},"line":9}},"branchMap":{"0":{"loc":{"start":{"line":14,"column":46},"end":{"line":14,"column":100}},"type":"binary-expr","locations":[{"start":{"line":14,"column":46},"end":{"line":14,"column":71}},{"start":{"line":14,"column":71},"end":{"line":14,"column":89}},{"start":{"line":14,"column":89},"end":{"line":14,"column":100}}],"line":14}},"s":{"0":0,"1":0,"2":0,"3":0,"4":0,"5":0},"f":{"0":0,"1":0},"b":{"0":[0,0,0]},"meta":{"lastBranch":1,"lastFunction":2,"lastStatement":6,"seen":{"s:8:18:17:Infinity":0,"f:8:18:8:19":0,"s:9:27:12:Infinity":1,"f:9:27:9:28":1,"s:10:10:10:Infinity":2,"s:11:4:11:Infinity":3,"s:14:2:14:Infinity":4,"b:14:46:14:71:14:71:14:89:14:89:14:100":0,"s:16:2:16:Infinity":5}}}
}
