{"C:\\Users\\Admin\\Sources\\zoolab-dashboard\\src\\App.jsx": {"path":"C:\\Users\\Admin\\Sources\\zoolab-dashboard\\src\\App.jsx","statementMap":{"0":{"start":{"line":7,"column":32},"end":{"line":7,"column":null}},"1":{"start":{"line":9,"column":2},"end":{"line":34,"column":null}},"2":{"start":{"line":11,"column":27},"end":{"line":13,"column":null}},"3":{"start":{"line":12,"column":6},"end":{"line":12,"column":null}},"4":{"start":{"line":16,"column":23},"end":{"line":21,"column":null}},"5":{"start":{"line":18,"column":6},"end":{"line":20,"column":null}},"6":{"start":{"line":19,"column":8},"end":{"line":19,"column":null}},"7":{"start":{"line":24,"column":4},"end":{"line":28,"column":null}},"8":{"start":{"line":25,"column":6},"end":{"line":25,"column":null}},"9":{"start":{"line":27,"column":6},"end":{"line":27,"column":null}},"10":{"start":{"line":30,"column":4},"end":{"line":33,"column":null}},"11":{"start":{"line":31,"column":6},"end":{"line":31,"column":null}},"12":{"start":{"line":32,"column":6},"end":{"line":32,"column":null}},"13":{"start":{"line":36,"column":2},"end":{"line":42,"column":null}}},"fnMap":{"0":{"name":"App","decl":{"start":{"line":6,"column":9},"end":{"line":6,"column":15}},"loc":{"start":{"line":6,"column":15},"end":{"line":44,"column":null}},"line":6},"1":{"name":"(anonymous_1)","decl":{"start":{"line":9,"column":12},"end":{"line":9,"column":18}},"loc":{"start":{"line":9,"column":18},"end":{"line":34,"column":5}},"line":9},"2":{"name":"(anonymous_2)","decl":{"start":{"line":11,"column":38},"end":{"line":11,"column":44}},"loc":{"start":{"line":11,"column":44},"end":{"line":13,"column":7}},"line":11},"3":{"name":"(anonymous_3)","decl":{"start":{"line":16,"column":23},"end":{"line":16,"column":29}},"loc":{"start":{"line":16,"column":29},"end":{"line":21,"column":null}},"line":16},"4":{"name":"(anonymous_4)","decl":{"start":{"line":18,"column":17},"end":{"line":18,"column":23}},"loc":{"start":{"line":18,"column":23},"end":{"line":20,"column":9}},"line":18},"5":{"name":"(anonymous_5)","decl":{"start":{"line":30,"column":11},"end":{"line":30,"column":17}},"loc":{"start":{"line":30,"column":17},"end":{"line":33,"column":null}},"line":30}},"branchMap":{"0":{"loc":{"start":{"line":24,"column":4},"end":{"line":28,"column":null}},"type":"if","locations":[{"start":{"line":24,"column":4},"end":{"line":28,"column":null}},{"start":{"line":26,"column":11},"end":{"line":28,"column":null}}],"line":24},"1":{"loc":{"start":{"line":39,"column":9},"end":{"line":39,"column":null}},"type":"binary-expr","locations":[{"start":{"line":39,"column":9},"end":{"line":39,"column":22}},{"start":{"line":39,"column":22},"end":{"line":39,"column":null}}],"line":39},"2":{"loc":{"start":{"line":41,"column":7},"end":{"line":41,"column":null}},"type":"binary-expr","locations":[{"start":{"line":41,"column":7},"end":{"line":41,"column":21}},{"start":{"line":41,"column":21},"end":{"line":41,"column":null}}],"line":41}},"s":{"0":30,"1":30,"2":17,"3":8,"4":17,"5":6,"6":6,"7":17,"8":2,"9":15,"10":17,"11":17,"12":17,"13":30},"f":{"0":30,"1":17,"2":8,"3":6,"4":6,"5":17},"b":{"0":[2,15],"1":[30,18],"2":[30,12]},"meta":{"lastBranch":3,"lastFunction":6,"lastStatement":14,"seen":{"f:6:9:6:15":0,"s:7:32:7:Infinity":0,"s:9:2:34:Infinity":1,"f:9:12:9:18":1,"s:11:27:13:Infinity":2,"f:11:38:11:44":2,"s:12:6:12:Infinity":3,"s:16:23:21:Infinity":4,"f:16:23:16:29":3,"s:18:6:20:Infinity":5,"f:18:17:18:23":4,"s:19:8:19:Infinity":6,"b:24:4:28:Infinity:26:11:28:Infinity":0,"s:24:4:28:Infinity":7,"s:25:6:25:Infinity":8,"s:27:6:27:Infinity":9,"s:30:4:33:Infinity":10,"f:30:11:30:17":5,"s:31:6:31:Infinity":11,"s:32:6:32:Infinity":12,"s:36:2:42:Infinity":13,"b:39:9:39:22:39:22:39:Infinity":1,"b:41:7:41:21:41:21:41:Infinity":2}}}
,"C:\\Users\\Admin\\Sources\\zoolab-dashboard\\src\\chartUtils.js": {"path":"C:\\Users\\Admin\\Sources\\zoolab-dashboard\\src\\chartUtils.js","statementMap":{"0":{"start":{"line":8,"column":29},"end":{"line":19,"column":2}},"1":{"start":{"line":8,"column":42},"end":{"line":19,"column":1}},"2":{"start":{"line":26,"column":29},"end":{"line":29,"column":2}},"3":{"start":{"line":26,"column":42},"end":{"line":29,"column":1}},"4":{"start":{"line":36,"column":38},"end":{"line":38,"column":2}},"5":{"start":{"line":36,"column":51},"end":{"line":38,"column":1}},"6":{"start":{"line":45,"column":35},"end":{"line":48,"column":69}},"7":{"start":{"line":46,"column":2},"end":{"line":48,"column":69}},"8":{"start":{"line":55,"column":36},"end":{"line":56,"column":46}},"9":{"start":{"line":56,"column":2},"end":{"line":56,"column":46}},"10":{"start":{"line":63,"column":33},"end":{"line":79,"column":2}},"11":{"start":{"line":63,"column":46},"end":{"line":79,"column":1}},"12":{"start":{"line":87,"column":28},"end":{"line":92,"column":2}},"13":{"start":{"line":87,"column":48},"end":{"line":92,"column":1}},"14":{"start":{"line":100,"column":34},"end":{"line":105,"column":2}},"15":{"start":{"line":100,"column":54},"end":{"line":105,"column":1}},"16":{"start":{"line":112,"column":30},"end":{"line":119,"column":2}},"17":{"start":{"line":112,"column":43},"end":{"line":119,"column":1}}},"fnMap":{"0":{"name":"(anonymous_0)","decl":{"start":{"line":8,"column":29},"end":{"line":8,"column":30}},"loc":{"start":{"line":8,"column":42},"end":{"line":19,"column":1}},"line":8},"1":{"name":"(anonymous_1)","decl":{"start":{"line":26,"column":29},"end":{"line":26,"column":30}},"loc":{"start":{"line":26,"column":42},"end":{"line":29,"column":1}},"line":26},"2":{"name":"(anonymous_2)","decl":{"start":{"line":36,"column":38},"end":{"line":36,"column":39}},"loc":{"start":{"line":36,"column":51},"end":{"line":38,"column":1}},"line":36},"3":{"name":"(anonymous_3)","decl":{"start":{"line":45,"column":35},"end":{"line":45,"column":36}},"loc":{"start":{"line":46,"column":2},"end":{"line":48,"column":69}},"line":46},"4":{"name":"(anonymous_4)","decl":{"start":{"line":55,"column":36},"end":{"line":55,"column":37}},"loc":{"start":{"line":56,"column":2},"end":{"line":56,"column":46}},"line":56},"5":{"name":"(anonymous_5)","decl":{"start":{"line":63,"column":33},"end":{"line":63,"column":34}},"loc":{"start":{"line":63,"column":46},"end":{"line":79,"column":1}},"line":63},"6":{"name":"(anonymous_6)","decl":{"start":{"line":87,"column":28},"end":{"line":87,"column":29}},"loc":{"start":{"line":87,"column":48},"end":{"line":92,"column":1}},"line":87},"7":{"name":"(anonymous_7)","decl":{"start":{"line":100,"column":34},"end":{"line":100,"column":35}},"loc":{"start":{"line":100,"column":54},"end":{"line":105,"column":1}},"line":100},"8":{"name":"(anonymous_8)","decl":{"start":{"line":112,"column":30},"end":{"line":112,"column":31}},"loc":{"start":{"line":112,"column":43},"end":{"line":119,"column":1}},"line":112}},"branchMap":{"0":{"loc":{"start":{"line":9,"column":10},"end":{"line":9,"column":40}},"type":"cond-expr","locations":[{"start":{"line":9,"column":19},"end":{"line":9,"column":28}},{"start":{"line":9,"column":31},"end":{"line":9,"column":40}}],"line":9},"1":{"loc":{"start":{"line":10,"column":22},"end":{"line":10,"column":52}},"type":"cond-expr","locations":[{"start":{"line":10,"column":31},"end":{"line":10,"column":40}},{"start":{"line":10,"column":43},"end":{"line":10,"column":52}}],"line":10},"2":{"loc":{"start":{"line":12,"column":12},"end":{"line":12,"column":42}},"type":"cond-expr","locations":[{"start":{"line":12,"column":21},"end":{"line":12,"column":30}},{"start":{"line":12,"column":33},"end":{"line":12,"column":42}}],"line":12},"3":{"loc":{"start":{"line":17,"column":10},"end":{"line":17,"column":40}},"type":"cond-expr","locations":[{"start":{"line":17,"column":19},"end":{"line":17,"column":28}},{"start":{"line":17,"column":31},"end":{"line":17,"column":40}}],"line":17},"4":{"loc":{"start":{"line":28,"column":10},"end":{"line":28,"column":68}},"type":"cond-expr","locations":[{"start":{"line":28,"column":19},"end":{"line":28,"column":45}},{"start":{"line":28,"column":48},"end":{"line":28,"column":68}}],"line":28},"5":{"loc":{"start":{"line":37,"column":8},"end":{"line":37,"column":68}},"type":"cond-expr","locations":[{"start":{"line":37,"column":17},"end":{"line":37,"column":44}},{"start":{"line":37,"column":47},"end":{"line":37,"column":68}}],"line":37},"6":{"loc":{"start":{"line":46,"column":2},"end":{"line":48,"column":69}},"type":"cond-expr","locations":[{"start":{"line":47,"column":6},"end":{"line":47,"column":95}},{"start":{"line":48,"column":6},"end":{"line":48,"column":69}}],"line":46},"7":{"loc":{"start":{"line":56,"column":2},"end":{"line":56,"column":46}},"type":"cond-expr","locations":[{"start":{"line":56,"column":11},"end":{"line":56,"column":27}},{"start":{"line":56,"column":30},"end":{"line":56,"column":46}}],"line":56},"8":{"loc":{"start":{"line":65,"column":11},"end":{"line":65,"column":41}},"type":"cond-expr","locations":[{"start":{"line":65,"column":20},"end":{"line":65,"column":29}},{"start":{"line":65,"column":32},"end":{"line":65,"column":41}}],"line":65},"9":{"loc":{"start":{"line":70,"column":11},"end":{"line":70,"column":41}},"type":"cond-expr","locations":[{"start":{"line":70,"column":20},"end":{"line":70,"column":29}},{"start":{"line":70,"column":32},"end":{"line":70,"column":41}}],"line":70},"10":{"loc":{"start":{"line":75,"column":11},"end":{"line":75,"column":41}},"type":"cond-expr","locations":[{"start":{"line":75,"column":20},"end":{"line":75,"column":29}},{"start":{"line":75,"column":32},"end":{"line":75,"column":41}}],"line":75},"11":{"loc":{"start":{"line":91,"column":10},"end":{"line":91,"column":40}},"type":"cond-expr","locations":[{"start":{"line":91,"column":19},"end":{"line":91,"column":28}},{"start":{"line":91,"column":31},"end":{"line":91,"column":40}}],"line":91},"12":{"loc":{"start":{"line":104,"column":10},"end":{"line":104,"column":40}},"type":"cond-expr","locations":[{"start":{"line":104,"column":19},"end":{"line":104,"column":28}},{"start":{"line":104,"column":31},"end":{"line":104,"column":40}}],"line":104},"13":{"loc":{"start":{"line":113,"column":11},"end":{"line":113,"column":41}},"type":"cond-expr","locations":[{"start":{"line":113,"column":20},"end":{"line":113,"column":29}},{"start":{"line":113,"column":32},"end":{"line":113,"column":41}}],"line":113},"14":{"loc":{"start":{"line":114,"column":13},"end":{"line":114,"column":43}},"type":"cond-expr","locations":[{"start":{"line":114,"column":22},"end":{"line":114,"column":31}},{"start":{"line":114,"column":34},"end":{"line":114,"column":43}}],"line":114},"15":{"loc":{"start":{"line":115,"column":11},"end":{"line":115,"column":41}},"type":"cond-expr","locations":[{"start":{"line":115,"column":20},"end":{"line":115,"column":29}},{"start":{"line":115,"column":32},"end":{"line":115,"column":41}}],"line":115},"16":{"loc":{"start":{"line":116,"column":10},"end":{"line":116,"column":40}},"type":"cond-expr","locations":[{"start":{"line":116,"column":19},"end":{"line":116,"column":28}},{"start":{"line":116,"column":31},"end":{"line":116,"column":40}}],"line":116},"17":{"loc":{"start":{"line":117,"column":8},"end":{"line":117,"column":38}},"type":"cond-expr","locations":[{"start":{"line":117,"column":17},"end":{"line":117,"column":26}},{"start":{"line":117,"column":29},"end":{"line":117,"column":38}}],"line":117},"18":{"loc":{"start":{"line":118,"column":13},"end":{"line":118,"column":43}},"type":"cond-expr","locations":[{"start":{"line":118,"column":22},"end":{"line":118,"column":31}},{"start":{"line":118,"column":34},"end":{"line":118,"column":43}}],"line":118}},"s":{"0":1,"1":12,"2":1,"3":8,"4":1,"5":5,"6":1,"7":10,"8":1,"9":8,"10":1,"11":12,"12":1,"13":15,"14":1,"15":8,"16":1,"17":18},"f":{"0":12,"1":8,"2":5,"3":10,"4":8,"5":12,"6":15,"7":8,"8":18},"b":{"0":[7,5],"1":[7,5],"2":[7,5],"3":[7,5],"4":[5,3],"5":[3,2],"6":[5,5],"7":[4,4],"8":[7,5],"9":[7,5],"10":[7,5],"11":[11,4],"12":[5,3],"13":[10,8],"14":[10,8],"15":[10,8],"16":[10,8],"17":[10,8],"18":[10,8]},"meta":{"lastBranch":19,"lastFunction":9,"lastStatement":18,"seen":{"s:8:29:19:2":0,"f:8:29:8:30":0,"s:8:42:19:1":1,"b:9:19:9:28:9:31:9:40":0,"b:10:31:10:40:10:43:10:52":1,"b:12:21:12:30:12:33:12:42":2,"b:17:19:17:28:17:31:17:40":3,"s:26:29:29:2":2,"f:26:29:26:30":1,"s:26:42:29:1":3,"b:28:19:28:45:28:48:28:68":4,"s:36:38:38:2":4,"f:36:38:36:39":2,"s:36:51:38:1":5,"b:37:17:37:44:37:47:37:68":5,"s:45:35:48:69":6,"f:45:35:45:36":3,"s:46:2:48:69":7,"b:47:6:47:95:48:6:48:69":6,"s:55:36:56:46":8,"f:55:36:55:37":4,"s:56:2:56:46":9,"b:56:11:56:27:56:30:56:46":7,"s:63:33:79:2":10,"f:63:33:63:34":5,"s:63:46:79:1":11,"b:65:20:65:29:65:32:65:41":8,"b:70:20:70:29:70:32:70:41":9,"b:75:20:75:29:75:32:75:41":10,"s:87:28:92:2":12,"f:87:28:87:29":6,"s:87:48:92:1":13,"b:91:19:91:28:91:31:91:40":11,"s:100:34:105:2":14,"f:100:34:100:35":7,"s:100:54:105:1":15,"b:104:19:104:28:104:31:104:40":12,"s:112:30:119:2":16,"f:112:30:112:31":8,"s:112:43:119:1":17,"b:113:20:113:29:113:32:113:41":13,"b:114:22:114:31:114:34:114:43":14,"b:115:20:115:29:115:32:115:41":15,"b:116:19:116:28:116:31:116:40":16,"b:117:17:117:26:117:29:117:38":17,"b:118:22:118:31:118:34:118:43":18}}}
,"C:\\Users\\Admin\\Sources\\zoolab-dashboard\\src\\constants.js": {"path":"C:\\Users\\Admin\\Sources\\zoolab-dashboard\\src\\constants.js","statementMap":{"0":{"start":{"line":9,"column":32},"end":{"line":17,"column":1}},"1":{"start":{"line":19,"column":33},"end":{"line":24,"column":1}},"2":{"start":{"line":26,"column":32},"end":{"line":39,"column":1}},"3":{"start":{"line":42,"column":24},"end":{"line":42,"column":40}},"4":{"start":{"line":43,"column":25},"end":{"line":43,"column":42}},"5":{"start":{"line":44,"column":24},"end":{"line":44,"column":40}},"6":{"start":{"line":50,"column":31},"end":{"line":58,"column":1}},"7":{"start":{"line":60,"column":32},"end":{"line":65,"column":1}},"8":{"start":{"line":67,"column":31},"end":{"line":80,"column":1}},"9":{"start":{"line":83,"column":32},"end":{"line":83,"column":47}},"10":{"start":{"line":84,"column":33},"end":{"line":84,"column":49}},"11":{"start":{"line":85,"column":32},"end":{"line":85,"column":47}},"12":{"start":{"line":91,"column":28},"end":{"line":96,"column":1}},"13":{"start":{"line":98,"column":29},"end":{"line":103,"column":1}},"14":{"start":{"line":105,"column":28},"end":{"line":110,"column":1}},"15":{"start":{"line":113,"column":28},"end":{"line":113,"column":40}},"16":{"start":{"line":114,"column":29},"end":{"line":114,"column":42}},"17":{"start":{"line":115,"column":28},"end":{"line":115,"column":40}},"18":{"start":{"line":121,"column":27},"end":{"line":121,"column":71}},"19":{"start":{"line":122,"column":28},"end":{"line":122,"column":72}},"20":{"start":{"line":124,"column":25},"end":{"line":124,"column":78}},"21":{"start":{"line":124,"column":40},"end":{"line":124,"column":77}},"22":{"start":{"line":130,"column":28},"end":{"line":137,"column":1}},"23":{"start":{"line":139,"column":32},"end":{"line":152,"column":1}},"24":{"start":{"line":154,"column":40},"end":{"line":160,"column":1}},"25":{"start":{"line":166,"column":30},"end":{"line":171,"column":1}},"26":{"start":{"line":174,"column":33},"end":{"line":174,"column":47}},"27":{"start":{"line":180,"column":28},"end":{"line":193,"column":1}},"28":{"start":{"line":199,"column":29},"end":{"line":218,"column":1}},"29":{"start":{"line":224,"column":29},"end":{"line":232,"column":1}},"30":{"start":{"line":238,"column":26},"end":{"line":238,"column":49}},"31":{"start":{"line":239,"column":33},"end":{"line":239,"column":56}}},"fnMap":{"0":{"name":"(anonymous_0)","decl":{"start":{"line":124,"column":25},"end":{"line":124,"column":26}},"loc":{"start":{"line":124,"column":40},"end":{"line":124,"column":77}},"line":124}},"branchMap":{"0":{"loc":{"start":{"line":124,"column":40},"end":{"line":124,"column":77}},"type":"cond-expr","locations":[{"start":{"line":124,"column":51},"end":{"line":124,"column":62}},{"start":{"line":124,"column":65},"end":{"line":124,"column":77}}],"line":124}},"s":{"0":5,"1":5,"2":5,"3":5,"4":5,"5":5,"6":5,"7":5,"8":5,"9":5,"10":5,"11":5,"12":5,"13":5,"14":5,"15":5,"16":5,"17":5,"18":5,"19":5,"20":5,"21":9,"22":5,"23":5,"24":5,"25":5,"26":5,"27":5,"28":5,"29":5,"30":5,"31":5},"f":{"0":9},"b":{"0":[4,5]},"meta":{"lastBranch":1,"lastFunction":1,"lastStatement":32,"seen":{"s:9:32:17:1":0,"s:19:33:24:1":1,"s:26:32:39:1":2,"s:42:24:42:40":3,"s:43:25:43:42":4,"s:44:24:44:40":5,"s:50:31:58:1":6,"s:60:32:65:1":7,"s:67:31:80:1":8,"s:83:32:83:47":9,"s:84:33:84:49":10,"s:85:32:85:47":11,"s:91:28:96:1":12,"s:98:29:103:1":13,"s:105:28:110:1":14,"s:113:28:113:40":15,"s:114:29:114:42":16,"s:115:28:115:40":17,"s:121:27:121:71":18,"s:122:28:122:72":19,"s:124:25:124:78":20,"f:124:25:124:26":0,"s:124:40:124:77":21,"b:124:51:124:62:124:65:124:77":0,"s:130:28:137:1":22,"s:139:32:152:1":23,"s:154:40:160:1":24,"s:166:30:171:1":25,"s:174:33:174:47":26,"s:180:28:193:1":27,"s:199:29:218:1":28,"s:224:29:232:1":29,"s:238:26:238:49":30,"s:239:33:239:56":31}}}
,"C:\\Users\\Admin\\Sources\\zoolab-dashboard\\src\\utils.js": {"path":"C:\\Users\\Admin\\Sources\\zoolab-dashboard\\src\\utils.js","statementMap":{"0":{"start":{"line":6,"column":37},"end":{"line":8,"column":1}},"1":{"start":{"line":7,"column":2},"end":{"line":7,"column":null}},"2":{"start":{"line":7,"column":39},"end":{"line":7,"column":56}},"3":{"start":{"line":15,"column":32},"end":{"line":17,"column":1}},"4":{"start":{"line":16,"column":2},"end":{"line":16,"column":null}},"5":{"start":{"line":23,"column":37},"end":{"line":37,"column":1}},"6":{"start":{"line":24,"column":19},"end":{"line":35,"column":3}},"7":{"start":{"line":36,"column":2},"end":{"line":36,"column":null}},"8":{"start":{"line":44,"column":28},"end":{"line":67,"column":1}},"9":{"start":{"line":45,"column":2},"end":{"line":51,"column":null}},"10":{"start":{"line":50,"column":4},"end":{"line":50,"column":null}},"11":{"start":{"line":52,"column":2},"end":{"line":58,"column":null}},"12":{"start":{"line":57,"column":4},"end":{"line":57,"column":null}},"13":{"start":{"line":59,"column":2},"end":{"line":65,"column":null}},"14":{"start":{"line":64,"column":4},"end":{"line":64,"column":null}},"15":{"start":{"line":66,"column":2},"end":{"line":66,"column":null}},"16":{"start":{"line":74,"column":27},"end":{"line":118,"column":1}},"17":{"start":{"line":75,"column":71},"end":{"line":75,"column":75}},"18":{"start":{"line":77,"column":18},"end":{"line":103,"column":3}},"19":{"start":{"line":86,"column":34},"end":{"line":90,"column":5}},"20":{"start":{"line":94,"column":34},"end":{"line":94,"column":68}},"21":{"start":{"line":98,"column":30},"end":{"line":98,"column":59}},"22":{"start":{"line":102,"column":29},"end":{"line":102,"column":68}},"23":{"start":{"line":105,"column":21},"end":{"line":107,"column":15}},"24":{"start":{"line":106,"column":18},"end":{"line":106,"column":60}},"25":{"start":{"line":106,"column":37},"end":{"line":106,"column":49}},"26":{"start":{"line":109,"column":19},"end":{"line":109,"column":63}},"27":{"start":{"line":110,"column":14},"end":{"line":110,"column":43}},"28":{"start":{"line":111,"column":15},"end":{"line":111,"column":42}},"29":{"start":{"line":112,"column":2},"end":{"line":112,"column":null}},"30":{"start":{"line":113,"column":2},"end":{"line":113,"column":null}},"31":{"start":{"line":114,"column":2},"end":{"line":114,"column":null}},"32":{"start":{"line":115,"column":2},"end":{"line":115,"column":null}},"33":{"start":{"line":116,"column":2},"end":{"line":116,"column":null}},"34":{"start":{"line":117,"column":2},"end":{"line":117,"column":null}},"35":{"start":{"line":125,"column":28},"end":{"line":136,"column":1}},"36":{"start":{"line":126,"column":18},"end":{"line":126,"column":47}},"37":{"start":{"line":127,"column":19},"end":{"line":127,"column":68}},"38":{"start":{"line":128,"column":14},"end":{"line":128,"column":43}},"39":{"start":{"line":129,"column":15},"end":{"line":129,"column":42}},"40":{"start":{"line":130,"column":2},"end":{"line":130,"column":null}},"41":{"start":{"line":131,"column":2},"end":{"line":131,"column":null}},"42":{"start":{"line":132,"column":2},"end":{"line":132,"column":null}},"43":{"start":{"line":133,"column":2},"end":{"line":133,"column":null}},"44":{"start":{"line":134,"column":2},"end":{"line":134,"column":null}},"45":{"start":{"line":135,"column":2},"end":{"line":135,"column":null}},"46":{"start":{"line":143,"column":38},"end":{"line":145,"column":1}},"47":{"start":{"line":144,"column":2},"end":{"line":144,"column":null}}},"fnMap":{"0":{"name":"(anonymous_0)","decl":{"start":{"line":6,"column":37},"end":{"line":6,"column":38}},"loc":{"start":{"line":6,"column":51},"end":{"line":8,"column":1}},"line":6},"1":{"name":"(anonymous_1)","decl":{"start":{"line":7,"column":25},"end":{"line":7,"column":26}},"loc":{"start":{"line":7,"column":39},"end":{"line":7,"column":56}},"line":7},"2":{"name":"(anonymous_2)","decl":{"start":{"line":15,"column":32},"end":{"line":15,"column":33}},"loc":{"start":{"line":15,"column":48},"end":{"line":17,"column":1}},"line":15},"3":{"name":"(anonymous_3)","decl":{"start":{"line":23,"column":37},"end":{"line":23,"column":38}},"loc":{"start":{"line":23,"column":43},"end":{"line":37,"column":1}},"line":23},"4":{"name":"(anonymous_4)","decl":{"start":{"line":44,"column":28},"end":{"line":44,"column":29}},"loc":{"start":{"line":44,"column":41},"end":{"line":67,"column":1}},"line":44},"5":{"name":"(anonymous_5)","decl":{"start":{"line":74,"column":27},"end":{"line":74,"column":28}},"loc":{"start":{"line":74,"column":47},"end":{"line":118,"column":1}},"line":74},"6":{"name":"(anonymous_6)","decl":{"start":{"line":86,"column":24},"end":{"line":86,"column":25}},"loc":{"start":{"line":86,"column":34},"end":{"line":90,"column":5}},"line":86},"7":{"name":"(anonymous_7)","decl":{"start":{"line":94,"column":24},"end":{"line":94,"column":25}},"loc":{"start":{"line":94,"column":34},"end":{"line":94,"column":68}},"line":94},"8":{"name":"(anonymous_8)","decl":{"start":{"line":98,"column":20},"end":{"line":98,"column":21}},"loc":{"start":{"line":98,"column":30},"end":{"line":98,"column":59}},"line":98},"9":{"name":"(anonymous_9)","decl":{"start":{"line":102,"column":18},"end":{"line":102,"column":19}},"loc":{"start":{"line":102,"column":29},"end":{"line":102,"column":68}},"line":102},"10":{"name":"(anonymous_10)","decl":{"start":{"line":106,"column":9},"end":{"line":106,"column":10}},"loc":{"start":{"line":106,"column":18},"end":{"line":106,"column":60}},"line":106},"11":{"name":"(anonymous_11)","decl":{"start":{"line":106,"column":26},"end":{"line":106,"column":27}},"loc":{"start":{"line":106,"column":37},"end":{"line":106,"column":49}},"line":106},"12":{"name":"(anonymous_12)","decl":{"start":{"line":125,"column":28},"end":{"line":125,"column":29}},"loc":{"start":{"line":125,"column":48},"end":{"line":136,"column":1}},"line":125},"13":{"name":"(anonymous_13)","decl":{"start":{"line":143,"column":38},"end":{"line":143,"column":39}},"loc":{"start":{"line":143,"column":53},"end":{"line":145,"column":1}},"line":143}},"branchMap":{"0":{"loc":{"start":{"line":45,"column":2},"end":{"line":51,"column":null}},"type":"if","locations":[{"start":{"line":45,"column":2},"end":{"line":51,"column":null}},{"start":{},"end":{}}],"line":45},"1":{"loc":{"start":{"line":46,"column":4},"end":{"line":48,"column":null}},"type":"binary-expr","locations":[{"start":{"line":46,"column":4},"end":{"line":46,"column":35}},{"start":{"line":47,"column":4},"end":{"line":47,"column":32}},{"start":{"line":48,"column":4},"end":{"line":48,"column":null}}],"line":46},"2":{"loc":{"start":{"line":52,"column":2},"end":{"line":58,"column":null}},"type":"if","locations":[{"start":{"line":52,"column":2},"end":{"line":58,"column":null}},{"start":{},"end":{}}],"line":52},"3":{"loc":{"start":{"line":53,"column":4},"end":{"line":55,"column":null}},"type":"binary-expr","locations":[{"start":{"line":53,"column":4},"end":{"line":53,"column":33}},{"start":{"line":54,"column":4},"end":{"line":54,"column":33}},{"start":{"line":55,"column":4},"end":{"line":55,"column":null}}],"line":53},"4":{"loc":{"start":{"line":59,"column":2},"end":{"line":65,"column":null}},"type":"if","locations":[{"start":{"line":59,"column":2},"end":{"line":65,"column":null}},{"start":{},"end":{}}],"line":59},"5":{"loc":{"start":{"line":60,"column":4},"end":{"line":62,"column":null}},"type":"binary-expr","locations":[{"start":{"line":60,"column":4},"end":{"line":60,"column":33}},{"start":{"line":61,"column":4},"end":{"line":61,"column":31}},{"start":{"line":62,"column":4},"end":{"line":62,"column":null}}],"line":60}},"s":{"0":1,"1":7,"2":13,"3":1,"4":8,"5":1,"6":113,"7":113,"8":1,"9":14,"10":4,"11":10,"12":3,"13":7,"14":3,"15":4,"16":1,"17":6,"18":6,"19":10,"20":10,"21":10,"22":10,"23":6,"24":142,"25":298,"26":6,"27":6,"28":6,"29":6,"30":6,"31":6,"32":6,"33":6,"34":6,"35":1,"36":8,"37":8,"38":8,"39":8,"40":8,"41":8,"42":8,"43":8,"44":8,"45":8,"46":1,"47":7},"f":{"0":7,"1":13,"2":8,"3":113,"4":14,"5":6,"6":10,"7":10,"8":10,"9":10,"10":142,"11":298,"12":8,"13":7},"b":{"0":[4,10],"1":[14,12,12],"2":[3,7],"3":[10,9,8],"4":[3,4],"5":[7,6,5]},"meta":{"lastBranch":6,"lastFunction":14,"lastStatement":48,"seen":{"s:6:37:8:1":0,"f:6:37:6:38":0,"s:7:2:7:Infinity":1,"f:7:25:7:26":1,"s:7:39:7:56":2,"s:15:32:17:1":3,"f:15:32:15:33":2,"s:16:2:16:Infinity":4,"s:23:37:37:1":5,"f:23:37:23:38":3,"s:24:19:35:3":6,"s:36:2:36:Infinity":7,"s:44:28:67:1":8,"f:44:28:44:29":4,"b:45:2:51:Infinity:undefined:undefined:undefined:undefined":0,"s:45:2:51:Infinity":9,"b:46:4:46:35:47:4:47:32:48:4:48:Infinity":1,"s:50:4:50:Infinity":10,"b:52:2:58:Infinity:undefined:undefined:undefined:undefined":2,"s:52:2:58:Infinity":11,"b:53:4:53:33:54:4:54:33:55:4:55:Infinity":3,"s:57:4:57:Infinity":12,"b:59:2:65:Infinity:undefined:undefined:undefined:undefined":4,"s:59:2:65:Infinity":13,"b:60:4:60:33:61:4:61:31:62:4:62:Infinity":5,"s:64:4:64:Infinity":14,"s:66:2:66:Infinity":15,"s:74:27:118:1":16,"f:74:27:74:28":5,"s:75:71:75:75":17,"s:77:18:103:3":18,"f:86:24:86:25":6,"s:86:34:90:5":19,"f:94:24:94:25":7,"s:94:34:94:68":20,"f:98:20:98:21":8,"s:98:30:98:59":21,"f:102:18:102:19":9,"s:102:29:102:68":22,"s:105:21:107:15":23,"f:106:9:106:10":10,"s:106:18:106:60":24,"f:106:26:106:27":11,"s:106:37:106:49":25,"s:109:19:109:63":26,"s:110:14:110:43":27,"s:111:15:111:42":28,"s:112:2:112:Infinity":29,"s:113:2:113:Infinity":30,"s:114:2:114:Infinity":31,"s:115:2:115:Infinity":32,"s:116:2:116:Infinity":33,"s:117:2:117:Infinity":34,"s:125:28:136:1":35,"f:125:28:125:29":12,"s:126:18:126:47":36,"s:127:19:127:68":37,"s:128:14:128:43":38,"s:129:15:129:42":39,"s:130:2:130:Infinity":40,"s:131:2:131:Infinity":41,"s:132:2:132:Infinity":42,"s:133:2:133:Infinity":43,"s:134:2:134:Infinity":44,"s:135:2:135:Infinity":45,"s:143:38:145:1":46,"f:143:38:143:39":13,"s:144:2:144:Infinity":47}}}
,"C:\\Users\\Admin\\Sources\\zoolab-dashboard\\src\\components\\AlertDropdown.jsx": {"path":"C:\\Users\\Admin\\Sources\\zoolab-dashboard\\src\\components\\AlertDropdown.jsx","statementMap":{"0":{"start":{"line":22,"column":22},"end":{"line":181,"column":null}},"1":{"start":{"line":34,"column":15},"end":{"line":34,"column":null}},"2":{"start":{"line":35,"column":2},"end":{"line":41,"column":null}},"3":{"start":{"line":36,"column":10},"end":{"line":36,"column":null}},"4":{"start":{"line":37,"column":4},"end":{"line":37,"column":null}},"5":{"start":{"line":40,"column":4},"end":{"line":40,"column":null}},"6":{"start":{"line":44,"column":23},"end":{"line":47,"column":null}},"7":{"start":{"line":45,"column":4},"end":{"line":45,"column":null}},"8":{"start":{"line":45,"column":26},"end":{"line":45,"column":null}},"9":{"start":{"line":46,"column":4},"end":{"line":46,"column":null}},"10":{"start":{"line":50,"column":24},"end":{"line":54,"column":null}},"11":{"start":{"line":51,"column":4},"end":{"line":53,"column":null}},"12":{"start":{"line":52,"column":6},"end":{"line":52,"column":null}},"13":{"start":{"line":57,"column":27},"end":{"line":59,"column":null}},"14":{"start":{"line":60,"column":30},"end":{"line":60,"column":null}},"15":{"start":{"line":61,"column":25},"end":{"line":61,"column":null}},"16":{"start":{"line":62,"column":24},"end":{"line":64,"column":null}},"17":{"start":{"line":65,"column":29},"end":{"line":67,"column":null}},"18":{"start":{"line":68,"column":23},"end":{"line":70,"column":null}},"19":{"start":{"line":71,"column":27},"end":{"line":71,"column":null}},"20":{"start":{"line":72,"column":32},"end":{"line":74,"column":null}},"21":{"start":{"line":76,"column":2},"end":{"line":179,"column":null}},"22":{"start":{"line":131,"column":18},"end":{"line":135,"column":null}},"23":{"start":{"line":153,"column":35},"end":{"line":153,"column":null}},"24":{"start":{"line":187,"column":26},"end":{"line":226,"column":null}},"25":{"start":{"line":189,"column":25},"end":{"line":200,"column":null}},"26":{"start":{"line":190,"column":4},"end":{"line":195,"column":null}},"27":{"start":{"line":191,"column":6},"end":{"line":194,"column":null}},"28":{"start":{"line":196,"column":4},"end":{"line":199,"column":null}},"29":{"start":{"line":202,"column":17},"end":{"line":202,"column":null}},"30":{"start":{"line":203,"column":24},"end":{"line":203,"column":null}},"31":{"start":{"line":204,"column":22},"end":{"line":204,"column":null}},"32":{"start":{"line":206,"column":2},"end":{"line":224,"column":null}}},"fnMap":{"0":{"name":"(anonymous_0)","decl":{"start":{"line":22,"column":22},"end":{"line":22,"column":23}},"loc":{"start":{"line":32,"column":6},"end":{"line":181,"column":null}},"line":32},"1":{"name":"(anonymous_1)","decl":{"start":{"line":44,"column":23},"end":{"line":44,"column":29}},"loc":{"start":{"line":44,"column":29},"end":{"line":47,"column":null}},"line":44},"2":{"name":"(anonymous_2)","decl":{"start":{"line":50,"column":24},"end":{"line":50,"column":25}},"loc":{"start":{"line":50,"column":31},"end":{"line":54,"column":null}},"line":50},"3":{"name":"(anonymous_3)","decl":{"start":{"line":130,"column":27},"end":{"line":130,"column":28}},"loc":{"start":{"line":131,"column":18},"end":{"line":135,"column":null}},"line":131},"4":{"name":"(anonymous_4)","decl":{"start":{"line":153,"column":28},"end":{"line":153,"column":29}},"loc":{"start":{"line":153,"column":35},"end":{"line":153,"column":null}},"line":153},"5":{"name":"(anonymous_5)","decl":{"start":{"line":187,"column":26},"end":{"line":187,"column":27}},"loc":{"start":{"line":187,"column":49},"end":{"line":226,"column":null}},"line":187},"6":{"name":"(anonymous_6)","decl":{"start":{"line":189,"column":25},"end":{"line":189,"column":31}},"loc":{"start":{"line":189,"column":31},"end":{"line":200,"column":null}},"line":189}},"branchMap":{"0":{"loc":{"start":{"line":37,"column":13},"end":{"line":37,"column":null}},"type":"cond-expr","locations":[{"start":{"line":37,"column":46},"end":{"line":37,"column":65}},{"start":{"line":37,"column":65},"end":{"line":37,"column":null}}],"line":37},"1":{"loc":{"start":{"line":40,"column":13},"end":{"line":40,"column":null}},"type":"binary-expr","locations":[{"start":{"line":40,"column":13},"end":{"line":40,"column":33}},{"start":{"line":40,"column":33},"end":{"line":40,"column":null}}],"line":40},"2":{"loc":{"start":{"line":45,"column":4},"end":{"line":45,"column":null}},"type":"if","locations":[{"start":{"line":45,"column":4},"end":{"line":45,"column":null}},{"start":{},"end":{}}],"line":45},"3":{"loc":{"start":{"line":51,"column":4},"end":{"line":53,"column":null}},"type":"if","locations":[{"start":{"line":51,"column":4},"end":{"line":53,"column":null}},{"start":{},"end":{}}],"line":51},"4":{"loc":{"start":{"line":57,"column":27},"end":{"line":59,"column":null}},"type":"cond-expr","locations":[{"start":{"line":58,"column":6},"end":{"line":58,"column":null}},{"start":{"line":59,"column":6},"end":{"line":59,"column":null}}],"line":57},"5":{"loc":{"start":{"line":60,"column":30},"end":{"line":60,"column":null}},"type":"cond-expr","locations":[{"start":{"line":60,"column":39},"end":{"line":60,"column":60}},{"start":{"line":60,"column":60},"end":{"line":60,"column":null}}],"line":60},"6":{"loc":{"start":{"line":61,"column":25},"end":{"line":61,"column":null}},"type":"cond-expr","locations":[{"start":{"line":61,"column":34},"end":{"line":61,"column":53}},{"start":{"line":61,"column":53},"end":{"line":61,"column":null}}],"line":61},"7":{"loc":{"start":{"line":62,"column":24},"end":{"line":64,"column":null}},"type":"cond-expr","locations":[{"start":{"line":63,"column":6},"end":{"line":63,"column":null}},{"start":{"line":64,"column":6},"end":{"line":64,"column":null}}],"line":62},"8":{"loc":{"start":{"line":65,"column":29},"end":{"line":67,"column":null}},"type":"cond-expr","locations":[{"start":{"line":66,"column":6},"end":{"line":66,"column":null}},{"start":{"line":67,"column":6},"end":{"line":67,"column":null}}],"line":65},"9":{"loc":{"start":{"line":68,"column":23},"end":{"line":70,"column":null}},"type":"cond-expr","locations":[{"start":{"line":69,"column":6},"end":{"line":69,"column":null}},{"start":{"line":70,"column":6},"end":{"line":70,"column":null}}],"line":68},"10":{"loc":{"start":{"line":72,"column":32},"end":{"line":74,"column":null}},"type":"cond-expr","locations":[{"start":{"line":73,"column":6},"end":{"line":73,"column":null}},{"start":{"line":74,"column":6},"end":{"line":74,"column":null}}],"line":72},"11":{"loc":{"start":{"line":78,"column":7},"end":{"line":177,"column":null}},"type":"binary-expr","locations":[{"start":{"line":78,"column":7},"end":{"line":78,"column":null}},{"start":{"line":79,"column":8},"end":{"line":177,"column":null}}],"line":78},"12":{"loc":{"start":{"line":129,"column":15},"end":{"line":143,"column":null}},"type":"cond-expr","locations":[{"start":{"line":130,"column":16},"end":{"line":136,"column":null}},{"start":{"line":138,"column":16},"end":{"line":143,"column":null}}],"line":129},"13":{"loc":{"start":{"line":164,"column":20},"end":{"line":166,"column":null}},"type":"cond-expr","locations":[{"start":{"line":165,"column":24},"end":{"line":165,"column":null}},{"start":{"line":166,"column":24},"end":{"line":166,"column":null}}],"line":164},"14":{"loc":{"start":{"line":168,"column":30},"end":{"line":168,"column":null}},"type":"cond-expr","locations":[{"start":{"line":168,"column":48},"end":{"line":168,"column":66}},{"start":{"line":168,"column":66},"end":{"line":168,"column":null}}],"line":168},"15":{"loc":{"start":{"line":169,"column":28},"end":{"line":169,"column":null}},"type":"cond-expr","locations":[{"start":{"line":169,"column":46},"end":{"line":169,"column":64}},{"start":{"line":169,"column":64},"end":{"line":169,"column":null}}],"line":169},"16":{"loc":{"start":{"line":190,"column":4},"end":{"line":195,"column":null}},"type":"if","locations":[{"start":{"line":190,"column":4},"end":{"line":195,"column":null}},{"start":{},"end":{}}],"line":190},"17":{"loc":{"start":{"line":192,"column":12},"end":{"line":192,"column":null}},"type":"cond-expr","locations":[{"start":{"line":192,"column":21},"end":{"line":192,"column":41}},{"start":{"line":192,"column":41},"end":{"line":192,"column":null}}],"line":192},"18":{"loc":{"start":{"line":193,"column":14},"end":{"line":193,"column":null}},"type":"cond-expr","locations":[{"start":{"line":193,"column":23},"end":{"line":193,"column":42}},{"start":{"line":193,"column":42},"end":{"line":193,"column":null}}],"line":193},"19":{"loc":{"start":{"line":197,"column":10},"end":{"line":197,"column":null}},"type":"cond-expr","locations":[{"start":{"line":197,"column":19},"end":{"line":197,"column":38}},{"start":{"line":197,"column":38},"end":{"line":197,"column":null}}],"line":197},"20":{"loc":{"start":{"line":198,"column":12},"end":{"line":198,"column":null}},"type":"cond-expr","locations":[{"start":{"line":198,"column":21},"end":{"line":198,"column":39}},{"start":{"line":198,"column":39},"end":{"line":198,"column":null}}],"line":198},"21":{"loc":{"start":{"line":203,"column":24},"end":{"line":203,"column":null}},"type":"cond-expr","locations":[{"start":{"line":203,"column":33},"end":{"line":203,"column":54}},{"start":{"line":203,"column":54},"end":{"line":203,"column":null}}],"line":203},"22":{"loc":{"start":{"line":204,"column":22},"end":{"line":204,"column":null}},"type":"cond-expr","locations":[{"start":{"line":204,"column":31},"end":{"line":204,"column":50}},{"start":{"line":204,"column":50},"end":{"line":204,"column":null}}],"line":204}},"s":{"0":0,"1":0,"2":0,"3":0,"4":0,"5":0,"6":0,"7":0,"8":0,"9":0,"10":0,"11":0,"12":0,"13":0,"14":0,"15":0,"16":0,"17":0,"18":0,"19":0,"20":0,"21":0,"22":0,"23":0,"24":0,"25":0,"26":0,"27":0,"28":0,"29":0,"30":0,"31":0,"32":0},"f":{"0":0,"1":0,"2":0,"3":0,"4":0,"5":0,"6":0},"b":{"0":[0,0],"1":[0,0],"2":[0,0],"3":[0,0],"4":[0,0],"5":[0,0],"6":[0,0],"7":[0,0],"8":[0,0],"9":[0,0],"10":[0,0],"11":[0,0],"12":[0,0],"13":[0,0],"14":[0,0],"15":[0,0],"16":[0,0],"17":[0,0],"18":[0,0],"19":[0,0],"20":[0,0],"21":[0,0],"22":[0,0]},"meta":{"lastBranch":23,"lastFunction":7,"lastStatement":33,"seen":{"s:22:22:181:Infinity":0,"f:22:22:22:23":0,"s:34:15:34:Infinity":1,"s:35:2:41:Infinity":2,"s:36:10:36:Infinity":3,"s:37:4:37:Infinity":4,"b:37:46:37:65:37:65:37:Infinity":0,"s:40:4:40:Infinity":5,"b:40:13:40:33:40:33:40:Infinity":1,"s:44:23:47:Infinity":6,"f:44:23:44:29":1,"b:45:4:45:Infinity:undefined:undefined:undefined:undefined":2,"s:45:4:45:Infinity":7,"s:45:26:45:Infinity":8,"s:46:4:46:Infinity":9,"s:50:24:54:Infinity":10,"f:50:24:50:25":2,"b:51:4:53:Infinity:undefined:undefined:undefined:undefined":3,"s:51:4:53:Infinity":11,"s:52:6:52:Infinity":12,"s:57:27:59:Infinity":13,"b:58:6:58:Infinity:59:6:59:Infinity":4,"s:60:30:60:Infinity":14,"b:60:39:60:60:60:60:60:Infinity":5,"s:61:25:61:Infinity":15,"b:61:34:61:53:61:53:61:Infinity":6,"s:62:24:64:Infinity":16,"b:63:6:63:Infinity:64:6:64:Infinity":7,"s:65:29:67:Infinity":17,"b:66:6:66:Infinity:67:6:67:Infinity":8,"s:68:23:70:Infinity":18,"b:69:6:69:Infinity:70:6:70:Infinity":9,"s:71:27:71:Infinity":19,"s:72:32:74:Infinity":20,"b:73:6:73:Infinity:74:6:74:Infinity":10,"s:76:2:179:Infinity":21,"b:78:7:78:Infinity:79:8:177:Infinity":11,"b:130:16:136:Infinity:138:16:143:Infinity":12,"f:130:27:130:28":3,"s:131:18:135:Infinity":22,"f:153:28:153:29":4,"s:153:35:153:Infinity":23,"b:165:24:165:Infinity:166:24:166:Infinity":13,"b:168:48:168:66:168:66:168:Infinity":14,"b:169:46:169:64:169:64:169:Infinity":15,"s:187:26:226:Infinity":24,"f:187:26:187:27":5,"s:189:25:200:Infinity":25,"f:189:25:189:31":6,"b:190:4:195:Infinity:undefined:undefined:undefined:undefined":16,"s:190:4:195:Infinity":26,"s:191:6:194:Infinity":27,"b:192:21:192:41:192:41:192:Infinity":17,"b:193:23:193:42:193:42:193:Infinity":18,"s:196:4:199:Infinity":28,"b:197:19:197:38:197:38:197:Infinity":19,"b:198:21:198:39:198:39:198:Infinity":20,"s:202:17:202:Infinity":29,"s:203:24:203:Infinity":30,"b:203:33:203:54:203:54:203:Infinity":21,"s:204:22:204:Infinity":31,"b:204:31:204:50:204:50:204:Infinity":22,"s:206:2:224:Infinity":32}}}
,"C:\\Users\\Admin\\Sources\\zoolab-dashboard\\src\\components\\AlertItem.jsx": {"path":"C:\\Users\\Admin\\Sources\\zoolab-dashboard\\src\\components\\AlertItem.jsx","statementMap":{"0":{"start":{"line":10,"column":20},"end":{"line":25,"column":null}},"1":{"start":{"line":39,"column":18},"end":{"line":93,"column":null}},"2":{"start":{"line":41,"column":15},"end":{"line":41,"column":null}},"3":{"start":{"line":42,"column":2},"end":{"line":48,"column":null}},"4":{"start":{"line":43,"column":10},"end":{"line":43,"column":null}},"5":{"start":{"line":44,"column":4},"end":{"line":44,"column":null}},"6":{"start":{"line":47,"column":4},"end":{"line":47,"column":null}},"7":{"start":{"line":51,"column":22},"end":{"line":51,"column":null}},"8":{"start":{"line":52,"column":24},"end":{"line":52,"column":null}},"9":{"start":{"line":55,"column":20},"end":{"line":55,"column":null}},"10":{"start":{"line":56,"column":22},"end":{"line":56,"column":null}},"11":{"start":{"line":57,"column":22},"end":{"line":57,"column":null}},"12":{"start":{"line":58,"column":22},"end":{"line":58,"column":null}},"13":{"start":{"line":60,"column":2},"end":{"line":91,"column":null}}},"fnMap":{"0":{"name":"(anonymous_0)","decl":{"start":{"line":39,"column":18},"end":{"line":39,"column":19}},"loc":{"start":{"line":39,"column":61},"end":{"line":93,"column":null}},"line":39}},"branchMap":{"0":{"loc":{"start":{"line":44,"column":13},"end":{"line":44,"column":null}},"type":"cond-expr","locations":[{"start":{"line":44,"column":46},"end":{"line":44,"column":65}},{"start":{"line":44,"column":65},"end":{"line":44,"column":null}}],"line":44},"1":{"loc":{"start":{"line":47,"column":13},"end":{"line":47,"column":null}},"type":"binary-expr","locations":[{"start":{"line":47,"column":13},"end":{"line":47,"column":33}},{"start":{"line":47,"column":33},"end":{"line":47,"column":null}}],"line":47},"2":{"loc":{"start":{"line":51,"column":22},"end":{"line":51,"column":null}},"type":"binary-expr","locations":[{"start":{"line":51,"column":22},"end":{"line":51,"column":49}},{"start":{"line":51,"column":49},"end":{"line":51,"column":null}}],"line":51},"3":{"loc":{"start":{"line":55,"column":20},"end":{"line":55,"column":null}},"type":"cond-expr","locations":[{"start":{"line":55,"column":29},"end":{"line":55,"column":50}},{"start":{"line":55,"column":50},"end":{"line":55,"column":null}}],"line":55},"4":{"loc":{"start":{"line":56,"column":22},"end":{"line":56,"column":null}},"type":"cond-expr","locations":[{"start":{"line":56,"column":31},"end":{"line":56,"column":54}},{"start":{"line":56,"column":54},"end":{"line":56,"column":null}}],"line":56},"5":{"loc":{"start":{"line":57,"column":22},"end":{"line":57,"column":null}},"type":"cond-expr","locations":[{"start":{"line":57,"column":31},"end":{"line":57,"column":50}},{"start":{"line":57,"column":50},"end":{"line":57,"column":null}}],"line":57},"6":{"loc":{"start":{"line":58,"column":22},"end":{"line":58,"column":null}},"type":"cond-expr","locations":[{"start":{"line":58,"column":31},"end":{"line":58,"column":50}},{"start":{"line":58,"column":50},"end":{"line":58,"column":null}}],"line":58}},"s":{"0":1,"1":1,"2":59,"3":59,"4":59,"5":59,"6":2,"7":59,"8":59,"9":59,"10":59,"11":59,"12":59,"13":59},"f":{"0":59},"b":{"0":[2,55],"1":[2,1],"2":[59,3],"3":[11,48],"4":[11,48],"5":[11,48],"6":[11,48]},"meta":{"lastBranch":7,"lastFunction":1,"lastStatement":14,"seen":{"s:10:20:25:Infinity":0,"s:39:18:93:Infinity":1,"f:39:18:39:19":0,"s:41:15:41:Infinity":2,"s:42:2:48:Infinity":3,"s:43:10:43:Infinity":4,"s:44:4:44:Infinity":5,"b:44:46:44:65:44:65:44:Infinity":0,"s:47:4:47:Infinity":6,"b:47:13:47:33:47:33:47:Infinity":1,"s:51:22:51:Infinity":7,"b:51:22:51:49:51:49:51:Infinity":2,"s:52:24:52:Infinity":8,"s:55:20:55:Infinity":9,"b:55:29:55:50:55:50:55:Infinity":3,"s:56:22:56:Infinity":10,"b:56:31:56:54:56:54:56:Infinity":4,"s:57:22:57:Infinity":11,"b:57:31:57:50:57:50:57:Infinity":5,"s:58:22:58:Infinity":12,"b:58:31:58:50:58:50:58:Infinity":6,"s:60:2:91:Infinity":13}}}
,"C:\\Users\\Admin\\Sources\\zoolab-dashboard\\src\\components\\AlertsPanel.jsx": {"path":"C:\\Users\\Admin\\Sources\\zoolab-dashboard\\src\\components\\AlertsPanel.jsx","statementMap":{"0":{"start":{"line":20,"column":20},"end":{"line":207,"column":null}},"1":{"start":{"line":26,"column":52},"end":{"line":26,"column":null}},"2":{"start":{"line":27,"column":30},"end":{"line":27,"column":null}},"3":{"start":{"line":28,"column":8},"end":{"line":28,"column":null}},"4":{"start":{"line":29,"column":8},"end":{"line":29,"column":null}},"5":{"start":{"line":32,"column":15},"end":{"line":32,"column":null}},"6":{"start":{"line":33,"column":2},"end":{"line":39,"column":null}},"7":{"start":{"line":34,"column":10},"end":{"line":34,"column":null}},"8":{"start":{"line":35,"column":4},"end":{"line":35,"column":null}},"9":{"start":{"line":38,"column":4},"end":{"line":38,"column":null}},"10":{"start":{"line":42,"column":2},"end":{"line":63,"column":null}},"11":{"start":{"line":43,"column":31},"end":{"line":52,"column":null}},"12":{"start":{"line":44,"column":6},"end":{"line":51,"column":null}},"13":{"start":{"line":50,"column":8},"end":{"line":50,"column":null}},"14":{"start":{"line":54,"column":4},"end":{"line":57,"column":null}},"15":{"start":{"line":55,"column":6},"end":{"line":55,"column":null}},"16":{"start":{"line":56,"column":6},"end":{"line":56,"column":null}},"17":{"start":{"line":59,"column":4},"end":{"line":62,"column":null}},"18":{"start":{"line":60,"column":6},"end":{"line":60,"column":null}},"19":{"start":{"line":61,"column":6},"end":{"line":61,"column":null}},"20":{"start":{"line":66,"column":2},"end":{"line":79,"column":null}},"21":{"start":{"line":67,"column":4},"end":{"line":73,"column":null}},"22":{"start":{"line":68,"column":6},"end":{"line":68,"column":null}},"23":{"start":{"line":69,"column":6},"end":{"line":69,"column":null}},"24":{"start":{"line":71,"column":6},"end":{"line":71,"column":null}},"25":{"start":{"line":72,"column":6},"end":{"line":72,"column":null}},"26":{"start":{"line":75,"column":4},"end":{"line":78,"column":null}},"27":{"start":{"line":76,"column":6},"end":{"line":76,"column":null}},"28":{"start":{"line":77,"column":6},"end":{"line":77,"column":null}},"29":{"start":{"line":82,"column":25},"end":{"line":87,"column":null}},"30":{"start":{"line":83,"column":4},"end":{"line":83,"column":null}},"31":{"start":{"line":83,"column":26},"end":{"line":83,"column":null}},"32":{"start":{"line":84,"column":4},"end":{"line":84,"column":null}},"33":{"start":{"line":85,"column":4},"end":{"line":85,"column":null}},"34":{"start":{"line":86,"column":4},"end":{"line":86,"column":null}},"35":{"start":{"line":90,"column":28},"end":{"line":93,"column":null}},"36":{"start":{"line":91,"column":4},"end":{"line":91,"column":null}},"37":{"start":{"line":92,"column":4},"end":{"line":92,"column":null}},"38":{"start":{"line":96,"column":30},"end":{"line":98,"column":null}},"39":{"start":{"line":97,"column":4},"end":{"line":97,"column":null}},"40":{"start":{"line":101,"column":22},"end":{"line":103,"column":null}},"41":{"start":{"line":104,"column":23},"end":{"line":104,"column":null}},"42":{"start":{"line":106,"column":4},"end":{"line":112,"column":null}},"43":{"start":{"line":113,"column":27},"end":{"line":113,"column":null}},"44":{"start":{"line":114,"column":27},"end":{"line":114,"column":null}},"45":{"start":{"line":115,"column":30},"end":{"line":115,"column":null}},"46":{"start":{"line":117,"column":2},"end":{"line":205,"column":null}},"47":{"start":{"line":137,"column":27},"end":{"line":137,"column":null}},"48":{"start":{"line":171,"column":16},"end":{"line":171,"column":null}}},"fnMap":{"0":{"name":"(anonymous_0)","decl":{"start":{"line":20,"column":20},"end":{"line":20,"column":21}},"loc":{"start":{"line":25,"column":6},"end":{"line":207,"column":null}},"line":25},"1":{"name":"(anonymous_1)","decl":{"start":{"line":42,"column":12},"end":{"line":42,"column":18}},"loc":{"start":{"line":42,"column":18},"end":{"line":63,"column":5}},"line":42},"2":{"name":"(anonymous_2)","decl":{"start":{"line":43,"column":31},"end":{"line":43,"column":32}},"loc":{"start":{"line":43,"column":42},"end":{"line":52,"column":null}},"line":43},"3":{"name":"(anonymous_3)","decl":{"start":{"line":59,"column":11},"end":{"line":59,"column":17}},"loc":{"start":{"line":59,"column":17},"end":{"line":62,"column":null}},"line":59},"4":{"name":"(anonymous_4)","decl":{"start":{"line":66,"column":12},"end":{"line":66,"column":18}},"loc":{"start":{"line":66,"column":18},"end":{"line":79,"column":5}},"line":66},"5":{"name":"(anonymous_5)","decl":{"start":{"line":75,"column":11},"end":{"line":75,"column":17}},"loc":{"start":{"line":75,"column":17},"end":{"line":78,"column":null}},"line":75},"6":{"name":"(anonymous_6)","decl":{"start":{"line":82,"column":25},"end":{"line":82,"column":31}},"loc":{"start":{"line":82,"column":31},"end":{"line":87,"column":null}},"line":82},"7":{"name":"(anonymous_7)","decl":{"start":{"line":90,"column":28},"end":{"line":90,"column":34}},"loc":{"start":{"line":90,"column":34},"end":{"line":93,"column":null}},"line":90},"8":{"name":"(anonymous_8)","decl":{"start":{"line":96,"column":30},"end":{"line":96,"column":36}},"loc":{"start":{"line":96,"column":36},"end":{"line":98,"column":null}},"line":96},"9":{"name":"(anonymous_9)","decl":{"start":{"line":137,"column":21},"end":{"line":137,"column":27}},"loc":{"start":{"line":137,"column":27},"end":{"line":137,"column":null}},"line":137},"10":{"name":"(anonymous_10)","decl":{"start":{"line":170,"column":26},"end":{"line":170,"column":27}},"loc":{"start":{"line":171,"column":16},"end":{"line":171,"column":null}},"line":171}},"branchMap":{"0":{"loc":{"start":{"line":35,"column":13},"end":{"line":35,"column":null}},"type":"cond-expr","locations":[{"start":{"line":35,"column":46},"end":{"line":35,"column":65}},{"start":{"line":35,"column":65},"end":{"line":35,"column":null}}],"line":35},"1":{"loc":{"start":{"line":38,"column":13},"end":{"line":38,"column":null}},"type":"binary-expr","locations":[{"start":{"line":38,"column":13},"end":{"line":38,"column":33}},{"start":{"line":38,"column":33},"end":{"line":38,"column":null}}],"line":38},"2":{"loc":{"start":{"line":44,"column":6},"end":{"line":51,"column":null}},"type":"if","locations":[{"start":{"line":44,"column":6},"end":{"line":51,"column":null}},{"start":{},"end":{}}],"line":44},"3":{"loc":{"start":{"line":45,"column":8},"end":{"line":48,"column":null}},"type":"binary-expr","locations":[{"start":{"line":45,"column":8},"end":{"line":45,"column":null}},{"start":{"line":46,"column":8},"end":{"line":46,"column":null}},{"start":{"line":47,"column":8},"end":{"line":47,"column":null}},{"start":{"line":48,"column":8},"end":{"line":48,"column":null}}],"line":45},"4":{"loc":{"start":{"line":54,"column":4},"end":{"line":57,"column":null}},"type":"if","locations":[{"start":{"line":54,"column":4},"end":{"line":57,"column":null}},{"start":{},"end":{}}],"line":54},"5":{"loc":{"start":{"line":67,"column":4},"end":{"line":73,"column":null}},"type":"if","locations":[{"start":{"line":67,"column":4},"end":{"line":73,"column":null}},{"start":{"line":70,"column":11},"end":{"line":73,"column":null}}],"line":67},"6":{"loc":{"start":{"line":83,"column":4},"end":{"line":83,"column":null}},"type":"if","locations":[{"start":{"line":83,"column":4},"end":{"line":83,"column":null}},{"start":{},"end":{}}],"line":83},"7":{"loc":{"start":{"line":101,"column":22},"end":{"line":103,"column":null}},"type":"cond-expr","locations":[{"start":{"line":102,"column":6},"end":{"line":102,"column":null}},{"start":{"line":103,"column":6},"end":{"line":103,"column":null}}],"line":101},"8":{"loc":{"start":{"line":104,"column":23},"end":{"line":104,"column":null}},"type":"cond-expr","locations":[{"start":{"line":104,"column":32},"end":{"line":104,"column":51}},{"start":{"line":104,"column":51},"end":{"line":104,"column":null}}],"line":104},"9":{"loc":{"start":{"line":106,"column":4},"end":{"line":112,"column":null}},"type":"cond-expr","locations":[{"start":{"line":107,"column":8},"end":{"line":109,"column":null}},{"start":{"line":110,"column":8},"end":{"line":112,"column":null}}],"line":106},"10":{"loc":{"start":{"line":107,"column":8},"end":{"line":109,"column":null}},"type":"cond-expr","locations":[{"start":{"line":108,"column":10},"end":{"line":108,"column":null}},{"start":{"line":109,"column":10},"end":{"line":109,"column":null}}],"line":107},"11":{"loc":{"start":{"line":110,"column":8},"end":{"line":112,"column":null}},"type":"cond-expr","locations":[{"start":{"line":111,"column":10},"end":{"line":111,"column":null}},{"start":{"line":112,"column":10},"end":{"line":112,"column":null}}],"line":110},"12":{"loc":{"start":{"line":113,"column":27},"end":{"line":113,"column":null}},"type":"cond-expr","locations":[{"start":{"line":113,"column":36},"end":{"line":113,"column":55}},{"start":{"line":113,"column":55},"end":{"line":113,"column":null}}],"line":113},"13":{"loc":{"start":{"line":114,"column":27},"end":{"line":114,"column":null}},"type":"cond-expr","locations":[{"start":{"line":114,"column":36},"end":{"line":114,"column":55}},{"start":{"line":114,"column":55},"end":{"line":114,"column":null}}],"line":114},"14":{"loc":{"start":{"line":115,"column":30},"end":{"line":115,"column":null}},"type":"cond-expr","locations":[{"start":{"line":115,"column":39},"end":{"line":115,"column":58}},{"start":{"line":115,"column":58},"end":{"line":115,"column":null}}],"line":115},"15":{"loc":{"start":{"line":146,"column":16},"end":{"line":146,"column":null}},"type":"cond-expr","locations":[{"start":{"line":146,"column":38},"end":{"line":146,"column":53}},{"start":{"line":146,"column":53},"end":{"line":146,"column":null}}],"line":146},"16":{"loc":{"start":{"line":166,"column":7},"end":{"line":203,"column":null}},"type":"cond-expr","locations":[{"start":{"line":167,"column":8},"end":{"line":175,"column":null}},{"start":{"line":178,"column":8},"end":{"line":203,"column":null}}],"line":166}},"s":{"0":0,"1":0,"2":0,"3":0,"4":0,"5":0,"6":0,"7":0,"8":0,"9":0,"10":0,"11":0,"12":0,"13":0,"14":0,"15":0,"16":0,"17":0,"18":0,"19":0,"20":0,"21":0,"22":0,"23":0,"24":0,"25":0,"26":0,"27":0,"28":0,"29":0,"30":0,"31":0,"32":0,"33":0,"34":0,"35":0,"36":0,"37":0,"38":0,"39":0,"40":0,"41":0,"42":0,"43":0,"44":0,"45":0,"46":0,"47":0,"48":0},"f":{"0":0,"1":0,"2":0,"3":0,"4":0,"5":0,"6":0,"7":0,"8":0,"9":0,"10":0},"b":{"0":[0,0],"1":[0,0],"2":[0,0],"3":[0,0,0,0],"4":[0,0],"5":[0,0],"6":[0,0],"7":[0,0],"8":[0,0],"9":[0,0],"10":[0,0],"11":[0,0],"12":[0,0],"13":[0,0],"14":[0,0],"15":[0,0],"16":[0,0]},"meta":{"lastBranch":17,"lastFunction":11,"lastStatement":49,"seen":{"s:20:20:207:Infinity":0,"f:20:20:20:21":0,"s:26:52:26:Infinity":1,"s:27:30:27:Infinity":2,"s:28:8:28:Infinity":3,"s:29:8:29:Infinity":4,"s:32:15:32:Infinity":5,"s:33:2:39:Infinity":6,"s:34:10:34:Infinity":7,"s:35:4:35:Infinity":8,"b:35:46:35:65:35:65:35:Infinity":0,"s:38:4:38:Infinity":9,"b:38:13:38:33:38:33:38:Infinity":1,"s:42:2:63:Infinity":10,"f:42:12:42:18":1,"s:43:31:52:Infinity":11,"f:43:31:43:32":2,"b:44:6:51:Infinity:undefined:undefined:undefined:undefined":2,"s:44:6:51:Infinity":12,"b:45:8:45:Infinity:46:8:46:Infinity:47:8:47:Infinity:48:8:48:Infinity":3,"s:50:8:50:Infinity":13,"b:54:4:57:Infinity:undefined:undefined:undefined:undefined":4,"s:54:4:57:Infinity":14,"s:55:6:55:Infinity":15,"s:56:6:56:Infinity":16,"s:59:4:62:Infinity":17,"f:59:11:59:17":3,"s:60:6:60:Infinity":18,"s:61:6:61:Infinity":19,"s:66:2:79:Infinity":20,"f:66:12:66:18":4,"b:67:4:73:Infinity:70:11:73:Infinity":5,"s:67:4:73:Infinity":21,"s:68:6:68:Infinity":22,"s:69:6:69:Infinity":23,"s:71:6:71:Infinity":24,"s:72:6:72:Infinity":25,"s:75:4:78:Infinity":26,"f:75:11:75:17":5,"s:76:6:76:Infinity":27,"s:77:6:77:Infinity":28,"s:82:25:87:Infinity":29,"f:82:25:82:31":6,"b:83:4:83:Infinity:undefined:undefined:undefined:undefined":6,"s:83:4:83:Infinity":30,"s:83:26:83:Infinity":31,"s:84:4:84:Infinity":32,"s:85:4:85:Infinity":33,"s:86:4:86:Infinity":34,"s:90:28:93:Infinity":35,"f:90:28:90:34":7,"s:91:4:91:Infinity":36,"s:92:4:92:Infinity":37,"s:96:30:98:Infinity":38,"f:96:30:96:36":8,"s:97:4:97:Infinity":39,"s:101:22:103:Infinity":40,"b:102:6:102:Infinity:103:6:103:Infinity":7,"s:104:23:104:Infinity":41,"b:104:32:104:51:104:51:104:Infinity":8,"s:106:4:112:Infinity":42,"b:107:8:109:Infinity:110:8:112:Infinity":9,"b:108:10:108:Infinity:109:10:109:Infinity":10,"b:111:10:111:Infinity:112:10:112:Infinity":11,"s:113:27:113:Infinity":43,"b:113:36:113:55:113:55:113:Infinity":12,"s:114:27:114:Infinity":44,"b:114:36:114:55:114:55:114:Infinity":13,"s:115:30:115:Infinity":45,"b:115:39:115:58:115:58:115:Infinity":14,"s:117:2:205:Infinity":46,"f:137:21:137:27":9,"s:137:27:137:Infinity":47,"b:146:38:146:53:146:53:146:Infinity":15,"b:167:8:175:Infinity:178:8:203:Infinity":16,"f:170:26:170:27":10,"s:171:16:171:Infinity":48}}}
,"C:\\Users\\Admin\\Sources\\zoolab-dashboard\\src\\components\\AnimalActivityChart.jsx": {"path":"C:\\Users\\Admin\\Sources\\zoolab-dashboard\\src\\components\\AnimalActivityChart.jsx","statementMap":{"0":{"start":{"line":39,"column":25},"end":{"line":168,"column":null}},"1":{"start":{"line":46,"column":15},"end":{"line":46,"column":null}},"2":{"start":{"line":47,"column":2},"end":{"line":53,"column":null}},"3":{"start":{"line":48,"column":10},"end":{"line":48,"column":null}},"4":{"start":{"line":49,"column":4},"end":{"line":49,"column":null}},"5":{"start":{"line":52,"column":4},"end":{"line":52,"column":null}},"6":{"start":{"line":56,"column":8},"end":{"line":56,"column":null}},"7":{"start":{"line":57,"column":8},"end":{"line":57,"column":null}},"8":{"start":{"line":58,"column":8},"end":{"line":58,"column":null}},"9":{"start":{"line":59,"column":8},"end":{"line":59,"column":null}},"10":{"start":{"line":60,"column":8},"end":{"line":60,"column":null}},"11":{"start":{"line":63,"column":23},"end":{"line":63,"column":null}},"12":{"start":{"line":64,"column":25},"end":{"line":64,"column":null}},"13":{"start":{"line":66,"column":2},"end":{"line":166,"column":null}},"14":{"start":{"line":120,"column":31},"end":{"line":120,"column":null}},"15":{"start":{"line":137,"column":34},"end":{"line":137,"column":null}},"16":{"start":{"line":141,"column":34},"end":{"line":141,"column":null}}},"fnMap":{"0":{"name":"(anonymous_0)","decl":{"start":{"line":39,"column":25},"end":{"line":39,"column":26}},"loc":{"start":{"line":44,"column":6},"end":{"line":168,"column":null}},"line":44},"1":{"name":"(anonymous_1)","decl":{"start":{"line":120,"column":20},"end":{"line":120,"column":21}},"loc":{"start":{"line":120,"column":31},"end":{"line":120,"column":null}},"line":120},"2":{"name":"(anonymous_2)","decl":{"start":{"line":137,"column":23},"end":{"line":137,"column":24}},"loc":{"start":{"line":137,"column":34},"end":{"line":137,"column":null}},"line":137},"3":{"name":"(anonymous_3)","decl":{"start":{"line":141,"column":23},"end":{"line":141,"column":24}},"loc":{"start":{"line":141,"column":34},"end":{"line":141,"column":null}},"line":141}},"branchMap":{"0":{"loc":{"start":{"line":49,"column":13},"end":{"line":49,"column":null}},"type":"cond-expr","locations":[{"start":{"line":49,"column":46},"end":{"line":49,"column":65}},{"start":{"line":49,"column":65},"end":{"line":49,"column":null}}],"line":49},"1":{"loc":{"start":{"line":52,"column":13},"end":{"line":52,"column":null}},"type":"binary-expr","locations":[{"start":{"line":52,"column":13},"end":{"line":52,"column":33}},{"start":{"line":52,"column":33},"end":{"line":52,"column":null}}],"line":52},"2":{"loc":{"start":{"line":63,"column":23},"end":{"line":63,"column":null}},"type":"cond-expr","locations":[{"start":{"line":63,"column":32},"end":{"line":63,"column":44}},{"start":{"line":63,"column":44},"end":{"line":63,"column":null}}],"line":63},"3":{"loc":{"start":{"line":64,"column":25},"end":{"line":64,"column":null}},"type":"cond-expr","locations":[{"start":{"line":64,"column":34},"end":{"line":64,"column":46}},{"start":{"line":64,"column":46},"end":{"line":64,"column":null}}],"line":64},"4":{"loc":{"start":{"line":160,"column":23},"end":{"line":160,"column":null}},"type":"cond-expr","locations":[{"start":{"line":160,"column":47},"end":{"line":160,"column":51}},{"start":{"line":160,"column":51},"end":{"line":160,"column":null}}],"line":160}},"s":{"0":0,"1":0,"2":0,"3":0,"4":0,"5":0,"6":0,"7":0,"8":0,"9":0,"10":0,"11":0,"12":0,"13":0,"14":0,"15":0,"16":0},"f":{"0":0,"1":0,"2":0,"3":0},"b":{"0":[0,0],"1":[0,0],"2":[0,0],"3":[0,0],"4":[0,0]},"meta":{"lastBranch":5,"lastFunction":4,"lastStatement":17,"seen":{"s:39:25:168:Infinity":0,"f:39:25:39:26":0,"s:46:15:46:Infinity":1,"s:47:2:53:Infinity":2,"s:48:10:48:Infinity":3,"s:49:4:49:Infinity":4,"b:49:46:49:65:49:65:49:Infinity":0,"s:52:4:52:Infinity":5,"b:52:13:52:33:52:33:52:Infinity":1,"s:56:8:56:Infinity":6,"s:57:8:57:Infinity":7,"s:58:8:58:Infinity":8,"s:59:8:59:Infinity":9,"s:60:8:60:Infinity":10,"s:63:23:63:Infinity":11,"b:63:32:63:44:63:44:63:Infinity":2,"s:64:25:64:Infinity":12,"b:64:34:64:46:64:46:64:Infinity":3,"s:66:2:166:Infinity":13,"f:120:20:120:21":1,"s:120:31:120:Infinity":14,"f:137:23:137:24":2,"s:137:34:137:Infinity":15,"f:141:23:141:24":3,"s:141:34:141:Infinity":16,"b:160:47:160:51:160:51:160:Infinity":4}}}
,"C:\\Users\\Admin\\Sources\\zoolab-dashboard\\src\\components\\ChartComponents.jsx": {"path":"C:\\Users\\Admin\\Sources\\zoolab-dashboard\\src\\components\\ChartComponents.jsx","statementMap":{"0":{"start":{"line":11,"column":27},"end":{"line":48,"column":null}},"1":{"start":{"line":13,"column":15},"end":{"line":13,"column":null}},"2":{"start":{"line":14,"column":2},"end":{"line":19,"column":null}},"3":{"start":{"line":15,"column":10},"end":{"line":15,"column":null}},"4":{"start":{"line":16,"column":4},"end":{"line":16,"column":null}},"5":{"start":{"line":18,"column":4},"end":{"line":18,"column":null}},"6":{"start":{"line":21,"column":2},"end":{"line":23,"column":null}},"7":{"start":{"line":22,"column":4},"end":{"line":22,"column":null}},"8":{"start":{"line":25,"column":2},"end":{"line":46,"column":null}},"9":{"start":{"line":28,"column":8},"end":{"line":44,"column":null}},"10":{"start":{"line":59,"column":25},"end":{"line":85,"column":null}},"11":{"start":{"line":61,"column":15},"end":{"line":61,"column":null}},"12":{"start":{"line":62,"column":2},"end":{"line":67,"column":null}},"13":{"start":{"line":63,"column":10},"end":{"line":63,"column":null}},"14":{"start":{"line":64,"column":4},"end":{"line":64,"column":null}},"15":{"start":{"line":66,"column":4},"end":{"line":66,"column":null}},"16":{"start":{"line":69,"column":2},"end":{"line":83,"column":null}}},"fnMap":{"0":{"name":"(anonymous_0)","decl":{"start":{"line":11,"column":27},"end":{"line":11,"column":28}},"loc":{"start":{"line":11,"column":44},"end":{"line":48,"column":null}},"line":11},"1":{"name":"(anonymous_1)","decl":{"start":{"line":27,"column":19},"end":{"line":27,"column":20}},"loc":{"start":{"line":28,"column":8},"end":{"line":44,"column":null}},"line":28},"2":{"name":"(anonymous_2)","decl":{"start":{"line":59,"column":25},"end":{"line":59,"column":26}},"loc":{"start":{"line":59,"column":48},"end":{"line":85,"column":null}},"line":59}},"branchMap":{"0":{"loc":{"start":{"line":21,"column":2},"end":{"line":23,"column":null}},"type":"if","locations":[{"start":{"line":21,"column":2},"end":{"line":23,"column":null}},{"start":{},"end":{}}],"line":21},"1":{"loc":{"start":{"line":21,"column":6},"end":{"line":21,"column":40}},"type":"binary-expr","locations":[{"start":{"line":21,"column":6},"end":{"line":21,"column":18}},{"start":{"line":21,"column":18},"end":{"line":21,"column":40}}],"line":21},"2":{"loc":{"start":{"line":38,"column":14},"end":{"line":38,"column":null}},"type":"cond-expr","locations":[{"start":{"line":38,"column":23},"end":{"line":38,"column":42}},{"start":{"line":38,"column":42},"end":{"line":38,"column":null}}],"line":38},"3":{"loc":{"start":{"line":76,"column":14},"end":{"line":76,"column":null}},"type":"cond-expr","locations":[{"start":{"line":76,"column":23},"end":{"line":76,"column":35}},{"start":{"line":76,"column":35},"end":{"line":76,"column":null}}],"line":76}},"s":{"0":0,"1":0,"2":0,"3":0,"4":0,"5":0,"6":0,"7":0,"8":0,"9":0,"10":0,"11":0,"12":0,"13":0,"14":0,"15":0,"16":0},"f":{"0":0,"1":0,"2":0},"b":{"0":[0,0],"1":[0,0],"2":[0,0],"3":[0,0]},"meta":{"lastBranch":4,"lastFunction":3,"lastStatement":17,"seen":{"s:11:27:48:Infinity":0,"f:11:27:11:28":0,"s:13:15:13:Infinity":1,"s:14:2:19:Infinity":2,"s:15:10:15:Infinity":3,"s:16:4:16:Infinity":4,"s:18:4:18:Infinity":5,"b:21:2:23:Infinity:undefined:undefined:undefined:undefined":0,"s:21:2:23:Infinity":6,"b:21:6:21:18:21:18:21:40":1,"s:22:4:22:Infinity":7,"s:25:2:46:Infinity":8,"f:27:19:27:20":1,"s:28:8:44:Infinity":9,"b:38:23:38:42:38:42:38:Infinity":2,"s:59:25:85:Infinity":10,"f:59:25:59:26":2,"s:61:15:61:Infinity":11,"s:62:2:67:Infinity":12,"s:63:10:63:Infinity":13,"s:64:4:64:Infinity":14,"s:66:4:66:Infinity":15,"s:69:2:83:Infinity":16,"b:76:23:76:35:76:35:76:Infinity":3}}}
,"C:\\Users\\Admin\\Sources\\zoolab-dashboard\\src\\components\\CompanyModalContent.jsx": {"path":"C:\\Users\\Admin\\Sources\\zoolab-dashboard\\src\\components\\CompanyModalContent.jsx","statementMap":{"0":{"start":{"line":11,"column":28},"end":{"line":140,"column":null}},"1":{"start":{"line":13,"column":15},"end":{"line":13,"column":null}},"2":{"start":{"line":14,"column":2},"end":{"line":20,"column":null}},"3":{"start":{"line":15,"column":10},"end":{"line":15,"column":null}},"4":{"start":{"line":16,"column":4},"end":{"line":16,"column":null}},"5":{"start":{"line":19,"column":4},"end":{"line":19,"column":null}},"6":{"start":{"line":23,"column":25},"end":{"line":23,"column":null}},"7":{"start":{"line":24,"column":22},"end":{"line":24,"column":null}},"8":{"start":{"line":25,"column":22},"end":{"line":25,"column":null}},"9":{"start":{"line":27,"column":2},"end":{"line":138,"column":null}}},"fnMap":{"0":{"name":"(anonymous_0)","decl":{"start":{"line":11,"column":28},"end":{"line":11,"column":29}},"loc":{"start":{"line":11,"column":64},"end":{"line":140,"column":null}},"line":11}},"branchMap":{"0":{"loc":{"start":{"line":16,"column":13},"end":{"line":16,"column":null}},"type":"cond-expr","locations":[{"start":{"line":16,"column":46},"end":{"line":16,"column":65}},{"start":{"line":16,"column":65},"end":{"line":16,"column":null}}],"line":16},"1":{"loc":{"start":{"line":19,"column":13},"end":{"line":19,"column":null}},"type":"binary-expr","locations":[{"start":{"line":19,"column":13},"end":{"line":19,"column":33}},{"start":{"line":19,"column":33},"end":{"line":19,"column":null}}],"line":19},"2":{"loc":{"start":{"line":23,"column":25},"end":{"line":23,"column":null}},"type":"cond-expr","locations":[{"start":{"line":23,"column":34},"end":{"line":23,"column":53}},{"start":{"line":23,"column":53},"end":{"line":23,"column":null}}],"line":23},"3":{"loc":{"start":{"line":24,"column":22},"end":{"line":24,"column":null}},"type":"cond-expr","locations":[{"start":{"line":24,"column":31},"end":{"line":24,"column":50}},{"start":{"line":24,"column":50},"end":{"line":24,"column":null}}],"line":24},"4":{"loc":{"start":{"line":25,"column":22},"end":{"line":25,"column":null}},"type":"cond-expr","locations":[{"start":{"line":25,"column":31},"end":{"line":25,"column":51}},{"start":{"line":25,"column":51},"end":{"line":25,"column":null}}],"line":25},"5":{"loc":{"start":{"line":124,"column":10},"end":{"line":126,"column":null}},"type":"cond-expr","locations":[{"start":{"line":125,"column":14},"end":{"line":125,"column":null}},{"start":{"line":126,"column":14},"end":{"line":126,"column":null}}],"line":124},"6":{"loc":{"start":{"line":131,"column":12},"end":{"line":131,"column":null}},"type":"cond-expr","locations":[{"start":{"line":131,"column":21},"end":{"line":131,"column":42}},{"start":{"line":131,"column":42},"end":{"line":131,"column":null}}],"line":131}},"s":{"0":0,"1":0,"2":0,"3":0,"4":0,"5":0,"6":0,"7":0,"8":0,"9":0},"f":{"0":0},"b":{"0":[0,0],"1":[0,0],"2":[0,0],"3":[0,0],"4":[0,0],"5":[0,0],"6":[0,0]},"meta":{"lastBranch":7,"lastFunction":1,"lastStatement":10,"seen":{"s:11:28:140:Infinity":0,"f:11:28:11:29":0,"s:13:15:13:Infinity":1,"s:14:2:20:Infinity":2,"s:15:10:15:Infinity":3,"s:16:4:16:Infinity":4,"b:16:46:16:65:16:65:16:Infinity":0,"s:19:4:19:Infinity":5,"b:19:13:19:33:19:33:19:Infinity":1,"s:23:25:23:Infinity":6,"b:23:34:23:53:23:53:23:Infinity":2,"s:24:22:24:Infinity":7,"b:24:31:24:50:24:50:24:Infinity":3,"s:25:22:25:Infinity":8,"b:25:31:25:51:25:51:25:Infinity":4,"s:27:2:138:Infinity":9,"b:125:14:125:Infinity:126:14:126:Infinity":5,"b:131:21:131:42:131:42:131:Infinity":6}}}
,"C:\\Users\\Admin\\Sources\\zoolab-dashboard\\src\\components\\CustomTooltip.jsx": {"path":"C:\\Users\\Admin\\Sources\\zoolab-dashboard\\src\\components\\CustomTooltip.jsx","statementMap":{"0":{"start":{"line":11,"column":27},"end":{"line":16,"column":null}},"1":{"start":{"line":12,"column":2},"end":{"line":14,"column":null}},"2":{"start":{"line":13,"column":4},"end":{"line":13,"column":null}},"3":{"start":{"line":15,"column":2},"end":{"line":15,"column":null}},"4":{"start":{"line":28,"column":22},"end":{"line":83,"column":null}},"5":{"start":{"line":35,"column":15},"end":{"line":35,"column":null}},"6":{"start":{"line":36,"column":2},"end":{"line":42,"column":null}},"7":{"start":{"line":37,"column":10},"end":{"line":37,"column":null}},"8":{"start":{"line":38,"column":4},"end":{"line":38,"column":null}},"9":{"start":{"line":41,"column":4},"end":{"line":41,"column":null}},"10":{"start":{"line":44,"column":2},"end":{"line":46,"column":null}},"11":{"start":{"line":45,"column":4},"end":{"line":45,"column":null}},"12":{"start":{"line":48,"column":2},"end":{"line":81,"column":null}},"13":{"start":{"line":70,"column":8},"end":{"line":79,"column":null}}},"fnMap":{"0":{"name":"(anonymous_0)","decl":{"start":{"line":11,"column":27},"end":{"line":11,"column":28}},"loc":{"start":{"line":11,"column":47},"end":{"line":16,"column":null}},"line":11},"1":{"name":"(anonymous_1)","decl":{"start":{"line":28,"column":22},"end":{"line":28,"column":23}},"loc":{"start":{"line":33,"column":6},"end":{"line":83,"column":null}},"line":33},"2":{"name":"(anonymous_2)","decl":{"start":{"line":69,"column":19},"end":{"line":69,"column":20}},"loc":{"start":{"line":70,"column":8},"end":{"line":79,"column":null}},"line":70}},"branchMap":{"0":{"loc":{"start":{"line":12,"column":2},"end":{"line":14,"column":null}},"type":"if","locations":[{"start":{"line":12,"column":2},"end":{"line":14,"column":null}},{"start":{},"end":{}}],"line":12},"1":{"loc":{"start":{"line":12,"column":6},"end":{"line":12,"column":56}},"type":"binary-expr","locations":[{"start":{"line":12,"column":6},"end":{"line":12,"column":35}},{"start":{"line":12,"column":35},"end":{"line":12,"column":56}}],"line":12},"2":{"loc":{"start":{"line":38,"column":13},"end":{"line":38,"column":null}},"type":"cond-expr","locations":[{"start":{"line":38,"column":46},"end":{"line":38,"column":65}},{"start":{"line":38,"column":65},"end":{"line":38,"column":null}}],"line":38},"3":{"loc":{"start":{"line":41,"column":13},"end":{"line":41,"column":null}},"type":"binary-expr","locations":[{"start":{"line":41,"column":13},"end":{"line":41,"column":33}},{"start":{"line":41,"column":33},"end":{"line":41,"column":null}}],"line":41},"4":{"loc":{"start":{"line":44,"column":2},"end":{"line":46,"column":null}},"type":"if","locations":[{"start":{"line":44,"column":2},"end":{"line":46,"column":null}},{"start":{},"end":{}}],"line":44},"5":{"loc":{"start":{"line":44,"column":6},"end":{"line":44,"column":51}},"type":"binary-expr","locations":[{"start":{"line":44,"column":6},"end":{"line":44,"column":17}},{"start":{"line":44,"column":17},"end":{"line":44,"column":29}},{"start":{"line":44,"column":29},"end":{"line":44,"column":51}}],"line":44},"6":{"loc":{"start":{"line":51,"column":8},"end":{"line":53,"column":null}},"type":"cond-expr","locations":[{"start":{"line":52,"column":12},"end":{"line":52,"column":null}},{"start":{"line":53,"column":12},"end":{"line":53,"column":null}}],"line":51},"7":{"loc":{"start":{"line":59,"column":7},"end":{"line":67,"column":null}},"type":"binary-expr","locations":[{"start":{"line":59,"column":7},"end":{"line":59,"column":null}},{"start":{"line":60,"column":8},"end":{"line":67,"column":null}}],"line":59},"8":{"loc":{"start":{"line":62,"column":12},"end":{"line":62,"column":null}},"type":"cond-expr","locations":[{"start":{"line":62,"column":21},"end":{"line":62,"column":40}},{"start":{"line":62,"column":40},"end":{"line":62,"column":null}}],"line":62}},"s":{"0":1,"1":59,"2":51,"3":8,"4":1,"5":61,"6":61,"7":61,"8":61,"9":2,"10":61,"11":7,"12":54,"13":59},"f":{"0":59,"1":61,"2":59},"b":{"0":[51,8],"1":[59,58],"2":[2,57],"3":[2,1],"4":[7,54],"5":[61,57,55],"6":[7,47],"7":[61,52],"8":[7,45]},"meta":{"lastBranch":9,"lastFunction":3,"lastStatement":14,"seen":{"s:11:27:16:Infinity":0,"f:11:27:11:28":0,"b:12:2:14:Infinity:undefined:undefined:undefined:undefined":0,"s:12:2:14:Infinity":1,"b:12:6:12:35:12:35:12:56":1,"s:13:4:13:Infinity":2,"s:15:2:15:Infinity":3,"s:28:22:83:Infinity":4,"f:28:22:28:23":1,"s:35:15:35:Infinity":5,"s:36:2:42:Infinity":6,"s:37:10:37:Infinity":7,"s:38:4:38:Infinity":8,"b:38:46:38:65:38:65:38:Infinity":2,"s:41:4:41:Infinity":9,"b:41:13:41:33:41:33:41:Infinity":3,"b:44:2:46:Infinity:undefined:undefined:undefined:undefined":4,"s:44:2:46:Infinity":10,"b:44:6:44:17:44:17:44:29:44:29:44:51":5,"s:45:4:45:Infinity":11,"s:48:2:81:Infinity":12,"b:52:12:52:Infinity:53:12:53:Infinity":6,"b:59:7:59:Infinity:60:8:67:Infinity":7,"b:62:21:62:40:62:40:62:Infinity":8,"f:69:19:69:20":2,"s:70:8:79:Infinity":13}}}
,"C:\\Users\\Admin\\Sources\\zoolab-dashboard\\src\\components\\DietDistributionChart.jsx": {"path":"C:\\Users\\Admin\\Sources\\zoolab-dashboard\\src\\components\\DietDistributionChart.jsx","statementMap":{"0":{"start":{"line":11,"column":15},"end":{"line":11,"column":null}},"1":{"start":{"line":18,"column":30},"end":{"line":49,"column":null}},"2":{"start":{"line":26,"column":17},"end":{"line":26,"column":null}},"3":{"start":{"line":27,"column":12},"end":{"line":27,"column":null}},"4":{"start":{"line":28,"column":12},"end":{"line":28,"column":null}},"5":{"start":{"line":31,"column":21},"end":{"line":31,"column":null}},"6":{"start":{"line":33,"column":2},"end":{"line":47,"column":null}},"7":{"start":{"line":61,"column":30},"end":{"line":216,"column":null}},"8":{"start":{"line":68,"column":15},"end":{"line":68,"column":null}},"9":{"start":{"line":69,"column":2},"end":{"line":75,"column":null}},"10":{"start":{"line":70,"column":10},"end":{"line":70,"column":null}},"11":{"start":{"line":71,"column":4},"end":{"line":71,"column":null}},"12":{"start":{"line":74,"column":4},"end":{"line":74,"column":null}},"13":{"start":{"line":77,"column":8},"end":{"line":77,"column":null}},"14":{"start":{"line":78,"column":40},"end":{"line":78,"column":null}},"15":{"start":{"line":79,"column":44},"end":{"line":79,"column":null}},"16":{"start":{"line":82,"column":8},"end":{"line":82,"column":null}},"17":{"start":{"line":83,"column":8},"end":{"line":83,"column":null}},"18":{"start":{"line":86,"column":2},"end":{"line":94,"column":null}},"19":{"start":{"line":87,"column":28},"end":{"line":89,"column":null}},"20":{"start":{"line":88,"column":6},"end":{"line":88,"column":null}},"21":{"start":{"line":91,"column":4},"end":{"line":91,"column":null}},"22":{"start":{"line":92,"column":4},"end":{"line":92,"column":null}},"23":{"start":{"line":93,"column":4},"end":{"line":93,"column":null}},"24":{"start":{"line":93,"column":17},"end":{"line":93,"column":null}},"25":{"start":{"line":97,"column":8},"end":{"line":108,"column":null}},"26":{"start":{"line":99,"column":6},"end":{"line":105,"column":null}},"27":{"start":{"line":100,"column":25},"end":{"line":100,"column":null}},"28":{"start":{"line":102,"column":29},"end":{"line":102,"column":null}},"29":{"start":{"line":103,"column":29},"end":{"line":103,"column":null}},"30":{"start":{"line":104,"column":8},"end":{"line":104,"column":null}},"31":{"start":{"line":110,"column":2},"end":{"line":214,"column":null}},"32":{"start":{"line":162,"column":16},"end":{"line":167,"column":null}},"33":{"start":{"line":171,"column":34},"end":{"line":171,"column":null}},"34":{"start":{"line":188,"column":12},"end":{"line":210,"column":null}}},"fnMap":{"0":{"name":"(anonymous_0)","decl":{"start":{"line":18,"column":30},"end":{"line":18,"column":31}},"loc":{"start":{"line":25,"column":6},"end":{"line":49,"column":null}},"line":25},"1":{"name":"(anonymous_1)","decl":{"start":{"line":61,"column":30},"end":{"line":61,"column":31}},"loc":{"start":{"line":66,"column":6},"end":{"line":216,"column":null}},"line":66},"2":{"name":"(anonymous_2)","decl":{"start":{"line":86,"column":12},"end":{"line":86,"column":18}},"loc":{"start":{"line":86,"column":18},"end":{"line":94,"column":5}},"line":86},"3":{"name":"(anonymous_3)","decl":{"start":{"line":87,"column":28},"end":{"line":87,"column":34}},"loc":{"start":{"line":87,"column":34},"end":{"line":89,"column":null}},"line":87},"4":{"name":"(anonymous_4)","decl":{"start":{"line":93,"column":11},"end":{"line":93,"column":17}},"loc":{"start":{"line":93,"column":17},"end":{"line":93,"column":null}},"line":93},"5":{"name":"(anonymous_5)","decl":{"start":{"line":98,"column":4},"end":{"line":98,"column":5}},"loc":{"start":{"line":98,"column":15},"end":{"line":106,"column":null}},"line":98},"6":{"name":"(anonymous_6)","decl":{"start":{"line":161,"column":24},"end":{"line":161,"column":25}},"loc":{"start":{"line":162,"column":16},"end":{"line":167,"column":null}},"line":162},"7":{"name":"(anonymous_7)","decl":{"start":{"line":171,"column":23},"end":{"line":171,"column":24}},"loc":{"start":{"line":171,"column":34},"end":{"line":171,"column":null}},"line":171},"8":{"name":"(anonymous_8)","decl":{"start":{"line":187,"column":20},"end":{"line":187,"column":21}},"loc":{"start":{"line":188,"column":12},"end":{"line":210,"column":null}},"line":188}},"branchMap":{"0":{"loc":{"start":{"line":31,"column":21},"end":{"line":31,"column":null}},"type":"cond-expr","locations":[{"start":{"line":31,"column":30},"end":{"line":31,"column":40}},{"start":{"line":31,"column":40},"end":{"line":31,"column":null}}],"line":31},"1":{"loc":{"start":{"line":71,"column":13},"end":{"line":71,"column":null}},"type":"cond-expr","locations":[{"start":{"line":71,"column":46},"end":{"line":71,"column":65}},{"start":{"line":71,"column":65},"end":{"line":71,"column":null}}],"line":71},"2":{"loc":{"start":{"line":74,"column":13},"end":{"line":74,"column":null}},"type":"binary-expr","locations":[{"start":{"line":74,"column":13},"end":{"line":74,"column":33}},{"start":{"line":74,"column":33},"end":{"line":74,"column":null}}],"line":74},"3":{"loc":{"start":{"line":99,"column":6},"end":{"line":105,"column":null}},"type":"if","locations":[{"start":{"line":99,"column":6},"end":{"line":105,"column":null}},{"start":{},"end":{}}],"line":99},"4":{"loc":{"start":{"line":99,"column":10},"end":{"line":99,"column":60}},"type":"binary-expr","locations":[{"start":{"line":99,"column":10},"end":{"line":99,"column":19}},{"start":{"line":99,"column":19},"end":{"line":99,"column":45}},{"start":{"line":99,"column":45},"end":{"line":99,"column":60}}],"line":99},"5":{"loc":{"start":{"line":132,"column":22},"end":{"line":132,"column":53}},"type":"cond-expr","locations":[{"start":{"line":132,"column":38},"end":{"line":132,"column":47}},{"start":{"line":132,"column":47},"end":{"line":132,"column":53}}],"line":132},"6":{"loc":{"start":{"line":133,"column":10},"end":{"line":133,"column":null}},"type":"cond-expr","locations":[{"start":{"line":133,"column":19},"end":{"line":133,"column":38}},{"start":{"line":133,"column":38},"end":{"line":133,"column":null}}],"line":133},"7":{"loc":{"start":{"line":140,"column":14},"end":{"line":142,"column":null}},"type":"cond-expr","locations":[{"start":{"line":141,"column":18},"end":{"line":141,"column":null}},{"start":{"line":142,"column":18},"end":{"line":142,"column":null}}],"line":140},"8":{"loc":{"start":{"line":150,"column":27},"end":{"line":150,"column":null}},"type":"cond-expr","locations":[{"start":{"line":150,"column":43},"end":{"line":150,"column":48}},{"start":{"line":150,"column":48},"end":{"line":150,"column":null}}],"line":150},"9":{"loc":{"start":{"line":151,"column":27},"end":{"line":151,"column":null}},"type":"cond-expr","locations":[{"start":{"line":151,"column":43},"end":{"line":151,"column":48}},{"start":{"line":151,"column":48},"end":{"line":151,"column":null}}],"line":151},"10":{"loc":{"start":{"line":156,"column":21},"end":{"line":156,"column":null}},"type":"cond-expr","locations":[{"start":{"line":156,"column":37},"end":{"line":156,"column":45}},{"start":{"line":156,"column":45},"end":{"line":156,"column":null}}],"line":156},"11":{"loc":{"start":{"line":178,"column":24},"end":{"line":178,"column":null}},"type":"cond-expr","locations":[{"start":{"line":178,"column":40},"end":{"line":178,"column":58}},{"start":{"line":178,"column":58},"end":{"line":178,"column":null}}],"li
[...]
decl":{"start":{"line":14,"column":15},"end":{"line":14,"column":16}},"loc":{"start":{"line":14,"column":43},"end":{"line":16,"column":1}},"line":14},"1":{"name":"(anonymous_1)","decl":{"start":{"line":24,"column":19},"end":{"line":24,"column":20}},"loc":{"start":{"line":24,"column":50},"end":{"line":28,"column":1}},"line":24},"2":{"name":"(anonymous_2)","decl":{"start":{"line":36,"column":21},"end":{"line":36,"column":22}},"loc":{"start":{"line":36,"column":48},"end":{"line":41,"column":1}},"line":36},"3":{"name":"(anonymous_3)","decl":{"start":{"line":182,"column":28},"end":{"line":182,"column":29}},"loc":{"start":{"line":182,"column":34},"end":{"line":182,"column":65}},"line":182},"4":{"name":"(anonymous_4)","decl":{"start":{"line":188,"column":29},"end":{"line":188,"column":30}},"loc":{"start":{"line":188,"column":35},"end":{"line":188,"column":67}},"line":188},"5":{"name":"(anonymous_5)","decl":{"start":{"line":194,"column":25},"end":{"line":194,"column":26}},"loc":{"start":{"line":194,"column":31},"end":{"line":194,"column":59}},"line":194},"6":{"name":"(anonymous_6)","decl":{"start":{"line":200,"column":25},"end":{"line":200,"column":26}},"loc":{"start":{"line":200,"column":31},"end":{"line":203,"column":1}},"line":200},"7":{"name":"(anonymous_7)","decl":{"start":{"line":210,"column":32},"end":{"line":210,"column":33}},"loc":{"start":{"line":210,"column":49},"end":{"line":212,"column":1}},"line":210},"8":{"name":"(anonymous_8)","decl":{"start":{"line":219,"column":27},"end":{"line":219,"column":28}},"loc":{"start":{"line":219,"column":37},"end":{"line":222,"column":1}},"line":219},"9":{"name":"(anonymous_9)","decl":{"start":{"line":227,"column":25},"end":{"line":227,"column":26}},"loc":{"start":{"line":227,"column":31},"end":{"line":237,"column":1}},"line":227}},"branchMap":{"0":{"loc":{"start":{"line":14,"column":21},"end":{"line":14,"column":38}},"type":"default-arg","locations":[{"start":{"line":14,"column":36},"end":{"line":14,"column":38}}],"line":14},"1":{"loc":{"start":{"line":15,"column":9},"end":{"line":15,"column":45}},"type":"binary-expr","locations":[{"start":{"line":15,"column":9},"end":{"line":15,"column":29}},{"start":{"line":15,"column":33},"end":{"line":15,"column":45}}],"line":15},"2":{"loc":{"start":{"line":24,"column":25},"end":{"line":24,"column":45}},"type":"default-arg","locations":[{"start":{"line":24,"column":40},"end":{"line":24,"column":45}}],"line":24},"3":{"loc":{"start":{"line":26,"column":2},"end":{"line":26,"column":63}},"type":"if","locations":[{"start":{"line":26,"column":2},"end":{"line":26,"column":63}},{"start":{},"end":{}}],"line":26},"4":{"loc":{"start":{"line":26,"column":6},"end":{"line":26,"column":41}},"type":"binary-expr","locations":[{"start":{"line":26,"column":6},"end":{"line":26,"column":25}},{"start":{"line":26,"column":29},"end":{"line":26,"column":41}}],"line":26},"5":{"loc":{"start":{"line":27,"column":9},"end":{"line":27,"column":42}},"type":"binary-expr","locations":[{"start":{"line":27,"column":9},"end":{"line":27,"column":25}},{"start":{"line":27,"column":29},"end":{"line":27,"column":42}}],"line":27},"6":{"loc":{"start":{"line":36,"column":27},"end":{"line":36,"column":43}},"type":"default-arg","locations":[{"start":{"line":36,"column":42},"end":{"line":36,"column":43}}],"line":36},"7":{"loc":{"start":{"line":38,"column":2},"end":{"line":38,"column":63}},"type":"if","locations":[{"start":{"line":38,"column":2},"end":{"line":38,"column":63}},{"start":{},"end":{}}],"line":38},"8":{"loc":{"start":{"line":38,"column":6},"end":{"line":38,"column":41}},"type":"binary-expr","locations":[{"start":{"line":38,"column":6},"end":{"line":38,"column":25}},{"start":{"line":38,"column":29},"end":{"line":38,"column":41}}],"line":38},"9":{"loc":{"start":{"line":40,"column":9},"end":{"line":40,"column":46}},"type":"cond-expr","locations":[{"start":{"line":40,"column":25},"end":{"line":40,"column":37}},{"start":{"line":40,"column":40},"end":{"line":40,"column":46}}],"line":40},"10":{"loc":{"start":{"line":202,"column":9},"end":{"line":202,"column":52}},"type":"cond-expr","locations":[{"start":{"line":202,"column":19},"end":{"line":202,"column":42}},{"start":{"line":202,"column":45},"end":{"line":202,"column":52}}],"line":202},"11":{"loc":{"start":{"line":211,"column":9},"end":{"line":211,"column":46}},"type":"binary-expr","locations":[{"start":{"line":211,"column":9},"end":{"line":211,"column":37}},{"start":{"line":211,"column":41},"end":{"line":211,"column":46}}],"line":211},"12":{"loc":{"start":{"line":221,"column":9},"end":{"line":221,"column":44}},"type":"cond-expr","locations":[{"start":{"line":221,"column":18},"end":{"line":221,"column":37}},{"start":{"line":221,"column":40},"end":{"line":221,"column":44}}],"line":221},"13":{"loc":{"start":{"line":228,"column":2},"end":{"line":228,"column":31}},"type":"if","locations":[{"start":{"line":228,"column":2},"end":{"line":228,"column":31}},{"start":{},"end":{}}],"line":228}},"s":{"0":0,"1":0,"2":0,"3":0,"4":0,"5":0,"6":0,"7":0,"8":0,"9":0,"10":0,"11":0,"12":0,"13":0,"14":0,"15":0,"16":0,"17":0,"18":0,"19":0,"20":0,"21":0,"22":0,"23":0,"24":0,"25":0,"26":0,"27":0,"28":0,"29":0,"30":0,"31":0,"32":0,"33":0,"34":0,"35":0,"36":0,"37":0},"f":{"0":0,"1":0,"2":0,"3":0,"4":0,"5":0,"6":0,"7":0,"8":0,"9":0},"b":{"0":[0],"1":[0,0],"2":[0],"3":[0,0],"4":[0,0],"5":[0,0],"6":[0],"7":[0,0],"8":[0,0],"9":[0,0],"10":[0,0],"11":[0,0],"12":[0,0],"13":[0,0]},"meta":{"lastBranch":14,"lastFunction":10,"lastStatement":38,"seen":{"s:14:15:16:1":0,"f:14:15:14:16":0,"b:14:36:14:38":0,"s:15:2:15:46":1,"b:15:9:15:29:15:33:15:45":1,"s:24:19:28:1":2,"f:24:19:24:20":1,"b:24:40:24:45":2,"s:25:16:25:36":3,"b:26:2:26:63:undefined:undefined:undefined:undefined":3,"s:26:2:26:63":4,"b:26:6:26:25:26:29:26:41":4,"s:26:43:26:63":5,"s:27:2:27:43":6,"b:27:9:27:25:27:29:27:42":5,"s:36:21:41:1":7,"f:36:21:36:22":2,"b:36:42:36:43":6,"s:37:16:37:36":8,"b:38:2:38:63:undefined:undefined:undefined:undefined":7,"s:38:2:38:63":9,"b:38:6:38:25:38:29:38:41":8,"s:38:43:38:63":10,"s:39:17:39:36":11,"s:40:2:40:47":12,"b:40:25:40:37:40:40:40:46":9,"s:47:15:172:1":13,"s:182:28:182:65":14,"f:182:28:182:29":3,"s:182:34:182:65":15,"s:188:29:188:67":16,"f:188:29:188:30":4,"s:188:35:188:67":17,"s:194:25:194:59":18,"f:194:25:194:26":5,"s:194:31:194:59":19,"s:200:25:203:1":20,"f:200:25:200:26":6,"s:201:31:201:41":21,"s:202:2:202:53":22,"b:202:19:202:42:202:45:202:52":10,"s:210:32:212:1":23,"f:210:32:210:33":7,"s:211:2:211:47":24,"b:211:9:211:37:211:41:211:46":11,"s:219:27:222:1":25,"f:219:27:219:28":8,"s:220:17:220:38":26,"s:221:2:221:45":27,"b:221:18:221:37:221:40:221:44":12,"s:227:25:237:1":28,"f:227:25:227:26":9,"b:228:2:228:31:undefined:undefined:undefined:undefined":13,"s:228:2:228:31":29,"s:228:24:228:31":30,"s:230:2:230:53":31,"s:231:2:231:46":32,"s:232:2:232:46":33,"s:233:2:233:39":34,"s:234:2:234:44":35,"s:235:2:235:51":36,"s:236:2:236:21":37}}}
,"C:\\Users\\Admin\\Sources\\zoolab-dashboard\\src\\config\\index.js": {"path":"C:\\Users\\Admin\\Sources\\zoolab-dashboard\\src\\config\\index.js","statementMap":{},"fnMap":{},"branchMap":{},"s":{},"f":{},"b":{},"meta":{"lastBranch":0,"lastFunction":0,"lastStatement":0,"seen":{}}}
,"C:\\Users\\Admin\\Sources\\zoolab-dashboard\\src\\hooks\\ThemeContext.js": {"path":"C:\\Users\\Admin\\Sources\\zoolab-dashboard\\src\\hooks\\ThemeContext.js","statementMap":{"0":{"start":{"line":13,"column":27},"end":{"line":13,"column":52}}},"fnMap":{},"branchMap":{},"s":{"0":5},"f":{},"b":{},"meta":{"lastBranch":0,"lastFunction":0,"lastStatement":1,"seen":{"s:13:27:13:52":0}}}
,"C:\\Users\\Admin\\Sources\\zoolab-dashboard\\src\\hooks\\ThemeProvider.jsx": {"path":"C:\\Users\\Admin\\Sources\\zoolab-dashboard\\src\\hooks\\ThemeProvider.jsx","statementMap":{"0":{"start":{"line":12,"column":22},"end":{"line":47,"column":null}},"1":{"start":{"line":13,"column":26},"end":{"line":22,"column":null}},"2":{"start":{"line":15,"column":4},"end":{"line":20,"column":null}},"3":{"start":{"line":16,"column":20},"end":{"line":16,"column":null}},"4":{"start":{"line":17,"column":6},"end":{"line":19,"column":null}},"5":{"start":{"line":18,"column":8},"end":{"line":18,"column":null}},"6":{"start":{"line":21,"column":4},"end":{"line":21,"column":null}},"7":{"start":{"line":25,"column":2},"end":{"line":27,"column":null}},"8":{"start":{"line":26,"column":4},"end":{"line":26,"column":null}},"9":{"start":{"line":29,"column":22},"end":{"line":29,"column":null}},"10":{"start":{"line":29,"column":28},"end":{"line":29,"column":null}},"11":{"start":{"line":29,"column":48},"end":{"line":29,"column":53}},"12":{"start":{"line":31,"column":22},"end":{"line":31,"column":null}},"13":{"start":{"line":31,"column":33},"end":{"line":31,"column":null}},"14":{"start":{"line":34,"column":8},"end":{"line":42,"column":null}},"15":{"start":{"line":35,"column":11},"end":{"line":40,"column":null}},"16":{"start":{"line":44,"column":2},"end":{"line":45,"column":null}}},"fnMap":{"0":{"name":"(anonymous_0)","decl":{"start":{"line":12,"column":22},"end":{"line":12,"column":23}},"loc":{"start":{"line":12,"column":65},"end":{"line":47,"column":null}},"line":12},"1":{"name":"(anonymous_1)","decl":{"start":{"line":13,"column":39},"end":{"line":13,"column":45}},"loc":{"start":{"line":13,"column":45},"end":{"line":22,"column":3}},"line":13},"2":{"name":"(anonymous_2)","decl":{"start":{"line":25,"column":12},"end":{"line":25,"column":18}},"loc":{"start":{"line":25,"column":18},"end":{"line":27,"column":5}},"line":25},"3":{"name":"(anonymous_3)","decl":{"start":{"line":29,"column":22},"end":{"line":29,"column":28}},"loc":{"start":{"line":29,"column":28},"end":{"line":29,"column":null}},"line":29},"4":{"name":"(anonymous_4)","decl":{"start":{"line":29,"column":38},"end":{"line":29,"column":39}},"loc":{"start":{"line":29,"column":48},"end":{"line":29,"column":53}},"line":29},"5":{"name":"(anonymous_5)","decl":{"start":{"line":31,"column":22},"end":{"line":31,"column":23}},"loc":{"start":{"line":31,"column":33},"end":{"line":31,"column":null}},"line":31},"6":{"name":"(anonymous_6)","decl":{"start":{"line":35,"column":4},"end":{"line":35,"column":11}},"loc":{"start":{"line":35,"column":11},"end":{"line":40,"column":null}},"line":35}},"branchMap":{"0":{"loc":{"start":{"line":12,"column":35},"end":{"line":12,"column":59}},"type":"default-arg","locations":[{"start":{"line":12,"column":53},"end":{"line":12,"column":59}}],"line":12},"1":{"loc":{"start":{"line":15,"column":4},"end":{"line":20,"column":null}},"type":"if","locations":[{"start":{"line":15,"column":4},"end":{"line":20,"column":null}},{"start":{},"end":{}}],"line":15},"2":{"loc":{"start":{"line":17,"column":6},"end":{"line":19,"column":null}},"type":"if","locations":[{"start":{"line":17,"column":6},"end":{"line":19,"column":null}},{"start":{},"end":{}}],"line":17},"3":{"loc":{"start":{"line":26,"column":41},"end":{"line":26,"column":66}},"type":"cond-expr","locations":[{"start":{"line":26,"column":50},"end":{"line":26,"column":59}},{"start":{"line":26,"column":59},"end":{"line":26,"column":66}}],"line":26}},"s":{"0":5,"1":250,"2":219,"3":219,"4":219,"5":10,"6":209,"7":250,"8":247,"9":250,"10":23,"11":23,"12":250,"13":13,"14":250,"15":247,"16":250},"f":{"0":250,"1":219,"2":247,"3":23,"4":23,"5":13,"6":247},"b":{"0":[250],"1":[219,0],"2":[10,209],"3":[55,192]},"meta":{"lastBranch":4,"lastFunction":7,"lastStatement":17,"seen":{"s:12:22:47:Infinity":0,"f:12:22:12:23":0,"b:12:53:12:59":0,"s:13:26:22:Infinity":1,"f:13:39:13:45":1,"b:15:4:20:Infinity:undefined:undefined:undefined:undefined":1,"s:15:4:20:Infinity":2,"s:16:20:16:Infinity":3,"b:17:6:19:Infinity:undefined:undefined:undefined:undefined":2,"s:17:6:19:Infinity":4,"s:18:8:18:Infinity":5,"s:21:4:21:Infinity":6,"s:25:2:27:Infinity":7,"f:25:12:25:18":2,"s:26:4:26:Infinity":8,"b:26:50:26:59:26:59:26:66":3,"s:29:22:29:Infinity":9,"f:29:22:29:28":3,"s:29:28:29:Infinity":10,"f:29:38:29:39":4,"s:29:48:29:53":11,"s:31:22:31:Infinity":12,"f:31:22:31:23":5,"s:31:33:31:Infinity":13,"s:34:8:42:Infinity":14,"f:35:4:35:11":6,"s:35:11:40:Infinity":15,"s:44:2:45:Infinity":16}}}
,"C:\\Users\\Admin\\Sources\\zoolab-dashboard\\src\\hooks\\useGlobalStyles.js": {"path":"C:\\Users\\Admin\\Sources\\zoolab-dashboard\\src\\hooks\\useGlobalStyles.js","statementMap":{"0":{"start":{"line":8,"column":24},"end":{"line":88,"column":1}},"1":{"start":{"line":9,"column":1},"end":{"line":87,"column":null}},"2":{"start":{"line":10,"column":20},"end":{"line":10,"column":42}},"3":{"start":{"line":11,"column":23},"end":{"line":11,"column":55}},"4":{"start":{"line":13,"column":4},"end":{"line":17,"column":null}},"5":{"start":{"line":14,"column":6},"end":{"line":14,"column":null}},"6":{"start":{"line":15,"column":6},"end":{"line":15,"column":null}},"7":{"start":{"line":16,"column":6},"end":{"line":16,"column":null}},"8":{"start":{"line":19,"column":4},"end":{"line":82,"column":null}},"9":{"start":{"line":86,"column":4},"end":{"line":86,"column":null}}},"fnMap":{"0":{"name":"(anonymous_0)","decl":{"start":{"line":8,"column":24},"end":{"line":8,"column":25}},"loc":{"start":{"line":8,"column":38},"end":{"line":88,"column":1}},"line":8},"1":{"name":"(anonymous_1)","decl":{"start":{"line":9,"column":12},"end":{"line":9,"column":13}},"loc":{"start":{"line":9,"column":18},"end":{"line":87,"column":3}},"line":9},"2":{"name":"(anonymous_2)","decl":{"start":{"line":86,"column":11},"end":{"line":86,"column":12}},"loc":{"start":{"line":86,"column":17},"end":{"line":86,"column":19}},"line":86}},"branchMap":{"0":{"loc":{"start":{"line":13,"column":4},"end":{"line":17,"column":null}},"type":"if","locations":[{"start":{"line":13,"column":4},"end":{"line":17,"column":null}},{"start":{},"end":{}}],"line":13},"1":{"loc":{"start":{"line":34,"column":27},"end":{"line":34,"column":75}},"type":"cond-expr","locations":[{"start":{"line":34,"column":38},"end":{"line":34,"column":55}},{"start":{"line":34,"column":58},"end":{"line":34,"column":75}}],"line":34},"2":{"loc":{"start":{"line":42,"column":22},"end":{"line":42,"column":54}},"type":"cond-expr","locations":[{"start":{"line":42,"column":33},"end":{"line":42,"column":42}},{"start":{"line":42,"column":45},"end":{"line":42,"column":54}}],"line":42},"3":{"loc":{"start":{"line":47,"column":22},"end":{"line":47,"column":54}},"type":"cond-expr","locations":[{"start":{"line":47,"column":33},"end":{"line":47,"column":42}},{"start":{"line":47,"column":45},"end":{"line":47,"column":54}}],"line":47},"4":{"loc":{"start":{"line":49,"column":28},"end":{"line":49,"column":60}},"type":"cond-expr","locations":[{"start":{"line":49,"column":39},"end":{"line":49,"column":48}},{"start":{"line":49,"column":51},"end":{"line":49,"column":60}}],"line":49},"5":{"loc":{"start":{"line":53,"column":22},"end":{"line":53,"column":54}},"type":"cond-expr","locations":[{"start":{"line":53,"column":33},"end":{"line":53,"column":42}},{"start":{"line":53,"column":45},"end":{"line":53,"column":54}}],"line":53},"6":{"loc":{"start":{"line":57,"column":22},"end":{"line":57,"column":54}},"type":"cond-expr","locations":[{"start":{"line":57,"column":33},"end":{"line":57,"column":42}},{"start":{"line":57,"column":45},"end":{"line":57,"column":54}}],"line":57},"7":{"loc":{"start":{"line":62,"column":27},"end":{"line":62,"column":75}},"type":"cond-expr","locations":[{"start":{"line":62,"column":38},"end":{"line":62,"column":55}},{"start":{"line":62,"column":58},"end":{"line":62,"column":75}}],"line":62},"8":{"loc":{"start":{"line":70,"column":22},"end":{"line":70,"column":54}},"type":"cond-expr","locations":[{"start":{"line":70,"column":33},"end":{"line":70,"column":42}},{"start":{"line":70,"column":45},"end":{"line":70,"column":54}}],"line":70},"9":{"loc":{"start":{"line":75,"column":22},"end":{"line":75,"column":54}},"type":"cond-expr","locations":[{"start":{"line":75,"column":33},"end":{"line":75,"column":42}},{"start":{"line":75,"column":45},"end":{"line":75,"column":54}}],"line":75},"10":{"loc":{"start":{"line":80,"column":22},"end":{"line":80,"column":54}},"type":"cond-expr","locations":[{"start":{"line":80,"column":33},"end":{"line":80,"column":42}},{"start":{"line":80,"column":45},"end":{"line":80,"column":54}}],"line":80}},"s":{"0":0,"1":0,"2":0,"3":0,"4":0,"5":0,"6":0,"7":0,"8":0,"9":0},"f":{"0":0,"1":0,"2":0},"b":{"0":[0,0],"1":[0,0],"2":[0,0],"3":[0,0],"4":[0,0],"5":[0,0],"6":[0,0],"7":[0,0],"8":[0,0],"9":[0,0],"10":[0,0]},"meta":{"lastBranch":11,"lastFunction":3,"lastStatement":10,"seen":{"s:8:24:88:1":0,"f:8:24:8:25":0,"s:9:1:87:Infinity":1,"f:9:12:9:13":1,"s:10:20:10:42":2,"s:11:23:11:55":3,"b:13:4:17:Infinity:undefined:undefined:undefined:undefined":0,"s:13:4:17:Infinity":4,"s:14:6:14:Infinity":5,"s:15:6:15:Infinity":6,"s:16:6:16:Infinity":7,"s:19:4:82:Infinity":8,"b:34:38:34:55:34:58:34:75":1,"b:42:33:42:42:42:45:42:54":2,"b:47:33:47:42:47:45:47:54":3,"b:49:39:49:48:49:51:49:60":4,"b:53:33:53:42:53:45:53:54":5,"b:57:33:57:42:57:45:57:54":6,"b:62:38:62:55:62:58:62:75":7,"b:70:33:70:42:70:45:70:54":8,"b:75:33:75:42:75:45:75:54":9,"b:80:33:80:42:80:45:80:54":10,"s:86:4:86:Infinity":9,"f:86:11:86:12":2}}}
,"C:\\Users\\Admin\\Sources\\zoolab-dashboard\\src\\hooks\\useTheme.jsx": {"path":"C:\\Users\\Admin\\Sources\\zoolab-dashboard\\src\\hooks\\useTheme.jsx","statementMap":{"0":{"start":{"line":13,"column":17},"end":{"line":21,"column":null}},"1":{"start":{"line":14,"column":8},"end":{"line":14,"column":null}},"2":{"start":{"line":16,"column":2},"end":{"line":18,"column":null}},"3":{"start":{"line":17,"column":4},"end":{"line":17,"column":null}},"4":{"start":{"line":20,"column":2},"end":{"line":20,"column":null}}},"fnMap":{"0":{"name":"(anonymous_0)","decl":{"start":{"line":13,"column":17},"end":{"line":13,"column":23}},"loc":{"start":{"line":13,"column":23},"end":{"line":21,"column":null}},"line":13}},"branchMap":{"0":{"loc":{"start":{"line":16,"column":2},"end":{"line":18,"column":null}},"type":"if","locations":[{"start":{"line":16,"column":2},"end":{"line":18,"column":null}},{"start":{},"end":{}}],"line":16}},"s":{"0":4,"1":215,"2":215,"3":8,"4":207},"f":{"0":215},"b":{"0":[8,207]},"meta":{"lastBranch":1,"lastFunction":1,"lastStatement":5,"seen":{"s:13:17:21:Infinity":0,"f:13:17:13:23":0,"s:14:8:14:Infinity":1,"b:16:2:18:Infinity:undefined:undefined:undefined:undefined":0,"s:16:2:18:Infinity":2,"s:17:4:17:Infinity":3,"s:20:2:20:Infinity":4}}}
,"C:\\Users\\Admin\\Sources\\zoolab-dashboard\\src\\hooks\\withTheme.jsx": {"path":"C:\\Users\\Admin\\Sources\\zoolab-dashboard\\src\\hooks\\withTheme.jsx","statementMap":{"0":{"start":{"line":8,"column":18},"end":{"line":17,"column":null}},"1":{"start":{"line":9,"column":27},"end":{"line":12,"column":null}},"2":{"start":{"line":10,"column":10},"end":{"line":10,"column":null}},"3":{"start":{"line":11,"column":4},"end":{"line":11,"column":null}},"4":{"start":{"line":14,"column":2},"end":{"line":14,"column":null}},"5":{"start":{"line":16,"column":2},"end":{"line":16,"column":null}}},"fnMap":{"0":{"name":"(anonymous_0)","decl":{"start":{"line":8,"column":18},"end":{"line":8,"column":19}},"loc":{"start":{"line":8,"column":33},"end":{"line":17,"column":null}},"line":8},"1":{"name":"(anonymous_1)","decl":{"start":{"line":9,"column":27},"end":{"line":9,"column":28}},"loc":{"start":{"line":9,"column":38},"end":{"line":12,"column":null}},"line":9}},"branchMap":{"0":{"loc":{"start":{"line":14,"column":46},"end":{"line":14,"column":100}},"type":"binary-expr","locations":[{"start":{"line":14,"column":46},"end":{"line":14,"column":71}},{"start":{"line":14,"column":71},"end":{"line":14,"column":89}},{"start":{"line":14,"column":89},"end":{"line":14,"column":100}}],"line":14}},"s":{"0":0,"1":0,"2":0,"3":0,"4":0,"5":0},"f":{"0":0,"1":0},"b":{"0":[0,0,0]},"meta":{"lastBranch":1,"lastFunction":2,"lastStatement":6,"seen":{"s:8:18:17:Infinity":0,"f:8:18:8:19":0,"s:9:27:12:Infinity":1,"f:9:27:9:28":1,"s:10:10:10:Infinity":2,"s:11:4:11:Infinity":3,"s:14:2:14:Infinity":4,"b:14:46:14:71:14:71:14:89:14:89:14:100":0,"s:16:2:16:Infinity":5}}}
}
