TN:
SF:src\App.jsx
FN:6,App
FN:9,(anonymous_1)
FN:11,(anonymous_2)
FN:16,(anonymous_3)
FN:18,(anonymous_4)
FN:30,(anonymous_5)
FNF:6
FNH:6
FNDA:30,App
FNDA:17,(anonymous_1)
FNDA:8,(anonymous_2)
FNDA:6,(anonymous_3)
FNDA:6,(anonymous_4)
FNDA:17,(anonymous_5)
DA:7,30
DA:9,30
DA:11,17
DA:12,8
DA:16,17
DA:18,6
DA:19,6
DA:24,17
DA:25,2
DA:27,15
DA:30,17
DA:31,17
DA:32,17
DA:36,30
LF:14
LH:14
BRDA:24,0,0,2
BRDA:24,0,1,15
BRDA:39,1,0,30
BRDA:39,1,1,18
BRDA:41,2,0,30
BRDA:41,2,1,12
BRF:6
BRH:6
end_of_record
TN:
SF:src\chartUtils.js
FN:8,(anonymous_0)
FN:26,(anonymous_1)
FN:36,(anonymous_2)
FN:45,(anonymous_3)
FN:55,(anonymous_4)
FN:63,(anonymous_5)
FN:87,(anonymous_6)
FN:100,(anonymous_7)
FN:112,(anonymous_8)
FNF:9
FNH:9
FNDA:12,(anonymous_0)
FNDA:8,(anonymous_1)
FNDA:5,(anonymous_2)
FNDA:10,(anonymous_3)
FNDA:8,(anonymous_4)
FNDA:12,(anonymous_5)
FNDA:15,(anonymous_6)
FNDA:8,(anonymous_7)
FNDA:18,(anonymous_8)
DA:8,12
DA:26,8
DA:36,5
DA:45,1
DA:46,10
DA:55,1
DA:56,8
DA:63,12
DA:87,15
DA:100,8
DA:112,18
LF:11
LH:11
BRDA:9,0,0,7
BRDA:9,0,1,5
BRDA:10,1,0,7
BRDA:10,1,1,5
BRDA:12,2,0,7
BRDA:12,2,1,5
BRDA:17,3,0,7
BRDA:17,3,1,5
BRDA:28,4,0,5
BRDA:28,4,1,3
BRDA:37,5,0,3
BRDA:37,5,1,2
BRDA:46,6,0,5
BRDA:46,6,1,5
BRDA:56,7,0,4
BRDA:56,7,1,4
BRDA:65,8,0,7
BRDA:65,8,1,5
BRDA:70,9,0,7
BRDA:70,9,1,5
BRDA:75,10,0,7
BRDA:75,10,1,5
BRDA:91,11,0,11
BRDA:91,11,1,4
BRDA:104,12,0,5
BRDA:104,12,1,3
BRDA:113,13,0,10
BRDA:113,13,1,8
BRDA:114,14,0,10
BRDA:114,14,1,8
BRDA:115,15,0,10
BRDA:115,15,1,8
BRDA:116,16,0,10
BRDA:116,16,1,8
BRDA:117,17,0,10
BRDA:117,17,1,8
BRDA:118,18,0,10
BRDA:118,18,1,8
BRF:38
BRH:38
end_of_record
TN:
SF:src\constants.js
FN:124,(anonymous_0)
FNF:1
FNH:1
FNDA:9,(anonymous_0)
DA:9,5
DA:19,5
DA:26,5
DA:42,5
DA:43,5
DA:44,5
DA:50,5
DA:60,5
DA:67,5
DA:83,5
DA:84,5
DA:85,5
DA:91,5
DA:98,5
DA:105,5
DA:113,5
DA:114,5
DA:115,5
DA:121,5
DA:122,5
DA:124,9
DA:130,5
DA:139,5
DA:154,5
DA:166,5
DA:174,5
DA:180,5
DA:199,5
DA:224,5
DA:238,5
DA:239,5
LF:31
LH:31
BRDA:124,0,0,4
BRDA:124,0,1,5
BRF:2
BRH:2
end_of_record
TN:
SF:src\utils.js
FN:6,(anonymous_0)
FN:7,(anonymous_1)
FN:15,(anonymous_2)
FN:23,(anonymous_3)
FN:44,(anonymous_4)
FN:74,(anonymous_5)
FN:86,(anonymous_6)
FN:94,(anonymous_7)
FN:98,(anonymous_8)
FN:102,(anonymous_9)
FN:106,(anonymous_10)
FN:106,(anonymous_11)
FN:125,(anonymous_12)
FN:143,(anonymous_13)
FNF:14
FNH:14
FNDA:7,(anonymous_0)
FNDA:13,(anonymous_1)
FNDA:8,(anonymous_2)
FNDA:113,(anonymous_3)
FNDA:14,(anonymous_4)
FNDA:6,(anonymous_5)
FNDA:10,(anonymous_6)
FNDA:10,(anonymous_7)
FNDA:10,(anonymous_8)
FNDA:10,(anonymous_9)
FNDA:142,(anonymous_10)
FNDA:298,(anonymous_11)
FNDA:8,(anonymous_12)
FNDA:7,(anonymous_13)
DA:6,1
DA:7,13
DA:15,1
DA:16,8
DA:23,1
DA:24,113
DA:36,113
DA:44,1
DA:45,14
DA:50,4
DA:52,10
DA:57,3
DA:59,7
DA:64,3
DA:66,4
DA:74,1
DA:75,6
DA:77,6
DA:86,10
DA:94,10
DA:98,10
DA:102,10
DA:105,6
DA:106,298
DA:109,6
DA:110,6
DA:111,6
DA:112,6
DA:113,6
DA:114,6
DA:115,6
DA:116,6
DA:117,6
DA:125,1
DA:126,8
DA:127,8
DA:128,8
DA:129,8
DA:130,8
DA:131,8
DA:132,8
DA:133,8
DA:134,8
DA:135,8
DA:143,1
DA:144,7
LF:46
LH:46
BRDA:45,0,0,4
BRDA:45,0,1,10
BRDA:46,1,0,14
BRDA:46,1,1,12
BRDA:46,1,2,12
BRDA:52,2,0,3
BRDA:52,2,1,7
BRDA:53,3,0,10
BRDA:53,3,1,9
BRDA:53,3,2,8
BRDA:59,4,0,3
BRDA:59,4,1,4
BRDA:60,5,0,7
BRDA:60,5,1,6
BRDA:60,5,2,5
BRF:15
BRH:15
end_of_record
TN:
SF:src\components\AlertDropdown.jsx
FN:22,(anonymous_0)
FN:44,(anonymous_1)
FN:50,(anonymous_2)
FN:130,(anonymous_3)
FN:153,(anonymous_4)
FN:187,(anonymous_5)
FN:189,(anonymous_6)
FNF:7
FNH:0
FNDA:0,(anonymous_0)
FNDA:0,(anonymous_1)
FNDA:0,(anonymous_2)
FNDA:0,(anonymous_3)
FNDA:0,(anonymous_4)
FNDA:0,(anonymous_5)
FNDA:0,(anonymous_6)
DA:22,0
DA:34,0
DA:35,0
DA:36,0
DA:37,0
DA:40,0
DA:44,0
DA:45,0
DA:46,0
DA:50,0
DA:51,0
DA:52,0
DA:57,0
DA:60,0
DA:61,0
DA:62,0
DA:65,0
DA:68,0
DA:71,0
DA:72,0
DA:76,0
DA:131,0
DA:153,0
DA:187,0
DA:189,0
DA:190,0
DA:191,0
DA:196,0
DA:202,0
DA:203,0
DA:204,0
DA:206,0
LF:32
LH:0
BRDA:37,0,0,0
BRDA:37,0,1,0
BRDA:40,1,0,0
BRDA:40,1,1,0
BRDA:45,2,0,0
BRDA:45,2,1,0
BRDA:51,3,0,0
BRDA:51,3,1,0
BRDA:57,4,0,0
BRDA:57,4,1,0
BRDA:60,5,0,0
BRDA:60,5,1,0
BRDA:61,6,0,0
BRDA:61,6,1,0
BRDA:62,7,0,0
BRDA:62,7,1,0
BRDA:65,8,0,0
BRDA:65,8,1,0
BRDA:68,9,0,0
BRDA:68,9,1,0
BRDA:72,10,0,0
BRDA:72,10,1,0
BRDA:78,11,0,0
BRDA:78,11,1,0
BRDA:129,12,0,0
BRDA:129,12,1,0
BRDA:164,13,0,0
BRDA:164,13,1,0
BRDA:168,14,0,0
BRDA:168,14,1,0
BRDA:169,15,0,0
BRDA:169,15,1,0
BRDA:190,16,0,0
BRDA:190,16,1,0
BRDA:192,17,0,0
BRDA:192,17,1,0
BRDA:193,18,0,0
BRDA:193,18,1,0
BRDA:197,19,0,0
BRDA:197,19,1,0
BRDA:198,20,0,0
BRDA:198,20,1,0
BRDA:203,21,0,0
BRDA:203,21,1,0
BRDA:204,22,0,0
BRDA:204,22,1,0
BRF:46
BRH:0
end_of_record
TN:
SF:src\components\AlertItem.jsx
FN:39,(anonymous_0)
FNF:1
FNH:1
FNDA:59,(anonymous_0)
DA:10,1
DA:39,1
DA:41,59
DA:42,59
DA:43,59
DA:44,59
DA:47,2
DA:51,59
DA:52,59
DA:55,59
DA:56,59
DA:57,59
DA:58,59
DA:60,59
LF:14
LH:14
BRDA:44,0,0,2
BRDA:44,0,1,55
BRDA:47,1,0,2
BRDA:47,1,1,1
BRDA:51,2,0,59
BRDA:51,2,1,3
BRDA:55,3,0,11
BRDA:55,3,1,48
BRDA:56,4,0,11
BRDA:56,4,1,48
BRDA:57,5,0,11
BRDA:57,5,1,48
BRDA:58,6,0,11
BRDA:58,6,1,48
BRF:14
BRH:14
end_of_record
TN:
SF:src\components\AlertsPanel.jsx
FN:20,(anonymous_0)
FN:42,(anonymous_1)
FN:43,(anonymous_2)
FN:59,(anonymous_3)
FN:66,(anonymous_4)
FN:75,(anonymous_5)
FN:82,(anonymous_6)
FN:90,(anonymous_7)
FN:96,(anonymous_8)
FN:137,(anonymous_9)
FN:170,(anonymous_10)
FNF:11
FNH:0
FNDA:0,(anonymous_0)
FNDA:0,(anonymous_1)
FNDA:0,(anonymous_2)
FNDA:0,(anonymous_3)
FNDA:0,(anonymous_4)
FNDA:0,(anonymous_5)
FNDA:0,(anonymous_6)
FNDA:0,(anonymous_7)
FNDA:0,(anonymous_8)
FNDA:0,(anonymous_9)
FNDA:0,(anonymous_10)
DA:20,0
DA:26,0
DA:27,0
DA:28,0
DA:29,0
DA:32,0
DA:33,0
DA:34,0
DA:35,0
DA:38,0
DA:42,0
DA:43,0
DA:44,0
DA:50,0
DA:54,0
DA:55,0
DA:56,0
DA:59,0
DA:60,0
DA:61,0
DA:66,0
DA:67,0
DA:68,0
DA:69,0
DA:71,0
DA:72,0
DA:75,0
DA:76,0
DA:77,0
DA:82,0
DA:83,0
DA:84,0
DA:85,0
DA:86,0
DA:90,0
DA:91,0
DA:92,0
DA:96,0
DA:97,0
DA:101,0
DA:104,0
DA:106,0
DA:113,0
DA:114,0
DA:115,0
DA:117,0
DA:137,0
DA:171,0
LF:48
LH:0
BRDA:35,0,0,0
BRDA:35,0,1,0
BRDA:38,1,0,0
BRDA:38,1,1,0
BRDA:44,2,0,0
BRDA:44,2,1,0
BRDA:45,3,0,0
BRDA:45,3,1,0
BRDA:45,3,2,0
BRDA:45,3,3,0
BRDA:54,4,0,0
BRDA:54,4,1,0
BRDA:67,5,0,0
BRDA:67,5,1,0
BRDA:83,6,0,0
BRDA:83,6,1,0
BRDA:101,7,0,0
BRDA:101,7,1,0
BRDA:104,8,0,0
BRDA:104,8,1,0
BRDA:106,9,0,0
BRDA:106,9,1,0
BRDA:107,10,0,0
BRDA:107,10,1,0
BRDA:110,11,0,0
BRDA:110,11,1,0
BRDA:113,12,0,0
BRDA:113,12,1,0
BRDA:114,13,0,0
BRDA:114,13,1,0
BRDA:115,14,0,0
BRDA:115,14,1,0
BRDA:146,15,0,0
BRDA:146,15,1,0
BRDA:166,16,0,0
BRDA:166,16,1,0
BRF:36
BRH:0
end_of_record
TN:
SF:src\components\AnimalActivityChart.jsx
FN:39,(anonymous_0)
FN:120,(anonymous_1)
FN:137,(anonymous_2)
FN:141,(anonymous_3)
FNF:4
FNH:0
FNDA:0,(anonymous_0)
FNDA:0,(anonymous_1)
FNDA:0,(anonymous_2)
FNDA:0,(anonymous_3)
DA:39,0
DA:46,0
DA:47,0
DA:48,0
DA:49,0
DA:52,0
DA:56,0
DA:57,0
DA:58,0
DA:59,0
DA:60,0
DA:63,0
DA:64,0
DA:66,0
DA:120,0
DA:137,0
DA:141,0
LF:17
LH:0
BRDA:49,0,0,0
BRDA:49,0,1,0
BRDA:52,1,0,0
BRDA:52,1,1,0
BRDA:63,2,0,0
BRDA:63,2,1,0
BRDA:64,3,0,0
BRDA:64,3,1,0
BRDA:160,4,0,0
BRDA:160,4,1,0
BRF:10
BRH:0
end_of_record
TN:
SF:src\components\ChartComponents.jsx
FN:11,(anonymous_0)
FN:27,(anonymous_1)
FN:59,(anonymous_2)
FNF:3
FNH:0
FNDA:0,(anonymous_0)
FNDA:0,(anonymous_1)
FNDA:0,(anonymous_2)
DA:11,0
DA:13,0
DA:14,0
DA:15,0
DA:16,0
DA:18,0
DA:21,0
DA:22,0
DA:25,0
DA:28,0
DA:59,0
DA:61,0
DA:62,0
DA:63,0
DA:64,0
DA:66,0
DA:69,0
LF:17
LH:0
BRDA:21,0,0,0
BRDA:21,0,1,0
BRDA:21,1,0,0
BRDA:21,1,1,0
BRDA:38,2,0,0
BRDA:38,2,1,0
BRDA:76,3,0,0
BRDA:76,3,1,0
BRF:8
BRH:0
end_of_record
TN:
SF:src\components\CompanyModalContent.jsx
FN:11,(anonymous_0)
FNF:1
FNH:0
FNDA:0,(anonymous_0)
DA:11,0
DA:13,0
DA:14,0
DA:15,0
DA:16,0
DA:19,0
DA:23,0
DA:24,0
DA:25,0
DA:27,0
LF:10
LH:0
BRDA:16,0,0,0
BRDA:16,0,1,0
BRDA:19,1,0,0
BRDA:19,1,1,0
BRDA:23,2,0,0
BRDA:23,2,1,0
BRDA:24,3,0,0
BRDA:24,3,1,0
BRDA:25,4,0,0
BRDA:25,4,1,0
BRDA:124,5,0,0
BRDA:124,5,1,0
BRDA:131,6,0,0
BRDA:131,6,1,0
BRF:14
BRH:0
end_of_record
TN:
SF:src\components\CustomTooltip.jsx
FN:11,(anonymous_0)
FN:28,(anonymous_1)
FN:69,(anonymous_2)
FNF:3
FNH:3
FNDA:59,(anonymous_0)
FNDA:61,(anonymous_1)
FNDA:59,(anonymous_2)
DA:11,1
DA:12,59
DA:13,51
DA:15,8
DA:28,1
DA:35,61
DA:36,61
DA:37,61
DA:38,61
DA:41,2
DA:44,61
DA:45,7
DA:48,54
DA:70,59
LF:14
LH:14
BRDA:12,0,0,51
BRDA:12,0,1,8
BRDA:12,1,0,59
BRDA:12,1,1,58
BRDA:38,2,0,2
BRDA:38,2,1,57
BRDA:41,3,0,2
BRDA:41,3,1,1
BRDA:44,4,0,7
BRDA:44,4,1,54
BRDA:44,5,0,61
BRDA:44,5,1,57
BRDA:44,5,2,55
BRDA:51,6,0,7
BRDA:51,6,1,47
BRDA:59,7,0,61
BRDA:59,7,1,52
BRDA:62,8,0,7
BRDA:62,8,1,45
BRF:19
BRH:19
end_of_record
TN:
SF:src\components\DietDistributionChart.jsx
FN:18,(anonymous_0)
FN:61,(anonymous_1)
FN:86,(anonymous_2)
FN:87,(anonymous_3)
FN:93,(anonymous_4)
FN:98,(anonymous_5)
FN:161,(anonymous_6)
FN:171,(anonymous_7)
FN:187,(anonymous_8)
FNF:9
FNH:0
FNDA:0,(anonymous_0)
FNDA:0,(anonymous_1)
FNDA:0,(anonymous_2)
FNDA:0,(anonymous_3)
FNDA:0,(anonymous_4)
FNDA:0,(anonymous_5)
FNDA:0,(anonymous_6)
FNDA:0,(anonymous_7)
FNDA:0,(anonymous_8)
DA:11,0
DA:18,0
DA:26,0
DA:27,0
DA:28,0
DA:31,0
DA:33,0
DA:61,0
DA:68,0
DA:69,0
DA:70,0
DA:71,0
DA:74,0
DA:77,0
DA:78,0
DA:79,0
DA:82,0
DA:83,0
DA:86,0
DA:87,0
DA:88,0
DA:91,0
DA:92,0
DA:93,0
DA:97,0
DA:99,0
DA:100,0
DA:102,0
DA:103,0
DA:104,0
DA:110,0
DA:162,0
DA:171,0
DA:188,0
LF:34
LH:0
BRDA:31,0,0,0
BRDA:31,0,1,0
BRDA:71,1,0,0
BRDA:71,1,1,0
BRDA:74,2,0,0
BRDA:74,2,1,0
BRDA:99,3,0,0
BRDA:99,3,1,0
BRDA:99,4,0,0
BRDA:99,4,1,0
BRDA:99,4,2,0
BRDA:132,5,0,0
BRDA:132,5,1,0
BRDA:133,6,0,0
BRDA:133,6,1,0
BRDA:140,7,0,0
BRDA:140,7,1,0
BRDA:150,8,0,0
BRDA:150,8,1,0
BRDA:151,9,0,0
BRDA:151,9,1,0
BRDA:156,10,0,0
BRDA:156,10,1,0
BRDA:178,11,0,0
BRDA:178,11,1,0
BRDA:185,12,0,0
BRDA:185,12,1,0
BRDA:195,13,0,0
BRDA:195,13,1,0
BRDA:204,14,0,0
BRDA:204,14,1,0
BRF:31
BRH:0
end_of_record
TN:
SF:src\components\ErrorMessage.jsx
FN:15,(anonymous_0)
FNF:1
FNH:0
FNDA:0,(anonymous_0)
DA:15,0
DA:17,0
DA:18,0
DA:19,0
DA:20,0
DA:23,0
DA:26,0
DA:28,0
LF:8
LH:0
BRDA:20,0,0,0
BRDA:20,0,1,0
BRDA:23,1,0,0
BRDA:23,1,1,0
BRDA:26,2,0,0
BRDA:26,2,1,0
BRDA:31,3,0,0
BRDA:31,3,1,0
BRDA:39,4,0,0
BRDA:39,4,1,0
BRF:10
BRH:0
end_of_record
TN:
SF:src\components\FeedingEfficiencyChart.jsx
FN:39,(anonymous_0)
FN:101,(anonymous_1)
FN:119,(anonymous_2)
FN:121,(anonymous_3)
FN:124,(anonymous_4)
FNF:5
FNH:0
FNDA:0,(anonymous_0)
FNDA:0,(anonymous_1)
FNDA:0,(anonymous_2)
FNDA:0,(anonymous_3)
FNDA:0,(anonymous_4)
DA:39,0
DA:46,0
DA:47,0
DA:48,0
DA:49,0
DA:52,0
DA:56,0
DA:57,0
DA:58,0
DA:59,0
DA:60,0
DA:63,0
DA:65,0
DA:101,0
DA:119,0
DA:121,0
DA:124,0
LF:17
LH:0
BRDA:49,0,0,0
BRDA:49,0,1,0
BRDA:52,1,0,0
BRDA:52,1,1,0
BRDA:63,2,0,0
BRDA:63,2,1,0
BRF:6
BRH:0
end_of_record
TN:
SF:src\components\Footer.jsx
FN:15,(anonymous_0)
FN:32,(anonymous_1)
FN:37,(anonymous_2)
FN:108,(anonymous_3)
FN:131,(anonymous_4)
FN:154,(anonymous_5)
FNF:6
FNH:0
FNDA:0,(anonymous_0)
FNDA:0,(anonymous_1)
FNDA:0,(anonymous_2)
FNDA:0,(anonymous_3)
FNDA:0,(anonymous_4)
FNDA:0,(anonymous_5)
DA:15,0
DA:22,0
DA:23,0
DA:24,0
DA:25,0
DA:28,0
DA:32,0
DA:33,0
DA:37,0
DA:38,0
DA:39,0
DA:44,0
DA:45,0
DA:46,0
DA:50,0
DA:109,0
DA:132,0
DA:155,0
LF:18
LH:0
BRDA:25,0,0,0
BRDA:25,0,1,0
BRDA:28,1,0,0
BRDA:28,1,1,0
BRDA:38,2,0,0
BRDA:38,2,1,0
BRDA:38,3,0,0
BRDA:38,3,1,0
BRDA:44,4,0,0
BRDA:44,4,1,0
BRDA:45,5,0,0
BRDA:45,5,1,0
BRDA:46,6,0,0
BRDA:46,6,1,0
BRDA:53,7,0,0
BRDA:53,7,1,0
BRDA:71,8,0,0
BRDA:71,8,1,0
BRDA:76,9,0,0
BRDA:76,9,1,0
BRDA:82,10,0,0
BRDA:82,10,1,0
BRDA:172,11,0,0
BRDA:172,11,1,0
BRF:24
BRH:0
end_of_record
TN:
SF:src\components\FooterModal.jsx
FN:18,(anonymous_0)
FN:54,(anonymous_1)
FNF:2
FNH:0
FNDA:0,(anonymous_0)
FNDA:0,(anonymous_1)
DA:18,0
DA:26,0
DA:27,0
DA:28,0
DA:29,0
DA:32,0
DA:35,0
DA:54,0
LF:8
LH:0
BRDA:29,0,0,0
BRDA:29,0,1,0
BRDA:32,1,0,0
BRDA:32,1,1,0
BRDA:37,2,0,0
BRDA:37,2,1,0
BRDA:47,3,0,0
BRDA:47,3,1,0
BRDA:58,4,0,0
BRDA:58,4,1,0
BRDA:64,5,0,0
BRDA:64,5,1,0
BRDA:73,6,0,0
BRDA:73,6,1,0
BRF:14
BRH:0
end_of_record
TN:
SF:src\components\Header.jsx
FN:30,(anonymous_0)
FN:52,(anonymous_1)
FN:57,(anonymous_2)
FN:172,(anonymous_3)
FN:186,(anonymous_4)
FN:201,(anonymous_5)
FN:218,(anonymous_6)
FNF:7
FNH:0
FNDA:0,(anonymous_0)
FNDA:0,(anonymous_1)
FNDA:0,(anonymous_2)
FNDA:0,(anonymous_3)
FNDA:0,(anonymous_4)
FNDA:0,(anonymous_5)
FNDA:0,(anonymous_6)
DA:30,0
DA:39,0
DA:42,0
DA:43,0
DA:44,0
DA:45,0
DA:48,0
DA:52,0
DA:53,0
DA:57,0
DA:58,0
DA:59,0
DA:64,0
DA:68,0
DA:172,0
DA:186,0
DA:202,0
DA:203,0
DA:219,0
DA:220,0
LF:20
LH:0
BRDA:45,0,0,0
BRDA:45,0,1,0
BRDA:48,1,0,0
BRDA:48,1,1,0
BRDA:58,2,0,0
BRDA:58,2,1,0
BRDA:58,3,0,0
BRDA:58,3,1,0
BRDA:64,4,0,0
BRDA:64,4,1,0
BRDA:84,5,0,0
BRDA:84,5,1,0
BRDA:89,6,0,0
BRDA:89,6,1,0
BRDA:95,7,0,0
BRDA:95,7,1,0
BRDA:99,8,0,0
BRDA:99,8,1,0
BRDA:110,9,0,0
BRDA:110,9,1,0
BRDA:124,10,0,0
BRDA:124,10,1,0
BRDA:130,11,0,0
BRDA:130,11,1,0
BRDA:141,12,0,0
BRDA:141,12,1,0
BRDA:149,13,0,0
BRDA:149,13,1,0
BRDA:157,14,0,0
BRDA:157,14,1,0
BRDA:170,15,0,0
BRDA:170,15,1,0
BRDA:181,16,0,0
BRDA:181,16,1,0
BRDA:190,17,0,0
BRDA:190,17,1,0
BRDA:206,18,0,0
BRDA:206,18,1,0
BRDA:223,19,0,0
BRDA:223,19,1,0
BRF:40
BRH:0
end_of_record
TN:
SF:src\components\LoadingScreen.jsx
FN:5,(anonymous_0)
FNF:1
FNH:0
FNDA:0,(anonymous_0)
DA:5,0
DA:6,0
LF:2
LH:0
BRF:0
BRH:0
end_of_record
TN:
SF:src\components\LoadingSkeleton.jsx
FN:20,(anonymous_0)
FN:32,(anonymous_1)
FN:46,(anonymous_2)
FN:76,(anonymous_3)
FN:88,(anonymous_4)
FN:97,(anonymous_5)
FNF:6
FNH:0
FNDA:0,(anonymous_0)
FNDA:0,(anonymous_1)
FNDA:0,(anonymous_2)
FNDA:0,(anonymous_3)
FNDA:0,(anonymous_4)
FNDA:0,(anonymous_5)
DA:11,0
DA:20,0
DA:22,0
DA:23,0
DA:24,0
DA:25,0
DA:28,0
DA:32,0
DA:35,0
DA:40,0
DA:42,0
DA:47,0
DA:77,0
DA:89,0
DA:98,0
LF:15
LH:0
BRDA:25,0,0,0
BRDA:25,0,1,0
BRDA:28,1,0,0
BRDA:28,1,1,0
BRDA:35,2,0,0
BRDA:35,2,1,0
BRDA:40,3,0,0
BRDA:40,3,1,0
BRF:8
BRH:0
end_of_record
TN:
SF:src\components\NotesModal.jsx
FN:12,(anonymous_0)
FN:35,(anonymous_1)
FN:59,(anonymous_2)
FN:62,(anonymous_3)
FN:87,(anonymous_4)
FN:128,(anonymous_5)
FN:147,(anonymous_6)
FN:172,(anonymous_7)
FN:193,(anonymous_8)
FN:199,(anonymous_9)
FN:214,(anonymous_10)
FN:239,(anonymous_11)
FN:261,(anonymous_12)
FN:271,(anonymous_13)
FNF:14
FNH:0
FNDA:0,(anonymous_0)
FNDA:0,(anonymous_1)
FNDA:0,(anonymous_2)
FNDA:0,(anonymous_3)
FNDA:0,(anonymous_4)
FNDA:0,(anonymous_5)
FNDA:0,(anonymous_6)
FNDA:0,(anonymous_7)
FNDA:0,(anonymous_8)
FNDA:0,(anonymous_9)
FNDA:0,(anonymous_10)
FNDA:0,(anonymous_11)
FNDA:0,(anonymous_12)
FNDA:0,(anonymous_13)
DA:12,0
DA:13,0
DA:16,0
DA:17,0
DA:21,0
DA:35,0
DA:59,0
DA:60,0
DA:62,0
DA:63,0
DA:64,0
DA:65,0
DA:68,0
DA:69,0
DA:72,0
DA:76,0
DA:87,0
DA:128,0
DA:129,0
DA:130,0
DA:132,0
DA:133,0
DA:144,0
DA:148,0
DA:172,0
DA:180,0
DA:183,0
DA:184,0
DA:185,0
DA:186,0
DA:189,0
DA:193,0
DA:194,0
DA:195,0
DA:199,0
DA:200,0
DA:204,0
DA:207,0
DA:208,0
DA:209,0
DA:214,0
DA:215,0
DA:216,0
DA:217,0
DA:219,0
DA:224,0
DA:239,0
DA:261,0
DA:271,0
LF:49
LH:0
BRDA:13,0,0,0
BRDA:13,0,1,0
BRDA:16,1,0,0
BRDA:16,1,1,0
BRDA:17,2,0,0
BRDA:17,2,1,0
BRDA:63,3,0,0
BRDA:63,3,1,0
BRDA:68,4,0,0
BRDA:68,4,1,0
BRDA:69,5,0,0
BRDA:69,5,1,0
BRDA:72,6,0,0
BRDA:72,6,1,0
BRDA:108,7,0,0
BRDA:108,7,1,0
BRDA:112,8,0,0
BRDA:112,8,1,0
BRDA:113,9,0,0
BRDA:113,9,1,0
BRDA:129,10,0,0
BRDA:129,10,1,0
BRDA:130,11,0,0
BRDA:130,11,1,0
BRDA:132,12,0,0
BRDA:132,12,1,0
BRDA:186,13,0,0
BRDA:186,13,1,0
BRDA:189,14,0,0
BRDA:189,14,1,0
BRDA:204,15,0,0
BRDA:204,15,1,0
BRDA:207,16,0,0
BRDA:207,16,1,0
BRDA:208,17,0,0
BRDA:208,17,1,0
BRDA:209,18,0,0
BRDA:209,18,1,0
BRDA:216,19,0,0
BRDA:216,19,1,0
BRDA:219,20,0,0
BRDA:219,20,1,0
BRDA:226,21,0,0
BRDA:226,21,1,0
BRDA:285,22,0,0
BRDA:285,22,1,0
BRF:46
BRH:0
end_of_record
TN:
SF:src\components\ProductModalContent.jsx
FN:11,(anonymous_0)
FNF:1
FNH:0
FNDA:0,(anonymous_0)
DA:11,0
DA:13,0
DA:14,0
DA:15,0
DA:16,0
DA:19,0
DA:23,0
DA:24,0
DA:25,0
DA:27,0
LF:10
LH:0
BRDA:16,0,0,0
BRDA:16,0,1,0
BRDA:19,1,0,0
BRDA:19,1,1,0
BRDA:23,2,0,0
BRDA:23,2,1,0
BRDA:24,3,0,0
BRDA:24,3,1,0
BRDA:25,4,0,0
BRDA:25,4,1,0
BRDA:89,5,0,0
BRDA:89,5,1,0
BRDA:94,6,0,0
BRDA:94,6,1,0
BRDA:106,7,0,0
BRDA:106,7,1,0
BRDA:111,8,0,0
BRDA:111,8,1,0
BRF:18
BRH:0
end_of_record
TN:
SF:src\components\ResourcesModalContent.jsx
FN:11,(anonymous_0)
FNF:1
FNH:0
FNDA:0,(anonymous_0)
DA:11,0
DA:13,0
DA:14,0
DA:15,0
DA:16,0
DA:19,0
DA:23,0
DA:24,0
DA:25,0
DA:27,0
LF:10
LH:0
BRDA:16,0,0,0
BRDA:16,0,1,0
BRDA:19,1,0,0
BRDA:19,1,1,0
BRDA:23,2,0,0
BRDA:23,2,1,0
BRDA:24,3,0,0
BRDA:24,3,1,0
BRDA:25,4,0,0
BRDA:25,4,1,0
BRDA:75,5,0,0
BRDA:75,5,1,0
BRDA:82,6,0,0
BRDA:82,6,1,0
BRDA:95,7,0,0
BRDA:95,7,1,0
BRDA:102,8,0,0
BRDA:102,8,1,0
BRF:18
BRH:0
end_of_record
TN:
SF:src\components\StatCard.jsx
FN:32,(anonymous_0)
FNF:1
FNH:1
FNDA:46,(anonymous_0)
DA:10,1
DA:32,1
DA:44,46
DA:45,46
DA:46,46
DA:47,46
DA:50,2
DA:55,46
DA:58,46
LF:9
LH:9
BRDA:39,0,0,46
BRDA:40,1,0,46
BRDA:47,2,0,2
BRDA:47,2,1,42
BRDA:50,3,0,2
BRDA:50,3,1,1
BRDA:55,4,0,46
BRDA:55,4,1,1
BRDA:61,5,0,7
BRDA:61,5,1,39
BRDA:72,6,0,7
BRDA:72,6,1,39
BRDA:87,7,0,7
BRDA:87,7,1,39
BRDA:94,8,0,46
BRDA:94,8,1,8
BRDA:104,9,0,7
BRDA:104,9,1,39
BRF:18
BRH:18
end_of_record
TN:
SF:src\components\StatCards.jsx
FN:15,(anonymous_0)
FN:32,(anonymous_1)
FN:95,(anonymous_2)
FNF:3
FNH:0
FNDA:0,(anonymous_0)
FNDA:0,(anonymous_1)
FNDA:0,(anonymous_2)
DA:15,0
DA:16,0
DA:17,0
DA:18,0
DA:19,0
DA:32,0
DA:34,0
DA:35,0
DA:36,0
DA:37,0
DA:40,0
DA:43,0
DA:45,0
DA:88,0
DA:96,0
LF:15
LH:0
BRDA:16,0,0,0
BRDA:16,0,1,0
BRDA:17,1,0,0
BRDA:17,1,1,0
BRDA:18,2,0,0
BRDA:18,2,1,0
BRDA:37,3,0,0
BRDA:37,3,1,0
BRDA:40,4,0,0
BRDA:40,4,1,0
BRDA:52,5,0,0
BRDA:52,5,1,0
BRDA:62,6,0,0
BRDA:62,6,1,0
BRDA:72,7,0,0
BRDA:72,7,1,0
BRDA:82,8,0,0
BRDA:82,8,1,0
BRF:18
BRH:0
end_of_record
TN:
SF:src\components\TimePeriodButtons.jsx
FN:16,(anonymous_0)
FN:30,(anonymous_1)
FN:48,(anonymous_2)
FN:58,(anonymous_3)
FNF:4
FNH:0
FNDA:0,(anonymous_0)
FNDA:0,(anonymous_1)
FNDA:0,(anonymous_2)
FNDA:0,(anonymous_3)
DA:9,0
DA:16,0
DA:17,0
DA:30,0
DA:37,0
DA:38,0
DA:39,0
DA:40,0
DA:43,0
DA:46,0
DA:49,0
DA:58,0
LF:12
LH:0
BRDA:33,0,0,0
BRDA:40,1,0,0
BRDA:40,1,1,0
BRDA:43,2,0,0
BRDA:43,2,1,0
BRDA:52,3,0,0
BRDA:52,3,1,0
BRDA:54,4,0,0
BRDA:54,4,1,0
BRF:9
BRH:0
end_of_record
TN:
SF:src\components\WelcomeMessage.jsx
FN:16,(anonymous_0)
FNF:1
FNH:0
FNDA:0,(anonymous_0)
DA:16,0
DA:18,0
DA:19,0
DA:20,0
DA:21,0
DA:24,0
DA:27,0
DA:29,0
LF:8
LH:0
BRDA:21,0,0,0
BRDA:21,0,1,0
BRDA:24,1,0,0
BRDA:24,1,1,0
BRDA:27,2,0,0
BRDA:27,2,1,0
BRDA:32,3,0,0
BRDA:32,3,1,0
BRDA:45,4,0,0
BRDA:45,4,1,0
BRDA:50,5,0,0
BRDA:50,5,1,0
BRDA:57,6,0,0
BRDA:57,6,1,0
BRDA:65,7,0,0
BRDA:65,7,1,0
BRDA:76,8,0,0
BRDA:76,8,1,0
BRF:18
BRH:0
end_of_record
TN:
SF:src\components\ZoolabDashboard.jsx
FN:57,(anonymous_0)
FN:87,(anonymous_1)
FN:89,(anonymous_2)
FN:92,(anonymous_3)
FN:96,(anonymous_4)
FN:111,(anonymous_5)
FN:128,(anonymous_6)
FN:139,(anonymous_7)
FN:150,(anonymous_8)
FN:162,(anonymous_9)
FN:192,(anonymous_10)
FN:198,(anonymous_11)
FN:202,(anonymous_12)
FN:208,(anonymous_13)
FN:211,(anonymous_14)
FN:212,(anonymous_15)
FN:212,(anonymous_16)
FN:215,(anonymous_17)
FN:229,(anonymous_18)
FN:232,(anonymous_19)
FN:236,(anonymous_20)
FN:247,(anonymous_21)
FN:254,(anonymous_22)
FN:278,(anonymous_23)
FN:287,(anonymous_24)
FN:348,(anonymous_25)
FN:349,(anonymous_26)
FN:350,(anonymous_27)
FN:356,(anonymous_28)
FN:364,(anonymous_29)
FN:372,(anonymous_30)
FN:380,(anonymous_31)
FN:393,(anonymous_32)
FNF:33
FNH:0
FNDA:0,(anonymous_0)
FNDA:0,(anonymous_1)
FNDA:0,(anonymous_2)
FNDA:0,(anonymous_3)
FNDA:0,(anonymous_4)
FNDA:0,(anonymous_5)
FNDA:0,(anonymous_6)
FNDA:0,(anonymous_7)
FNDA:0,(anonymous_8)
FNDA:0,(anonymous_9)
FNDA:0,(anonymous_10)
FNDA:0,(anonymous_11)
FNDA:0,(anonymous_12)
FNDA:0,(anonymous_13)
FNDA:0,(anonymous_14)
FNDA:0,(anonymous_15)
FNDA:0,(anonymous_16)
FNDA:0,(anonymous_17)
FNDA:0,(anonymous_18)
FNDA:0,(anonymous_19)
FNDA:0,(anonymous_20)
FNDA:0,(anonymous_21)
FNDA:0,(anonymous_22)
FNDA:0,(anonymous_23)
FNDA:0,(anonymous_24)
FNDA:0,(anonymous_25)
FNDA:0,(anonymous_26)
FNDA:0,(anonymous_27)
FNDA:0,(anonymous_28)
FNDA:0,(anonymous_29)
FNDA:0,(anonymous_30)
FNDA:0,(anonymous_31)
FNDA:0,(anonymous_32)
DA:57,0
DA:59,0
DA:62,0
DA:63,0
DA:64,0
DA:67,0
DA:68,0
DA:69,0
DA:70,0
DA:73,0
DA:74,0
DA:75,0
DA:76,0
DA:79,0
DA:80,0
DA:81,0
DA:84,0
DA:87,0
DA:88,0
DA:89,0
DA:90,0
DA:92,0
DA:96,0
DA:98,0
DA:103,0
DA:104,0
DA:105,0
DA:107,0
DA:108,0
DA:111,0
DA:112,0
DA:113,0
DA:123,0
DA:124,0
DA:128,0
DA:129,0
DA:131,0
DA:133,0
DA:135,0
DA:139,0
DA:140,0
DA:142,0
DA:144,0
DA:146,0
DA:150,0
DA:151,0
DA:153,0
DA:155,0
DA:157,0
DA:162,0
DA:163,0
DA:164,0
DA:166,0
DA:167,0
DA:168,0
DA:173,0
DA:177,0
DA:184,0
DA:185,0
DA:186,0
DA:192,0
DA:195,0
DA:196,0
DA:198,0
DA:202,0
DA:203,0
DA:208,0
DA:211,0
DA:212,0
DA:215,0
DA:216,0
DA:222,0
DA:229,0
DA:232,0
DA:233,0
DA:236,0
DA:237,0
DA:244,0
DA:247,0
DA:248,0
DA:254,0
DA:257,0
DA:260,0
DA:278,0
DA:287,0
DA:348,0
DA:349,0
DA:350,0
DA:356,0
DA:364,0
DA:372,0
DA:380,0
DA:393,0
DA:394,0
LF:94
LH:0
BRDA:98,0,0,0
BRDA:98,0,1,0
BRDA:98,0,2,0
BRDA:98,0,3,0
BRDA:103,1,0,0
BRDA:103,1,1,0
BRDA:123,2,0,0
BRDA:123,2,1,0
BRDA:129,3,0,0
BRDA:129,3,1,0
BRDA:129,3,2,0
BRDA:140,4,0,0
BRDA:140,4,1,0
BRDA:140,4,2,0
BRDA:151,5,0,0
BRDA:151,5,1,0
BRDA:151,5,2,0
BRDA:184,6,0,0
BRDA:184,6,1,0
BRDA:216,7,0,0
BRDA:216,7,1,0
BRDA:218,8,0,0
BRDA:218,8,1,0
BRDA:263,9,0,0
BRDA:263,9,1,0
BRDA:270,10,0,0
BRDA:270,10,1,0
BRDA:284,11,0,0
BRDA:284,11,1,0
BRDA:294,12,0,0
BRDA:294,12,1,0
BRDA:333,13,0,0
BRDA:333,13,1,0
BRF:33
BRH:0
end_of_record
TN:
SF:src\config\env.js
FN:14,(anonymous_0)
FN:24,(anonymous_1)
FN:36,(anonymous_2)
FN:182,(anonymous_3)
FN:188,(anonymous_4)
FN:194,(anonymous_5)
FN:200,(anonymous_6)
FN:210,(anonymous_7)
FN:219,(anonymous_8)
FN:227,(anonymous_9)
FNF:10
FNH:0
FNDA:0,(anonymous_0)
FNDA:0,(anonymous_1)
FNDA:0,(anonymous_2)
FNDA:0,(anonymous_3)
FNDA:0,(anonymous_4)
FNDA:0,(anonymous_5)
FNDA:0,(anonymous_6)
FNDA:0,(anonymous_7)
FNDA:0,(anonymous_8)
FNDA:0,(anonymous_9)
DA:14,0
DA:15,0
DA:24,0
DA:25,0
DA:26,0
DA:27,0
DA:36,0
DA:37,0
DA:38,0
DA:39,0
DA:40,0
DA:47,0
DA:182,0
DA:188,0
DA:194,0
DA:200,0
DA:201,0
DA:202,0
DA:210,0
DA:211,0
DA:219,0
DA:220,0
DA:221,0
DA:227,0
DA:228,0
DA:230,0
DA:231,0
DA:232,0
DA:233,0
DA:234,0
DA:235,0
DA:236,0
LF:32
LH:0
BRDA:14,0,0,0
BRDA:15,1,0,0
BRDA:15,1,1,0
BRDA:24,2,0,0
BRDA:26,3,0,0
BRDA:26,3,1,0
BRDA:26,4,0,0
BRDA:26,4,1,0
BRDA:27,5,0,0
BRDA:27,5,1,0
BRDA:36,6,0,0
BRDA:38,7,0,0
BRDA:38,7,1,0
BRDA:38,8,0,0
BRDA:38,8,1,0
BRDA:40,9,0,0
BRDA:40,9,1,0
BRDA:202,10,0,0
BRDA:202,10,1,0
BRDA:211,11,0,0
BRDA:211,11,1,0
BRDA:221,12,0,0
BRDA:221,12,1,0
BRDA:228,13,0,0
BRDA:228,13,1,0
BRF:25
BRH:0
end_of_record
TN:
SF:src\config\index.js
FNF:0
FNH:0
LF:0
LH:0
BRF:0
BRH:0
end_of_record
TN:
SF:src\hooks\ThemeContext.js
FNF:0
FNH:0
DA:13,5
LF:1
LH:1
BRF:0
BRH:0
end_of_record
TN:
SF:src\hooks\ThemeProvider.jsx
FN:12,(anonymous_0)
FN:13,(anonymous_1)
FN:25,(anonymous_2)
FN:29,(anonymous_3)
FN:29,(anonymous_4)
FN:31,(anonymous_5)
FN:35,(anonymous_6)
FNF:7
FNH:7
FNDA:250,(anonymous_0)
FNDA:219,(anonymous_1)
FNDA:247,(anonymous_2)
FNDA:23,(anonymous_3)
FNDA:23,(anonymous_4)
FNDA:13,(anonymous_5)
FNDA:247,(anonymous_6)
DA:12,5
DA:13,250
DA:15,219
DA:16,219
DA:17,219
DA:18,10
DA:21,209
DA:25,250
DA:26,247
DA:29,250
DA:31,250
DA:34,250
DA:35,247
DA:44,250
LF:14
LH:14
BRDA:12,0,0,250
BRDA:15,1,0,219
BRDA:15,1,1,0
BRDA:17,2,0,10
BRDA:17,2,1,209
BRDA:26,3,0,55
BRDA:26,3,1,192
BRF:7
BRH:6
end_of_record
TN:
SF:src\hooks\useGlobalStyles.js
FN:8,(anonymous_0)
FN:9,(anonymous_1)
FN:86,(anonymous_2)
FNF:3
FNH:0
FNDA:0,(anonymous_0)
FNDA:0,(anonymous_1)
FNDA:0,(anonymous_2)
DA:8,0
DA:9,0
DA:10,0
DA:11,0
DA:13,0
DA:14,0
DA:15,0
DA:16,0
DA:19,0
DA:86,0
LF:10
LH:0
BRDA:13,0,0,0
BRDA:13,0,1,0
BRDA:34,1,0,0
BRDA:34,1,1,0
BRDA:42,2,0,0
BRDA:42,2,1,0
BRDA:47,3,0,0
BRDA:47,3,1,0
BRDA:49,4,0,0
BRDA:49,4,1,0
BRDA:53,5,0,0
BRDA:53,5,1,0
BRDA:57,6,0,0
BRDA:57,6,1,0
BRDA:62,7,0,0
BRDA:62,7,1,0
BRDA:70,8,0,0
BRDA:70,8,1,0
BRDA:75,9,0,0
BRDA:75,9,1,0
BRDA:80,10,0,0
BRDA:80,10,1,0
BRF:22
BRH:0
end_of_record
TN:
SF:src\hooks\useTheme.jsx
FN:13,(anonymous_0)
FNF:1
FNH:1
FNDA:215,(anonymous_0)
DA:13,4
DA:14,215
DA:16,215
DA:17,8
DA:20,207
LF:5
LH:5
BRDA:16,0,0,8
BRDA:16,0,1,207
BRF:2
BRH:2
end_of_record
TN:
SF:src\hooks\withTheme.jsx
FN:8,(anonymous_0)
FN:9,(anonymous_1)
FNF:2
FNH:0
FNDA:0,(anonymous_0)
FNDA:0,(anonymous_1)
DA:8,0
DA:9,0
DA:10,0
DA:11,0
DA:14,0
DA:16,0
LF:6
LH:0
BRDA:14,0,0,0
BRDA:14,0,1,0
BRDA:14,0,2,0
BRF:3
BRH:0
end_of_record
