TN:
SF:src\App.jsx
FN:21,App
FN:32,(anonymous_1)
FN:41,(anonymous_2)
FN:54,(anonymous_3)
FN:65,(anonymous_4)
FN:73,(anonymous_5)
FN:81,(anonymous_6)
FN:94,(anonymous_7)
FNF:8
FNH:8
FNDA:30,App
FNDA:24,(anonymous_1)
FNDA:17,(anonymous_2)
FNDA:24,(anonymous_3)
FNDA:12,(anonymous_4)
FNDA:8,(anonymous_5)
FNDA:4,(anonymous_6)
FNDA:17,(anonymous_7)
DA:10,1
DA:22,30
DA:30,30
DA:32,30
DA:34,24
DA:35,8
DA:38,16
DA:41,30
DA:44,17
DA:47,17
DA:48,17
DA:49,17
DA:54,17
DA:55,24
DA:57,24
DA:58,12
DA:65,17
DA:66,12
DA:67,12
DA:73,17
DA:74,8
DA:75,8
DA:81,17
DA:82,4
DA:83,4
DA:87,17
DA:88,2
DA:90,15
DA:94,17
DA:95,17
DA:96,17
DA:97,17
DA:98,17
DA:102,30
LF:34
LH:34
BRDA:34,0,0,8
BRDA:34,0,1,16
BRDA:38,1,0,16
BRDA:38,1,1,12
BRDA:55,2,0,0
BRDA:55,2,1,24
BRDA:57,3,0,12
BRDA:57,3,1,12
BRDA:87,4,0,2
BRDA:87,4,1,15
BRDA:104,5,0,30
BRDA:104,5,1,18
BRDA:105,6,0,30
BRDA:105,6,1,12
BRF:14
BRH:13
end_of_record
TN:
SF:src\chartUtils.js
FN:8,(anonymous_0)
FN:26,(anonymous_1)
FN:36,(anonymous_2)
FN:45,(anonymous_3)
FN:55,(anonymous_4)
FN:63,(anonymous_5)
FN:87,(anonymous_6)
FN:100,(anonymous_7)
FN:112,(anonymous_8)
FNF:9
FNH:9
FNDA:12,(anonymous_0)
FNDA:8,(anonymous_1)
FNDA:5,(anonymous_2)
FNDA:10,(anonymous_3)
FNDA:8,(anonymous_4)
FNDA:12,(anonymous_5)
FNDA:15,(anonymous_6)
FNDA:8,(anonymous_7)
FNDA:18,(anonymous_8)
DA:8,12
DA:26,8
DA:36,5
DA:45,1
DA:46,10
DA:55,1
DA:56,8
DA:63,12
DA:87,15
DA:100,8
DA:112,18
LF:11
LH:11
BRDA:9,0,0,7
BRDA:9,0,1,5
BRDA:10,1,0,7
BRDA:10,1,1,5
BRDA:12,2,0,7
BRDA:12,2,1,5
BRDA:17,3,0,7
BRDA:17,3,1,5
BRDA:28,4,0,5
BRDA:28,4,1,3
BRDA:37,5,0,3
BRDA:37,5,1,2
BRDA:46,6,0,5
BRDA:46,6,1,5
BRDA:56,7,0,4
BRDA:56,7,1,4
BRDA:65,8,0,7
BRDA:65,8,1,5
BRDA:70,9,0,7
BRDA:70,9,1,5
BRDA:75,10,0,7
BRDA:75,10,1,5
BRDA:91,11,0,11
BRDA:91,11,1,4
BRDA:104,12,0,5
BRDA:104,12,1,3
BRDA:113,13,0,10
BRDA:113,13,1,8
BRDA:114,14,0,10
BRDA:114,14,1,8
BRDA:115,15,0,10
BRDA:115,15,1,8
BRDA:116,16,0,10
BRDA:116,16,1,8
BRDA:117,17,0,10
BRDA:117,17,1,8
BRDA:118,18,0,10
BRDA:118,18,1,8
BRF:38
BRH:38
end_of_record
TN:
SF:src\utils.js
FN:17,(anonymous_0)
FN:21,(anonymous_1)
FN:29,(anonymous_2)
FN:41,(anonymous_3)
FN:45,(anonymous_4)
FN:57,(anonymous_5)
FN:69,(anonymous_6)
FN:82,(anonymous_7)
FN:100,(anonymous_8)
FN:118,(anonymous_9)
FN:147,(anonymous_10)
FN:159,(anonymous_11)
FN:207,(anonymous_12)
FN:219,(anonymous_13)
FN:223,(anonymous_14)
FN:227,(anonymous_15)
FN:231,(anonymous_16)
FN:235,(anonymous_17)
FN:237,(anonymous_18)
FN:257,(anonymous_19)
FN:268,(anonymous_20)
FN:286,(anonymous_21)
FN:300,(anonymous_22)
FN:311,(anonymous_23)
FN:327,(anonymous_24)
FN:329,executedFunction
FN:330,(anonymous_26)
FN:345,(anonymous_27)
FN:347,executedFunction
FN:351,(anonymous_29)
FN:361,(anonymous_30)
FN:372,(anonymous_31)
FN:382,(anonymous_32)
FNF:33
FNH:31
FNDA:64,(anonymous_0)
FNDA:354,(anonymous_1)
FNDA:3,(anonymous_2)
FNDA:3,(anonymous_3)
FNDA:4,(anonymous_4)
FNDA:11,(anonymous_5)
FNDA:6,(anonymous_6)
FNDA:4,(anonymous_7)
FNDA:4,(anonymous_8)
FNDA:6,(anonymous_9)
FNDA:113,(anonymous_10)
FNDA:43,(anonymous_11)
FNDA:7,(anonymous_12)
FNDA:10,(anonymous_13)
FNDA:0,(anonymous_14)
FNDA:0,(anonymous_15)
FNDA:10,(anonymous_16)
FNDA:139,(anonymous_17)
FNDA:291,(anonymous_18)
FNDA:8,(anonymous_19)
FNDA:15,(anonymous_20)
FNDA:8,(anonymous_21)
FNDA:8,(anonymous_22)
FNDA:6,(anonymous_23)
FNDA:1,(anonymous_24)
FNDA:3,executedFunction
FNDA:1,(anonymous_26)
FNDA:1,(anonymous_27)
FNDA:4,executedFunction
FNDA:1,(anonymous_29)
FNDA:3,(anonymous_30)
FNDA:4,(anonymous_31)
FNDA:10,(anonymous_32)
DA:17,3
DA:18,64
DA:19,5
DA:21,354
DA:29,3
DA:30,3
DA:31,1
DA:33,2
DA:41,3
DA:42,3
DA:43,1
DA:45,4
DA:57,3
DA:58,11
DA:59,4
DA:61,7
DA:69,3
DA:70,6
DA:71,3
DA:73,3
DA:82,3
DA:83,4
DA:84,2
DA:86,2
DA:100,3
DA:101,4
DA:102,4
DA:103,2
DA:105,2
DA:118,3
DA:119,6
DA:120,6
DA:121,2
DA:124,4
DA:125,4
DA:126,4
DA:127,4
DA:128,4
DA:130,4
DA:131,3
DA:132,2
DA:133,1
DA:135,0
DA:147,3
DA:148,113
DA:149,0
DA:151,113
DA:159,3
DA:160,43
DA:161,4
DA:164,39
DA:167,39
DA:176,9
DA:180,30
DA:187,4
DA:191,26
DA:192,2
DA:195,24
DA:207,3
DA:208,7
DA:210,7
DA:219,10
DA:223,0
DA:227,0
DA:231,10
DA:234,7
DA:236,139
DA:238,291
DA:240,291
DA:241,0
DA:243,291
DA:249,7
DA:257,3
DA:258,8
DA:259,8
DA:268,3
DA:269,15
DA:270,15
DA:271,15
DA:272,15
DA:273,15
DA:274,15
DA:275,15
DA:276,15
DA:277,15
DA:286,3
DA:287,8
DA:288,8
DA:300,3
DA:301,8
DA:302,6
DA:303,6
DA:311,3
DA:312,6
DA:313,4
DA:314,4
DA:327,3
DA:329,1
DA:330,3
DA:331,1
DA:332,1
DA:334,3
DA:335,3
DA:345,3
DA:347,1
DA:348,4
DA:349,2
DA:350,2
DA:351,2
DA:361,3
DA:362,3
DA:363,3
DA:364,3
DA:372,3
DA:373,4
DA:374,1
DA:382,3
DA:383,10
DA:384,8
DA:385,6
DA:386,4
DA:387,1
LF:122
LH:117
BRDA:18,0,0,5
BRDA:18,0,1,59
BRDA:18,1,0,64
BRDA:18,1,1,61
BRDA:21,2,0,354
BRDA:21,2,1,3
BRDA:30,3,0,1
BRDA:30,3,1,2
BRDA:30,4,0,3
BRDA:30,4,1,3
BRDA:42,5,0,1
BRDA:42,5,1,2
BRDA:42,6,0,3
BRDA:42,6,1,3
BRDA:45,7,0,4
BRDA:45,7,1,1
BRDA:58,8,0,4
BRDA:58,8,1,7
BRDA:58,9,0,11
BRDA:58,9,1,8
BRDA:70,10,0,3
BRDA:70,10,1,3
BRDA:70,11,0,6
BRDA:70,11,1,4
BRDA:82,12,0,4
BRDA:83,13,0,2
BRDA:83,13,1,2
BRDA:83,14,0,4
BRDA:83,14,1,3
BRDA:100,15,0,4
BRDA:101,16,0,2
BRDA:101,16,1,2
BRDA:102,17,0,2
BRDA:102,17,1,2
BRDA:102,18,0,4
BRDA:102,18,1,3
BRDA:119,19,0,1
BRDA:119,19,1,5
BRDA:120,20,0,2
BRDA:120,20,1,4
BRDA:120,21,0,6
BRDA:120,21,1,5
BRDA:130,22,0,1
BRDA:130,22,1,3
BRDA:131,23,0,1
BRDA:131,23,1,2
BRDA:131,24,0,1
BRDA:131,24,1,0
BRDA:132,25,0,1
BRDA:132,25,1,1
BRDA:132,26,0,1
BRDA:132,26,1,0
BRDA:133,27,0,1
BRDA:133,27,1,0
BRDA:133,28,0,1
BRDA:133,28,1,0
BRDA:148,29,0,0
BRDA:148,29,1,113
BRDA:148,30,0,113
BRDA:148,30,1,113
BRDA:160,31,0,4
BRDA:160,31,1,39
BRDA:160,32,0,43
BRDA:160,32,1,39
BRDA:167,33,0,9
BRDA:167,33,1,30
BRDA:168,34,0,39
BRDA:168,34,1,35
BRDA:168,34,2,34
BRDA:168,34,3,33
BRDA:168,34,4,32
BRDA:168,34,5,31
BRDA:168,34,6,30
BRDA:180,35,0,4
BRDA:180,35,1,26
BRDA:181,36,0,30
BRDA:181,36,1,29
BRDA:181,36,2,28
BRDA:181,36,3,27
BRDA:181,36,4,26
BRDA:191,37,0,2
BRDA:191,37,1,24
BRDA:191,38,0,26
BRDA:191,38,1,25
BRDA:212,39,0,7
BRDA:212,39,1,7
BRDA:213,40,0,7
BRDA:213,40,1,7
BRDA:214,41,0,7
BRDA:214,41,1,7
BRDA:215,42,0,7
BRDA:215,42,1,7
BRDA:219,43,0,7
BRDA:219,43,1,1
BRDA:223,44,0,7
BRDA:223,44,1,7
BRDA:227,45,0,7
BRDA:227,45,1,7
BRDA:231,46,0,7
BRDA:231,46,1,1
BRDA:238,47,0,291
BRDA:238,47,1,0
BRDA:240,48,0,0
BRDA:240,48,1,291
BRDA:240,49,0,291
BRDA:240,49,1,291
BRDA:240,49,2,291
BRDA:286,50,0,8
BRDA:301,51,0,2
BRDA:301,51,1,6
BRDA:301,52,0,8
BRDA:301,52,1,6
BRDA:312,53,0,2
BRDA:312,53,1,4
BRDA:312,54,0,6
BRDA:312,54,1,4
BRDA:314,55,0,4
BRDA:314,55,1,3
BRDA:348,56,0,2
BRDA:348,56,1,2
BRDA:361,57,0,3
BRDA:364,58,0,1
BRDA:364,58,1,2
BRDA:373,59,0,3
BRDA:373,59,1,1
BRDA:373,60,0,4
BRDA:373,60,1,3
BRDA:383,61,0,2
BRDA:383,61,1,8
BRDA:383,62,0,10
BRDA:383,62,1,9
BRDA:384,63,0,2
BRDA:384,63,1,6
BRDA:385,64,0,2
BRDA:385,64,1,4
BRDA:386,65,0,3
BRDA:386,65,1,1
BRF:137
BRH:130
end_of_record
TN:
SF:src\api\client.js
FN:10,(anonymous_0)
FN:21,(anonymous_1)
FN:28,(anonymous_2)
FN:35,(anonymous_3)
FN:42,(anonymous_4)
FN:65,(anonymous_5)
FN:65,(anonymous_6)
FN:73,(anonymous_7)
FN:82,(anonymous_8)
FN:84,(anonymous_9)
FN:92,(anonymous_10)
FN:102,(anonymous_11)
FN:110,(anonymous_12)
FN:119,(anonymous_13)
FN:133,(anonymous_14)
FN:146,(anonymous_15)
FN:158,(anonymous_16)
FN:254,(anonymous_17)
FN:265,(anonymous_18)
FN:276,(anonymous_19)
FN:287,(anonymous_20)
FN:297,(anonymous_21)
FNF:22
FNH:0
FNDA:0,(anonymous_0)
FNDA:0,(anonymous_1)
FNDA:0,(anonymous_2)
FNDA:0,(anonymous_3)
FNDA:0,(anonymous_4)
FNDA:0,(anonymous_5)
FNDA:0,(anonymous_6)
FNDA:0,(anonymous_7)
FNDA:0,(anonymous_8)
FNDA:0,(anonymous_9)
FNDA:0,(anonymous_10)
FNDA:0,(anonymous_11)
FNDA:0,(anonymous_12)
FNDA:0,(anonymous_13)
FNDA:0,(anonymous_14)
FNDA:0,(anonymous_15)
FNDA:0,(anonymous_16)
FNDA:0,(anonymous_17)
FNDA:0,(anonymous_18)
FNDA:0,(anonymous_19)
FNDA:0,(anonymous_20)
FNDA:0,(anonymous_21)
DA:11,0
DA:12,0
DA:13,0
DA:14,0
DA:15,0
DA:22,0
DA:29,0
DA:36,0
DA:43,0
DA:50,0
DA:65,0
DA:73,0
DA:74,0
DA:82,0
DA:83,0
DA:84,0
DA:85,0
DA:93,0
DA:94,0
DA:95,0
DA:103,0
DA:111,0
DA:120,0
DA:121,0
DA:122,0
DA:124,0
DA:134,0
DA:135,0
DA:136,0
DA:138,0
DA:147,0
DA:148,0
DA:149,0
DA:167,0
DA:170,0
DA:177,0
DA:178,0
DA:182,0
DA:184,0
DA:188,0
DA:189,0
DA:191,0
DA:192,0
DA:197,0
DA:201,0
DA:203,0
DA:204,0
DA:206,0
DA:210,0
DA:211,0
DA:215,0
DA:217,0
DA:220,0
DA:221,0
DA:222,0
DA:223,0
DA:225,0
DA:229,0
DA:231,0
DA:232,0
DA:233,0
DA:234,0
DA:239,0
DA:245,0
DA:255,0
DA:266,0
DA:277,0
DA:288,0
DA:298,0
DA:303,0
LF:70
LH:0
BRDA:10,0,0,0
BRDA:22,1,0,0
BRDA:22,1,1,0
BRDA:29,2,0,0
BRDA:29,2,1,0
BRDA:43,3,0,0
BRDA:43,3,1,0
BRDA:51,4,0,0
BRDA:51,4,1,0
BRDA:92,5,0,0
BRDA:158,6,0,0
BRDA:160,7,0,0
BRDA:162,8,0,0
BRDA:163,9,0,0
BRDA:164,10,0,0
BRDA:165,11,0,0
BRDA:177,12,0,0
BRDA:177,12,1,0
BRDA:177,13,0,0
BRDA:177,13,1,0
BRDA:178,14,0,0
BRDA:178,14,1,0
BRDA:203,15,0,0
BRDA:203,15,1,0
BRDA:210,16,0,0
BRDA:210,16,1,0
BRDA:211,17,0,0
BRDA:211,17,1,0
BRDA:220,18,0,0
BRDA:220,18,1,0
BRDA:222,19,0,0
BRDA:222,19,1,0
BRDA:225,20,0,0
BRDA:225,20,1,0
BRDA:229,21,0,0
BRDA:229,21,1,0
BRDA:231,22,0,0
BRDA:231,22,1,0
BRDA:233,23,0,0
BRDA:233,23,1,0
BRDA:254,24,0,0
BRDA:265,25,0,0
BRDA:276,26,0,0
BRDA:287,27,0,0
BRDA:297,28,0,0
BRF:45
BRH:0
end_of_record
TN:
SF:src\api\index.js
FN:39,(anonymous_0)
FN:45,(anonymous_1)
FNF:2
FNH:0
FNDA:0,(anonymous_0)
FNDA:0,(anonymous_1)
DA:39,0
DA:45,0
DA:46,0
LF:3
LH:0
BRDA:46,0,0,0
BRDA:46,0,1,0
BRF:2
BRH:0
end_of_record
TN:
SF:src\api\leads.js
FN:15,(anonymous_0)
FN:15,(anonymous_1)
FN:22,(anonymous_2)
FN:32,(anonymous_3)
FN:42,(anonymous_4)
FN:57,(anonymous_5)
FN:82,(anonymous_6)
FN:116,(anonymous_7)
FN:125,(anonymous_8)
FN:150,(anonymous_9)
FN:157,(anonymous_10)
FN:194,(anonymous_11)
FN:221,(anonymous_12)
FN:243,(anonymous_13)
FN:262,(anonymous_14)
FN:276,(anonymous_15)
FNF:16
FNH:0
FNDA:0,(anonymous_0)
FNDA:0,(anonymous_1)
FNDA:0,(anonymous_2)
FNDA:0,(anonymous_3)
FNDA:0,(anonymous_4)
FNDA:0,(anonymous_5)
FNDA:0,(anonymous_6)
FNDA:0,(anonymous_7)
FNDA:0,(anonymous_8)
FNDA:0,(anonymous_9)
FNDA:0,(anonymous_10)
FNDA:0,(anonymous_11)
FNDA:0,(anonymous_12)
FNDA:0,(anonymous_13)
FNDA:0,(anonymous_14)
FNDA:0,(anonymous_15)
DA:15,0
DA:22,0
DA:23,0
DA:32,0
DA:33,0
DA:34,0
DA:42,0
DA:43,0
DA:45,0
DA:57,0
DA:58,0
DA:59,0
DA:62,0
DA:64,0
DA:82,0
DA:83,0
DA:84,0
DA:85,0
DA:91,0
DA:92,0
DA:93,0
DA:99,0
DA:100,0
DA:101,0
DA:102,0
DA:107,0
DA:116,0
DA:117,0
DA:125,0
DA:126,0
DA:127,0
DA:130,0
DA:132,0
DA:142,0
DA:150,0
DA:151,0
DA:153,0
DA:154,0
DA:157,0
DA:167,0
DA:178,0
DA:186,0
DA:194,0
DA:195,0
DA:196,0
DA:198,0
DA:213,0
DA:221,0
DA:222,0
DA:223,0
DA:225,0
DA:234,0
DA:243,0
DA:244,0
DA:245,0
DA:247,0
DA:254,0
DA:262,0
DA:263,0
DA:264,0
DA:265,0
DA:268,0
DA:276,0
DA:277,0
DA:278,0
DA:280,0
DA:305,0
LF:67
LH:0
BRDA:15,0,0,0
BRDA:23,1,0,0
BRDA:23,1,1,0
BRDA:32,2,0,0
BRDA:42,3,0,0
BRDA:43,4,0,0
BRDA:43,4,1,0
BRDA:58,5,0,0
BRDA:58,5,1,0
BRDA:82,6,0,0
BRDA:83,7,0,0
BRDA:83,7,1,0
BRDA:84,8,0,0
BRDA:84,8,1,0
BRDA:95,9,0,0
BRDA:95,9,1,0
BRDA:99,10,0,0
BRDA:99,10,1,0
BRDA:116,11,0,0
BRDA:125,12,0,0
BRDA:126,13,0,0
BRDA:126,13,1,0
BRDA:130,14,0,0
BRDA:130,14,1,0
BRDA:130,15,0,0
BRDA:130,15,1,0
BRDA:150,16,0,0
BRDA:151,17,0,0
BRDA:151,18,0,0
BRDA:153,19,0,0
BRDA:153,19,1,0
BRDA:181,20,0,0
BRDA:181,20,1,0
BRDA:182,21,0,0
BRDA:182,21,1,0
BRDA:183,22,0,0
BRDA:183,22,1,0
BRDA:195,23,0,0
BRDA:195,23,1,0
BRDA:222,24,0,0
BRDA:222,24,1,0
BRDA:228,25,0,0
BRDA:228,25,1,0
BRDA:244,26,0,0
BRDA:244,26,1,0
BRDA:263,27,0,0
BRDA:263,27,1,0
BRDA:277,28,0,0
BRDA:277,28,1,0
BRF:49
BRH:0
end_of_record
TN:
SF:src\components\AlertDropdown.jsx
FN:12,AlertDropdownItem2
FN:14,(anonymous_1)
FN:88,AlertDropdown2
FN:103,(anonymous_3)
FN:109,(anonymous_4)
FN:186,(anonymous_5)
FN:204,(anonymous_6)
FNF:7
FNH:7
FNDA:246,AlertDropdownItem2
FNDA:246,(anonymous_1)
FNDA:53,AlertDropdown2
FNDA:3,(anonymous_3)
FNDA:12,(anonymous_4)
FNDA:246,(anonymous_5)
FNDA:9,(anonymous_6)
DA:12,1
DA:14,246
DA:15,246
DA:17,147
DA:22,0
DA:27,0
DA:32,99
DA:39,246
DA:40,246
DA:41,246
DA:43,246
DA:62,1
DA:88,1
DA:100,53
DA:103,53
DA:104,3
DA:105,2
DA:109,53
DA:110,12
DA:111,2
DA:116,53
DA:117,53
DA:118,53
DA:119,53
DA:120,53
DA:123,53
DA:126,53
DA:127,53
DA:129,53
DA:186,246
DA:204,9
DA:239,1
LF:32
LH:30
BRDA:15,0,0,147
BRDA:15,0,1,0
BRDA:15,0,2,0
BRDA:15,0,3,99
BRDA:18,1,0,18
BRDA:18,1,1,129
BRDA:19,2,0,18
BRDA:19,2,1,129
BRDA:23,3,0,0
BRDA:23,3,1,0
BRDA:24,4,0,0
BRDA:24,4,1,0
BRDA:28,5,0,0
BRDA:28,5,1,0
BRDA:29,6,0,0
BRDA:29,6,1,0
BRDA:33,7,0,9
BRDA:33,7,1,90
BRDA:34,8,0,9
BRDA:34,8,1,90
BRDA:40,9,0,27
BRDA:40,9,1,219
BRDA:41,10,0,27
BRDA:41,10,1,219
BRDA:104,11,0,1
BRDA:104,11,1,2
BRDA:110,12,0,2
BRDA:110,12,1,10
BRDA:116,13,0,9
BRDA:116,13,1,44
BRDA:117,14,0,9
BRDA:117,14,1,44
BRDA:118,15,0,9
BRDA:118,15,1,44
BRDA:119,16,0,9
BRDA:119,16,1,44
BRDA:120,17,0,9
BRDA:120,17,1,44
BRDA:123,18,0,9
BRDA:123,18,1,44
BRDA:127,19,0,9
BRDA:127,19,1,44
BRDA:131,20,0,53
BRDA:131,20,1,52
BRDA:185,21,0,51
BRDA:185,21,1,1
BRDA:219,22,0,6
BRDA:219,22,1,46
BRDA:223,23,0,6
BRDA:223,23,1,46
BRDA:224,24,0,6
BRDA:224,24,1,46
BRF:52
BRH:42
end_of_record
TN:
SF:src\components\AlertItem.jsx
FN:54,AlertItem2
FNF:1
FNH:1
FNDA:401,AlertItem2
DA:11,3
DA:54,3
DA:59,401
DA:62,401
DA:63,401
DA:66,401
DA:67,401
DA:68,401
DA:69,401
DA:71,401
DA:110,3
LF:11
LH:11
BRDA:62,0,0,401
BRDA:62,0,1,3
BRDA:66,1,0,41
BRDA:66,1,1,360
BRDA:67,2,0,41
BRDA:67,2,1,360
BRDA:68,3,0,41
BRDA:68,3,1,360
BRDA:69,4,0,41
BRDA:69,4,1,360
BRF:10
BRH:10
end_of_record
TN:
SF:src\components\AlertsModal.jsx
FN:21,AlertsModal2
FN:39,(anonymous_1)
FN:43,(anonymous_2)
FN:57,(anonymous_3)
FN:60,(anonymous_4)
FN:67,(anonymous_5)
FN:71,(anonymous_6)
FN:81,(anonymous_7)
FN:94,(anonymous_8)
FN:98,(anonymous_9)
FN:105,(anonymous_10)
FN:112,(anonymous_11)
FN:169,(anonymous_12)
FN:234,(anonymous_13)
FN:285,(anonymous_14)
FNF:15
FNH:15
FNDA:307,AlertsModal2
FNDA:55,(anonymous_1)
FNDA:53,(anonymous_2)
FNDA:55,(anonymous_3)
FNDA:300,(anonymous_4)
FNDA:54,(anonymous_5)
FNDA:55,(anonymous_6)
FNDA:300,(anonymous_7)
FNDA:54,(anonymous_8)
FNDA:3,(anonymous_9)
FNDA:300,(anonymous_10)
FNDA:1,(anonymous_11)
FNDA:11,(anonymous_12)
FNDA:949,(anonymous_13)
FNDA:249,(anonymous_14)
DA:21,1
DA:29,307
DA:30,307
DA:31,307
DA:32,307
DA:33,307
DA:36,307
DA:39,307
DA:40,55
DA:41,54
DA:43,54
DA:44,53
DA:47,1
DA:48,0
DA:49,0
DA:52,1
DA:57,307
DA:58,55
DA:60,54
DA:61,300
DA:62,0
DA:66,54
DA:67,54
DA:71,307
DA:72,55
DA:74,54
DA:75,54
DA:78,54
DA:79,54
DA:81,54
DA:82,300
DA:84,0
DA:85,0
DA:86,0
DA:87,0
DA:88,0
DA:89,0
DA:93,54
DA:94,54
DA:98,307
DA:99,3
DA:100,3
DA:101,3
DA:105,307
DA:106,300
DA:107,1
DA:112,307
DA:113,1
DA:117,307
DA:118,307
DA:121,307
DA:124,307
DA:125,307
DA:126,307
DA:129,307
DA:132,307
DA:135,307
DA:136,307
DA:137,307
DA:138,307
DA:142,307
DA:150,307
DA:169,11
DA:235,949
DA:285,249
DA:320,1
LF:66
LH:57
BRDA:40,0,0,54
BRDA:40,0,1,1
BRDA:47,1,0,0
BRDA:47,1,1,1
BRDA:58,2,0,1
BRDA:58,2,1,54
BRDA:61,3,0,0
BRDA:61,3,1,300
BRDA:72,4,0,1
BRDA:72,4,1,54
BRDA:72,5,0,55
BRDA:72,5,1,54
BRDA:82,6,0,300
BRDA:82,6,1,0
BRDA:84,7,0,0
BRDA:84,7,1,0
BRDA:84,8,0,0
BRDA:84,8,1,0
BRDA:87,9,0,0
BRDA:87,9,1,0
BRDA:87,10,0,0
BRDA:87,10,1,0
BRDA:99,11,0,0
BRDA:99,11,1,3
BRDA:106,12,0,1
BRDA:106,12,1,299
BRDA:121,13,0,6
BRDA:121,13,1,301
BRDA:124,14,0,6
BRDA:124,14,1,301
BRDA:125,15,0,6
BRDA:125,15,1,301
BRDA:126,16,0,6
BRDA:126,16,1,301
BRDA:129,17,0,6
BRDA:129,17,1,301
BRDA:132,18,0,6
BRDA:132,18,1,301
BRDA:135,19,0,6
BRDA:135,19,1,301
BRDA:136,20,0,6
BRDA:136,20,1,301
BRDA:137,21,0,6
BRDA:137,21,1,301
BRDA:138,22,0,6
BRDA:138,22,1,301
BRDA:142,23,0,303
BRDA:142,23,1,4
BRDA:143,24,0,6
BRDA:143,24,1,297
BRDA:146,25,0,0
BRDA:146,25,1,4
BRDA:152,26,0,307
BRDA:152,26,1,306
BRDA:196,27,0,306
BRDA:196,27,1,302
BRDA:231,28,0,302
BRDA:231,28,1,4
BRDA:300,29,0,246
BRDA:300,29,1,60
BRDA:304,30,0,246
BRDA:304,30,1,60
BRDA:305,31,0,246
BRDA:305,31,1,60
BRF:64
BRH:51
end_of_record
TN:
SF:src\components\AlertsPanel.jsx
FN:18,AlertsPanel2
FN:74,(anonymous_1)
FNF:2
FNH:2
FNDA:48,AlertsPanel2
FNDA:152,(anonymous_1)
DA:18,1
DA:20,48
DA:23,48
DA:26,48
DA:28,48
DA:35,48
DA:36,48
DA:37,48
DA:39,48
DA:75,152
DA:105,1
LF:11
LH:11
BRDA:23,0,0,7
BRDA:23,0,1,40
BRDA:26,1,0,7
BRDA:26,1,1,40
BRDA:28,2,0,36
BRDA:28,2,1,9
BRDA:29,3,0,6
BRDA:29,3,1,30
BRDA:32,4,0,1
BRDA:32,4,1,8
BRDA:35,5,0,7
BRDA:35,5,1,38
BRDA:36,6,0,7
BRDA:36,6,1,38
BRDA:37,7,0,7
BRDA:37,7,1,38
BRDA:66,8,0,36
BRDA:66,8,1,9
BRF:18
BRH:18
end_of_record
TN:
SF:src\components\ChartComponents.jsx
FN:13,ChartLegend2
FN:23,(anonymous_1)
FN:60,XAxisTick2
FNF:3
FNH:3
FNDA:15,ChartLegend2
FNDA:26,(anonymous_1)
FNDA:16,XAxisTick2
DA:13,1
DA:15,15
DA:17,15
DA:18,3
DA:21,12
DA:24,26
DA:42,1
DA:60,1
DA:62,16
DA:64,16
DA:83,1
LF:11
LH:11
BRDA:17,0,0,3
BRDA:17,0,1,12
BRDA:17,1,0,15
BRDA:17,1,1,13
BRDA:31,2,0,2
BRDA:31,2,1,24
BRDA:71,3,0,1
BRDA:71,3,1,15
BRF:8
BRH:8
end_of_record
TN:
SF:src\components\CompanyModalContent.jsx
FN:11,(anonymous_0)
FNF:1
FNH:1
FNDA:41,(anonymous_0)
DA:11,1
DA:13,41
DA:14,41
DA:15,41
DA:16,41
DA:19,0
DA:23,41
DA:24,41
DA:25,41
DA:27,41
LF:10
LH:9
BRDA:16,0,0,3
BRDA:16,0,1,38
BRDA:19,1,0,0
BRDA:19,1,1,0
BRDA:23,2,0,9
BRDA:23,2,1,32
BRDA:24,3,0,9
BRDA:24,3,1,32
BRDA:25,4,0,9
BRDA:25,4,1,32
BRDA:123,5,0,9
BRDA:123,5,1,32
BRDA:130,6,0,9
BRDA:130,6,1,32
BRF:14
BRH:12
end_of_record
TN:
SF:src\components\ConversionRateChart.jsx
FN:31,ConversionRateChart2
FN:41,(anonymous_1)
FN:42,(anonymous_2)
FN:43,(anonymous_3)
FN:44,(anonymous_4)
FN:45,(anonymous_5)
FN:48,(anonymous_6)
FN:51,(anonymous_7)
FN:52,(anonymous_8)
FN:55,(anonymous_9)
FN:59,(anonymous_10)
FN:69,(anonymous_11)
FN:69,(anonymous_12)
FN:97,(anonymous_13)
FN:115,(anonymous_14)
FN:119,(anonymous_15)
FNF:16
FNH:0
FNDA:0,ConversionRateChart2
FNDA:0,(anonymous_1)
FNDA:0,(anonymous_2)
FNDA:0,(anonymous_3)
FNDA:0,(anonymous_4)
FNDA:0,(anonymous_5)
FNDA:0,(anonymous_6)
FNDA:0,(anonymous_7)
FNDA:0,(anonymous_8)
FNDA:0,(anonymous_9)
FNDA:0,(anonymous_10)
FNDA:0,(anonymous_11)
FNDA:0,(anonymous_12)
FNDA:0,(anonymous_13)
FNDA:0,(anonymous_14)
FNDA:0,(anonymous_15)
DA:31,0
DA:38,0
DA:41,0
DA:42,0
DA:43,0
DA:44,0
DA:45,0
DA:48,0
DA:51,0
DA:52,0
DA:55,0
DA:58,0
DA:59,0
DA:69,0
DA:71,0
DA:97,0
DA:115,0
DA:119,0
DA:136,0
LF:19
LH:0
BRDA:48,0,0,0
BRDA:48,0,1,0
BRF:2
BRH:0
end_of_record
TN:
SF:src\components\CustomTooltip.jsx
FN:13,(anonymous_0)
FN:30,CustomTooltip2
FN:59,(anonymous_2)
FNF:3
FNH:3
FNDA:59,(anonymous_0)
FNDA:61,CustomTooltip2
FNDA:59,(anonymous_2)
DA:13,1
DA:14,59
DA:15,51
DA:17,8
DA:30,1
DA:32,61
DA:34,61
DA:35,7
DA:38,54
DA:60,59
DA:73,1
LF:11
LH:11
BRDA:14,0,0,51
BRDA:14,0,1,8
BRDA:14,1,0,59
BRDA:14,1,1,58
BRDA:34,2,0,7
BRDA:34,2,1,54
BRDA:34,3,0,61
BRDA:34,3,1,57
BRDA:34,3,2,55
BRDA:41,4,0,7
BRDA:41,4,1,47
BRDA:49,5,0,61
BRDA:49,5,1,52
BRDA:52,6,0,7
BRDA:52,6,1,45
BRF:15
BRH:15
end_of_record
TN:
SF:src\components\ErrorBoundary.jsx
FN:17,(anonymous_0)
FN:26,(anonymous_1)
FN:31,(anonymous_2)
FN:46,(anonymous_3)
FN:59,(anonymous_4)
FN:63,(anonymous_5)
FNF:6
FNH:6
FNDA:62,(anonymous_0)
FNDA:1,(anonymous_1)
FNDA:31,(anonymous_2)
FNDA:2,(anonymous_3)
FNDA:1,(anonymous_4)
FNDA:158,(anonymous_5)
DA:18,62
DA:19,62
DA:28,62
DA:33,31
DA:35,31
DA:41,31
DA:42,1
DA:46,2
DA:47,2
DA:54,2
DA:55,1
DA:59,1
DA:60,1
DA:64,158
DA:65,158
DA:67,158
DA:69,93
DA:70,12
DA:74,81
DA:75,3
DA:79,78
DA:128,65
DA:132,1
LF:23
LH:23
BRDA:41,0,0,1
BRDA:41,0,1,30
BRDA:54,1,0,1
BRDA:54,1,1,1
BRDA:65,2,0,158
BRDA:67,3,0,93
BRDA:67,3,1,65
BRDA:69,4,0,12
BRDA:69,4,1,81
BRDA:74,5,0,3
BRDA:74,5,1,78
BRDA:94,6,0,78
BRDA:94,6,1,9
BRDA:94,6,2,9
BRF:14
BRH:14
end_of_record
TN:
SF:src\components\ErrorMessage.jsx
FN:16,ErrorMessage2
FNF:1
FNH:1
FNDA:47,ErrorMessage2
DA:16,1
DA:18,47
DA:20,47
DA:22,39
DA:44,1
LF:5
LH:5
BRDA:20,0,0,8
BRDA:20,0,1,39
BRDA:25,1,0,6
BRDA:25,1,1,33
BRDA:34,2,0,6
BRDA:34,2,1,33
BRF:6
BRH:6
end_of_record
TN:
SF:src\components\Footer.jsx
FN:17,Footer2
FN:27,(anonymous_1)
FN:32,(anonymous_2)
FN:105,(anonymous_3)
FN:132,(anonymous_4)
FN:159,(anonymous_5)
FNF:6
FNH:6
FNDA:54,Footer2
FNDA:1,(anonymous_1)
FNDA:3,(anonymous_2)
FNDA:108,(anonymous_3)
FNDA:108,(anonymous_4)
FNDA:108,(anonymous_5)
DA:17,1
DA:24,54
DA:27,54
DA:28,1
DA:32,54
DA:33,3
DA:34,2
DA:35,2
DA:40,54
DA:41,54
DA:42,54
DA:46,54
DA:106,108
DA:133,108
DA:160,108
DA:210,1
LF:16
LH:16
BRDA:33,0,0,2
BRDA:33,0,1,1
BRDA:33,1,0,3
BRDA:33,1,1,2
BRDA:40,2,0,8
BRDA:40,2,1,46
BRDA:41,3,0,8
BRDA:41,3,1,46
BRDA:42,4,0,8
BRDA:42,4,1,46
BRDA:49,5,0,8
BRDA:49,5,1,46
BRDA:68,6,0,8
BRDA:68,6,1,46
BRDA:71,7,0,8
BRDA:71,7,1,46
BRDA:76,8,0,8
BRDA:76,8,1,46
BRDA:177,9,0,8
BRDA:177,9,1,46
BRF:20
BRH:20
end_of_record
TN:
SF:src\components\FooterModal.jsx
FN:19,FooterModal2
FN:34,(anonymous_1)
FN:38,(anonymous_2)
FN:48,(anonymous_3)
FN:51,(anonymous_4)
FN:58,(anonymous_5)
FN:62,(anonymous_6)
FN:72,(anonymous_7)
FN:85,(anonymous_8)
FN:120,(anonymous_9)
FNF:10
FNH:8
FNDA:71,FooterModal2
FNDA:70,(anonymous_1)
FNDA:67,(anonymous_2)
FNDA:70,(anonymous_3)
FNDA:0,(anonymous_4)
FNDA:67,(anonymous_5)
FNDA:70,(anonymous_6)
FNDA:0,(anonymous_7)
FNDA:67,(anonymous_8)
FNDA:9,(anonymous_9)
DA:19,1
DA:26,71
DA:27,71
DA:28,71
DA:31,71
DA:34,71
DA:35,70
DA:36,67
DA:38,67
DA:39,67
DA:41,3
DA:42,1
DA:43,1
DA:48,71
DA:49,70
DA:51,67
DA:52,0
DA:53,0
DA:57,67
DA:58,67
DA:62,71
DA:63,70
DA:65,67
DA:66,67
DA:69,67
DA:70,67
DA:72,67
DA:73,0
DA:75,0
DA:76,0
DA:77,0
DA:78,0
DA:79,0
DA:80,0
DA:84,67
DA:85,67
DA:89,71
DA:90,71
DA:93,71
DA:96,71
DA:97,71
DA:98,71
DA:102,71
DA:120,9
DA:165,1
LF:45
LH:36
BRDA:35,0,0,67
BRDA:35,0,1,3
BRDA:41,1,0,1
BRDA:41,1,1,2
BRDA:49,2,0,3
BRDA:49,2,1,67
BRDA:52,3,0,0
BRDA:52,3,1,0
BRDA:63,4,0,3
BRDA:63,4,1,67
BRDA:63,5,0,70
BRDA:63,5,1,67
BRDA:73,6,0,0
BRDA:73,6,1,0
BRDA:75,7,0,0
BRDA:75,7,1,0
BRDA:75,8,0,0
BRDA:75,8,1,0
BRDA:78,9,0,0
BRDA:78,9,1,0
BRDA:78,10,0,0
BRDA:78,10,1,0
BRDA:89,11,0,71
BRDA:89,11,1,2
BRDA:90,12,0,71
BRDA:90,12,1,2
BRDA:93,13,0,8
BRDA:93,13,1,63
BRDA:96,14,0,8
BRDA:96,14,1,63
BRDA:97,15,0,8
BRDA:97,15,1,63
BRDA:98,16,0,8
BRDA:98,16,1,63
BRDA:104,17,0,71
BRDA:104,17,1,68
BRF:36
BRH:24
end_of_record
TN:
SF:src\components\Header.jsx
FN:21,Header2
FN:40,(anonymous_1)
FN:45,(anonymous_2)
FN:53,(anonymous_3)
FN:63,(anonymous_4)
FN:66,(anonymous_5)
FN:67,(anonymous_6)
FN:68,(anonymous_7)
FN:71,(anonymous_8)
FN:72,(anonymous_9)
FN:73,(anonymous_10)
FN:74,(anonymous_11)
FN:78,(anonymous_12)
FN:87,(anonymous_13)
FN:93,(anonymous_14)
FN:98,(anonymous_15)
FN:103,(anonymous_16)
FN:108,(anonymous_17)
FN:113,(anonymous_18)
FN:118,(anonymous_19)
FN:123,(anonymous_20)
FN:128,(anonymous_21)
FN:133,(anonymous_22)
FN:134,(anonymous_23)
FN:137,(anonymous_24)
FN:141,(anonymous_25)
FN:142,(anonymous_26)
FN:145,(anonymous_27)
FNF:28
FNH:20
FNDA:54,Header2
FNDA:1,(anonymous_1)
FNDA:3,(anonymous_2)
FNDA:38,(anonymous_3)
FNDA:38,(anonymous_4)
FNDA:38,(anonymous_5)
FNDA:38,(anonymous_6)
FNDA:38,(anonymous_7)
FNDA:38,(anonymous_8)
FNDA:38,(anonymous_9)
FNDA:38,(anonymous_10)
FNDA:38,(anonymous_11)
FNDA:38,(anonymous_12)
FNDA:38,(anonymous_13)
FNDA:38,(anonymous_14)
FNDA:0,(anonymous_15)
FNDA:0,(anonymous_16)
FNDA:0,(anonymous_17)
FNDA:0,(anonymous_18)
FNDA:0,(anonymous_19)
FNDA:2,(anonymous_20)
FNDA:2,(anonymous_21)
FNDA:0,(anonymous_22)
FNDA:0,(anonymous_23)
FNDA:0,(anonymous_24)
FNDA:11,(anonymous_25)
FNDA:11,(anonymous_26)
FNDA:1,(anonymous_27)
DA:21,1
DA:30,54
DA:31,54
DA:34,54
DA:37,54
DA:40,54
DA:41,1
DA:45,54
DA:46,3
DA:47,2
DA:52,54
DA:53,38
DA:63,54
DA:66,54
DA:67,54
DA:68,54
DA:71,54
DA:72,54
DA:73,54
DA:74,54
DA:77,54
DA:79,38
DA:86,54
DA:87,38
DA:92,54
DA:93,38
DA:98,54
DA:99,0
DA:100,0
DA:103,54
DA:104,0
DA:105,0
DA:108,54
DA:109,0
DA:110,0
DA:113,54
DA:114,0
DA:115,0
DA:118,54
DA:119,0
DA:120,0
DA:123,54
DA:124,2
DA:125,2
DA:128,54
DA:129,2
DA:130,2
DA:133,54
DA:134,0
DA:137,54
DA:138,0
DA:141,54
DA:142,11
DA:145,54
DA:146,1
DA:149,54
LF:56
LH:44
BRDA:46,0,0,2
BRDA:46,0,1,1
BRDA:46,1,0,3
BRDA:46,1,1,2
BRDA:55,2,0,6
BRDA:55,2,1,32
BRDA:79,3,0,6
BRDA:79,3,1,32
BRDA:87,4,0,6
BRDA:87,4,1,32
BRDA:93,5,0,6
BRDA:93,5,1,32
BRDA:164,6,0,6
BRDA:164,6,1,48
BRDA:165,7,0,6
BRDA:165,7,1,48
BRDA:170,8,0,6
BRDA:170,8,1,48
BRDA:178,9,0,6
BRDA:178,9,1,48
BRDA:194,10,0,6
BRDA:194,10,1,48
BRDA:207,11,0,54
BRDA:207,11,1,0
BRDA:230,12,0,0
BRDA:230,12,1,0
BRDA:231,13,0,0
BRDA:231,13,1,0
BRDA:245,14,0,0
BRDA:245,14,1,0
BRDA:245,15,0,0
BRDA:245,15,1,0
BRDA:300,16,0,6
BRDA:300,16,1,48
BRDA:304,17,0,6
BRDA:304,17,1,48
BRDA:306,18,0,6
BRDA:306,18,1,48
BRDA:313,19,0,6
BRDA:313,19,1,48
BRDA:320,20,0,2
BRDA:320,20,1,52
BRDA:327,21,0,6
BRDA:327,21,1,48
BRDA:340,22,0,6
BRDA:340,22,1,48
BRDA:353,23,0,54
BRDA:353,23,1,9
BRF:48
BRH:39
end_of_record
TN:
SF:src\components\LeadActivityChart.jsx
FN:30,LeadActivityChart2
FN:40,(anonymous_1)
FN:41,(anonymous_2)
FN:42,(anonymous_3)
FN:43,(anonymous_4)
FN:44,(anonymous_5)
FN:47,(anonymous_6)
FN:48,(anonymous_7)
FN:51,(anonymous_8)
FN:52,(anonymous_9)
FN:55,(anonymous_10)
FN:59,(anonymous_11)
FN:107,(anonymous_12)
FN:123,(anonymous_13)
FN:124,(anonymous_14)
FNF:15
FNH:0
FNDA:0,LeadActivityChart2
FNDA:0,(anonymous_1)
FNDA:0,(anonymous_2)
FNDA:0,(anonymous_3)
FNDA:0,(anonymous_4)
FNDA:0,(anonymous_5)
FNDA:0,(anonymous_6)
FNDA:0,(anonymous_7)
FNDA:0,(anonymous_8)
FNDA:0,(anonymous_9)
FNDA:0,(anonymous_10)
FNDA:0,(anonymous_11)
FNDA:0,(anonymous_12)
FNDA:0,(anonymous_13)
FNDA:0,(anonymous_14)
DA:30,0
DA:37,0
DA:40,0
DA:41,0
DA:42,0
DA:43,0
DA:44,0
DA:47,0
DA:48,0
DA:51,0
DA:52,0
DA:55,0
DA:58,0
DA:59,0
DA:69,0
DA:71,0
DA:107,0
DA:123,0
DA:124,0
DA:149,0
LF:20
LH:0
BRDA:47,0,0,0
BRDA:47,0,1,0
BRDA:48,1,0,0
BRDA:48,1,1,0
BRDA:69,2,0,0
BRDA:69,2,1,0
BRF:6
BRH:0
end_of_record
TN:
SF:src\components\LeadSourceChart.jsx
FN:21,LeadSourceChart2
FN:26,(anonymous_1)
FN:32,(anonymous_2)
FN:33,(anonymous_3)
FN:37,(anonymous_4)
FN:45,(anonymous_5)
FN:48,(anonymous_6)
FN:52,(anonymous_7)
FN:61,(anonymous_8)
FN:62,(anonymous_9)
FN:68,(anonymous_10)
FN:73,(anonymous_11)
FN:89,(anonymous_12)
FN:90,(anonymous_13)
FN:129,(anonymous_14)
FN:139,(anonymous_15)
FN:150,(anonymous_16)
FNF:17
FNH:0
FNDA:0,LeadSourceChart2
FNDA:0,(anonymous_1)
FNDA:0,(anonymous_2)
FNDA:0,(anonymous_3)
FNDA:0,(anonymous_4)
FNDA:0,(anonymous_5)
FNDA:0,(anonymous_6)
FNDA:0,(anonymous_7)
FNDA:0,(anonymous_8)
FNDA:0,(anonymous_9)
FNDA:0,(anonymous_10)
FNDA:0,(anonymous_11)
FNDA:0,(anonymous_12)
FNDA:0,(anonymous_13)
FNDA:0,(anonymous_14)
FNDA:0,(anonymous_15)
FNDA:0,(anonymous_16)
DA:21,0
DA:23,0
DA:26,0
DA:28,0
DA:29,0
DA:32,0
DA:33,0
DA:36,0
DA:37,0
DA:45,0
DA:48,0
DA:51,0
DA:52,0
DA:61,0
DA:62,0
DA:63,0
DA:66,0
DA:67,0
DA:68,0
DA:72,0
DA:74,0
DA:75,0
DA:77,0
DA:78,0
DA:79,0
DA:86,0
DA:89,0
DA:90,0
DA:92,0
DA:130,0
DA:139,0
DA:151,0
DA:170,0
LF:33
LH:0
BRDA:38,0,0,0
BRDA:38,0,1,0
BRDA:39,1,0,0
BRDA:39,1,1,0
BRDA:74,2,0,0
BRDA:74,2,1,0
BRDA:74,3,0,0
BRDA:74,3,1,0
BRDA:74,3,2,0
BRDA:86,4,0,0
BRDA:86,4,1,0
BRDA:89,5,0,0
BRDA:89,5,1,0
BRDA:90,6,0,0
BRDA:90,6,1,0
BRDA:142,7,0,0
BRDA:142,7,1,0
BRF:17
BRH:0
end_of_record
TN:
SF:src\components\LoadingScreen.jsx
FN:10,(anonymous_0)
FN:92,(anonymous_1)
FNF:2
FNH:2
FNDA:80,(anonymous_0)
FNDA:240,(anonymous_1)
DA:10,1
DA:11,80
DA:93,240
LF:3
LH:3
BRF:0
BRH:0
end_of_record
TN:
SF:src\components\LoadingSkeleton.jsx
FN:20,LoadingSkeleton2
FN:25,(anonymous_1)
FN:41,(anonymous_2)
FN:64,(anonymous_3)
FN:75,(anonymous_4)
FN:84,(anonymous_5)
FNF:6
FNH:6
FNDA:48,LoadingSkeleton2
FNDA:48,(anonymous_1)
FNDA:192,(anonymous_2)
FNDA:192,(anonymous_3)
FNDA:576,(anonymous_4)
FNDA:1152,(anonymous_5)
DA:11,1
DA:20,1
DA:22,48
DA:25,48
DA:28,48
DA:33,48
DA:35,48
DA:42,192
DA:65,192
DA:76,576
DA:85,1152
DA:100,1
LF:12
LH:12
BRDA:28,0,0,6
BRDA:28,0,1,42
BRDA:33,1,0,6
BRDA:33,1,1,42
BRF:4
BRH:4
end_of_record
TN:
SF:src\components\MeetingScheduleCard.jsx
FN:25,MeetingScheduleCard2
FN:42,(anonymous_1)
FN:43,(anonymous_2)
FN:54,(anonymous_3)
FN:59,(anonymous_4)
FN:60,(anonymous_5)
FN:71,(anonymous_6)
FN:80,(anonymous_7)
FN:89,(anonymous_8)
FN:94,(anonymous_9)
FN:101,(anonymous_10)
FN:111,(anonymous_11)
FN:125,(anonymous_12)
FN:179,(anonymous_13)
FN:196,(anonymous_14)
FN:263,(anonymous_15)
FN:278,(anonymous_16)
FN:282,(anonymous_17)
FN:326,(anonymous_18)
FN:335,(anonymous_19)
FN:388,(anonymous_20)
FN:401,(anonymous_21)
FN:469,(anonymous_22)
FNF:23
FNH:0
FNDA:0,MeetingScheduleCard2
FNDA:0,(anonymous_1)
FNDA:0,(anonymous_2)
FNDA:0,(anonymous_3)
FNDA:0,(anonymous_4)
FNDA:0,(anonymous_5)
FNDA:0,(anonymous_6)
FNDA:0,(anonymous_7)
FNDA:0,(anonymous_8)
FNDA:0,(anonymous_9)
FNDA:0,(anonymous_10)
FNDA:0,(anonymous_11)
FNDA:0,(anonymous_12)
FNDA:0,(anonymous_13)
FNDA:0,(anonymous_14)
FNDA:0,(anonymous_15)
FNDA:0,(anonymous_16)
FNDA:0,(anonymous_17)
FNDA:0,(anonymous_18)
FNDA:0,(anonymous_19)
FNDA:0,(anonymous_20)
FNDA:0,(anonymous_21)
FNDA:0,(anonymous_22)
DA:25,0
DA:29,0
DA:30,0
DA:31,0
DA:32,0
DA:35,0
DA:36,0
DA:37,0
DA:38,0
DA:39,0
DA:42,0
DA:43,0
DA:44,0
DA:45,0
DA:54,0
DA:55,0
DA:59,0
DA:60,0
DA:61,0
DA:62,0
DA:68,0
DA:71,0
DA:72,0
DA:73,0
DA:75,0
DA:80,0
DA:81,0
DA:85,0
DA:86,0
DA:89,0
DA:90,0
DA:91,0
DA:94,0
DA:95,0
DA:96,0
DA:100,0
DA:101,0
DA:105,0
DA:108,0
DA:111,0
DA:112,0
DA:114,0
DA:116,0
DA:118,0
DA:120,0
DA:125,0
DA:126,0
DA:128,0
DA:132,0
DA:136,0
DA:140,0
DA:147,0
DA:148,0
DA:150,0
DA:179,0
DA:196,0
DA:264,0
DA:279,0
DA:283,0
DA:284,0
DA:285,0
DA:287,0
DA:288,0
DA:297,0
DA:300,0
DA:301,0
DA:303,0
DA:326,0
DA:336,0
DA:388,0
DA:402,0
DA:470,0
DA:563,0
LF:73
LH:0
BRDA:26,0,0,0
BRDA:46,1,0,0
BRDA:46,1,1,0
BRDA:46,1,2,0
BRDA:63,2,0,0
BRDA:63,2,1,0
BRDA:73,3,0,0
BRDA:73,3,1,0
BRDA:75,4,0,0
BRDA:75,4,1,0
BRDA:85,5,0,0
BRDA:85,5,1,0
BRDA:86,6,0,0
BRDA:86,6,1,0
BRDA:105,7,0,0
BRDA:105,7,1,0
BRDA:108,8,0,0
BRDA:108,8,1,0
BRDA:112,9,0,0
BRDA:112,9,1,0
BRDA:112,9,2,0
BRDA:112,9,3,0
BRDA:126,10,0,0
BRDA:126,10,1,0
BRDA:126,10,2,0
BRDA:126,10,3,0
BRDA:128,11,0,0
BRDA:128,11,1,0
BRDA:132,12,0,0
BRDA:132,12,1,0
BRDA:136,13,0,0
BRDA:136,13,1,0
BRDA:140,14,0,0
BRDA:140,14,1,0
BRDA:160,15,0,0
BRDA:160,15,1,0
BRDA:163,16,0,0
BRDA:163,16,1,0
BRDA:176,17,0,0
BRDA:176,17,1,0
BRDA:181,18,0,0
BRDA:181,18,1,0
BRDA:182,19,0,0
BRDA:182,19,1,0
BRDA:185,20,0,0
BRDA:185,20,1,0
BRDA:198,21,0,0
BRDA:198,21,1,0
BRDA:199,22,0,0
BRDA:199,22,1,0
BRDA:202,23,0,0
BRDA:202,23,1,0
BRDA:217,24,0,0
BRDA:217,24,1,0
BRDA:225,25,0,0
BRDA:225,25,1,0
BRDA:236,26,0,0
BRDA:236,26,1,0
BRDA:247,27,0,0
BRDA:247,27,1,0
BRDA:267,28,0,0
BRDA:267,28,1,0
BRDA:285,29,0,0
BRDA:285,29,1,0
BRDA:287,30,0,0
BRDA:287,30,1,0
BRDA:297,31,0,0
BRDA:297,31,1,0
BRDA:297,31,2,0
BRDA:307,32,0,0
BRDA:307,32,1,0
BRDA:309,33,0,0
BRDA:309,33,1,0
BRDA:310,34,0,0
BRDA:310,34,1,0
BRDA:313,35,0,0
BRDA:313,35,1,0
BRDA:314,36,0,0
BRDA:314,36,1,0
BRDA:317,37,0,0
BRDA:317,37,1,0
BRDA:318,38,0,0
BRDA:318,38,1,0
BRDA:321,39,0,0
BRDA:321,39,1,0
BRDA:326,40,0,0
BRDA:326,40,1,0
BRDA:327,41,0,0
BRDA:327,41,1,0
BRDA:328,42,0,0
BRDA:328,42,1,0
BRDA:331,43,0,0
BRDA:331,43,1,0
BRDA:339,44,0,0
BRDA:339,44,1,0
BRDA:354,45,0,0
BRDA:354,45,1,0
BRDA:354,45,2,0
BRDA:365,46,0,0
BRDA:365,46,1,0
BRDA:373,47,0,0
BRDA:373,47,1,0
BRDA:378,48,0,0
BRDA:378,48,1,0
BRDA:390,49,0,0
BRDA:390,49,1,0
BRDA:405,50,0,0
BRDA:405,50,1,0
BRDA:416,51,0,0
BRDA:416,51,1,0
BRDA:425,52,0,0
BRDA:425,52,1,0
BRDA:433,53,0,0
BRDA:433,53,1,0
BRDA:436,54,0,0
BRDA:436,54,1,0
BRDA:442,55,0,0
BRDA:442,55,1,0
BRDA:444,56,0,0
BRDA:444,56,1,0
BRDA:467,57,0,0
BRDA:467,57,1,0
BRDA:473,58,0,0
BRDA:473,58,1,0
BRDA:491,59,0,0
BRDA:491,59,1,0
BRDA:498,60,0,0
BRDA:498,60,1,0
BRDA:506,61,0,0
BRDA:506,61,1,0
BRDA:509,62,0,0
BRDA:509,62,1,0
BRDA:515,63,0,0
BRDA:515,63,1,0
BRDA:517,64,0,0
BRDA:517,64,1,0
BRDA:532,65,0,0
BRDA:532,65,1,0
BRDA:535,66,0,0
BRDA:535,66,1,0
BRDA:548,67,0,0
BRDA:548,67,1,0
BRDA:551,68,0,0
BRDA:551,68,1,0
BRDA:555,69,0,0
BRDA:555,69,1,0
BRF:146
BRH:0
end_of_record
TN:
SF:src\components\NotesModal.jsx
FN:12,NoteItem2
FN:36,(anonymous_1)
FN:71,AddNoteForm2
FN:76,(anonymous_3)
FN:80,(anonymous_4)
FN:86,(anonymous_5)
FN:119,(anonymous_6)
FN:185,NotesList2
FN:211,(anonymous_8)
FN:248,NotesModal2
FN:264,(anonymous_10)
FN:271,(anonymous_11)
FN:278,(anonymous_12)
FN:282,(anonymous_13)
FN:292,(anonymous_14)
FN:305,(anonymous_15)
FN:309,(anonymous_16)
FN:325,(anonymous_17)
FN:353,(anonymous_18)
FN:392,(anonymous_19)
FN:406,(anonymous_20)
FNF:21
FNH:21
FNDA:85,NoteItem2
FNDA:1,(anonymous_1)
FNDA:162,AddNoteForm2
FNDA:60,(anonymous_3)
FNDA:3,(anonymous_4)
FNDA:101,(anonymous_5)
FNDA:101,(anonymous_6)
FNDA:15,NotesList2
FNDA:85,(anonymous_8)
FNDA:79,NotesModal2
FNDA:62,(anonymous_10)
FNDA:101,(anonymous_11)
FNDA:59,(anonymous_12)
FNDA:78,(anonymous_13)
FNDA:101,(anonymous_14)
FNDA:75,(anonymous_15)
FNDA:3,(anonymous_16)
FNDA:152,(anonymous_17)
FNDA:26,(anonymous_18)
FNDA:2,(anonymous_19)
FNDA:11,(anonymous_20)
DA:12,1
DA:13,85
DA:16,85
DA:17,85
DA:21,85
DA:36,1
DA:57,1
DA:71,1
DA:72,162
DA:73,162
DA:76,162
DA:77,60
DA:80,162
DA:81,3
DA:82,3
DA:83,3
DA:86,162
DA:88,101
DA:89,0
DA:90,0
DA:94,162
DA:95,162
DA:98,162
DA:102,162
DA:103,162
DA:105,162
DA:119,101
DA:176,1
DA:185,1
DA:186,15
DA:187,15
DA:189,15
DA:190,1
DA:208,14
DA:212,85
DA:224,1
DA:248,1
DA:256,79
DA:257,79
DA:258,79
DA:261,79
DA:264,79
DA:265,62
DA:268,59
DA:271,62
DA:272,101
DA:273,0
DA:277,62
DA:278,62
DA:282,79
DA:283,78
DA:285,75
DA:286,75
DA:289,75
DA:290,75
DA:292,75
DA:293,101
DA:295,0
DA:296,0
DA:297,0
DA:298,0
DA:299,0
DA:300,0
DA:304,75
DA:305,75
DA:309,79
DA:310,3
DA:311,3
DA:315,79
DA:318,79
DA:319,79
DA:320,79
DA:325,79
DA:326,152
DA:327,152
DA:328,76
DA:330,76
DA:335,79
DA:353,26
DA:392,2
DA:406,11
DA:453,1
LF:82
LH:73
BRDA:13,0,0,0
BRDA:13,0,1,85
BRDA:16,1,0,0
BRDA:16,1,1,85
BRDA:17,2,0,0
BRDA:17,2,1,85
BRDA:81,3,0,0
BRDA:81,3,1,3
BRDA:88,4,0,0
BRDA:88,4,1,101
BRDA:88,5,0,101
BRDA:88,5,1,101
BRDA:88,5,2,0
BRDA:88,5,3,0
BRDA:94,6,0,6
BRDA:94,6,1,156
BRDA:95,7,0,6
BRDA:95,7,1,156
BRDA:98,8,0,6
BRDA:98,8,1,156
BRDA:142,9,0,0
BRDA:142,9,1,162
BRDA:159,10,0,98
BRDA:159,10,1,64
BRDA:163,11,0,98
BRDA:163,11,1,64
BRDA:164,12,0,98
BRDA:164,12,1,64
BRDA:186,13,0,0
BRDA:186,13,1,15
BRDA:187,14,0,0
BRDA:187,14,1,15
BRDA:189,15,0,1
BRDA:189,15,1,14
BRDA:265,16,0,3
BRDA:265,16,1,59
BRDA:272,17,0,0
BRDA:272,17,1,101
BRDA:283,18,0,3
BRDA:283,18,1,75
BRDA:283,19,0,78
BRDA:283,19,1,75
BRDA:293,20,0,101
BRDA:293,20,1,0
BRDA:295,21,0,0
BRDA:295,21,1,0
BRDA:295,22,0,0
BRDA:295,22,1,0
BRDA:298,23,0,0
BRDA:298,23,1,0
BRDA:298,24,0,0
BRDA:298,24,1,0
BRDA:315,25,0,6
BRDA:315,25,1,73
BRDA:318,26,0,6
BRDA:318,26,1,73
BRDA:319,27,0,6
BRDA:319,27,1,73
BRDA:320,28,0,6
BRDA:320,28,1,73
BRDA:327,29,0,76
BRDA:327,29,1,76
BRDA:330,30,0,6
BRDA:330,30,1,70
BRDA:337,31,0,79
BRDA:337,31,1,76
BRDA:424,32,0,61
BRDA:424,32,1,15
BRF:68
BRH:48
end_of_record
TN:
SF:src\components\ProductModalContent.jsx
FN:11,(anonymous_0)
FNF:1
FNH:1
FNDA:52,(anonymous_0)
DA:11,1
DA:13,52
DA:14,52
DA:15,52
DA:16,52
DA:19,0
DA:23,52
DA:24,52
DA:25,52
DA:27,52
LF:10
LH:9
BRDA:16,0,0,3
BRDA:16,0,1,49
BRDA:19,1,0,0
BRDA:19,1,1,0
BRDA:23,2,0,11
BRDA:23,2,1,41
BRDA:24,3,0,11
BRDA:24,3,1,41
BRDA:25,4,0,11
BRDA:25,4,1,41
BRDA:89,5,0,11
BRDA:89,5,1,41
BRDA:94,6,0,11
BRDA:94,6,1,41
BRDA:106,7,0,11
BRDA:106,7,1,41
BRDA:111,8,0,11
BRDA:111,8,1,41
BRF:18
BRH:16
end_of_record
TN:
SF:src\components\RecentLeadActivities.jsx
FN:26,RecentLeadActivities2
FN:39,(anonymous_1)
FN:63,(anonymous_2)
FN:105,(anonymous_3)
FN:172,(anonymous_4)
FNF:5
FNH:0
FNDA:0,RecentLeadActivities2
FNDA:0,(anonymous_1)
FNDA:0,(anonymous_2)
FNDA:0,(anonymous_3)
FNDA:0,(anonymous_4)
DA:26,0
DA:30,0
DA:33,0
DA:36,0
DA:39,0
DA:40,0
DA:42,0
DA:44,0
DA:46,0
DA:48,0
DA:50,0
DA:52,0
DA:54,0
DA:56,0
DA:58,0
DA:63,0
DA:64,0
DA:66,0
DA:70,0
DA:74,0
DA:78,0
DA:82,0
DA:86,0
DA:90,0
DA:94,0
DA:98,0
DA:105,0
DA:106,0
DA:108,0
DA:112,0
DA:116,0
DA:120,0
DA:124,0
DA:173,0
DA:302,0
LF:35
LH:0
BRDA:27,0,0,0
BRDA:33,1,0,0
BRDA:33,1,1,0
BRDA:36,2,0,0
BRDA:36,2,1,0
BRDA:40,3,0,0
BRDA:40,3,1,0
BRDA:40,3,2,0
BRDA:40,3,3,0
BRDA:40,3,4,0
BRDA:40,3,5,0
BRDA:40,3,6,0
BRDA:40,3,7,0
BRDA:40,3,8,0
BRDA:64,4,0,0
BRDA:64,4,1,0
BRDA:64,4,2,0
BRDA:64,4,3,0
BRDA:64,4,4,0
BRDA:64,4,5,0
BRDA:64,4,6,0
BRDA:64,4,7,0
BRDA:64,4,8,0
BRDA:66,5,0,0
BRDA:66,5,1,0
BRDA:70,6,0,0
BRDA:70,6,1,0
BRDA:74,7,0,0
BRDA:74,7,1,0
BRDA:78,8,0,0
BRDA:78,8,1,0
BRDA:82,9,0,0
BRDA:82,9,1,0
BRDA:86,10,0,0
BRDA:86,10,1,0
BRDA:90,11,0,0
BRDA:90,11,1,0
BRDA:94,12,0,0
BRDA:94,12,1,0
BRDA:98,13,0,0
BRDA:98,13,1,0
BRDA:106,14,0,0
BRDA:106,14,1,0
BRDA:106,14,2,0
BRDA:106,14,3,0
BRDA:108,15,0,0
BRDA:108,15,1,0
BRDA:112,16,0,0
BRDA:112,16,1,0
BRDA:116,17,0,0
BRDA:116,17,1,0
BRDA:134,18,0,0
BRDA:134,18,1,0
BRDA:137,19,0,0
BRDA:137,19,1,0
BRDA:149,20,0,0
BRDA:149,20,1,0
BRDA:161,21,0,0
BRDA:161,21,1,0
BRDA:166,22,0,0
BRDA:166,22,1,0
BRDA:192,23,0,0
BRDA:192,23,1,0
BRDA:201,24,0,0
BRDA:201,24,1,0
BRDA:207,25,0,0
BRDA:207,25,1,0
BRDA:221,26,0,0
BRDA:221,26,1,0
BRDA:231,27,0,0
BRDA:231,27,1,0
BRDA:239,28,0,0
BRDA:239,28,1,0
BRDA:247,29,0,0
BRDA:247,29,1,0
BRDA:250,30,0,0
BRDA:250,30,1,0
BRDA:255,31,0,0
BRDA:255,31,1,0
BRDA:272,32,0,0
BRDA:272,32,1,0
BRDA:276,33,0,0
BRDA:276,33,1,0
BRDA:281,34,0,0
BRDA:281,34,1,0
BRDA:289,35,0,0
BRDA:289,35,1,0
BRF:87
BRH:0
end_of_record
TN:
SF:src\components\ResourcesModalContent.jsx
FN:11,(anonymous_0)
FNF:1
FNH:1
FNDA:53,(anonymous_0)
DA:11,1
DA:13,53
DA:14,53
DA:15,53
DA:16,53
DA:19,0
DA:23,53
DA:24,53
DA:25,53
DA:27,53
LF:10
LH:9
BRDA:16,0,0,3
BRDA:16,0,1,50
BRDA:19,1,0,0
BRDA:19,1,1,0
BRDA:23,2,0,13
BRDA:23,2,1,40
BRDA:24,3,0,13
BRDA:24,3,1,40
BRDA:25,4,0,13
BRDA:25,4,1,40
BRDA:75,5,0,13
BRDA:75,5,1,40
BRDA:82,6,0,13
BRDA:82,6,1,40
BRDA:95,7,0,13
BRDA:95,7,1,40
BRDA:102,8,0,13
BRDA:102,8,1,40
BRF:18
BRH:16
end_of_record
TN:
SF:src\components\StatCard.jsx
FN:33,StatCard2
FNF:1
FNH:1
FNDA:250,StatCard2
DA:11,2
DA:33,2
DA:45,250
DA:49,250
DA:52,250
DA:107,2
LF:6
LH:6
BRDA:40,0,0,250
BRDA:41,1,0,250
BRDA:49,2,0,250
BRDA:49,2,1,1
BRDA:55,3,0,23
BRDA:55,3,1,227
BRDA:65,4,0,23
BRDA:65,4,1,227
BRDA:81,5,0,23
BRDA:81,5,1,227
BRDA:87,6,0,250
BRDA:87,6,1,212
BRDA:96,7,0,23
BRDA:96,7,1,227
BRF:14
BRH:14
end_of_record
TN:
SF:src\components\StatCards.jsx
FN:15,(anonymous_0)
FN:32,StatCards2
FN:80,(anonymous_2)
FNF:3
FNH:3
FNDA:204,(anonymous_0)
FNDA:51,StatCards2
FNDA:204,(anonymous_2)
DA:15,1
DA:16,204
DA:17,204
DA:18,0
DA:19,0
DA:32,1
DA:34,51
DA:36,51
DA:38,51
DA:73,51
DA:81,204
LF:11
LH:9
BRDA:16,0,0,0
BRDA:16,0,1,204
BRDA:17,1,0,204
BRDA:17,1,1,0
BRDA:18,2,0,0
BRDA:18,2,1,0
BRDA:45,3,0,5
BRDA:45,3,1,46
BRDA:53,4,0,5
BRDA:53,4,1,46
BRDA:61,5,0,5
BRDA:61,5,1,46
BRDA:69,6,0,5
BRDA:69,6,1,46
BRF:14
BRH:10
end_of_record
TN:
SF:src\components\TimePeriodButtons.jsx
FN:17,(anonymous_0)
FN:31,TimePeriodButtons2
FN:42,(anonymous_2)
FN:54,(anonymous_3)
FNF:4
FNH:4
FNDA:129,(anonymous_0)
FNDA:45,TimePeriodButtons2
FNDA:129,(anonymous_2)
FNDA:15,(anonymous_3)
DA:10,1
DA:17,1
DA:18,129
DA:31,1
DA:38,45
DA:40,45
DA:43,129
DA:44,129
DA:54,15
DA:69,1
LF:10
LH:10
BRDA:34,0,0,45
BRDA:48,1,0,41
BRDA:48,1,1,88
BRDA:50,2,0,12
BRDA:50,2,1,76
BRF:5
BRH:5
end_of_record
TN:
SF:src\components\WelcomeMessage.jsx
FN:17,WelcomeMessage2
FNF:1
FNH:1
FNDA:53,WelcomeMessage2
DA:17,1
DA:23,53
DA:25,53
DA:27,47
DA:90,1
LF:5
LH:5
BRDA:25,0,0,6
BRDA:25,0,1,47
BRDA:30,1,0,10
BRDA:30,1,1,37
BRDA:45,2,0,10
BRDA:45,2,1,37
BRDA:49,3,0,10
BRDA:49,3,1,37
BRDA:56,4,0,10
BRDA:56,4,1,37
BRDA:64,5,0,10
BRDA:64,5,1,37
BRDA:75,6,0,10
BRDA:75,6,1,37
BRF:14
BRH:14
end_of_record
TN:
SF:src\components\dashboard.jsx
FN:27,Dashboard2
FNF:1
FNH:0
FNDA:0,Dashboard2
DA:27,0
DA:28,0
LF:2
LH:0
BRF:0
BRH:0
end_of_record
TN:
SF:src\components\withErrorBoundary.jsx
FN:9,(anonymous_0)
FN:10,(anonymous_1)
FNF:2
FNH:0
FNDA:0,(anonymous_0)
FNDA:0,(anonymous_1)
DA:9,0
DA:10,0
DA:11,0
DA:16,0
DA:18,0
LF:5
LH:0
BRDA:9,0,0,0
BRDA:16,1,0,0
BRDA:16,1,1,0
BRDA:16,1,2,0
BRF:4
BRH:0
end_of_record
TN:
SF:src\components\charts\ChartErrorBoundary.jsx
FN:20,(anonymous_0)
FN:29,(anonymous_1)
FN:33,(anonymous_2)
FN:40,(anonymous_3)
FN:50,(anonymous_4)
FN:57,(anonymous_5)
FNF:6
FNH:6
FNDA:88,(anonymous_0)
FNDA:1,(anonymous_1)
FNDA:44,(anonymous_2)
FNDA:44,(anonymous_3)
FNDA:2,(anonymous_4)
FNDA:223,(anonymous_5)
DA:21,88
DA:22,88
DA:30,88
DA:35,44
DA:36,44
DA:40,44
DA:45,44
DA:46,2
DA:50,2
DA:51,2
DA:66,223
DA:68,223
DA:70,223
DA:72,132
DA:73,9
DA:76,123
DA:79,132
DA:80,132
DA:81,132
DA:82,132
DA:83,132
DA:84,132
DA:88,132
DA:140,91
DA:144,1
LF:25
LH:25
BRDA:35,0,0,44
BRDA:35,0,1,0
BRDA:36,1,0,44
BRDA:36,1,1,39
BRDA:45,2,0,2
BRDA:45,2,1,42
BRDA:60,3,0,223
BRDA:61,4,0,223
BRDA:62,5,0,223
BRDA:63,6,0,223
BRDA:65,7,0,223
BRDA:70,8,0,132
BRDA:70,8,1,91
BRDA:72,9,0,9
BRDA:72,9,1,123
BRDA:73,10,0,6
BRDA:73,10,1,3
BRDA:76,11,0,123
BRDA:76,11,1,120
BRDA:79,12,0,12
BRDA:79,12,1,111
BRDA:80,13,0,12
BRDA:80,13,1,111
BRDA:81,14,0,12
BRDA:81,14,1,111
BRDA:82,15,0,12
BRDA:82,15,1,111
BRDA:83,16,0,12
BRDA:83,16,1,111
BRDA:84,17,0,12
BRDA:84,17,1,111
BRDA:107,18,0,132
BRDA:107,18,1,123
BRDA:107,18,2,123
BRDA:113,19,0,12
BRDA:113,19,1,111
BRDA:120,20,0,132
BRDA:120,20,1,120
BRDA:127,21,0,120
BRDA:127,21,1,44
BRDA:131,22,0,132
BRDA:131,22,1,3
BRDA:131,22,2,0
BRF:43
BRH:41
end_of_record
TN:
SF:src\components\charts\index.js
FNF:0
FNH:0
LF:0
LH:0
BRF:0
BRH:0
end_of_record
TN:
SF:src\components\dashboard\DashboardCharts.jsx
FN:21,DashboardCharts2
FNF:1
FNH:0
FNDA:0,DashboardCharts2
DA:21,0
DA:22,0
DA:38,0
DA:41,0
DA:43,0
LF:5
LH:0
BRF:0
BRH:0
end_of_record
TN:
SF:src\components\dashboard\DashboardContent.jsx
FN:35,DashboardContent2
FN:66,(anonymous_1)
FN:71,(anonymous_2)
FNF:3
FNH:0
FNDA:0,DashboardContent2
FNDA:0,(anonymous_1)
FNDA:0,(anonymous_2)
DA:35,0
DA:37,0
DA:40,0
DA:41,0
DA:60,0
DA:63,0
DA:66,0
DA:67,0
DA:71,0
DA:72,0
DA:76,0
DA:77,0
DA:80,0
LF:13
LH:0
BRDA:76,0,0,0
BRDA:76,0,1,0
BRDA:83,1,0,0
BRDA:83,1,1,0
BRDA:98,2,0,0
BRDA:98,2,1,0
BRDA:110,3,0,0
BRDA:110,3,1,0
BRDA:134,4,0,0
BRDA:134,4,1,0
BRF:10
BRH:0
end_of_record
TN:
SF:src\components\dashboard\DashboardHeader.jsx
FN:16,DashboardHeader2
FNF:1
FNH:0
FNDA:0,DashboardHeader2
DA:16,0
DA:17,0
DA:18,0
DA:20,0
LF:4
LH:0
BRF:0
BRH:0
end_of_record
TN:
SF:src\components\dashboard\DashboardModals.jsx
FN:26,DashboardModals2
FNF:1
FNH:0
FNDA:0,DashboardModals2
DA:26,0
DA:49,0
DA:51,0
LF:3
LH:0
BRF:0
BRH:0
end_of_record
TN:
SF:src\components\dashboard\index.js
FNF:0
FNH:0
LF:0
LH:0
BRF:0
BRH:0
end_of_record
TN:
SF:src\config\animations.js
FNF:0
FNH:0
DA:10,0
DA:29,0
DA:48,0
DA:71,0
DA:100,0
DA:121,0
DA:152,0
DA:178,0
DA:208,0
DA:216,0
DA:224,0
DA:235,0
DA:248,0
LF:13
LH:0
BRF:0
BRH:0
end_of_record
TN:
SF:src\config\env.js
FN:14,(anonymous_0)
FN:24,(anonymous_1)
FN:36,(anonymous_2)
FN:188,(anonymous_3)
FN:194,(anonymous_4)
FN:200,(anonymous_5)
FN:206,(anonymous_6)
FN:216,(anonymous_7)
FN:225,(anonymous_8)
FN:233,(anonymous_9)
FNF:10
FNH:0
FNDA:0,(anonymous_0)
FNDA:0,(anonymous_1)
FNDA:0,(anonymous_2)
FNDA:0,(anonymous_3)
FNDA:0,(anonymous_4)
FNDA:0,(anonymous_5)
FNDA:0,(anonymous_6)
FNDA:0,(anonymous_7)
FNDA:0,(anonymous_8)
FNDA:0,(anonymous_9)
DA:14,0
DA:15,0
DA:24,0
DA:25,0
DA:26,0
DA:27,0
DA:36,0
DA:37,0
DA:38,0
DA:39,0
DA:40,0
DA:47,0
DA:188,0
DA:194,0
DA:200,0
DA:206,0
DA:207,0
DA:208,0
DA:216,0
DA:217,0
DA:225,0
DA:226,0
DA:227,0
DA:233,0
DA:234,0
DA:236,0
DA:237,0
DA:238,0
DA:239,0
DA:240,0
DA:241,0
DA:242,0
LF:32
LH:0
BRDA:14,0,0,0
BRDA:15,1,0,0
BRDA:15,1,1,0
BRDA:24,2,0,0
BRDA:26,3,0,0
BRDA:26,3,1,0
BRDA:26,4,0,0
BRDA:26,4,1,0
BRDA:27,5,0,0
BRDA:27,5,1,0
BRDA:36,6,0,0
BRDA:38,7,0,0
BRDA:38,7,1,0
BRDA:38,8,0,0
BRDA:38,8,1,0
BRDA:40,9,0,0
BRDA:40,9,1,0
BRDA:208,10,0,0
BRDA:208,10,1,0
BRDA:217,11,0,0
BRDA:217,11,1,0
BRDA:227,12,0,0
BRDA:227,12,1,0
BRDA:234,13,0,0
BRDA:234,13,1,0
BRF:25
BRH:0
end_of_record
TN:
SF:src\config\index.js
FNF:0
FNH:0
LF:0
LH:0
BRF:0
BRH:0
end_of_record
TN:
SF:src\config\storage.js
FNF:0
FNH:0
DA:6,0
LF:1
LH:0
BRF:0
BRH:0
end_of_record
TN:
SF:src\constants\animations.js
FNF:0
FNH:0
DA:8,31
DA:20,31
DA:38,31
DA:49,31
DA:66,31
DA:81,31
DA:98,31
DA:107,31
LF:8
LH:8
BRF:0
BRH:0
end_of_record
TN:
SF:src\constants\chartData.js
FN:114,(anonymous_0)
FNF:1
FNH:1
FNDA:2,(anonymous_0)
DA:9,31
DA:19,31
DA:26,31
DA:45,31
DA:55,31
DA:62,31
DA:81,31
DA:88,31
DA:95,31
DA:106,31
DA:107,31
DA:114,31
DA:120,31
DA:126,31
LF:14
LH:14
BRDA:114,0,0,1
BRDA:114,0,1,1
BRF:2
BRH:2
end_of_record
TN:
SF:src\constants\index.js
FNF:0
FNH:0
DA:74,31
DA:75,31
DA:82,31
DA:85,31
DA:88,31
DA:91,31
DA:94,31
DA:97,31
DA:100,31
LF:9
LH:9
BRF:0
BRH:0
end_of_record
TN:
SF:src\constants\mockData.js
FN:117,(anonymous_0)
FNF:1
FNH:1
FNDA:868,(anonymous_0)
DA:9,31
DA:20,31
DA:37,31
DA:44,31
DA:69,31
DA:117,31
DA:118,868
DA:119,868
DA:120,868
DA:121,868
DA:122,868
DA:125,31
DA:132,31
DA:402,31
DA:411,31
DA:417,31
LF:16
LH:16
BRF:0
BRH:0
end_of_record
TN:
SF:src\constants\storage.js
FNF:0
FNH:0
DA:8,31
DA:24,31
LF:2
LH:2
BRF:0
BRH:0
end_of_record
TN:
SF:src\constants\typography.js
FNF:0
FNH:0
DA:9,0
DA:15,0
DA:20,0
DA:25,0
DA:40,0
DA:56,0
DA:68,0
LF:7
LH:0
BRF:0
BRH:0
end_of_record
TN:
SF:src\context\AlertsContext.jsx
FN:20,(anonymous_0)
FN:39,(anonymous_1)
FN:63,(anonymous_2)
FNF:3
FNH:0
FNDA:0,(anonymous_0)
FNDA:0,(anonymous_1)
FNDA:0,(anonymous_2)
DA:13,0
DA:20,0
DA:21,0
DA:23,0
DA:24,0
DA:27,0
DA:39,0
DA:57,0
DA:62,0
DA:63,0
DA:98,0
DA:105,0
LF:12
LH:0
BRDA:23,0,0,0
BRDA:23,0,1,0
BRF:2
BRH:0
end_of_record
TN:
SF:src\context\ChartPeriodsContext.jsx
FN:20,(anonymous_0)
FN:38,(anonymous_1)
FN:72,(anonymous_2)
FNF:3
FNH:0
FNDA:0,(anonymous_0)
FNDA:0,(anonymous_1)
FNDA:0,(anonymous_2)
DA:13,0
DA:20,0
DA:21,0
DA:23,0
DA:24,0
DA:27,0
DA:38,0
DA:67,0
DA:71,0
DA:72,0
DA:119,0
DA:126,0
LF:12
LH:0
BRDA:23,0,0,0
BRDA:23,0,1,0
BRDA:40,1,0,0
BRF:3
BRH:0
end_of_record
TN:
SF:src\context\DashboardContext.jsx
FN:36,(anonymous_0)
FN:52,(anonymous_1)
FN:64,(anonymous_2)
FN:81,(anonymous_3)
FN:93,(anonymous_4)
FN:111,(anonymous_5)
FN:261,(anonymous_6)
FN:285,(anonymous_7)
FNF:8
FNH:0
FNDA:0,(anonymous_0)
FNDA:0,(anonymous_1)
FNDA:0,(anonymous_2)
FNDA:0,(anonymous_3)
FNDA:0,(anonymous_4)
FNDA:0,(anonymous_5)
FNDA:0,(anonymous_6)
FNDA:0,(anonymous_7)
DA:27,0
DA:36,0
DA:37,0
DA:39,0
DA:40,0
DA:45,0
DA:52,0
DA:54,0
DA:55,0
DA:56,0
DA:57,0
DA:58,0
DA:59,0
DA:64,0
DA:65,0
DA:72,0
DA:81,0
DA:82,0
DA:93,0
DA:96,0
DA:110,0
DA:111,0
DA:243,0
DA:250,0
DA:261,0
DA:264,0
DA:285,0
DA:286,0
DA:288,0
DA:291,0
DA:295,0
LF:31
LH:0
BRDA:39,0,0,0
BRDA:39,0,1,0
BRF:2
BRH:0
end_of_record
TN:
SF:src\context\LeadDataContext.jsx
FN:20,(anonymous_0)
FN:40,(anonymous_1)
FN:62,(anonymous_2)
FNF:3
FNH:0
FNDA:0,(anonymous_0)
FNDA:0,(anonymous_1)
FNDA:0,(anonymous_2)
DA:13,0
DA:20,0
DA:21,0
DA:23,0
DA:24,0
DA:27,0
DA:40,0
DA:55,0
DA:61,0
DA:62,0
DA:87,0
DA:94,0
LF:12
LH:0
BRDA:23,0,0,0
BRDA:23,0,1,0
BRDA:43,1,0,0
BRF:3
BRH:0
end_of_record
TN:
SF:src\context\ModalsContext.jsx
FN:20,(anonymous_0)
FN:39,(anonymous_1)
FN:79,(anonymous_2)
FNF:3
FNH:0
FNDA:0,(anonymous_0)
FNDA:0,(anonymous_1)
FNDA:0,(anonymous_2)
DA:13,0
DA:20,0
DA:21,0
DA:23,0
DA:24,0
DA:27,0
DA:39,0
DA:73,0
DA:78,0
DA:79,0
DA:139,0
DA:146,0
LF:12
LH:0
BRDA:23,0,0,0
BRDA:23,0,1,0
BRDA:41,1,0,0
BRDA:42,2,0,0
BRF:4
BRH:0
end_of_record
TN:
SF:src\context\NotesContext.jsx
FN:20,(anonymous_0)
FN:40,(anonymous_1)
FN:69,(anonymous_2)
FNF:3
FNH:0
FNDA:0,(anonymous_0)
FNDA:0,(anonymous_1)
FNDA:0,(anonymous_2)
DA:13,0
DA:20,0
DA:21,0
DA:23,0
DA:24,0
DA:27,0
DA:40,0
DA:62,0
DA:68,0
DA:69,0
DA:114,0
DA:121,0
LF:12
LH:0
BRDA:23,0,0,0
BRDA:23,0,1,0
BRF:2
BRH:0
end_of_record
TN:
SF:src\context\UIDataContext.jsx
FN:24,(anonymous_0)
FN:44,(anonymous_1)
FN:69,(anonymous_2)
FN:74,(anonymous_3)
FN:82,(anonymous_4)
FN:83,(anonymous_5)
FN:83,(anonymous_6)
FN:91,(anonymous_7)
FN:92,(anonymous_8)
FN:93,(anonymous_9)
FN:101,(anonymous_10)
FN:107,(anonymous_11)
FN:115,(anonymous_12)
FN:116,(anonymous_13)
FN:116,(anonymous_14)
FN:122,(anonymous_15)
FN:129,(anonymous_16)
FN:136,(anonymous_17)
FN:145,(anonymous_18)
FN:148,(anonymous_19)
FN:149,(anonymous_20)
FN:155,(anonymous_21)
FN:158,(anonymous_22)
FN:159,(anonymous_23)
FN:167,(anonymous_24)
FN:178,(anonymous_25)
FN:179,(anonymous_26)
FN:189,(anonymous_27)
FN:190,(anonymous_28)
FN:196,(anonymous_29)
FNF:30
FNH:0
FNDA:0,(anonymous_0)
FNDA:0,(anonymous_1)
FNDA:0,(anonymous_2)
FNDA:0,(anonymous_3)
FNDA:0,(anonymous_4)
FNDA:0,(anonymous_5)
FNDA:0,(anonymous_6)
FNDA:0,(anonymous_7)
FNDA:0,(anonymous_8)
FNDA:0,(anonymous_9)
FNDA:0,(anonymous_10)
FNDA:0,(anonymous_11)
FNDA:0,(anonymous_12)
FNDA:0,(anonymous_13)
FNDA:0,(anonymous_14)
FNDA:0,(anonymous_15)
FNDA:0,(anonymous_16)
FNDA:0,(anonymous_17)
FNDA:0,(anonymous_18)
FNDA:0,(anonymous_19)
FNDA:0,(anonymous_20)
FNDA:0,(anonymous_21)
FNDA:0,(anonymous_22)
FNDA:0,(anonymous_23)
FNDA:0,(anonymous_24)
FNDA:0,(anonymous_25)
FNDA:0,(anonymous_26)
FNDA:0,(anonymous_27)
FNDA:0,(anonymous_28)
FNDA:0,(anonymous_29)
DA:17,0
DA:24,0
DA:25,0
DA:27,0
DA:28,0
DA:31,0
DA:44,0
DA:51,0
DA:56,0
DA:61,0
DA:69,0
DA:70,0
DA:74,0
DA:75,0
DA:82,0
DA:83,0
DA:91,0
DA:92,0
DA:93,0
DA:101,0
DA:102,0
DA:107,0
DA:108,0
DA:115,0
DA:116,0
DA:122,0
DA:123,0
DA:129,0
DA:130,0
DA:136,0
DA:137,0
DA:138,0
DA:139,0
DA:145,0
DA:146,0
DA:147,0
DA:148,0
DA:149,0
DA:155,0
DA:156,0
DA:157,0
DA:158,0
DA:159,0
DA:166,0
DA:168,0
DA:177,0
DA:179,0
DA:188,0
DA:190,0
DA:195,0
DA:196,0
DA:249,0
DA:256,0
LF:53
LH:0
BRDA:27,0,0,0
BRDA:27,0,1,0
BRDA:52,1,0,0
BRDA:52,1,1,0
BRDA:57,2,0,0
BRDA:57,2,1,0
BRDA:62,3,0,0
BRDA:62,3,1,0
BRDA:93,4,0,0
BRDA:93,4,1,0
BRDA:123,5,0,0
BRDA:123,5,1,0
BRDA:130,6,0,0
BRDA:130,6,1,0
BRDA:139,7,0,0
BRDA:139,7,1,0
BRDA:167,8,0,0
BRF:17
BRH:0
end_of_record
TN:
SF:src\context\index.js
FNF:0
FNH:0
LF:0
LH:0
BRF:0
BRH:0
end_of_record
TN:
SF:src\context\useDashboard.js
FN:39,(anonymous_0)
FN:59,(anonymous_1)
FN:70,(anonymous_2)
FN:81,(anonymous_3)
FN:92,(anonymous_4)
FN:103,(anonymous_5)
FN:114,(anonymous_6)
FNF:7
FNH:0
FNDA:0,(anonymous_0)
FNDA:0,(anonymous_1)
FNDA:0,(anonymous_2)
FNDA:0,(anonymous_3)
FNDA:0,(anonymous_4)
FNDA:0,(anonymous_5)
FNDA:0,(anonymous_6)
DA:39,0
DA:40,0
DA:42,0
DA:43,0
DA:49,0
DA:59,0
DA:60,0
DA:70,0
DA:71,0
DA:81,0
DA:82,0
DA:92,0
DA:93,0
DA:103,0
DA:104,0
DA:114,0
DA:115,0
LF:17
LH:0
BRDA:42,0,0,0
BRDA:42,0,1,0
BRF:2
BRH:0
end_of_record
TN:
SF:src\hooks\ThemeContext.js
FNF:0
FNH:0
DA:13,21
LF:1
LH:1
BRF:0
BRH:0
end_of_record
TN:
SF:src\hooks\ThemeProvider.jsx
FN:18,(anonymous_0)
FN:19,(anonymous_1)
FN:42,(anonymous_2)
FN:54,(anonymous_3)
FN:59,(anonymous_4)
FN:73,(anonymous_5)
FN:79,(anonymous_6)
FN:79,(anonymous_7)
FN:85,(anonymous_8)
FN:89,(anonymous_9)
FNF:10
FNH:9
FNDA:1033,(anonymous_0)
FNDA:980,(anonymous_1)
FNDA:1006,(anonymous_2)
FNDA:978,(anonymous_3)
FNDA:0,(anonymous_4)
FNDA:978,(anonymous_5)
FNDA:23,(anonymous_6)
FNDA:23,(anonymous_7)
FNDA:13,(anonymous_8)
FNDA:1008,(anonymous_9)
DA:18,21
DA:19,1033
DA:21,980
DA:22,980
DA:23,980
DA:24,980
DA:25,10
DA:28,970
DA:29,0
DA:33,0
DA:34,0
DA:38,970
DA:42,1033
DA:43,1006
DA:44,1006
DA:47,0
DA:48,0
DA:54,1033
DA:55,978
DA:57,978
DA:59,978
DA:61,0
DA:62,0
DA:63,0
DA:64,0
DA:68,0
DA:72,978
DA:73,978
DA:79,1033
DA:85,1033
DA:88,1033
DA:89,1008
DA:98,1033
LF:33
LH:23
BRDA:18,0,0,1033
BRDA:21,1,0,980
BRDA:21,1,1,0
BRDA:24,2,0,10
BRDA:24,2,1,970
BRDA:28,3,0,0
BRDA:28,3,1,970
BRDA:28,4,0,970
BRDA:28,4,1,970
BRDA:33,5,0,0
BRDA:33,5,1,0
BRDA:44,6,0,160
BRDA:44,6,1,846
BRDA:47,7,0,0
BRDA:47,7,1,0
BRDA:55,8,0,0
BRDA:55,8,1,978
BRDA:55,9,0,978
BRDA:55,9,1,978
BRDA:63,10,0,0
BRDA:63,10,1,0
BRF:21
BRH:12
end_of_record
TN:
SF:src\hooks\index.js
FNF:0
FNH:0
LF:0
LH:0
BRF:0
BRH:0
end_of_record
TN:
SF:src\hooks\useAlerts.js
FN:18,(anonymous_0)
FN:26,(anonymous_1)
FN:48,(anonymous_2)
FN:57,(anonymous_3)
FN:58,(anonymous_4)
FN:58,(anonymous_5)
FN:65,(anonymous_6)
FN:66,(anonymous_7)
FN:66,(anonymous_8)
FN:72,(anonymous_9)
FN:79,(anonymous_10)
FN:86,(anonymous_11)
FN:91,(anonymous_12)
FN:99,(anonymous_13)
FN:100,(anonymous_14)
FN:108,(anonymous_15)
FN:113,(anonymous_16)
FNF:17
FNH:17
FNDA:81,(anonymous_0)
FNDA:25,(anonymous_1)
FNDA:25,(anonymous_2)
FNDA:6,(anonymous_3)
FNDA:6,(anonymous_4)
FNDA:17,(anonymous_5)
FNDA:13,(anonymous_6)
FNDA:13,(anonymous_7)
FNDA:35,(anonymous_8)
FNDA:3,(anonymous_9)
FNDA:2,(anonymous_10)
FNDA:175,(anonymous_11)
FNDA:175,(anonymous_12)
FNDA:4,(anonymous_13)
FNDA:12,(anonymous_14)
FNDA:127,(anonymous_15)
FNDA:175,(anonymous_16)
DA:18,1
DA:19,81
DA:25,81
DA:29,25
DA:30,23
DA:31,23
DA:40,2
DA:48,25
DA:57,81
DA:58,17
DA:65,81
DA:66,35
DA:72,81
DA:73,3
DA:79,81
DA:80,2
DA:86,175
DA:91,175
DA:98,81
DA:100,12
DA:108,127
DA:113,175
DA:115,81
LF:23
LH:23
BRDA:18,0,0,81
BRDA:18,1,0,81
BRDA:18,2,0,81
BRDA:29,3,0,23
BRDA:29,3,1,2
BRDA:66,4,0,13
BRDA:66,4,1,22
BRDA:100,5,0,12
BRDA:100,5,1,4
BRDA:108,6,0,127
BRDA:108,6,1,53
BRDA:113,7,0,175
BRDA:113,7,1,50
BRF:13
BRH:13
end_of_record
TN:
SF:src\hooks\useChartPeriods.js
FN:60,(anonymous_0)
FN:72,(anonymous_1)
FN:82,(anonymous_2)
FN:93,(anonymous_3)
FN:104,(anonymous_4)
FN:113,(anonymous_5)
FN:118,(anonymous_6)
FN:120,(anonymous_7)
FN:122,(anonymous_8)
FNF:9
FNH:9
FNDA:207,(anonymous_0)
FNDA:95,(anonymous_1)
FNDA:10,(anonymous_2)
FNDA:5,(anonymous_3)
FNDA:4,(anonymous_4)
FNDA:1,(anonymous_5)
FNDA:75,(anonymous_6)
FNDA:67,(anonymous_7)
FNDA:65,(anonymous_8)
DA:26,1
DA:36,1
DA:60,1
DA:61,207
DA:72,1
DA:74,95
DA:75,95
DA:76,95
DA:82,95
DA:83,10
DA:84,9
DA:85,9
DA:86,9
DA:93,95
DA:94,5
DA:95,5
DA:96,5
DA:104,95
DA:105,4
DA:107,1
DA:109,1
DA:111,1
DA:113,1
DA:118,95
DA:120,95
DA:122,95
DA:125,95
DA:127,95
LF:28
LH:28
BRDA:61,0,0,207
BRDA:61,0,1,0
BRDA:61,0,2,0
BRDA:72,1,0,95
BRDA:72,2,0,95
BRDA:83,3,0,9
BRDA:83,3,1,1
BRDA:105,4,0,1
BRDA:105,4,1,1
BRDA:105,4,2,1
BRDA:105,4,3,1
BRDA:125,5,0,95
BRDA:125,5,1,76
BRF:13
BRH:11
end_of_record
TN:
SF:src\hooks\useChartStyles.js
FN:24,(anonymous_0)
FN:25,(anonymous_1)
FN:26,(anonymous_2)
FN:27,(anonymous_3)
FN:28,(anonymous_4)
FN:29,(anonymous_5)
FN:30,(anonymous_6)
FN:33,(anonymous_7)
FN:38,(anonymous_8)
FN:43,(anonymous_9)
FNF:10
FNH:0
FNDA:0,(anonymous_0)
FNDA:0,(anonymous_1)
FNDA:0,(anonymous_2)
FNDA:0,(anonymous_3)
FNDA:0,(anonymous_4)
FNDA:0,(anonymous_5)
FNDA:0,(anonymous_6)
FNDA:0,(anonymous_7)
FNDA:0,(anonymous_8)
FNDA:0,(anonymous_9)
DA:24,0
DA:25,0
DA:26,0
DA:27,0
DA:28,0
DA:29,0
DA:30,0
DA:32,0
DA:33,0
DA:37,0
DA:38,0
DA:42,0
DA:43,0
LF:13
LH:0
BRF:0
BRH:0
end_of_record
TN:
SF:src\hooks\useGlobalStyles.js
FN:20,(anonymous_0)
FN:95,(anonymous_1)
FN:112,(anonymous_2)
FN:130,(anonymous_3)
FN:134,(anonymous_4)
FN:145,(anonymous_5)
FNF:6
FNH:0
FNDA:0,(anonymous_0)
FNDA:0,(anonymous_1)
FNDA:0,(anonymous_2)
FNDA:0,(anonymous_3)
FNDA:0,(anonymous_4)
FNDA:0,(anonymous_5)
DA:8,0
DA:11,0
DA:12,0
DA:13,0
DA:20,0
DA:95,0
DA:96,0
DA:97,0
DA:98,0
DA:99,0
DA:103,0
DA:104,0
DA:105,0
DA:112,0
DA:113,0
DA:114,0
DA:115,0
DA:116,0
DA:130,0
DA:132,0
DA:134,0
DA:136,0
DA:137,0
DA:138,0
DA:142,0
DA:145,0
DA:146,0
DA:147,0
DA:148,0
DA:151,0
DA:152,0
LF:31
LH:0
BRDA:32,0,0,0
BRDA:32,0,1,0
BRDA:40,1,0,0
BRDA:40,1,1,0
BRDA:45,2,0,0
BRDA:45,2,1,0
BRDA:47,3,0,0
BRDA:47,3,1,0
BRDA:51,4,0,0
BRDA:51,4,1,0
BRDA:55,5,0,0
BRDA:55,5,1,0
BRDA:60,6,0,0
BRDA:60,6,1,0
BRDA:68,7,0,0
BRDA:68,7,1,0
BRDA:73,8,0,0
BRDA:73,8,1,0
BRDA:78,9,0,0
BRDA:78,9,1,0
BRDA:96,10,0,0
BRDA:96,10,1,0
BRDA:103,11,0,0
BRDA:103,11,1,0
BRDA:113,12,0,0
BRDA:113,12,1,0
BRDA:113,13,0,0
BRDA:113,13,1,0
BRDA:136,14,0,0
BRDA:136,14,1,0
BRDA:146,15,0,0
BRDA:146,15,1,0
BRDA:151,16,0,0
BRDA:151,16,1,0
BRF:34
BRH:0
end_of_record
TN:
SF:src\hooks\useLeadData.js
FN:19,(anonymous_0)
FN:31,(anonymous_1)
FN:36,(anonymous_2)
FN:38,(anonymous_3)
FN:47,(anonymous_4)
FN:102,(anonymous_5)
FN:111,(anonymous_6)
FN:119,(anonymous_7)
FN:121,(anonymous_8)
FN:135,(anonymous_9)
FN:140,(anonymous_10)
FN:141,(anonymous_11)
FN:147,(anonymous_12)
FNF:13
FNH:0
FNDA:0,(anonymous_0)
FNDA:0,(anonymous_1)
FNDA:0,(anonymous_2)
FNDA:0,(anonymous_3)
FNDA:0,(anonymous_4)
FNDA:0,(anonymous_5)
FNDA:0,(anonymous_6)
FNDA:0,(anonymous_7)
FNDA:0,(anonymous_8)
FNDA:0,(anonymous_9)
FNDA:0,(anonymous_10)
FNDA:0,(anonymous_11)
FNDA:0,(anonymous_12)
DA:19,0
DA:20,0
DA:21,0
DA:22,0
DA:23,0
DA:26,0
DA:28,0
DA:31,0
DA:32,0
DA:36,0
DA:37,0
DA:38,0
DA:39,0
DA:47,0
DA:49,0
DA:50,0
DA:53,0
DA:54,0
DA:56,0
DA:58,0
DA:61,0
DA:62,0
DA:65,0
DA:68,0
DA:69,0
DA:72,0
DA:73,0
DA:76,0
DA:79,0
DA:80,0
DA:83,0
DA:84,0
DA:87,0
DA:88,0
DA:91,0
DA:93,0
DA:94,0
DA:102,0
DA:103,0
DA:104,0
DA:105,0
DA:111,0
DA:112,0
DA:119,0
DA:120,0
DA:121,0
DA:127,0
DA:135,0
DA:136,0
DA:137,0
DA:140,0
DA:141,0
DA:147,0
DA:148,0
DA:152,0
LF:55
LH:0
BRDA:19,0,0,0
BRDA:19,1,0,0
BRDA:19,2,0,0
BRDA:49,3,0,0
BRDA:49,3,1,0
BRDA:61,4,0,0
BRDA:61,4,1,0
BRDA:72,5,0,0
BRDA:72,5,1,0
BRDA:72,6,0,0
BRDA:72,6,1,0
BRDA:79,7,0,0
BRDA:79,7,1,0
BRDA:83,8,0,0
BRDA:83,8,1,0
BRDA:87,9,0,0
BRDA:87,9,1,0
BRDA:93,10,0,0
BRDA:93,10,1,0
BRDA:120,11,0,0
BRDA:120,11,1,0
BRDA:136,12,0,0
BRDA:136,12,1,0
BRF:23
BRH:0
end_of_record
TN:
SF:src\hooks\useModals.js
FN:23,(anonymous_0)
FN:31,(anonymous_1)
FN:32,(anonymous_2)
FN:45,(anonymous_3)
FN:46,(anonymous_4)
FN:58,(anonymous_5)
FN:59,(anonymous_6)
FN:77,(anonymous_7)
FN:87,(anonymous_8)
FN:104,(anonymous_9)
FN:115,(anonymous_10)
FN:128,(anonymous_11)
FN:140,(anonymous_12)
FN:141,(anonymous_13)
FN:142,(anonymous_14)
FN:143,(anonymous_15)
FN:144,(anonymous_16)
FN:145,(anonymous_17)
FN:146,(anonymous_18)
FN:147,(anonymous_19)
FN:148,(anonymous_20)
FN:149,(anonymous_21)
FN:150,(anonymous_22)
FNF:23
FNH:23
FNDA:126,(anonymous_0)
FNDA:55,(anonymous_1)
FNDA:55,(anonymous_2)
FNDA:16,(anonymous_3)
FNDA:16,(anonymous_4)
FNDA:4,(anonymous_5)
FNDA:4,(anonymous_6)
FNDA:3,(anonymous_7)
FNDA:18,(anonymous_8)
FNDA:115,(anonymous_9)
FNDA:44,(anonymous_10)
FNDA:122,(anonymous_11)
FNDA:55,(anonymous_12)
FNDA:4,(anonymous_13)
FNDA:1,(anonymous_14)
FNDA:3,(anonymous_15)
FNDA:2,(anonymous_16)
FNDA:2,(anonymous_17)
FNDA:1,(anonymous_18)
FNDA:2,(anonymous_19)
FNDA:1,(anonymous_20)
FNDA:3,(anonymous_21)
FNDA:1,(anonymous_22)
DA:6,1
DA:23,1
DA:24,126
DA:30,126
DA:32,55
DA:33,55
DA:34,55
DA:35,55
DA:45,126
DA:46,16
DA:47,16
DA:48,16
DA:49,16
DA:57,126
DA:59,4
DA:60,4
DA:61,1
DA:62,1
DA:63,1
DA:65,3
DA:66,3
DA:67,3
DA:77,126
DA:78,3
DA:86,126
DA:88,18
DA:96,126
DA:101,126
DA:104,126
DA:105,115
DA:107,113
DA:109,44
DA:110,44
DA:111,44
DA:112,44
DA:113,44
DA:115,44
DA:117,44
DA:118,44
DA:119,44
DA:120,44
DA:121,44
DA:127,126
DA:128,122
DA:139,126
DA:140,55
DA:141,4
DA:142,1
DA:143,3
DA:144,2
DA:145,2
DA:146,1
DA:147,2
DA:148,1
DA:149,3
DA:150,1
DA:155,126
LF:57
LH:57
BRDA:23,0,0,126
BRDA:23,1,0,126
BRDA:23,2,0,126
BRDA:33,3,0,12
BRDA:33,3,1,43
BRDA:60,4,0,1
BRDA:60,4,1,3
BRDA:65,5,0,1
BRDA:65,5,1,2
BRDA:105,6,0,2
BRDA:105,6,1,113
BRDA:107,7,0,44
BRDA:107,7,1,69
BRF:13
BRH:13
end_of_record
TN:
SF:src\hooks\useNotes.js
FN:18,(anonymous_0)
FN:27,(anonymous_1)
FN:56,(anonymous_2)
FN:90,(anonymous_3)
FN:101,(anonymous_4)
FN:103,(anonymous_5)
FN:104,(anonymous_6)
FN:118,(anonymous_7)
FN:125,(anonymous_8)
FN:126,(anonymous_9)
FN:153,(anonymous_10)
FN:160,(anonymous_11)
FN:170,(anonymous_12)
FN:171,(anonymous_13)
FN:182,(anonymous_14)
FN:187,(anonymous_15)
FN:198,(anonymous_16)
FN:199,(anonymous_17)
FNF:18
FNH:18
FNDA:95,(anonymous_0)
FNDA:43,(anonymous_1)
FNDA:29,(anonymous_2)
FNDA:26,(anonymous_3)
FNDA:7,(anonymous_4)
FNDA:7,(anonymous_5)
FNDA:20,(anonymous_6)
FNDA:8,(anonymous_7)
FNDA:7,(anonymous_8)
FNDA:21,(anonymous_9)
FNDA:2,(anonymous_10)
FNDA:2,(anonymous_11)
FNDA:2,(anonymous_12)
FNDA:4,(anonymous_13)
FNDA:6,(anonymous_14)
FNDA:12,(anonymous_15)
FNDA:3,(anonymous_16)
FNDA:6,(anonymous_17)
DA:18,1
DA:19,95
DA:26,95
DA:28,43
DA:29,6
DA:32,37
DA:34,37
DA:35,1
DA:38,36
DA:39,2
DA:45,34
DA:55,95
DA:59,29
DA:60,28
DA:61,28
DA:62,3
DA:65,25
DA:73,1
DA:74,1
DA:75,1
DA:76,1
DA:77,0
DA:81,1
DA:90,26
DA:91,26
DA:101,95
DA:102,7
DA:103,7
DA:104,20
DA:105,7
DA:106,7
DA:108,7
DA:117,95
DA:119,8
DA:120,8
DA:121,1
DA:124,7
DA:125,7
DA:126,7
DA:127,21
DA:128,6
DA:129,6
DA:137,15
DA:141,7
DA:142,1
DA:145,6
DA:153,95
DA:154,2
DA:160,95
DA:161,2
DA:169,95
DA:171,4
DA:181,95
DA:183,6
DA:184,2
DA:186,4
DA:187,12
DA:197,95
DA:199,3
DA:200,6
DA:201,6
DA:202,6
DA:211,95
DA:216,95
DA:218,95
LF:65
LH:64
BRDA:18,0,0,95
BRDA:18,1,0,95
BRDA:18,2,0,95
BRDA:18,3,0,95
BRDA:28,4,0,6
BRDA:28,4,1,37
BRDA:28,5,0,43
BRDA:28,5,1,38
BRDA:34,6,0,1
BRDA:34,6,1,36
BRDA:38,7,0,2
BRDA:38,7,1,34
BRDA:59,8,0,28
BRDA:59,8,1,1
BRDA:61,9,0,3
BRDA:61,9,1,25
BRDA:74,10,0,1
BRDA:74,10,1,0
BRDA:76,11,0,0
BRDA:76,11,1,1
BRDA:86,12,0,1
BRDA:86,12,1,0
BRDA:120,13,0,1
BRDA:120,13,1,7
BRDA:127,14,0,6
BRDA:127,14,1,15
BRDA:141,15,0,1
BRDA:141,15,1,6
BRDA:183,16,0,2
BRDA:183,16,1,4
BRDA:183,17,0,6
BRDA:183,17,1,5
BRDA:198,18,0,3
BRDA:200,19,0,6
BRDA:200,19,1,0
BRDA:201,20,0,6
BRDA:201,20,1,0
BRDA:202,21,0,2
BRDA:202,21,1,4
BRF:39
BRH:34
end_of_record
TN:
SF:src\hooks\useScrollLock.js
FN:27,(anonymous_0)
FN:34,(anonymous_1)
FN:70,(anonymous_2)
FNF:3
FNH:3
FNDA:124,(anonymous_0)
FNDA:108,(anonymous_1)
FNDA:64,(anonymous_2)
DA:27,2
DA:32,124
DA:34,124
DA:36,108
DA:39,106
DA:40,48
DA:41,48
DA:44,64
DA:46,40
DA:49,40
DA:50,40
DA:51,40
DA:52,40
DA:55,24
DA:58,24
DA:59,24
DA:60,24
DA:61,24
DA:64,24
DA:65,0
DA:70,64
DA:71,64
DA:72,64
DA:73,64
DA:74,64
DA:75,64
DA:78,64
DA:79,22
LF:28
LH:27
BRDA:29,0,0,124
BRDA:29,1,0,124
BRDA:29,2,0,124
BRDA:29,3,0,124
BRDA:36,4,0,2
BRDA:36,4,1,106
BRDA:39,5,0,48
BRDA:39,5,1,58
BRDA:41,6,0,42
BRDA:41,6,1,6
BRDA:44,7,0,40
BRDA:44,7,1,24
BRDA:64,8,0,0
BRDA:64,8,1,24
BRDA:65,9,0,0
BRDA:65,9,1,0
BRDA:78,10,0,22
BRDA:78,10,1,42
BRDA:79,11,0,22
BRDA:79,11,1,0
BRF:20
BRH:16
end_of_record
TN:
SF:src\hooks\useTheme.jsx
FN:15,(anonymous_0)
FN:20,(anonymous_1)
FN:64,(anonymous_2)
FN:68,(anonymous_3)
FN:87,(anonymous_4)
FN:92,(anonymous_5)
FN:93,(anonymous_6)
FN:136,(anonymous_7)
FN:147,(anonymous_8)
FNF:9
FNH:9
FNDA:2,(anonymous_0)
FNDA:1,(anonymous_1)
FNDA:1866,(anonymous_2)
FNDA:1845,(anonymous_3)
FNDA:1552,(anonymous_4)
FNDA:1,(anonymous_5)
FNDA:1,(anonymous_6)
FNDA:3,(anonymous_7)
FNDA:1655,(anonymous_8)
DA:12,20
DA:16,2
DA:17,2
DA:21,1
DA:22,1
DA:64,20
DA:65,1866
DA:68,1866
DA:69,1845
DA:70,178
DA:74,1667
DA:75,1
DA:79,1666
DA:87,1866
DA:88,1552
DA:89,52
DA:97,1500
DA:101,1866
DA:102,52
DA:106,1814
DA:107,1761
DA:114,53
DA:115,4
DA:123,49
DA:136,20
DA:137,3
DA:147,20
DA:148,1655
LF:28
LH:28
BRDA:16,0,0,2
BRDA:16,0,1,0
BRDA:21,1,0,1
BRDA:21,1,1,0
BRDA:69,2,0,178
BRDA:69,2,1,1667
BRDA:69,3,0,1845
BRDA:69,3,1,1667
BRDA:74,4,0,1
BRDA:74,4,1,1666
BRDA:82,5,0,1666
BRDA:82,5,1,1660
BRDA:88,6,0,52
BRDA:88,6,1,1500
BRDA:101,7,0,52
BRDA:101,7,1,1814
BRDA:106,8,0,1761
BRDA:106,8,1,53
BRDA:114,9,0,4
BRDA:114,9,1,49
BRF:20
BRH:18
end_of_record
TN:
SF:src\hooks\useThemeSafe.js
FNF:0
FNH:0
LF:0
LH:0
BRF:0
BRH:0
end_of_record
TN:
SF:src\hooks\withTheme.jsx
FN:8,(anonymous_0)
FN:9,(anonymous_1)
FNF:2
FNH:0
FNDA:0,(anonymous_0)
FNDA:0,(anonymous_1)
DA:8,0
DA:9,0
DA:10,0
DA:11,0
DA:14,0
DA:16,0
LF:6
LH:0
BRDA:14,0,0,0
BRDA:14,0,1,0
BRDA:14,0,2,0
BRF:3
BRH:0
end_of_record
